L29 21 0
R49 70 0
L41 29 0
R37 66 0
L13 53 0
L2 51 0
R2 53 0
L42 11 0
L50 61 1
R35 96 1
L43 53 1
L39 14 1
L35 79 2
R5 84 2
L18 66 2
R11 77 2
R42 19 3
R25 44 3
R24 68 3
L17 51 3
R1 52 3
R26 78 3
L48 30 3
R6 36 3
R23 59 3
R1 60 3
R5 65 3
R24 89 3
R35 24 4
R44 68 4
R17 85 4
L6 79 4
R31 10 5
L48 62 6
R22 84 6
L34 50 6
R33 83 6
R35 18 7
L13 5 7
L28 77 8
L45 32 8
L24 8 8
R41 49 8
R12 61 8
R18 79 8
R40 19 9
L18 1 9
L41 60 10
L3 57 10
R43 0 11
R98 98 11
R31 29 12
L72 57 13
L47 10 13
L62 48 14
L89 59 15
L43 16 15
L75 41 16
L41 0 17
L96 4 17
R95 99 17
L32 67 17
R46 13 18
L75 38 19
L85 53 20
L40 13 20
R75 88 20
L94 94 21
L94 0 22
R69 69 22
R32 1 23
L34 67 24
R89 56 25
R67 23 26
R11 34 26
L73 61 27
R23 84 27
L70 14 27
L53 61 28
R39 0 29
L73 27 29
R73 0 30
R35 35 30
L22 13 30
R87 0 31
L15 85 31
R66 51 32
L43 8 32
R56 64 32
L17 47 32
R55 2 33
L69 33 34
L33 0 35
L83 17 35
R88 5 36
R95 0 37
L44 56 37
L11 45 37
R46 91 37
L20 71 37
L71 0 38
L646 54 44
L54 0 45
R55 55 45
R1 56 45
L56 0 46
R91 91 46
L75 16 46
L824 92 55
R90 82 56
L82 0 57
L64 36 57
L65 71 58
R57 28 59
R72 0 60
L789 11 67
R89 0 68
R109 9 69
L509 0 75
L83 17 75
R43 60 75
R99 59 76
R34 93 76
R20 13 77
L13 0 78
R95 95 78
R5 0 79
R62 62 79
R92 54 80
R46 0 81
R349 49 84
R15 64 84
L64 0 85
L326 74 88
R3 77 88
R553 30 94
L65 65 95
R435 0 100
R84 84 100
L3 81 100
R42 23 101
L23 0 102
R59 59 102
R41 0 103
R619 19 109
R81 0 110
R12 12 110
L98 14 111
R86 0 112
R87 87 112
R99 86 113
R41 27 114
L72 55 115
R89 44 116
L544 0 122
R19 19 122
L18 1 122
L1 0 123
R58 58 123
R888 46 132
L42 4 132
L504 0 138
R71 71 138
L71 0 139
L39 61 139
R39 0 140
R45 45 140
L47 98 141
R2 0 142
L537 63 147
L63 0 148
L36 64 148
L63 1 148
R99 0 149
R383 83 152
R38 21 153
R42 63 153
L63 0 154
R445 45 158
R55 0 159
L73 27 159
L27 0 160
L27 73 160
L46 27 160
L18 9 160
R91 0 161
L50 50 161
L39 11 161
R89 0 162
R61 61 162
L135 26 163
L64 62 164
R56 18 165
L18 0 166
L137 63 167
L77 86 168
R98 84 169
R467 51 174
R9 60 174
R87 47 175
L947 0 185
L56 44 185
L77 67 186
R13 80 186
R38 18 187
L18 0 188
L82 18 188
R31 49 188
L49 0 189
R54 54 189
L54 0 190
R787 87 197
R163 50 199
L51 99 200
L85 14 200
R692 6 207
R58 64 207
R11 75 207
R254 29 210
L2 27 210
R536 63 215
R62 25 216
L1 24 216
L24 0 217
R92 92 217
R93 85 218
R398 83 222
R17 0 223
R21 21 223
L21 0 224
L5 95 224
L95 0 225
R43 43 225
L769 74 233
R203 77 235
L884 93 244
L957 36 253
L36 0 254
L36 64 254
R36 0 255
R25 25 255
L25 0 256
L325 75 259
R95 70 260
R92 62 261
R44 6 262
R63 69 262
L69 0 263
R26 26 263
L74 52 264
L52 0 265
L49 51 265
L52 99 266
L39 60 266
L91 69 267
R11 80 267
R752 32 275
L921 11 284
R89 0 285
L89 11 285
L84 27 286
R773 0 294
R55 55 294
L28 27 294
R54 81 294
L41 40 294
R60 0 295
L90 10 295
R90 0 296
R354 54 299
L54 0 300
R56 56 300
L598 58 306
L358 0 310
L28 72 310
L14 58 310
L64 94 311
L59 35 311
R83 18 312
L23 95 313
L62 33 313
L430 3 317
R208 11 319
L812 99 328
L99 0 329
L68 32 329
R54 86 329
R14 0 330
L58 42 330
R70 12 331
R16 28 331
L30 98 332
R56 54 333
L54 0 334
L31 69 334
L69 0 335
R873 73 343
L59 14 343
L94 20 344
L20 0 345
L1 99 345
L82 17 345
R6 23 345
L478 45 350
R41 86 350
L5 81 350
L68 13 350
R80 93 350
L49 44 350
L44 0 351
L92 8 351
R92 0 352
R36 36 352
R720 56 359
R65 21 360
R46 67 360
L7 60 360
R30 90 360
L59 31 360
L99 32 361
R522 54 366
R818 72 374
L72 0 375
R74 74 375
L2 72 375
R28 0 376
L42 58 376
L57 1 376
R79 80 376
R26 6 377
L18 88 378
R12 0 379
R8 8 379
R34 42 379
R64 6 380
L6 0 381
R48 48 381
R130 78 382
R80 58 383
L52 6 383
R94 0 384
R56 56 384
L72 84 385
R33 17 386
L61 56 387
L64 92 388
R911 3 398
R97 0 399
R6 6 399
R81 87 399
L66 21 399
L21 0 400
L75 25 400
L25 0 401
R26 26 401
L3 23 401
R77 0 402
R97 97 402
L3 94 402
L55 39 402
R802 41 410
R59 0 411
R53 53 411
L99 54 412
L71 83 413
R17 0 414
R89 89 414
L42 47 414
L47 0 415
L35 65 415
L744 21 422
R79 0 423
R390 90 426
L90 0 427
R856 56 435
L37 19 435
L3 16 435
R84 0 436
L90 10 436
L21 89 437
R53 42 438
R75 17 439
L50 67 440
R33 0 441
R70 70 441
L205 65 443
L23 42 443
R5 47 443
L27 20 443
R751 71 450
R64 35 451
L19 16 451
R91 7 452
R93 0 453
R89 89 453
L31 58 453
R13 71 453
R6 77 453
R99 76 454
L12 64 454
L79 85 455
L26 59 455
R78 37 456
R63 0 457
L5 95 457
R854 49 466
R43 92 466
R108 0 468
L12 88 468
L75 13 468
L80 33 469
L52 81 470
L32 49 470
R151 0 472
L891 9 480
R56 65 480
L65 0 481
L41 59 481
R41 0 482
L44 56 482
R65 21 483
L21 0 484
L36 64 484
R180 44 486
R56 0 487
R30 30 487
L12 18 487
L43 75 488
L375 0 492
L671 29 498
R14 43 498
L56 87 499
L5 82 499
L382 0 503
R57 57 503
L99 58 504
R5 63 504
L63 0 505
L32 68 505
R87 55 506
R66 21 507
R79 0 508
R486 86 512
R14 0 513
L120 80 514
L80 0 515
L53 47 515
R966 13 525
L774 39 533
R26 65 533
R57 22 534
R278 0 537
L60 40 537
R55 95 537
R58 53 538
L53 0 539
R90 90 539
R10 0 540
L18 82 540
L95 87 541
R20 7 542
L93 14 543
R224 38 545
L367 71 549
R55 26 550
L26 0 551
L36 64 551
R24 88 551
L688 0 558
R33 33 558
L33 0 559
R57 57 559
R22 79 559
L164 15 560
R85 0 561
L119 81 562
L58 23 562
L23 0 563
R19 19 563
L28 91 564
R6 97 564
R3 0 565
L89 11 565
R73 84 565
L84 0 566
L62 38 566
R24 62 566
R21 83 566
L83 0 567
L21 79 567
L479 0 572
R30 30 572
R535 65 577
R86 51 578
L25 26 578
R932 58 587
R52 10 588
L451 59 593
L1 58 593
L96 62 594
L11 51 594
R14 65 594
R33 98 594
R93 91 595
R9 0 596
R62 62 596
L11 51 596
L51 0 597
R402 2 601
L2 0 602
L8 92 602
L362 30 605
R34 64 605
L77 87 606
L763 24 613
R84 8 614
L848 60 623
L565 95 629
R48 43 630
L19 24 630
L24 0 631
L9 91 631
L67 24 631
L24 0 632
L92 8 632
L8 0 633
L88 12 633
L312 0 637
L47 53 637
L56 97 638
R13 10 639
R31 41 639
R72 13 640
R34 47 640
L47 0 641
R35 35 641
L35 0 642
R850 50 650
R50 0 651
L29 71 651
L565 6 656
L22 84 657
R98 82 658
L60 22 658
L18 4 658
L38 66 659
L559 7 664
R63 70 664
R77 47 665
R53 0 666
L95 5 666
L60 45 667
R476 21 672
R339 60 675
R62 22 676
R95 17 677
L66 51 678
R59 10 679
R10 20 679
L79 41 680
L105 36 681
L24 12 681
R288 0 684
L33 67 684
R825 92 692
L4 88 692
L18 70 692
R91 61 693
R60 21 694
R92 13 695
L13 0 696
R47 47 696
L69 78 697
L32 46 697
R54 0 698
R8 8 698
L59 49 699
R347 96 702
R954 50 712
R84 34 713
R66 0 714
R98 98 714
L43 55 714
R45 0 715
L58 42 715
L85 57 716
R117 74 717
L574 0 723
R64 64 723
R36 0 724
R52 52 724
L99 53 725
L53 0 726
L74 26 726
L26 0 727
L237 63 729
L63 0 730
R64 64 730
R36 0 731
L166 34 732
R66 0 733
L48 52 733
L20 32 733
R34 66 733
L789 77 741
L46 31 741
R12 43 741
R17 60 741
R40 0 742
R65 65 742
L65 0 743
L40 60 743
R40 0 744
R21 21 744
R79 0 745
R23 23 745
L95 28 746
R14 42 746
R130 72 747
L43 29 747
L29 0 748
L80 20 748
L95 25 749
L325 0 753
L66 34 753
L24 10 753
R47 57 753
L36 21 753
L43 78 754
L30 48 754
R299 47 757
L39 8 757
R723 31 764
R69 0 765
R827 27 773
R9 36 773
R864 0 782
L528 72 787
L72 0 788
L51 49 788
L3 46 788
R38 84 788
R82 66 789
R12 78 789
R237 15 792
L40 75 793
R725 0 801
L79 21 801
R2 23 801
R98 21 802
L721 0 810
L16 84 810
R99 83 811
R11 94 811
L394 0 815
R47 47 815
R781 28 823
L60 68 824
L68 0 825
L85 15 825
L815 0 834
R21 21 834
R12 33 834
R5 38 834
L55 83 835
R17 0 836
R204 4 838
R87 91 838
L82 9 838
R91 0 839
L69 31 839
L38 93 840
R7 0 841
L857 43 849
R57 0 850
L88 12 850
L412 0 855
L29 71 855
R29 0 856
L24 76 856
R22 98 856
R2 0 857
L92 8 857
R92 0 858
R45 45 858
R635 80 864
R749 29 872
L77 52 873
R406 58 877
L11 47 877
R53 0 878
R48 48 878
L14 34 878
R66 0 879
R25 25 879
L94 31 880
L31 0 881
R51 51 881
L51 0 882
L42 58 882
L27 31 882
L93 38 883
L23 15 883
R13 28 883
L44 84 884
L23 61 884
L80 81 885
R62 43 886
R57 0 887
L8 92 887
R88 80 888
L95 85 889
L63 22 889
R26 48 889
L48 0 890
R779 79 897
R95 74 898
L19 55 898
L87 68 899
R93 61 900
L61 0 901
R691 91 907
L78 13 907
L866 47 916
R46 93 916
R2 95 916
L95 0 917
R12 12 917
R94 6 918
L86 20 919
L20 0 920
L352 48 923
L33 15 923
L77 38 924
R593 31 930
R26 57 930
R20 77 930
L8 69 930
R9 78 930
R22 0 931
L66 34 931
L669 65 938
L11 54 938
L54 0 939
R78 78 939
L2 76 939
L56 20 939
L20 0 940
L951 49 949
L49 0 950
L96 4 950
R51 55 950
L55 0 951
L34 66 951
L865 1 959
R99 0 960
R51 51 960
R49 0 961
R84 84 961
R19 3 962
L3 0 963
R72 72 963
L495 77 968
R23 0 969
L23 77 969
L88 89 970
R938 27 980
L74 53 981
L53 0 982
R94 94 982
L25 69 982
R54 23 983
R20 43 983
R457 0 988
L77 23 988
L99 24 989
R643 67 995
R13 80 995
L79 1 995
L47 54 996
L54 0 997
L92 8 997
L8 0 998
R608 8 1004
L8 0 1005
R86 86 1005
R114 0 1007
L47 53 1007
R99 52 1008
R18 70 1008
R206 76 1010
L88 88 1011
L61 27 1011
R24 51 1011
L35 16 1011
L15 1 1011
L34 67 1012
L609 58 1018
L69 89 1019
R11 0 1020
L40 60 1020
R22 82 1020
L3 79 1020
R6 85 1020
L32 53 1020
L56 97 1021
R3 0 1022
L51 49 1022
L49 0 1023
R33 33 1023
R64 97 1023
L78 19 1023
R86 5 1024
R59 64 1024
R503 67 1029
R726 93 1036
L24 69 1036
R31 0 1037
R45 45 1037
L949 96 1047
L96 0 1048
L140 60 1049
L91 69 1050
R83 52 1051
L52 0 1052
L55 45 1052
R61 6 1053
L81 25 1054
L25 0 1055
L42 58 1055
R82 40 1056
R89 29 1057
L90 39 1058
R61 0 1059
R22 22 1059
L22 0 1060
L77 23 1060
R18 41 1060
R93 34 1061
R66 0 1062
L63 37 1062
R363 0 1066
L1 99 1066
L48 51 1066
R49 0 1067
L718 82 1074
R56 38 1075
R62 0 1076
R928 28 1085
R34 62 1085
R38 0 1086
R62 62 1086
R38 0 1087
L904 96 1096
L7 89 1096
R66 55 1097
L55 0 1098
L93 7 1098
L671 36 1105
R46 82 1105
L23 59 1105
R146 5 1107
L93 12 1108
L144 68 1110
R18 86 1110
L850 36 1118
R64 0 1119
L369 31 1122
R69 0 1123
L88 12 1123
L40 72 1124
R28 0 1125
L56 44 1125
R96 40 1126
R60 0 1127
L84 16 1127
R94 10 1128
L10 0 1129
L790 10 1136
L37 73 1137
R455 28 1142
R72 0 1143
R61 61 1143
R34 95 1143
L995 0 1153
L90 10 1153
R83 93 1153
R15 8 1154
R57 65 1154
L23 42 1154
R70 12 1155
R44 56 1155
L5 51 1155
R49 0 1156
R7 7 1156
L92 15 1157
L80 35 1158
L87 48 1159
L648 0 1166
R86 86 1166
R14 0 1167
R53 53 1167
R28 81 1167
L53 28 1167
L62 66 1168
R32 98 1168
L55 43 1168
R977 20 1178
R680 0 1185
L676 24 1191
L198 26 1193
L26 0 1194
R37 37 1194
L37 0 1195
R8 8 1195
R92 0 1196
L28 72 1196
R84 56 1197
R44 0 1198
R27 27 1198
L71 56 1199
R44 0 1200
R58 58 1200
L64 94 1201
L4 90 1201
R53 43 1202
L77 66 1203
R99 65 1204
L65 0 1205
L68 32 1205
L432 0 1210
R783 83 1217
L83 0 1218
L52 48 1218
R50 98 1218
R37 35 1219
R65 0 1220
R67 67 1220
L104 63 1221
R37 0 1222
R81 81 1222
R31 12 1223
R64 76 1223
R834 10 1232
R390 0 1236
R42 42 1236
L79 63 1237
R97 60 1238
R40 0 1239
L94 6 1239
R27 33 1239
R267 0 1242
L24 76 1242
L580 96 1248
L37 59 1248
L632 27 1254
R16 43 1254
R48 91 1254
R165 56 1256
R35 91 1256
L85 6 1256
R94 0 1257
L32 68 1257
L68 0 1258
L15 85 1258
L85 0 1259
R42 42 1259
L19 23 1259
L65 58 1260
L58 0 1261
R87 87 1261
L87 0 1262
R649 49 1268
L16 33 1268
R67 0 1269
R66 66 1269
L66 0 1270
L82 18 1270
L18 0 1271
L17 83 1271
L462 21 1275
R279 0 1278
L881 19 1286
L64 55 1287
L55 0 1288
L68 32 1288
L289 43 1291
R67 10 1292
L92 18 1293
L19 99 1294
L86 13 1294
R687 0 1301
R77 77 1301
L77 0 1302
R63 63 1302
R62 25 1303
R75 0 1304
L716 84 1311
L64 20 1311
R880 0 1320
L30 70 1320
R43 13 1321
R45 58 1321
R85 43 1322
R98 41 1323
L19 22 1323
L70 52 1324
R348 0 1328
R12 12 1328
R58 70 1328
L70 0 1329
R83 83 1329
R12 95 1329
R5 0 1330
L44 56 1330
L77 79 1331
L92 87 1332
L998 89 1342
R11 0 1343
R343 43 1346
L732 11 1353
R89 0 1354
R33 33 1354
L4 29 1354
L44 85 1355
L188 97 1357
R703 0 1365
R30 30 1365
R70 0 1366
R276 76 1368
L78 98 1369
R20 18 1370
L11 7 1370
R493 0 1375
R583 83 1380
L15 68 1380
L68 0 1381
R68 68 1381
R351 19 1385
L86 33 1386
R77 10 1387
R62 72 1387
L35 37 1387
R27 64 1387
L960 4 1396
R96 0 1397
R18 18 1397
L60 58 1398
R25 83 1398
L83 0 1399
R488 88 1403
R87 75 1404
R77 52 1405
R39 91 1405
L62 29 1405
L29 0 1406
L41 59 1406
L31 28 1406
R16 44 1406
R56 0 1407
R320 20 1410
L193 27 1412
R68 95 1412
R5 0 1413
R4 4 1413
L43 61 1414
R74 35 1415
R10 45 1415
R73 18 1416
R107 25 1417
R936 61 1426
R44 5 1427
R395 0 1431
L86 14 1431
L14 0 1432
L7 93 1432
R7 0 1433
R44 44 1433
R1 45 1433
L44 1 1433
L81 20 1434
L18 2 1434
R14 16 1434
R84 0 1435
R48 48 1435
L509 39 1440
R61 0 1441
R534 34 1446
L34 0 1447
L17 83 1447
R17 0 1448
L96 4 1448
R346 50 1451
R86 36 1452
L24 12 1452
L318 94 1456
R82 76 1457
R24 0 1458
L23 77 1458
R88 65 1459
R35 0 1460
L48 52 1460
L78 74 1461
L74 0 1462
L53 47 1462
L88 59 1463
R77 36 1464
L89 47 1465
L91 56 1466
L8 48 1466
R52 0 1467
R6 6 1467
L77 29 1468
L53 76 1469
L76 0 1470
L96 4 1470
L97 7 1471
L80 27 1472
L42 85 1473
R276 61 1476
R539 0 1482
R70 70 1482
R30 0 1483
R20 20 1483
R80 0 1484
L96 4 1484
R21 25 1484
L70 55 1485
L55 0 1486
R756 56 1493
L40 16 1493
R184 0 1495
L392 8 1498
L845 63 1507
R37 0 1508
L57 43 1508
L62 81 1509
R38 19 1510
R39 58 1510
L58 0 1511
L58 42 1511
L42 0 1512
R935 35 1521
L45 90 1522
L70 20 1522
L20 0 1523
R92 92 1523
R66 58 1524
R42 0 1525
R36 36 1525
R40 76 1525
R66 42 1526
L76 66 1527
R34 0 1528
R93 93 1528
R3 96 1528
L96 0 1529
L61 39 1529
R5 44 1529
R56 0 1530
R33 33 1530
R67 0 1531
L96 4 1531
R96 0 1532
L59 41 1532
R82 23 1533
L64 59 1534
R43 2 1535
L34 68 1536
R93 61 1537
R111 72 1538
L7 65 1538
L65 0 1539
R54 54 1539
R91 45 1540
R17 62 1540
R53 15 1541
R21 36 1541
L19 17 1541
R87 4 1542
L4 0 1543
R33 33 1543
L33 0 1544
R74 74 1544
R26 0 1545
L96 4 1545
L38 66 1546
L151 15 1547
R120 35 1548
L96 39 1549
L509 30 1554
L460 70 1559
L78 92 1560
R8 0 1561
R25 25 1561
L625 0 1568
L66 34 1568
R44 78 1568
L68 10 1568
L48 62 1569
L62 0 1570
R90 90 1570
L671 19 1576
R657 76 1582
L76 0 1583
R96 96 1583
R56 52 1584
R182 34 1586
L34 0 1587
R24 24 1587
L24 0 1588
L90 10 1588
L58 52 1589
L15 37 1589
L37 0 1590
R4 4 1590
L4 0 1591
R65 65 1591
L65 0 1592
R75 75 1592
L34 41 1592
L11 30 1592
L30 0 1593
L884 16 1601
L16 0 1602
R24 24 1602
L77 47 1603
R29 76 1603
R16 92 1603
L19 73 1603
R27 0 1604
L4 96 1604
L396 0 1608
L99 1 1608
L1 0 1609
L55 45 1609
R55 0 1610
L67 33 1610
L33 0 1611
L70 30 1611
R75 5 1612
R78 83 1612
L83 0 1613
L12 88 1613
L361 27 1616
L35 92 1617
L92 0 1618
R441 41 1622
R26 67 1622
L30 37 1622
L837 0 1631
R96 96 1631
L67 29 1631
R418 47 1635
L5 42 1635
L42 0 1636
R44 44 1636
L44 0 1637
L94 6 1637
L34 72 1638
R28 0 1639
R51 51 1639
R49 0 1640
R99 99 1640
R96 95 1641
L19 76 1641
R6 82 1641
L82 0 1642
R99 99 1642
L58 41 1642
L541 0 1648
R251 51 1650
R53 4 1651
L80 24 1652
R76 0 1653
R65 65 1653
R46 11 1654
R89 0 1655
L42 58 1655
L86 72 1656
L8 64 1656
L64 0 1657
L84 16 1657
R364 80 1660
R13 93 1660
R18 11 1661
L4 7 1661
R93 0 1662
L107 93 1663
L50 43 1663
L52 91 1664
R9 0 1665
L36 64 1665
L64 0 1666
L90 10 1666
L76 34 1667
R466 0 1672
L10 90 1672
L38 52 1672
L95 57 1673
R43 0 1674
R88 88 1674
L88 0 1675
R6 6 1675
L20 86 1676
L60 26 1676
R99 25 1677
L38 87 1678
R469 56 1683
R691 47 1690
L83 64 1691
L64 0 1692
R38 38 1692
L38 0 1693
R43 43 1693
R52 95 1693
L1 94 1693
L23 71 1693
L71 0 1694
R212 12 1696
L12 0 1697
R79 79 1697
L79 0 1698
L10 90 1698
L39 51 1698
L152 99 1700
R393 92 1704
L49 43 1704
R80 23 1705
R988 11 1715
L11 0 1716
R77 77 1716
R91 68 1717
L3 65 1717
L161 4 1718
R12 16 1718
L85 31 1719
L61 70 1720
R830 0 1729
R81 81 1729
L6 75 1729
L975 0 1739
L890 10 1747
L62 48 1748
L61 87 1749
R12 99 1749
L4 95 1749
R5 0 1750
R82 82 1750
R134 16 1752
L25 91 1753
R9 0 1754
L16 84 1754
L5 79 1754
L379 0 1758
L65 35 1758
L35 0 1759
R23 23 1759
R16 39 1759
L39 0 1760
L44 56 1760
R67 23 1761
L280 43 1764
R39 82 1764
L280 2 1766
L2 0 1767
L57 43 1767
R57 0 1768
L29 71 1768
R29 0 1769
L58 42 1769
L64 78 1770
R46 24 1771
R19 43 1771
L39 4 1771
R53 57 1771
R143 0 1773
R17 17 1773
R15 32 1773
R94 26 1774
L12 14 1774
R80 94 1774
L94 0 1775
L83 17 1775
R81 98 1775
L935 63 1784
R58 21 1785
R10 31 1785
L27 4 1785
R998 2 1795
L402 0 1800
L67 33 1800
R82 15 1801
R17 32 1801
L943 89 1811
L692 97 1818
L45 52 1818
R735 87 1825
R55 42 1826
R16 58 1826
R4 62 1826
L82 80 1827
R45 25 1828
R75 0 1829
L25 75 1829
L75 0 1830
L94 6 1830
L810 96 1839
L71 25 1839
R65 90 1839
L81 9 1839
R509 18 1844
L11 7 1844
L95 12 1845
L33 79 1846
L179 0 1848
R63 63 1848
R37 0 1849
R86 86 1849
L86 0 1850
L923 77 1859
L77 0 1860
L24 76 1860
L94 82 1861
R18 0 1862
R64 64 1862
L78 86 1863
R62 48 1864
L48 0 1865
L62 38 1865
L38 0 1866
L546 54 1871
R21 75 1871
R4 79 1871
L2 77 1871
R96 73 1872
L73 0 1873
R10 10 1873
L210 0 1876
L81 19 1876
R304 23 1879
L1 22 1879
L986 36 1889
L87 49 1890
R71 20 1891
L673 47 1898
R69 16 1899
L90 26 1900
R57 83 1900
L6 77 1900
R19 96 1900
R4 0 1901
R6 6 1901
R114 20 1902
L20 0 1903
L229 71 1905
L31 40 1905
L51 89 1906
R503 92 1911
R5 97 1911
R3 0 1912
L644 56 1918
L4 52 1918
L40 12 1918
R106 18 1919
R56 74 1919
L59 15 1919
R495 10 1924
L10 0 1925
R823 23 1933
R20 43 1933
R75 18 1934
R49 67 1934
L33 34 1934
L834 0 1943
L35 65 1943
L62 3 1943
L3 0 1944
L34 66 1944
R99 65 1945
L65 0 1946
R76 76 1946
L66 10 1946
R37 47 1946
L17 30 1946
R83 13 1947
R92 5 1948
L5 0 1949
L36 64 1949
R65 29 1950
R37 66 1950
R6 72 1950
R315 87 1953
L87 0 1954
L33 67 1954
L1 66 1954
L66 0 1955
L19 81 1955
L86 95 1956
R5 0 1957
R55 55 1957
L55 0 1958
R5 5 1958
L19 86 1959
L86 0 1960
R46 46 1960
R928 74 1969
L74 0 1970
L38 62 1970
R38 0 1971
L14 86 1971
L676 10 1977
L47 63 1978
R26 89 1978
L89 0 1979
R88 88 1979
L88 0 1980
L45 55 1980
R35 90 1980
L10 80 1980
L80 0 1981
R24 24 1981
L175 49 1983
L49 0 1984
R65 65 1984
L677 88 1991
L13 75 1991
L75 0 1992
R97 97 1992
R68 65 1993
L23 42 1993
R25 67 1993
R50 17 1994
R23 40 1994
L11 29 1994
L429 0 1999
R17 17 1999
L50 67 2000
R63 30 2001
L830 0 2010
L48 52 2010
R97 49 2011
R91 40 2012
R22 62 2012
R83 45 2013
R55 0 2014
L96 4 2014
R12 16 2014
L15 1 2014
R83 84 2014
L39 45 2014
R95 40 2015
R7 47 2015
L39 8 2015
L71 37 2016
R32 69 2016
L82 87 2017
L87 0 2018
R56 56 2018
R44 0 2019
R772 72 2026
R38 10 2027
R24 34 2027
L34 0 2028
R1 1 2028
R24 25 2028
L25 0 2029
R3 3 2029
L703 0 2037
L48 52 2037
L52 0 2038
R469 69 2042
R25 94 2042
R83 77 2043
R23 0 2044
R17 17 2044
L95 22 2045
R66 88 2045
R12 0 2046
L60 40 2046
L81 59 2047
L96 63 2048
R937 0 2058
L99 1 2058
R780 81 2065
L581 0 2071
L32 68 2071
R43 11 2072
L6 5 2072
R595 0 2078
R72 72 2078
R73 45 2079
R55 0 2080
R28 28 2080
R44 72 2080
L72 0 2081
L614 86 2087
R14 0 2088
R96 96 2088
L28 68 2088
L63 5 2088
L805 0 2097
R91 91 2097
L86 5 2097
R71 76 2097
L76 0 2098
L75 25 2098
R1 26 2098
R54 80 2098
R343 23 2102
L25 98 2103
L98 0 2104
R86 86 2104
L86 0 2105
R76 76 2105
R53 29 2106
L29 0 2107
R756 56 2114
L92 64 2115
R170 34 2117
R48 82 2117
R14 96 2117
R2 98 2117
R2 0 2118
L22 78 2118
R22 0 2119
R25 25 2119
R90 15 2120
R85 0 2121
R222 22 2123
R682 4 2130
R7 11 2130
R89 0 2131
R619 19 2137
L16 3 2137
R50 53 2137
R90 43 2138
R857 0 2147
L59 41 2147
R94 35 2148
L16 19 2148
R81 0 2149
R698 98 2155
R202 0 2158
L42 58 2158
L17 41 2158
L842 99 2167
R1 0 2168
L34 66 2168
R34 0 2169
L42 58 2169
L58 0 2170
R257 57 2172
R43 0 2173
R45 45 2173
R70 15 2174
L76 39 2175
R61 0 2176
L2 98 2176
L57 41 2176
L634 7 2182
L7 0 2183
L50 50 2183
R450 0 2188
R67 67 2188
R26 93 2188
R7 0 2189
R28 28 2189
R46 74 2189
L50 24 2189
R776 0 2197
L59 41 2197
R88 29 2198
L36 93 2199
L93 0 2200
R370 70 2203
L2 68 2203
L62 6 2203
R89 95 2203
L99 96 2204
L508 88 2209
L40 48 2209
L91 57 2210
R123 80 2211
L80 0 2212
L28 72 2212
R87 59 2213
L61 98 2214
R77 75 2215
L70 5 2215
L255 50 2218
L50 0 2219
R22 22 2219
L32 90 2220
L42 48 2220
R14 62 2220
L62 0 2221
R95 95 2221
R605 0 2228
R3 3 2228
L33 70 2229
L27 43 2229
R22 65 2229
L17 48 2229
R62 10 2230
L60 50 2231
L37 13 2231
R26 39 2231
L20 19 2231
R81 0 2232
R397 97 2235
R72 69 2236
L64 5 2236
R95 0 2237
L89 11 2237
L442 69 2242
R18 87 2242
R567 54 2248
L78 76 2249
L263 13 2251
L29 84 2252
R616 0 2259
L48 52 2259
R41 93 2259
L75 18 2259
R65 83 2259
L11 72 2259
L72 0 2260
R21 21 2260
L21 0 2261
L39 61 2261
L27 34 2261
R223 57 2263
L57 0 2264
R42 42 2264
R58 0 2265
R73 73 2265
L82 91 2266
L79 12 2266
L521 91 2272
L33 58 2272
R942 0 2282
L47 53 2282
L87 66 2283
R749 15 2291
L752 63 2299
R97 60 2300
R51 11 2301
R32 43 2301
L49 94 2302
R106 0 2304
R38 38 2304
L64 74 2305
R74 48 2306
R52 0 2307
L48 52 2307
R48 0 2308
L6 94 2308
L91 3 2308
R42 45 2308
L945 0 2318
L53 47 2318
L147 0 2320
L657 43 2326
R19 62 2326
R38 0 2327
R14 14 2327
R86 0 2328
L139 61 2329
L261 0 2332
R89 89 2332
L9 80 2332
R32 12 2333
L85 27 2334
R892 19 2343
R181 0 2345
R52 52 2345
R48 0 2346
L93 7 2346
R93 0 2347
L713 87 2354
R47 34 2355
L67 67 2356
R5 72 2356
R17 89 2356
R22 11 2357
R47 58 2357
L78 80 2358
L9 71 2358
R939 10 2368
R33 43 2368
L205 38 2370
L72 66 2371
R734 0 2379
L764 36 2386
L41 95 2387
R36 31 2388
R469 0 2393
R19 19 2393
L158 61 2395
L696 65 2402
L62 3 2402
R53 56 2402
L53 3 2402
L40 63 2403
L863 0 2412
L66 34 2412
L664 70 2419
R930 0 2429
L51 49 2429
L49 0 2430
L22 78 2430
L78 0 2431
L18 82 2431
R19 1 2432
R999 0 2442
L40 60 2442
L355 5 2445
R93 98 2445
L98 0 2446
R44 44 2446
L91 53 2447
L615 38 2453
L38 0 2454
L858 42 2462
L342 0 2466
L792 8 2473
L57 51 2474
L325 26 2477
L326 0 2481
R24 24 2481
R94 18 2482
L97 21 2483
L21 0 2484
L55 45 2484
L236 9 2486
R71 80 2486
R55 35 2487
L23 12 2487
L12 0 2488
R11 11 2488
L79 32 2489
R68 0 2490
R96 96 2490
L324 72 2493
R156 28 2495
R41 69 2495
R2 71 2495
L71 0 2496
L64 36 2496
L452 84 2501
R20 4 2502
L933 71 2512
L71 0 2513
R60 60 2513
R74 34 2514
L34 0 2515
L85 15 2515
R72 87 2515
R68 55 2516
R943 98 2525
L613 85 2531
R89 74 2532
R26 0 2533
L89 11 2533
L626 85 2540
L4 81 2540
R19 0 2541
R24 24 2541
R415 39 2545
L34 5 2545
R195 0 2547
L47 53 2547
R99 52 2548
R48 0 2549
R81 81 2549
L10 71 2549
R55 26 2550
R74 0 2551
R95 95 2551
R90 85 2552
L85 0 2553
R49 49 2553
R990 39 2563
R2 41 2563
R59 0 2564
R57 57 2564
R43 0 2565
L94 6 2565
R2 8 2565
L8 0 2566
L774 26 2573
R27 53 2573
R47 0 2574
L78 22 2574
L79 43 2575
L43 0 2576
R241 41 2578
R59 0 2579
R601 1 2585
R34 35 2585
L935 0 2595
L86 14 2595
L24 90 2596
R510 0 2602
R550 50 2607
R70 20 2608
L69 51 2609
L68 83 2610
R17 0 2611
R56 56 2611
L63 93 2612
L93 0 2613
L888 12 2621
L12 0 2622
R16 16 2622
R25 41 2622
L304 37 2625
R43 80 2625
R90 70 2626
R96 66 2627
L66 0 2628
L56 44 2628
L44 0 2629
L76 24 2629
L24 0 2630
R28 28 2630
R656 84 2636
L21 63 2636
L63 0 2637
R546 46 2642
R87 33 2643
L56 77 2644
R50 27 2645
L830 97 2654
L61 36 2654
R60 96 2654
L60 36 2654
R41 77 2654
L82 95 2655
R54 49 2656
L20 29 2656
L429 0 2661
L50 50 2661
R24 74 2661
R64 38 2662
L38 0 2663
R38 38 2663
R17 55 2663
L34 21 2663
R79 0 2664
R83 83 2664
R1 84 2664
L94 90 2665
R77 67 2666
R33 0 2667
L34 66 2667
R8 74 2667
R26 0 2668
L88 12 2668
R28 40 2668
R60 0 2669
L269 31 2671
L31 0 2672
L48 52 2672
R79 31 2673
L459 72 2678
R88 60 2679
R73 33 2680
R74 7 2681
L924 83 2691
R17 0 2692
L37 63 2692
R40 3 2693
R29 32 2693
R8 40 2693
L947 93 2703
L49 44 2703
L144 0 2705
L2 98 2705
L4 94 2705
R44 38 2706
R62 0 2707
R76 76 2707
L87 89 2708
R11 0 2709
L44 56 2709
R77 33 2710
R17 50 2710
L33 17 2710
R63 80 2710
L80 0 2711
L2 98 2711
L98 0 2712
L55 45 2712
R92 37 2713
L92 45 2714
L67 78 2715
R16 94 2715
L94 0 2716
L25 75 2716
L75 0 2717
L21 79 2717
L79 0 2718
L29 71 2718
R429 0 2723
R24 24 2723
L431 93 2728
L6 87 2728
L22 65 2728
R35 0 2729
R9 9 2729
R91 0 2730
R39 39 2730
L9 30 2730
L55 75 2731
R88 63 2732
R632 95 2738
R105 0 2740
R7 7 2740
L23 84 2741
L36 48 2741
R81 29 2742
R871 0 2751
L849 51 2759
R51 2 2760
R75 77 2760
L977 0 2770
L28 72 2770
R619 91 2776
R9 0 2777
R313 13 2780
R64 77 2780
L75 2 2780
R8 10 2780
R31 41 2780
R65 6 2781
R973 79 2790
R21 0 2791
L83 17 2791
L99 18 2792
L18 0 2793
R72 72 2793
L26 46 2793
R54 0 2794
L41 59 2794
R74 33 2795
R39 72 2795
L26 46 2795
L45 1 2795
L1 0 2796
R37 37 2796
L37 0 2797
R89 89 2797
R13 2 2798
R37 39 2798
L39 0 2799
L7 93 2799
R57 50 2800
R550 0 2806
L93 7 2806
L75 32 2807
L58 74 2808
R26 0 2809
R204 4 2811
L88 16 2812
R41 57 2812
L1 56 2812
R338 94 2815
R45 39 2816
R87 26 2817
R38 64 2817
R36 0 2818
L54 46 2818
R79 25 2819
R33 58 2819
L97 61 2820
R39 0 2821
R68 68 2821
R32 0 2822
L359 41 2825
R74 15 2826
R739 54 2833
L15 39 2833
R94 33 2834
L11 22 2834
R78 0 2835
R54 54 2835
R39 93 2835
R17 10 2836
L910 0 2846
L565 35 2851
L35 0 2852
R748 48 2859
L48 0 2860
L35 65 2860
R35 0 2861
R4 4 2861
L4 0 2862
R39 39 2862
L732 7 2869
L22 85 2870
L6 79 2870
L33 46 2870
L1 45 2870
R65 10 2871
L10 0 2872
R36 36 2872
L46 90 2873
R54 44 2874
R56 0 2875
R93 93 2875
L93 0 2876
R67 67 2876
L67 0 2877
L15 85 2877
R326 11 2881
L61 50 2882
R90 40 2883
R60 0 2884
R772 72 2891
R28 0 2892
R72 72 2892
R28 0 2893
R77 77 2893
L77 0 2894
L14 86 2894
L59 27 2894
L791 36 2902
R30 66 2902
R89 55 2903
R504 59 2908
R27 86 2908
L13 73 2908
R27 0 2909
L812 88 2917
R12 0 2918
R50 50 2918
L150 0 2920
L43 57 2920
L57 0 2921
L65 35 2921
L6 29 2921
R952 81 2930
R19 0 2931
R5 5 2931
L90 15 2932
L15 0 2933
R79 79 2933
R95 74 2934
L74 0 2935
R7 7 2935
L70 37 2936
R63 0 2937
L89 11 2937
L89 22 2938
R10 32 2938
L8 24 2938
L3 21 2938
R92 13 2939
R68 81 2939
L46 35 2939
R27 62 2939
L53 9 2939
R43 52 2939
R839 91 2947
R69 60 2948
R363 23 2952
L70 53 2953
R81 34 2954
R69 3 2955
L10 93 2956
R782 75 2964
L43 32 2964
R91 23 2965
L23 0 2966
L745 55 2973
R19 74 2973
R47 21 2974
R79 0 2975
R85 85 2975
L33 52 2975
L627 25 2981
L25 0 2982
L261 39 2984
R329 68 2987
R16 84 2987
L84 0 2988
R304 4 2991
R23 27 2991
L34 93 2992
R68 61 2993
R45 6 2994
L6 0 2995
R38 38 2995
L36 2 2995
L15 87 2996
R13 0 2997
L719 81 3004
R74 55 3005
R22 77 3005
L2 75 3005
R25 0 3006
R54 54 3006
R46 0 3007
L15 85 3007
L85 0 3008
L62 38 3008
R87 25 3009
R11 36 3009
L63 73 3010
R27 0 3011
L44 56 3011
L444 12 3015
L48 64 3016
L18 46 3016
R54 0 3017
R91 91 3017
L23 68 3017
R346 14 3021
L39 75 3022
R25 0 3023
R9 9 3023
R9 18 3023
R5 23 3023
L605 18 3029
L18 0 3030
L39 61 3030
R39 0 3031
L2 98 3031
L37 61 3031
L261 0 3034
R871 71 3042
L71 0 3043
R31 31 3043
L31 0 3044
L77 23 3044
R78 1 3045
R89 90 3045
L21 69 3045
R73 42 3046
R48 90 3046
R66 56 3047
R5 61 3047
R72 33 3048
L85 48 3049
R52 0 3050
L10 90 3050
R8 98 3050
R32 30 3051
R70 0 3052
L25 75 3052
R91 66 3053
R34 0 3054
L23 77 3054
L8 69 3054
L236 33 3056
L2 31 3056
R69 0 3057
L41 59 3057
L59 0 3058
L85 15 3058
L15 0 3059
L79 21 3059
L21 0 3060
L54 46 3060
L65 81 3061
L81 0 3062
R96 96 3062
L92 4 3062
R43 47 3062
L130 17 3063
R83 0 3064
R26 26 3064
R5 31 3064
R24 55 3064
L12 43 3064
L15 28 3064
L83 45 3065
L45 0 3066
R66 66 3066
L76 90 3067
L87 3 3067
L3 0 3068
R856 56 3076
R97 53 3077
L38 15 3077
L310 5 3080
L774 31 3088
L31 0 3089
R73 73 3089
R617 90 3095
R10 0 3096
L61 39 3096
R27 66 3096
R34 0 3097
L8 92 3097
R87 79 3098
R58 37 3099
L837 0 3108
R686 86 3114
R58 44 3115
R56 0 3116
R54 54 3116
L58 96 3117
L216 80 3119
L81 99 3120
R88 87 3121
R13 0 3122
R88 88 3122
R36 24 3123
L24 0 3124
R23 23 3124
L223 0 3127
L59 41 3127
R959 0 3137
L557 43 3142
L15 28 3142
R72 0 3143
L17 83 3143
L97 86 3144
R14 0 3145
L28 72 3145
R28 0 3146
L35 65 3146
L65 0 3147
L46 54 3147
L2 52 3147
R48 0 3148
L79 21 3148
R79 0 3149
L62 38 3149
R13 51 3149
R549 0 3155
R69 69 3155
L93 76 3156
R29 5 3157
L905 0 3167
L93 7 3167
L8 99 3168
R963 62 3178
L312 50 3181
L21 29 3181
R107 36 3182
L536 0 3188
R70 70 3188
R69 39 3189
L439 0 3194
L337 63 3197
L92 71 3198
R29 0 3199
L73 27 3199
R32 59 3199
L59 0 3200
R30 30 3200
L625 5 3206
R39 44 3206
L65 79 3207
L42 37 3207
R63 0 3208
R20 20 3208
R80 0 3209
L82 18 3209
R682 0 3216
R15 15 3216
R47 62 3216
R20 82 3216
L232 50 3218
R50 0 3219
L3 97 3219
R11 8 3220
R69 77 3220
R4 81 3220
L881 0 3229
L86 14 3229
L14 0 3230
L39 61 3230
L9 52 3230
L52 0 3231
R10 10 3231
L91 19 3232
L8 11 3232
R5 16 3232
L489 27 3237
R16 43 3237
R57 0 3238
R34 34 3238
L34 0 3239
L25 75 3239
L21 54 3239
R46 0 3240
R34 34 3240
L1 33 3240
R67 0 3241
L131 69 3242
R30 99 3242
L43 56 3242
R13 69 3242
R628 97 3248
R43 40 3249
L19 21 3249
L85 36 3250
R864 0 3259
L43 57 3259
L57 0 3260
R44 44 3260
R56 0 3261
R94 94 3261
R26 20 3262
R56 76 3262
L22 54 3262
R63 17 3263
L576 41 3269
R19 60 3269
L77 83 3270
R17 0 3271
R54 54 3271
L506 48 3276
L89 59 3277
L59 0 3278
R2 2 3278
L25 77 3279
L77 0 3280
L11 89 3280
R45 34 3281
R66 0 3282
L95 5 3282
R80 85 3282
R55 40 3283
R14 54 3283
R72 26 3284
L39 87 3285
L57 30 3285
L25 5 3285
L38 67 3286
L467 0 3291
L11 89 3291
R94 83 3292
L583 0 3298
R11 11 3298
R89 0 3299
L868 32 3307
L932 0 3317
R39 39 3317
R972 11 3327
R89 0 3328
R19 19 3328
L63 56 3329
R844 0 3338
R231 31 3340
R67 98 3340
L98 0 3341
L29 71 3341
R40 11 3342
L39 72 3343
R314 86 3346
L92 94 3347
L730 64 3354
R70 34 3355
R66 0 3356
R85 85 3356
L59 26 3356
R62 88 3356
R997 85 3366
R15 0 3367
L54 46 3367
R50 96 3367
R59 55 3368
R667 22 3375
R19 41 3375
L51 90 3376
L12 78 3376
L78 0 3377
R85 85 3377
R690 75 3384
L92 83 3385
R17 0 3386
L19 81 3386
R519 0 3392
R2 2 3392
R98 0 3393
L902 98 3402
R18 16 3403
R84 0 3404
R770 70 3411
L84 86 3412
L28 58 3412
L58 0 3413
L97 3 3413
L16 87 3414
R30 17 3415
R283 0 3418
R24 24 3418
L24 0 3419
L66 34 3419
L18 16 3419
R88 4 3420
L67 37 3421
L98 39 3422
R2 41 3422
R46 87 3422
L87 0 3423
R52 52 3423
L63 89 3424
R49 38 3425
L38 0 3426
R2 2 3426
L17 85 3427
L885 0 3436
L48 52 3436
R48 0 3437
R10 10 3437
R90 0 3438
R98 98 3438
R136 34 3440
R66 0 3441
L91 9 3441
L38 71 3442
L71 0 3443
L74 26 3443
R334 60 3446
R142 2 3448
R98 0 3449
L17 83 3449
L78 5 3449
L88 17 3450
L26 91 3451
R57 48 3452
L92 56 3453
L309 47 3456
L20 27 3456
R773 0 3464
R89 89 3464
L17 72 3464
L72 0 3465
R19 19 3465
R824 43 3473
R84 27 3474
R83 10 3475
L69 41 3476
L35 6 3476
L6 0 3477
R72 72 3477
L50 22 3477
R2 24 3477
L56 68 3478
R566 34 3484
L234 0 3487
L70 30 3487
R14 44 3487
L23 21 3487
R69 90 3487
L51 39 3487
L39 0 3488
L78 22 3488
R11 33 3488
L36 97 3489
R11 8 3490
L77 31 3491
R69 0 3492
R37 37 3492
R63 0 3493
R7 7 3493
L97 10 3494
L11 99 3495
L983 16 3504
L33 83 3505
R779 62 3513
L140 22 3514
R42 64 3514
L14 50 3514
R58 8 3515
L8 0 3516
R25 25 3516
L116 9 3517
R53 62 3517
R538 0 3523
L21 79 3523
L32 47 3523
L8 39 3523
R61 0 3524
L874 26 3532
L42 84 3533
L18 66 3533
R34 0 3534
L45 55 3534
R45 0 3535
R50 50 3535
L50 0 3536
L770 30 3543
R70 0 3544
R68 68 3544
R12 80 3544
L58 22 3544
L51 71 3545
R42 13 3546
R87 0 3547
L22 78 3547
L54 24 3547
L91 33 3548
L79 54 3549
L1 53 3549
L378 75 3553
R25 0 3554
L15 85 3554
R475 60 3559
L44 16 3559
L33 83 3560
L47 36 3560
R637 73 3566
R975 48 3576
L48 0 3577
L398 2 3580
R96 98 3580
R77 75 3581
L75 0 3582
R411 11 3586
L22 89 3587
R19 8 3588
R724 32 3595
R51 83 3595
R29 12 3596
L20 92 3597
L98 94 3598
R306 0 3602
L89 11 3602
L59 52 3603
L52 0 3604
L13 87 3604
L287 0 3607
L48 52 3607
R95 47 3608
R53 0 3609
R16 16 3609
L97 19 3610
L17 2 3610
L5 97 3611
L97 0 3612
L67 33 3612
L33 0 3613
R90 90 3613
R616 6 3620
R94 0 3621
R11 11 3621
L35 76 3622
L82 94 3623
L37 57 3623
L187 70 3625
L74 96 3626
L28 68 3626
R46 14 3627
R586 0 3633
R76 76 3633
R24 0 3634
R78 78 3634
R16 94 3634
L94 0 3635
L682 18 3641
R70 88 3641
R12 0 3642
L647 53 3648
L753 0 3656
L12 88 3656
L79 9 3656
L31 78 3657
R53 31 3658
R99 30 3659
L30 0 3660
R207 7 3662
L69 38 3663
L30 8 3663
R66 74 3663
L74 0 3664
L42 58 3664
R11 69 3664
R67 36 3665
R64 0 3666
R96 96 3666
R5 1 3667
R499 0 3672
R94 94 3672
L94 0 3673
L81 19 3673
R70 89 3673
L403 86 3677
R58 44 3678
R567 11 3684
R427 38 3688
L42 96 3689
L5 91 3689
R47 38 3690
L30 8 3690
R960 68 3699
L868 0 3708
L76 24 3708
L50 74 3709
R26 0 3710
R6 6 3710
L6 0 3711
R7 7 3711
L52 55 3712
L55 0 3713
R75 75 3713
L20 55 3713
L55 0 3714
L743 57 3721
L61 96 3722
L96 0 3723
L25 75 3723
L45 30 3723
L30 0 3724
R19 19 3724
R81 0 3725
L19 81 3725
R19 0 3726
R907 7 3735
L73 34 3736
R66 0 3737
L65 35 3737
L53 82 3738
L97 85 3739
R14 99 3739
L34 65 3739
R77 42 3740
R58 0 3741
L53 47 3741
R653 0 3748
R97 97 3748
R14 11 3749
R88 99 3749
R4 3 3750
R28 31 3750
L41 90 3751
R31 21 3752
R79 0 3753
R9 9 3753
R99 8 3754
L770 38 3762
L38 0 3763
R55 55 3763
R13 68 3763
R32 0 3764
L38 62 3764
R38 0 3765
R68 68 3765
R74 42 3766
R39 81 3766
L94 87 3767
R64 51 3768
L51 0 3769
L6 94 3769
L594 0 3775
L19 81 3775
R741 22 3783
R49 71 3783
L97 74 3784
R26 0 3785
L20 80 3785
L7 73 3785
L75 98 3786
R2 0 3787
R154 54 3788
R64 18 3789
L65 53 3790
L53 0 3791
R34 34 3791
R2 36 3791
L12 24 3791
L24 0 3792
L12 88 3792
R56 44 3793
R12 56 3793
L8 48 3793
R530 78 3798
L932 46 3807
R54 0 3808
R81 81 3808
R19 0 3809
L19 81 3809
L52 29 3809
L29 0 3810
L60 40 3810
R60 0 3811
R23 23 3811
R76 99 3811
L299 0 3814
R49 49 3814
L49 0 3815
R60 60 3815
R40 0 3816
R816 16 3824
R84 0 3825
R470 70 3829
L212 58 3831
R76 34 3832
R960 94 3841
R6 0 3842
L20 80 3842
L759 21 3849
R479 0 3854
L9 91 3854
R9 0 3855
L583 17 3860
R83 0 3861
R162 62 3862
R533 95 3867
L65 30 3867
L130 0 3869
L7 93 3869
R31 24 3870
L25 99 3871
L82 17 3871
L85 32 3872
R53 85 3872
R85 70 3873
L815 55 3881
R45 0 3882
R12 12 3882
R39 51 3882
L51 0 3883
R62 62 3883
L968 94 3893
L73 21 3893
R76 97 3893
L196 1 3894
L13 88 3895
R58 46 3896
R997 43 3906
L43 0 3907
L68 32 3907
L45 87 3908
L935 52 3917
L78 74 3918
L167 7 3919
L20 87 3920
L86 1 3920
L21 80 3921
L80 0 3922
L15 85 3922
L18 67 3922
R33 0 3923
R974 74 3932
R826 0 3941
R199 99 3942
L66 33 3942
L219 14 3944
R45 59 3944
R41 0 3945
R34 34 3945
R66 0 3946
L58 42 3946
L35 7 3946
R542 49 3951
R65 14 3952
R303 17 3955
L69 48 3956
L536 12 3961
R74 86 3961
L586 0 3967
L85 15 3967
R685 0 3974
L74 26 3974
R74 0 3975
L56 44 3975
R199 43 3977
L15 28 3977
R72 0 3978
L81 19 3978
L72 47 3979
L47 0 3980
L72 28 3980
R7 35 3980
R95 30 3981
L20 10 3981
R290 0 3984
R76 76 3984
L565 11 3989
L164 47 3991
R53 0 3992
R99 99 3992
L15 84 3992
R816 0 4001
R79 79 4001
L42 37 4001
R20 57 4001
L95 62 4002
L68 94 4003
R866 60 4012
R85 45 4013
L821 24 4021
L62 62 4022
R948 10 4032
R2 12 4032
R88 0 4033
L907 93 4042
L88 5 4042
R41 46 4042
L48 98 4043
L845 53 4051
R47 0 4052
L54 46 4052
R54 0 4053
L12 88 4053
R12 0 4054
R7 7 4054
L60 47 4055
R8 55 4055
R45 0 4056
R64 64 4056
R183 47 4058
R53 0 4059
R622 22 4065
L22 0 4066
R20 20 4066
R19 39 4066
L39 0 4067
R65 65 4067
L92 73 4068
L14 59 4068
R41 0 4069
L92 8 4069
L8 0 4070
R54 54 4070
R52 6 4071
R12 18 4071
L918 0 4081
L141 59 4082
L59 0 4083
L62 38 4083
R3 41 4083
R53 94 4083
R171 65 4085
L65 0 4086
L31 69 4086
R689 58 4093
R88 46 4094
R54 0 4095
L58 42 4095
R53 95 4095
R5 0 4096
R77 77 4096
L94 83 4097
L83 0 4098
R86 86 4098
L46 40 4098
R860 0 4107
L936 64 4116
R80 44 4117
R92 36 4118
L36 0 4119
L87 13 4119
L52 61 4120
L50 11 4120
R89 0 4121
R34 34 4121
L34 0 4122
R83 83 4122
L44 39 4122
R988 27 4132
R40 67 4132
L67 0 4133
L991 9 4142
L54 55 4143
L768 87 4151
L87 0 4152
L82 18 4152
R815 33 4160
L12 21 4160
R24 45 4160
R55 0 4161
L66 34 4161
L734 0 4169
L19 81 4169
L46 35 4169
R9 44 4169
R20 64 4169
R36 0 4170
R68 68 4170
R732 0 4178
L54 46 4178
L25 21 4178
L96 25 4179
R29 54 4179
L989 65 4189
L62 3 4189
L3 0 4190
L67 33 4190
L60 73 4191
R72 45 4192
L31 14 4192
R86 0 4193
R8 8 4193
R47 55 4193
R435 90 4197
L4 86 4197
L86 0 4198
R21 21 4198
R671 92 4204
R21 13 4205
R865 78 4213
L78 0 4214
L525 75 4219
R36 11 4220
R861 72 4228
L72 0 4229
R38 38 4229
L538 0 4235
L50 50 4235
L11 39 4235
R63 2 4236
R98 0 4237
L68 32 4237
R71 3 4238
L3 0 4239
R41 41 4239
L41 0 4240
R20 20 4240
R44 64 4240
R36 0 4241
R35 35 4241
R465 0 4246
L91 9 4246
R158 67 4247
R405 72 4251
R57 29 4252
L28 1 4252
R91 92 4252
R8 0 4253
R28 28 4253
L28 0 4254
R2 2 4254
L91 11 4255
R90 1 4256
L19 82 4257
R83 65 4258
R35 0 4259
L252 48 4261
L48 0 4262
R49 49 4262
R87 36 4263
R64 0 4264
L64 36 4264
R64 0 4265
R46 46 4265
L42 4 4265
L76 28 4266
R51 79 4266
L50 29 4266
L468 61 4271
L989 72 4281
L72 0 4282
R19 19 4282
R48 67 4282
R97 64 4283
R36 0 4284
R43 43 4284
R807 50 4292
L31 19 4292
R29 48 4292
L13 35 4292
R23 58 4292
R658 16 4299
L98 18 4300
R95 13 4301
R87 0 4302
R11 11 4302
L87 24 4303
R776 0 4311
L9 91 4311
L91 0 4312
R75 75 4312
R343 18 4316
R99 17 4317
L84 33 4318
L33 0 4319
R11 11 4319
L11 0 4320
L72 28 4320
L53 75 4321
L309 66 4324
L99 67 4325
L67 0 4326
L44 56 4326
L16 40 4326
L55 85 4327
R415 0 4332
L44 56 4332
R85 41 4333
R48 89 4333
L27 62 4333
R138 0 4335
R67 67 4335
L67 0 4336
R846 46 4344
L50 96 4345
L136 60 4346
L825 35 4354
L35 0 4355
R55 55 4355
L155 0 4357
L35 65 4357
L69 96 4358
L96 0 4359
R449 49 4363
R29 78 4363
L78 0 4364
L70 30 4364
L32 98 4365
L98 0 4366
L98 2 4366
L2 0 4367
R64 64 4367
L44 20 4367
R80 0 4368
R445 45 4372
R89 34 4373
R44 78 4373
R92 70 4374
L54 16 4374
R92 8 4375
R97 5 4376
L905 0 4386
R107 7 4387
L7 0 4388
R65 65 4388
R884 49 4397
R65 14 4398
R71 85 4398
L2 83 4398
R513 96 4403
R955 51 4413
R49 0 4414
R82 82 4414
L1 81 4414
L81 0 4415
R86 86 4415
L566 20 4420
R459 79 4424
L32 47 4424
R53 0 4425
L96 4 4425
R96 0 4426
L4 96 4426
L73 23 4426
L23 0 4427
L1 99 4427
R26 25 4428
L85 40 4429
L64 76 4430
R24 0 4431
L86 14 4431
L92 22 4432
L22 0 4433
L29 71 4433
L71 0 4434
R81 81 4434
R19 0 4435
L757 43 4442
L45 98 4443
R38 36 4444
R67 3 4445
R171 74 4446
R5 79 4446
L140 39 4447
R53 92 4447
L23 69 4447
R31 0 4448
L13 87 4448
R13 0 4449
R83 83 4449
L818 65 4457
R32 97 4457
L74 23 4457
R77 0 4458
L98 2 4458
R9 11 4458
L11 0 4459
R43 43 4459
L704 39 4466
R461 0 4471
R22 22 4471
R28 50 4471
L3 47 4471
L66 81 4472
L19 62 4472
L38 24 4472
R71 95 4472
L905 90 4481
R10 0 4482
L95 5 4482
R46 51 4482
L62 89 4483
R69 58 4484
R52 10 4485
L36 74 4486
R26 0 4487
L45 55 4487
L655 0 4494
R12 12 4494
L84 28 4495
R96 24 4496
R658 82 4502
R73 55 4503
R6 61 4503
L84 77 4504
L77 0 4505
L19 81 4505
R88 69 4506
R35 4 4507
R67 71 4507
R9 80 4507
R38 18 4508
R82 0 4509
L21 79 4509
R258 37 4512
L20 17 4512
R31 48 4512
L57 91 4513
L68 23 4513
L47 76 4514
R84 60 4515
L79 81 4516
L81 0 4517
L92 8 4517
R91 99 4517
R55 54 4518
R86 40 4519
L816 24 4527
R838 62 4535
L30 32 4535
L83 49 4536
R23 72 4536
L72 0 4537
L84 16 4537
R85 1 4538
R7 8 4538
L43 65 4539
L14 51 4539
L85 66 4540
L866 0 4549
R93 93 4549
R7 0 4550
R41 41 4550
R82 23 4551
L9 14 4551
L56 58 4552
R42 0 4553
R67 67 4553
L14 53 4553
L53 0 4554
L31 69 4554
L40 29 4554
L229 0 4557
L1 99 4557
L443 56 4561
R48 4 4562
R261 65 4564
R735 0 4572
L72 28 4572
L828 0 4581
R49 49 4581
L49 0 4582
L629 71 4588
R29 0 4589
L47 53 4589
R76 29 4590
R46 75 4590
R56 31 4591
L98 33 4592
L53 80 4593
L394 86 4597
L573 13 4602
L80 33 4603
R67 0 4604
R947 47 4613
L87 60 4614
L237 23 4616
L23 0 4617
L81 19 4617
L49 70 4618
R30 0 4619
R50 50 4619
L16 34 4619
R36 70 4619
R79 49 4620
R16 65 4620
L67 98 4621
R28 26 4622
R40 66 4622
L66 0 4623
R59 59 4623
R26 85 4623
L85 0 4624
L87 13 4624
L35 78 4625
L918 60 4634
R80 40 4635
R3 43 4635
L843 0 4644
L212 88 4646
R12 0 4647
R74 74 4647
R20 94 4647
L73 21 4647
R79 0 4648
L26 74 4648
L430 44 4652
L64 80 4653
L80 0 4654
L378 22 4657
R78 0 4658
R671 71 4664
L35 36 4664
R344 80 4667
L63 17 4667
L612 5 4673
R95 0 4674
R88 88 4674
L88 0 4675
L42 58 4675
L42 16 4675
R84 0 4676
R7 7 4676
L71 36 4677
L622 14 4683
L277 37 4686
L37 0 4687
L42 58 4687
R40 98 4687
L659 39 4693
R22 61 4693
R39 0 4694
R38 38 4694
R857 95 4702
R32 27 4703
L222 5 4705
L44 61 4706
R74 35 4707
R722 57 4714
R43 0 4715
L24 76 4715
R24 0 4716
R71 71 4716
R81 52 4717
L152 0 4719
L30 70 4719
L23 47 4719
R53 0 4720
R54 54 4720
L50 4 4720
L4 0 4721
R92 92 4721
L67 25 4721
R32 57 4721
L57 0 4722
R770 70 4729
R30 0 4730
L35 65 4730
L65 0 4731
R91 91 4731
R9 0 4732
R83 83 4732
R98 81 4733
L781 0 4741
R51 51 4741
L14 37 4741
R31 68 4741
R703 71 4748
L289 82 4751
R18 0 4752
L66 34 4752
L134 0 4754
L3 97 4754
L18 79 4754
L369 10 4757
L10 0 4758
L21 79 4758
R689 68 4765
L32 36 4765
L36 0 4766
R29 29 4766
R71 0 4767
L195 5 4768
L5 0 4769
R9 9 4769
R37 46 4769
L946 0 4779
R20 20 4779
L220 0 4782
L192 8 4783
R34 42 4783
L26 16 4783
R496 12 4788
R21 33 4788
R98 31 4789
L231 0 4792
L95 5 4792
R79 84 4792
L977 7 4801
R9 16 4801
R51 67 4801
R33 0 4802
L24 76 4802
R60 36 4803
L36 0 4804
R62 62 4804
R338 0 4808
R4 4 4808
R96 0 4809
R97 97 4809
R3 0 4810
L226 74 4812
R20 94 4812
R89 83 4813
L83 0 4814
R6 6 4814
L24 82 4815
L782 0 4823
R74 74 4823
R821 95 4831
R81 76 4832
L28 48 4832
L911 37 4841
L37 0 4842
R50 50 4842
L85 65 4843
R19 84 4843
R23 7 4844
R12 19 4844
R2 21 4844
R62 83 4844
L45 38 4844
R30 68 4844
R16 84 4844
L84 0 4845
R484 84 4849
L84 0 4850
R51 51 4850
R449 0 4855
L56 44 4855
L47 97 4856
R13 10 4857
R90 0 4858
R72 72 4858
R69 41 4859
R59 0 4860
R67 67 4860
L67 0 4861
L69 31 4861
R69 0 4862
L99 1 4862
R209 10 4864
L10 0 4865
R98 98 4865
R26 24 4866
L87 37 4867
R63 0 4868
L15 85 4868
L685 0 4875
R809 9 4883
L2 7 4883
L7 0 4884
R85 85 4884
R37 22 4885
L822 0 4894
R96 96 4894
R4 0 4895
R14 14 4895
R86 0 4896
R68 68 4896
L68 0 4897
L105 95 4898
L295 0 4901
L611 89 4907
L98 91 4908
L230 61 4910
L86 75 4911
L75 0 4912
R492 92 4916
R32 24 4917
R62 86 4917
L86 0 4918
R96 96 4918
L29 67 4918
R233 0 4921
R914 14 4930
L14 0 4931
R49 49 4931
R33 82 4931
R55 37 4932
L98 39 4933
L39 0 4934
L5 95 4934
L30 65 4934
R35 0 4935
L77 23 4935
R760 83 4942
R39 22 4943
R85 7 4944
L407 0 4949
L823 77 4957
R873 50 4966
R66 16 4967
L506 10 4972
R182 92 4973
L97 95 4974
R5 0 4975
R901 1 4984
R78 79 4984
L266 13 4986
R587 0 4992
L985 15 5001
L15 0 5002
R82 82 5002
L62 20 5002
L72 48 5003
L132 16 5004
R60 76 5004
L76 0 5005
R44 44 5005
L44 0 5006
L42 58 5006
R808 66 5014
R34 0 5015
R21 21 5015
R85 6 5016
R94 0 5017
R20 20 5017
L18 2 5017
L96 6 5018
L23 83 5019
L83 0 5020
R40 40 5020
R71 11 5021
L28 83 5022
L73 10 5022
L486 24 5027
R64 88 5027
R66 54 5028
R136 90 5029
R10 0 5030
L844 56 5038
R44 0 5039
L588 12 5044
R19 31 5044
L62 69 5045
L93 76 5046
R14 90 5046
R56 46 5047
L850 96 5056
L96 0 5057
R25 25 5057
R175 0 5059
R85 85 5059
R169 54 5061
L54 0 5062
R50 50 5062
L83 67 5063
L106 61 5064
L49 12 5064
L12 0 5065
L43 57 5065
L69 88 5066
R612 0 5073
L10 90 5073
R50 40 5074
R695 35 5081
L95 40 5082
L46 94 5083
R606 0 5090
R40 40 5090
L940 0 5100
R60 60 5100
R3 63 5100
L163 0 5102
L131 69 5103
R223 92 5105
L1 91 5105
L11 80 5105
L53 27 5105
R44 71 5105
R586 57 5111
L2 55 5111
R55 10 5112
L96 14 5113
L14 0 5114
L791 9 5121
L23 86 5122
R514 0 5128
R310 10 5131
R55 65 5131
R86 51 5132
L951 0 5142
R76 76 5142
R83 59 5143
L85 74 5144
R10 84 5144
L84 0 5145
R45 45 5145
R255 0 5148
L72 28 5148
L28 0 5149
L49 51 5149
L319 32 5152
L228 4 5154
R924 28 5163
R80 8 5164
L38 70 5165
L159 11 5166
R86 97 5166
L15 82 5166
L75 7 5166
R93 0 5167
L61 39 5167
R32 71 5167
L7 64 5167
L29 35 5167
R75 10 5168
L197 13 5170
R87 0 5171
L78 22 5171
L22 0 5172
L78 22 5172
L22 0 5173
R37 37 5173
R63 0 5174
L78 22 5174
R90 12 5175
L25 87 5176
R89 76 5177
L55 21 5177
R36 57 5177
L73 84 5178
R93 77 5179
R27 4 5180
L805 99 5189
L77 22 5189
R25 47 5189
L73 74 5190
L12 62 5190
L594 68 5196
L75 93 5197
L10 83 5197
R85 68 5198
L73 95 5199
R5 0 5200
L110 90 5201
L78 12 5201
R46 58 5201
R5 63 5201
L350 13 5204
L76 37 5205
L65 72 5206
L294 78 5209
L24 54 5209
R95 49 5210
L80 69 5211
L31 38 5211
L38 0 5212
L35 65 5212
L2 63 5212
R346 9 5216
R91 0 5217
R28 28 5217
R905 33 5226
L59 74 5227
L74 0 5228
L7 93 5228
L93 0 5229
L5 95 5229
L95 0 5230
R82 82 5230
R61 43 5231
L83 60 5232
L21 39 5232
R442 81 5236
R41 22 5237
L22 0 5238
R698 98 5244
R2 0 5245
R5 5 5245
R3 8 5245
L22 86 5246
R15 1 5247
L5 96 5248
R59 55 5249
R20 75 5249
L388 87 5253
L91 96 5254
R6 2 5255
L46 56 5256
R44 0 5257
L323 77 5260
L51 26 5260
R47 73 5260
R78 51 5261
R49 0 5262
L75 25 5262
R48 73 5262
L12 61 5262
L86 75 5263
R76 51 5264
L59 92 5265
L43 49 5265
L37 12 5265
L212 0 5268
R59 59 5268
L59 0 5269
R82 82 5269
L682 0 5276
L27 73 5276
L73 0 5277
L736 64 5284
L19 45 5284
L45 0 5285
R727 27 5292
L46 81 5293
L81 0 5294
R1 1 5294
L84 17 5295
R484 1 5300
L28 73 5301
L67 6 5301
L6 0 5302
L8 92 5302
L47 45 5302
L99 46 5303
R789 35 5311
R69 4 5312
R4 8 5312
L74 34 5313
R31 65 5313
R3 68 5313
R918 86 5322
L86 0 5323
R10 10 5323
L10 0 5324
R28 28 5324
R84 12 5325
L43 69 5326
R86 55 5327
R8 63 5327
L377 86 5331
L20 66 5331
R621 87 5337
R42 29 5338
R71 0 5339
L699 1 5345
R99 0 5346
R248 48 5348
R36 84 5348
R496 80 5353
R920 0 5363
R92 92 5363
R8 0 5364
L261 39 5366
L84 55 5367
L755 0 5375
L15 85 5375
R50 35 5376
L48 87 5377
L87 0 5378
L23 77 5378
L296 81 5381
L81 0 5382
R60 60 5382
L33 27 5382
R84 11 5383
R90 1 5384
L1 0 5385
R92 92 5385
L3 89 5385
R11 0 5386
R903 3 5395
L503 0 5401
R20 20 5401
L325 95 5405
R5 0 5406
R73 73 5406
L73 0 5407
R66 66 5407
L65 1 5407
R99 0 5408
R86 86 5408
R14 0 5409
R637 37 5415
L337 0 5419
R38 38 5419
L565 73 5425
R20 93 5425
L893 0 5434
R96 96 5434
L13 83 5434
L83 0 5435
L61 39 5435
L83 56 5436
R144 0 5438
R89 89 5438
R11 0 5439
L74 26 5439
R74 0 5440
R85 85 5440
R22 7 5441
R27 34 5441
R66 0 5442
R5 5 5442
R95 0 5443
R91 91 5443
R66 57 5444
R46 3 5445
R5 8 5445
L83 25 5446
R51 76 5446
L87 89 5447
L93 96 5448
R4 0 5449
L463 37 5453
R77 14 5454
L19 95 5455
R591 86 5461
L11 75 5461
R74 49 5462
L49 0 5463
L80 20 5463
L20 0 5464
L81 19 5464
L690 29 5471
R15 44 5471
L948 96 5481
L96 0 5482
R67 67 5482
R33 0 5483
R6 6 5483
L57 49 5484
L49 0 5485
L36 64 5485
L32 32 5485
R74 6 5486
R94 0 5487
R69 69 5487
R31 0 5488
L73 27 5488
L30 97 5489
R80 77 5490
L77 0 5491
R47 47 5491
R37 84 5491
R16 0 5492
R56 56 5492
L524 32 5497
L628 4 5503
R42 46 5503
L546 0 5509
L44 56 5509
L54 2 5509
R55 57 5509
R43 0 5510
L22 78 5510
L14 64 5510
R36 0 5511
L82 18 5511
R461 79 5515
L79 0 5516
R29 29 5516
R31 60 5516
L91 69 5517
R431 0 5522
L14 86 5522
R214 0 5525
L16 84 5525
R16 0 5526
L53 47 5526
L47 0 5527
L491 9 5531
R11 20 5531
L49 71 5532
L27 44 5532
L78 66 5533
R38 4 5534
R98 2 5535
L2 0 5536
R624 24 5542
R6 30 5542
L10 20 5542
L21 99 5543
R66 65 5544
R535 0 5550
L93 7 5550
L60 47 5551
L312 35 5554
L86 49 5555
R63 12 5556
L20 92 5557
L83 9 5557
R91 0 5558
R77 77 5558
L25 52 5558
L55 97 5559
L48 49 5559
L49 0 5560
R75 75 5560
R48 23 5561
R429 52 5565
L813 39 5573
R65 4 5574
R96 0 5575
R89 89 5575
R11 0 5576
R90 90 5576
R63 53 5577
L12 41 5577
L94 47 5578
L74 73 5579
R60 33 5580
L162 71 5582
L71 0 5583
R226 26 5585
R5 31 5585
R21 52 5585
L53 99 5586
R1 0 5587
L19 81 5587
L46 35 5587
R32 67 5587
R35 2 5588
R98 0 5589
R64 64 5589
L33 31 5589
R69 0 5590
L933 67 5599
L367 0 5603
L74 26 5603
L626 0 5610
L20 80 5610
L580 0 5616
R1 1 5616
R99 0 5617
L972 28 5626
R61 89 5626
R11 0 5627
R28 28 5627
R72 0 5628
L78 22 5628
R78 0 5629
R7 7 5629
R93 0 5630
L99 1 5630
R99 0 5631
L53 47 5631
R66 13 5632
R287 0 5635
L72 28 5635
L228 0 5638
L649 51 5644
R33 84 5644
R65 49 5645
R51 0 5646
L415 85 5650
L53 32 5650
L69 63 5651
L20 43 5651
L43 0 5652
R31 31 5652
R60 91 5652
R68 59 5653
L59 0 5654
R28 28 5654
L28 0 5655
L11 89 5655
R14 3 5656
L67 36 5657
R45 81 5657
R6 87 5657
L15 72 5657
R89 61 5658
R39 0 5659
L36 64 5659
L54 10 5659
L610 0 5666
L1 99 5666
L68 31 5666
R66 97 5666
R3 0 5667
R72 72 5667
R54 26 5668
R74 0 5669
L2 98 5669
R802 0 5678
L1 99 5678
L455 44 5682
L972 72 5692
L856 16 5700
L358 58 5704
L65 93 5705
L81 12 5705
L26 86 5706
R65 51 5707
R49 0 5708
R41 41 5708
R48 89 5708
R771 60 5716
R40 0 5717
R41 41 5717
L41 0 5718
L50 50 5718
R133 83 5719
R62 45 5720
L45 0 5721
L89 11 5721
L11 0 5722
L86 14 5722
L79 35 5723
L74 61 5724
R66 27 5725
R826 53 5733
R47 0 5734
R56 56 5734
L18 38 5734
L69 69 5735
L40 29 5735
R495 24 5740
L124 0 5742
R6 6 5742
R11 17 5742
R48 65 5742
L30 35 5742
R565 0 5748
R4 4 5748
R96 0 5749
R28 28 5749
R816 44 5757
L44 0 5758
L98 2 5758
R34 36 5758
R64 0 5759
L70 30 5759
L95 35 5760
L31 4 5760
R691 95 5766
R36 31 5767
R85 16 5768
L53 63 5769
L40 23 5769
L25 98 5770
L98 0 5771
L760 40 5778
L40 0 5779
R14 14 5779
L59 55 5780
L32 23 5780
R595 18 5786
R82 0 5787
L23 77 5787
R323 0 5791
R25 25 5791
L25 0 5792
R416 16 5796
R435 51 5800
L651 0 5807
L88 12 5807
R88 0 5808
R96 96 5808
R80 76 5809
R24 0 5810
R4 4 5810
L98 6 5811
R46 52 5811
L80 72 5812
R42 14 5813
L48 66 5814
L66 0 5815
L901 99 5824
R1 0 5825
R4 4 5825
R25 29 5825
R68 97 5825
R90 87 5826
R13 0 5827
L82 18 5827
L473 45 5832
L43 2 5832
L2 0 5833
R13 13 5833
R87 0 5834
R29 29 5834
L717 12 5841
L87 25 5842
L27 98 5843
R78 76 5844
R38 14 5845
L14 0 5846
R144 44 5847
R69 13 5848
R328 41 5851
L41 0 5852
L20 80 5852
R20 0 5853
R97 97 5853
L97 0 5854
R70 70 5854
R30 0 5855
R61 61 5855
R651 12 5862
L20 92 5863
L55 37 5863
L74 63 5864
R4 67 5864
R20 87 5864
R13 0 5865
L27 73 5865
R58 31 5866
L12 19 5866
L419 0 5871
R94 94 5871
L44 50 5871
R40 90 5871
R531 21 5877
R89 10 5878
R98 8 5879
L51 57 5880
L57 0 5881
R35 35 5881
R165 0 5883
R141 41 5884
L94 47 5885
R22 69 5885
R88 57 5886
L39 18 5886
R1 19 5886
L16 3 5886
L65 38 5887
L938 0 5897
L94 6 5897
R94 0 5898
L88 12 5898
R2 14 5898
R32 46 5898
L46 0 5899
R89 89 5899
R77 66 5900
L21 45 5900
L645 0 5907
L83 17 5907
R31 48 5907
L5 43 5907
R440 83 5911
L72 11 5911
L49 62 5912
L1 61 5912
L693 68 5919
R532 0 5925
L78 22 5925
R33 55 5925
L55 0 5926
R48 48 5926
R52 0 5927
L61 39 5927
R6 45 5927
R54 99 5927
L99 0 5928
L43 57 5928
R43 0 5929
R83 83 5929
R17 0 5930
L79 21 5930
L298 23 5933
L97 26 5934
L50 76 5935
R24 0 5936
R24 24 5936
L624 0 5943
L92 8 5943
L2 6 5943
R83 89 5943
L742 47 5950
R53 0 5951
R65 65 5951
L23 42 5951
R19 61 5951
L430 31 5955
L31 0 5956
R75 75 5956
R425 0 5961
R88 88 5961
L88 0 5962
R96 96 5962
L66 30 5962
L99 31 5963
L18 13 5963
R836 49 5971
R51 0 5972
L93 7 5972
L7 0 5973
L70 30 5973
R88 18 5974
L18 0 5975
R77 77 5975
L15 62 5975
R38 0 5976
R52 52 5976
R89 41 5977
L56 85 5978
L385 0 5982
R91 91 5982
R643 34 5989
L64 70 5990
R11 81 5990
R7 88 5990
R45 33 5991
L333 0 5995
R44 44 5995
L44 0 5996
L72 28 5996
L56 72 5997
L72 0 5998
L843 57 6006
R43 0 6007
L574 26 6012
L26 0 6013
L19 81 6013
L881 0 6022
L487 13 6026
R16 29 6026
L43 86 6027
L37 49 6027
L37 12 6027
L26 86 6028
R76 62 6029
R38 0 6030
L24 76 6030
R324 0 6034
L38 62 6034
L74 88 6035
R12 0 6036
R92 92 6036
R59 51 6037
L51 0 6038
L65 35 6038
R94 29 6039
L46 83 6040
L983 0 6050
L64 36 6050
L59 77 6051
L77 0 6052
R96 96 6052
L56 40 6052
L581 59 6058
L74 85 6059
R15 0 6060
R31 31 6060
L47 84 6061
L123 61 6062
R98 59 6063
L55 4 6063
L4 0 6064
R393 93 6067
L16 77 6067
R523 0 6073
L85 15 6073
R85 0 6074
R9 9 6074
L912 97 6084
L97 0 6085
L87 13 6085
L81 32 6086
R9 41 6086
L732 9 6093
L334 75 6097
R182 57 6099
L57 0 6100
R243 43 6102
L25 18 6102
L18 0 6103
R11 11 6103
R85 96 6103
L735 61 6110
L17 44 6110
R45 89 6110
R11 0 6111
L44 56 6111
R15 71 6111
L26 45 6111
L61 84 6112
R16 0 6113
L56 44 6113
L47 97 6114
L23 74 6114
R423 97 6118
L63 34 6118
L61 73 6119
R57 30 6120
R14 44 6120
L96 48 6121
R55 3 6122
L126 77 6124
R25 2 6125
R71 73 6125
R27 0 6126
R639 39 6132
L74 65 6133
L65 0 6134
L206 94 6136
R87 81 6137
R64 45 6138
R55 0 6139
L31 69 6139
R31 0 6140
R98 98 6140
L50 48 6140
L4 44 6140
L95 49 6141
L49 0 6142
R62 62 6142
R7 69 6142
R31 0 6143
R72 72 6143
R442 14 6148
L59 55 6149
L692 63 6156
L63 0 6157
L81 19 6157
R56 75 6157
L975 0 6167
L21 79 6167
L79 0 6168
R67 67 6168
R69 36 6169
R64 0 6170
L951 49 6179
L32 17 6179
R83 0 6180
L70 30 6180
R65 95 6180
R11 6 6181
R94 0 6182
R59 59 6182
L44 15 6182
L71 44 6183
L82 62 6184
R78 40 6185
R60 0 6186
R4 4 6186
R45 49 6186
L39 10 6186
L88 22 6187
R28 50 6187
R51 1 6188
L82 19 6189
R81 0 6190
R87 87 6190
L87 0 6191
L3 97 6191
L97 0 6192
R42 42 6192
L67 75 6193
R86 61 6194
L12 49 6194
L49 0 6195
L9 91 6195
R42 33 6196
R67 0 6197
R84 84 6197
L89 95 6198
L95 0 6199
R59 59 6199
L59 0 6200
L3 97 6200
L59 38 6200
R62 0 6201
L56 44 6201
L44 0 6202
L59 41 6202
L75 66 6203
L66 0 6204
L94 6 6204
L71 35 6205
L25 10 6205
L92 18 6206
R73 91 6206
R66 57 6207
L1 56 6207
R65 21 6208
R41 62 6208
R44 6 6209
R27 33 6209
L44 89 6210
L29 60 6210
L6 54 6210
R15 69 6210
R7 76 6210
L36 40 6210
L18 22 6210
R2 24 6210
L6 18 6210
R30 48 6210
L21 27 6210
R39 66 6210
R30 96 6210
R7 3 6211
R27 30 6211
L13 17 6211
L44 73 6212
R21 94 6212
R36 30 6213
L41 89 6214
L9 80 6214
R5 85 6214
R21 6 6215
R47 53 6215
R1 54 6215
R31 85 6215
R34 19 6216
L27 92 6217
R18 10 6218
L28 82 6219
R27 9 6220
R48 57 6220
R25 82 6220
L28 54 6220
R50 4 6221
R45 49 6221
L29 20 6221
R16 36 6221
R50 86 6221
R42 28 6222
L33 95 6223
L1 94 6223
L31 63 6223
R24 87 6223
L36 51 6223
L41 10 6223
R3 13 6223
6223
