-29 21 0
+49 70 0
-41 29 0
+37 66 0
-13 53 0
-2 51 0
+2 53 0
-42 11 0
-50 61 1
+35 96 1
-43 53 1
-39 14 1
-35 79 2
+5 84 2
-18 66 2
+11 77 2
+42 19 3
+25 44 3
+24 68 3
-17 51 3
+1 52 3
+26 78 3
-48 30 3
+6 36 3
+23 59 3
+1 60 3
+5 65 3
+24 89 3
+35 24 4
+44 68 4
+17 85 4
-6 79 4
+31 10 5
-48 62 6
+22 84 6
-34 50 6
+33 83 6
+35 18 7
-13 5 7
-28 77 8
-45 32 8
-24 8 8
+41 49 8
+12 61 8
+18 79 8
+40 19 9
-18 1 9
-41 60 10
-3 57 10
+43 0 11
+98 98 11
+31 29 12
-72 57 13
-47 10 13
-62 48 14
-89 59 15
-43 16 15
-75 41 16
-41 0 17
-96 4 17
+95 99 17
-32 67 17
+46 13 18
-75 38 19
-85 53 20
-40 13 20
+75 88 20
-94 94 21
-94 0 22
+69 69 22
+32 1 23
-34 67 24
+89 56 25
+67 23 26
+11 34 26
-73 61 27
+23 84 27
-70 14 27
-53 61 28
+39 0 29
-73 27 29
+73 0 30
+35 35 30
-22 13 30
+87 0 31
-15 85 31
+66 51 32
-43 8 32
+56 64 32
-17 47 32
+55 2 33
-69 33 34
-33 0 35
-83 17 35
+88 5 36
+95 0 37
-44 56 37
-11 45 37
+46 91 37
-20 71 37
-71 0 38
-646 54 43
-54 0 44
+55 55 44
+1 56 44
-56 0 45
+91 91 45
-75 16 45
-824 92 54
+90 82 55
-82 0 56
-64 36 56
-65 71 57
+57 28 58
+72 0 59
-789 11 65
+89 0 66
+109 9 67
-509 0 73
-83 17 73
+43 60 73
+99 59 74
+34 93 74
+20 13 75
-13 0 76
+95 95 76
+5 0 77
+62 62 77
+92 54 78
+46 0 79
+349 49 82
+15 64 82
-64 0 83
-326 74 85
+3 77 85
+553 30 91
-65 65 92
+435 0 97
+84 84 97
-3 81 97
+42 23 98
-23 0 99
+59 59 99
+41 0 100
+619 19 106
+81 0 107
+12 12 107
-98 14 108
+86 0 109
+87 87 109
+99 86 110
+41 27 111
-72 55 112
+89 44 113
-544 0 119
+19 19 119
-18 1 119
-1 0 120
+58 58 120
+888 46 129
-42 4 129
-504 0 135
+71 71 135
-71 0 136
-39 61 136
+39 0 137
+45 45 137
-47 98 138
+2 0 139
-537 63 143
-63 0 144
-36 64 144
-63 1 144
+99 0 145
+383 83 148
+38 21 149
+42 63 149
-63 0 150
+445 45 154
+55 0 155
-73 27 155
-27 0 156
-27 73 156
-46 27 156
-18 9 156
+91 0 157
-50 50 157
-39 11 157
+89 0 158
+61 61 158
-135 26 159
-64 62 160
+56 18 161
-18 0 162
-137 63 162
-77 86 163
+98 84 164
+467 51 169
+9 60 169
+87 47 170
-947 0 180
-56 44 180
-77 67 181
+13 80 181
+38 18 182
-18 0 183
-82 18 183
+31 49 183
-49 0 184
+54 54 184
-54 0 185
+787 87 192
+163 50 194
-51 99 195
-85 14 195
+692 6 202
+58 64 202
+11 75 202
+254 29 205
-2 27 205
+536 63 210
+62 25 211
-1 24 211
-24 0 212
+92 92 212
+93 85 213
+398 83 217
+17 0 218
+21 21 218
-21 0 219
-5 95 219
-95 0 220
+43 43 220
-769 74 228
+203 77 230
-884 93 239
-957 36 248
-36 0 249
-36 64 249
+36 0 250
+25 25 250
-25 0 251
-325 75 253
+95 70 254
+92 62 255
+44 6 256
+63 69 256
-69 0 257
+26 26 257
-74 52 258
-52 0 259
-49 51 259
-52 99 260
-39 60 260
-91 69 261
+11 80 261
+752 32 269
-921 11 278
+89 0 279
-89 11 279
-84 27 280
+773 0 288
+55 55 288
-28 27 288
+54 81 288
-41 40 288
+60 0 289
-90 10 289
+90 0 290
+354 54 293
-54 0 294
+56 56 294
-598 58 300
-358 0 304
-28 72 304
-14 58 304
-64 94 305
-59 35 305
+83 18 306
-23 95 307
-62 33 307
-430 3 311
+208 11 313
-812 99 322
-99 0 323
-68 32 323
+54 86 323
+14 0 324
-58 42 324
+70 12 325
+16 28 325
-30 98 326
+56 54 327
-54 0 328
-31 69 328
-69 0 329
+873 73 337
-59 14 337
-94 20 338
-20 0 339
-1 99 339
-82 17 339
+6 23 339
-478 45 344
+41 86 344
-5 81 344
-68 13 344
+80 93 344
-49 44 344
-44 0 345
-92 8 345
+92 0 346
+36 36 346
+720 56 353
+65 21 354
+46 67 354
-7 60 354
+30 90 354
-59 31 354
-99 32 355
+522 54 360
+818 72 368
-72 0 369
+74 74 369
-2 72 369
+28 0 370
-42 58 370
-57 1 370
+79 80 370
+26 6 371
-18 88 372
+12 0 373
+8 8 373
+34 42 373
+64 6 374
-6 0 375
+48 48 375
+130 78 376
+80 58 377
-52 6 377
+94 0 378
+56 56 378
-72 84 379
+33 17 380
-61 56 381
-64 92 382
+911 3 392
+97 0 393
+6 6 393
+81 87 393
-66 21 393
-21 0 394
-75 25 394
-25 0 395
+26 26 395
-3 23 395
+77 0 396
+97 97 396
-3 94 396
-55 39 396
+802 41 404
+59 0 405
+53 53 405
-99 54 406
-71 83 407
+17 0 408
+89 89 408
-42 47 408
-47 0 409
-35 65 409
-744 21 416
+79 0 417
+390 90 420
-90 0 421
+856 56 429
-37 19 429
-3 16 429
+84 0 430
-90 10 430
-21 89 431
+53 42 432
+75 17 433
-50 67 434
+33 0 435
+70 70 435
-205 65 437
-23 42 437
+5 47 437
-27 20 437
+751 71 444
+64 35 445
-19 16 445
+91 7 446
+93 0 447
+89 89 447
-31 58 447
+13 71 447
+6 77 447
+99 76 448
-12 64 448
-79 85 449
-26 59 449
+78 37 450
+63 0 451
-5 95 451
+854 49 460
+43 92 460
+108 0 462
-12 88 462
-75 13 462
-80 33 463
-52 81 464
-32 49 464
+151 0 466
-891 9 473
+56 65 473
-65 0 474
-41 59 474
+41 0 475
-44 56 475
+65 21 476
-21 0 477
-36 64 477
+180 44 479
+56 0 480
+30 30 480
-12 18 480
-43 75 481
-375 0 485
-671 29 490
+14 43 490
-56 87 491
-5 82 491
-382 0 495
+57 57 495
-99 58 496
+5 63 496
-63 0 497
-32 68 497
+87 55 498
+66 21 499
+79 0 500
+486 86 504
+14 0 505
-120 80 505
-80 0 506
-53 47 506
+966 13 516
-774 39 524
+26 65 524
+57 22 525
+278 0 528
-60 40 528
+55 95 528
+58 53 529
-53 0 530
+90 90 530
+10 0 531
-18 82 531
-95 87 532
+20 7 533
-93 14 534
+224 38 536
-367 71 540
+55 26 541
-26 0 542
-36 64 542
+24 88 542
-688 0 549
+33 33 549
-33 0 550
+57 57 550
+22 79 550
-164 15 551
+85 0 552
-119 81 552
-58 23 552
-23 0 553
+19 19 553
-28 91 554
+6 97 554
+3 0 555
-89 11 555
+73 84 555
-84 0 556
-62 38 556
+24 62 556
+21 83 556
-83 0 557
-21 79 557
-479 0 562
+30 30 562
+535 65 567
+86 51 568
-25 26 568
+932 58 577
+52 10 578
-451 59 583
-1 58 583
-96 62 584
-11 51 584
+14 65 584
+33 98 584
+93 91 585
+9 0 586
+62 62 586
-11 51 586
-51 0 587
+402 2 591
-2 0 592
-8 92 592
-362 30 595
+34 64 595
-77 87 596
-763 24 603
+84 8 604
-848 60 613
-565 95 619
+48 43 620
-19 24 620
-24 0 621
-9 91 621
-67 24 621
-24 0 622
-92 8 622
-8 0 623
-88 12 623
-312 0 627
-47 53 627
-56 97 628
+13 10 629
+31 41 629
+72 13 630
+34 47 630
-47 0 631
+35 35 631
-35 0 632
+850 50 640
+50 0 641
-29 71 641
-565 6 646
-22 84 647
+98 82 648
-60 22 648
-18 4 648
-38 66 649
-559 7 654
+63 70 654
+77 47 655
+53 0 656
-95 5 656
-60 45 657
+476 21 662
+339 60 665
+62 22 666
+95 17 667
-66 51 668
+59 10 669
+10 20 669
-79 41 670
-105 36 671
-24 12 671
+288 0 674
-33 67 674
+825 92 682
-4 88 682
-18 70 682
+91 61 683
+60 21 684
+92 13 685
-13 0 686
+47 47 686
-69 78 687
-32 46 687
+54 0 688
+8 8 688
-59 49 689
+347 96 692
+954 50 702
+84 34 703
+66 0 704
+98 98 704
-43 55 704
+45 0 705
-58 42 705
-85 57 706
+117 74 707
-574 0 713
+64 64 713
+36 0 714
+52 52 714
-99 53 715
-53 0 716
-74 26 716
-26 0 717
-237 63 718
-63 0 719
+64 64 719
+36 0 720
-166 34 720
+66 0 721
-48 52 721
-20 32 721
+34 66 721
-789 77 729
-46 31 729
+12 43 729
+17 60 729
+40 0 730
+65 65 730
-65 0 731
-40 60 731
+40 0 732
+21 21 732
+79 0 733
+23 23 733
-95 28 734
+14 42 734
+130 72 735
-43 29 735
-29 0 736
-80 20 736
-95 25 737
-325 0 741
-66 34 741
-24 10 741
+47 57 741
-36 21 741
-43 78 742
-30 48 742
+299 47 745
-39 8 745
+723 31 752
+69 0 753
+827 27 761
+9 36 761
+864 0 770
-528 72 774
-72 0 775
-51 49 775
-3 46 775
+38 84 775
+82 66 776
+12 78 776
+237 15 779
-40 75 780
+725 0 788
-79 21 788
+2 23 788
+98 21 789
-721 0 797
-16 84 797
+99 83 798
+11 94 798
-394 0 802
+47 47 802
+781 28 810
-60 68 811
-68 0 812
-85 15 812
-815 0 821
+21 21 821
+12 33 821
+5 38 821
-55 83 822
+17 0 823
+204 4 825
+87 91 825
-82 9 825
+91 0 826
-69 31 826
-38 93 827
+7 0 828
-857 43 835
+57 0 836
-88 12 836
-412 0 841
-29 71 841
+29 0 842
-24 76 842
+22 98 842
+2 0 843
-92 8 843
+92 0 844
+45 45 844
+635 80 850
+749 29 858
-77 52 859
+406 58 863
-11 47 863
+53 0 864
+48 48 864
-14 34 864
+66 0 865
+25 25 865
-94 31 866
-31 0 867
+51 51 867
-51 0 868
-42 58 868
-27 31 868
-93 38 869
-23 15 869
+13 28 869
-44 84 870
-23 61 870
-80 81 871
+62 43 872
+57 0 873
-8 92 873
+88 80 874
-95 85 875
-63 22 875
+26 48 875
-48 0 876
+779 79 883
+95 74 884
-19 55 884
-87 68 885
+93 61 886
-61 0 887
+691 91 893
-78 13 893
-866 47 902
+46 93 902
+2 95 902
-95 0 903
+12 12 903
+94 6 904
-86 20 905
-20 0 906
-352 48 908
-33 15 908
-77 38 909
+593 31 915
+26 57 915
+20 77 915
-8 69 915
+9 78 915
+22 0 916
-66 34 916
-669 65 923
-11 54 923
-54 0 924
+78 78 924
-2 76 924
-56 20 924
-20 0 925
-951 49 933
-49 0 934
-96 4 934
+51 55 934
-55 0 935
-34 66 935
-865 1 943
+99 0 944
+51 51 944
+49 0 945
+84 84 945
+19 3 946
-3 0 947
+72 72 947
-495 77 952
+23 0 953
-23 77 953
-88 89 954
+938 27 964
-74 53 965
-53 0 966
+94 94 966
-25 69 966
+54 23 967
+20 43 967
+457 0 972
-77 23 972
-99 24 973
+643 67 979
+13 80 979
-79 1 979
-47 54 980
-54 0 981
-92 8 981
-8 0 982
+608 8 988
-8 0 989
+86 86 989
+114 0 991
-47 53 991
+99 52 992
+18 70 992
+206 76 994
-88 88 995
-61 27 995
+24 51 995
-35 16 995
-15 1 995
-34 67 996
-609 58 1002
-69 89 1003
+11 0 1004
-40 60 1004
+22 82 1004
-3 79 1004
+6 85 1004
-32 53 1004
-56 97 1005
+3 0 1006
-51 49 1006
-49 0 1007
+33 33 1007
+64 97 1007
-78 19 1007
+86 5 1008
+59 64 1008
+503 67 1013
+726 93 1020
-24 69 1020
+31 0 1021
+45 45 1021
-949 96 1031
-96 0 1032
-140 60 1032
-91 69 1033
+83 52 1034
-52 0 1035
-55 45 1035
+61 6 1036
-81 25 1037
-25 0 1038
-42 58 1038
+82 40 1039
+89 29 1040
-90 39 1041
+61 0 1042
+22 22 1042
-22 0 1043
-77 23 1043
+18 41 1043
+93 34 1044
+66 0 1045
-63 37 1045
+363 0 1049
-1 99 1049
-48 51 1049
+49 0 1050
-718 82 1056
+56 38 1057
+62 0 1058
+928 28 1067
+34 62 1067
+38 0 1068
+62 62 1068
+38 0 1069
-904 96 1077
-7 89 1077
+66 55 1078
-55 0 1079
-93 7 1079
-671 36 1086
+46 82 1086
-23 59 1086
+146 5 1088
-93 12 1089
-144 68 1091
+18 86 1091
-850 36 1099
+64 0 1100
-369 31 1102
+69 0 1103
-88 12 1103
-40 72 1104
+28 0 1105
-56 44 1105
+96 40 1106
+60 0 1107
-84 16 1107
+94 10 1108
-10 0 1109
-790 10 1115
-37 73 1116
+455 28 1121
+72 0 1122
+61 61 1122
+34 95 1122
-995 0 1132
-90 10 1132
+83 93 1132
+15 8 1133
+57 65 1133
-23 42 1133
+70 12 1134
+44 56 1134
-5 51 1134
+49 0 1135
+7 7 1135
-92 15 1136
-80 35 1137
-87 48 1138
-648 0 1145
+86 86 1145
+14 0 1146
+53 53 1146
+28 81 1146
-53 28 1146
-62 66 1147
+32 98 1147
-55 43 1147
+977 20 1157
+680 0 1164
-676 24 1169
-198 26 1171
-26 0 1172
+37 37 1172
-37 0 1173
+8 8 1173
+92 0 1174
-28 72 1174
+84 56 1175
+44 0 1176
+27 27 1176
-71 56 1177
+44 0 1178
+58 58 1178
-64 94 1179
-4 90 1179
+53 43 1180
-77 66 1181
+99 65 1182
-65 0 1183
-68 32 1183
-432 0 1188
+783 83 1195
-83 0 1196
-52 48 1196
+50 98 1196
+37 35 1197
+65 0 1198
+67 67 1198
-104 63 1199
+37 0 1200
+81 81 1200
+31 12 1201
+64 76 1201
+834 10 1210
+390 0 1214
+42 42 1214
-79 63 1215
+97 60 1216
+40 0 1217
-94 6 1217
+27 33 1217
+267 0 1220
-24 76 1220
-580 96 1226
-37 59 1226
-632 27 1232
+16 43 1232
+48 91 1232
+165 56 1234
+35 91 1234
-85 6 1234
+94 0 1235
-32 68 1235
-68 0 1236
-15 85 1236
-85 0 1237
+42 42 1237
-19 23 1237
-65 58 1238
-58 0 1239
+87 87 1239
-87 0 1240
+649 49 1246
-16 33 1246
+67 0 1247
+66 66 1247
-66 0 1248
-82 18 1248
-18 0 1249
-17 83 1249
-462 21 1253
+279 0 1256
-881 19 1263
-64 55 1264
-55 0 1265
-68 32 1265
-289 43 1268
+67 10 1269
-92 18 1270
-19 99 1271
-86 13 1271
+687 0 1278
+77 77 1278
-77 0 1279
+63 63 1279
+62 25 1280
+75 0 1281
-716 84 1287
-64 20 1287
+880 0 1296
-30 70 1296
+43 13 1297
+45 58 1297
+85 43 1298
+98 41 1299
-19 22 1299
-70 52 1300
+348 0 1304
+12 12 1304
+58 70 1304
-70 0 1305
+83 83 1305
+12 95 1305
+5 0 1306
-44 56 1306
-77 79 1307
-92 87 1308
-998 89 1318
+11 0 1319
+343 43 1322
-732 11 1329
+89 0 1330
+33 33 1330
-4 29 1330
-44 85 1331
-188 97 1333
+703 0 1341
+30 30 1341
+70 0 1342
+276 76 1344
-78 98 1345
+20 18 1346
-11 7 1346
+493 0 1351
+583 83 1356
-15 68 1356
-68 0 1357
+68 68 1357
+351 19 1361
-86 33 1362
+77 10 1363
+62 72 1363
-35 37 1363
+27 64 1363
-960 4 1372
+96 0 1373
+18 18 1373
-60 58 1374
+25 83 1374
-83 0 1375
+488 88 1379
+87 75 1380
+77 52 1381
+39 91 1381
-62 29 1381
-29 0 1382
-41 59 1382
-31 28 1382
+16 44 1382
+56 0 1383
+320 20 1386
-193 27 1388
+68 95 1388
+5 0 1389
+4 4 1389
-43 61 1390
+74 35 1391
+10 45 1391
+73 18 1392
+107 25 1393
+936 61 1402
+44 5 1403
+395 0 1407
-86 14 1407
-14 0 1408
-7 93 1408
+7 0 1409
+44 44 1409
+1 45 1409
-44 1 1409
-81 20 1410
-18 2 1410
+14 16 1410
+84 0 1411
+48 48 1411
-509 39 1416
+61 0 1417
+534 34 1422
-34 0 1423
-17 83 1423
+17 0 1424
-96 4 1424
+346 50 1427
+86 36 1428
-24 12 1428
-318 94 1432
+82 76 1433
+24 0 1434
-23 77 1434
+88 65 1435
+35 0 1436
-48 52 1436
-78 74 1437
-74 0 1438
-53 47 1438
-88 59 1439
+77 36 1440
-89 47 1441
-91 56 1442
-8 48 1442
+52 0 1443
+6 6 1443
-77 29 1444
-53 76 1445
-76 0 1446
-96 4 1446
-97 7 1447
-80 27 1448
-42 85 1449
+276 61 1452
+539 0 1458
+70 70 1458
+30 0 1459
+20 20 1459
+80 0 1460
-96 4 1460
+21 25 1460
-70 55 1461
-55 0 1462
+756 56 1469
-40 16 1469
+184 0 1471
-392 8 1473
-845 63 1482
+37 0 1483
-57 43 1483
-62 81 1484
+38 19 1485
+39 58 1485
-58 0 1486
-58 42 1486
-42 0 1487
+935 35 1496
-45 90 1497
-70 20 1497
-20 0 1498
+92 92 1498
+66 58 1499
+42 0 1500
+36 36 1500
+40 76 1500
+66 42 1501
-76 66 1502
+34 0 1503
+93 93 1503
+3 96 1503
-96 0 1504
-61 39 1504
+5 44 1504
+56 0 1505
+33 33 1505
+67 0 1506
-96 4 1506
+96 0 1507
-59 41 1507
+82 23 1508
-64 59 1509
+43 2 1510
-34 68 1511
+93 61 1512
+111 72 1513
-7 65 1513
-65 0 1514
+54 54 1514
+91 45 1515
+17 62 1515
+53 15 1516
+21 36 1516
-19 17 1516
+87 4 1517
-4 0 1518
+33 33 1518
-33 0 1519
+74 74 1519
+26 0 1520
-96 4 1520
-38 66 1521
-151 15 1522
+120 35 1523
-96 39 1524
-509 30 1529
-460 70 1534
-78 92 1535
+8 0 1536
+25 25 1536
-625 0 1543
-66 34 1543
+44 78 1543
-68 10 1543
-48 62 1544
-62 0 1545
+90 90 1545
-671 19 1551
+657 76 1557
-76 0 1558
+96 96 1558
+56 52 1559
+182 34 1561
-34 0 1562
+24 24 1562
-24 0 1563
-90 10 1563
-58 52 1564
-15 37 1564
-37 0 1565
+4 4 1565
-4 0 1566
+65 65 1566
-65 0 1567
+75 75 1567
-34 41 1567
-11 30 1567
-30 0 1568
-884 16 1575
-16 0 1576
+24 24 1576
-77 47 1577
+29 76 1577
+16 92 1577
-19 73 1577
+27 0 1578
-4 96 1578
-396 0 1582
-99 1 1582
-1 0 1583
-55 45 1583
+55 0 1584
-67 33 1584
-33 0 1585
-70 30 1585
+75 5 1586
+78 83 1586
-83 0 1587
-12 88 1587
-361 27 1590
-35 92 1591
-92 0 1592
+441 41 1596
+26 67 1596
-30 37 1596
-837 0 1605
+96 96 1605
-67 29 1605
+418 47 1609
-5 42 1609
-42 0 1610
+44 44 1610
-44 0 1611
-94 6 1611
-34 72 1612
+28 0 1613
+51 51 1613
+49 0 1614
+99 99 1614
+96 95 1615
-19 76 1615
+6 82 1615
-82 0 1616
+99 99 1616
-58 41 1616
-541 0 1622
+251 51 1624
+53 4 1625
-80 24 1626
+76 0 1627
+65 65 1627
+46 11 1628
+89 0 1629
-42 58 1629
-86 72 1630
-8 64 1630
-64 0 1631
-84 16 1631
+364 80 1634
+13 93 1634
+18 11 1635
-4 7 1635
+93 0 1636
-107 93 1636
-50 43 1636
-52 91 1637
+9 0 1638
-36 64 1638
-64 0 1639
-90 10 1639
-76 34 1640
+466 0 1645
-10 90 1645
-38 52 1645
-95 57 1646
+43 0 1647
+88 88 1647
-88 0 1648
+6 6 1648
-20 86 1649
-60 26 1649
+99 25 1650
-38 87 1651
+469 56 1656
+691 47 1663
-83 64 1664
-64 0 1665
+38 38 1665
-38 0 1666
+43 43 1666
+52 95 1666
-1 94 1666
-23 71 1666
-71 0 1667
+212 12 1669
-12 0 1670
+79 79 1670
-79 0 1671
-10 90 1671
-39 51 1671
-152 99 1673
+393 92 1677
-49 43 1677
+80 23 1678
+988 11 1688
-11 0 1689
+77 77 1689
+91 68 1690
-3 65 1690
-161 4 1691
+12 16 1691
-85 31 1692
-61 70 1693
+830 0 1702
+81 81 1702
-6 75 1702
-975 0 1712
-890 10 1719
-62 48 1720
-61 87 1721
+12 99 1721
-4 95 1721
+5 0 1722
+82 82 1722
+134 16 1724
-25 91 1725
+9 0 1726
-16 84 1726
-5 79 1726
-379 0 1730
-65 35 1730
-35 0 1731
+23 23 1731
+16 39 1731
-39 0 1732
-44 56 1732
+67 23 1733
-280 43 1736
+39 82 1736
-280 2 1738
-2 0 1739
-57 43 1739
+57 0 1740
-29 71 1740
+29 0 1741
-58 42 1741
-64 78 1742
+46 24 1743
+19 43 1743
-39 4 1743
+53 57 1743
+143 0 1745
+17 17 1745
+15 32 1745
+94 26 1746
-12 14 1746
+80 94 1746
-94 0 1747
-83 17 1747
+81 98 1747
-935 63 1756
+58 21 1757
+10 31 1757
-27 4 1757
+998 2 1767
-402 0 1772
-67 33 1772
+82 15 1773
+17 32 1773
-943 89 1783
-692 97 1790
-45 52 1790
+735 87 1797
+55 42 1798
+16 58 1798
+4 62 1798
-82 80 1799
+45 25 1800
+75 0 1801
-25 75 1801
-75 0 1802
-94 6 1802
-810 96 1811
-71 25 1811
+65 90 1811
-81 9 1811
+509 18 1816
-11 7 1816
-95 12 1817
-33 79 1818
-179 0 1820
+63 63 1820
+37 0 1821
+86 86 1821
-86 0 1822
-923 77 1830
-77 0 1831
-24 76 1831
-94 82 1832
+18 0 1833
+64 64 1833
-78 86 1834
+62 48 1835
-48 0 1836
-62 38 1836
-38 0 1837
-546 54 1841
+21 75 1841
+4 79 1841
-2 77 1841
+96 73 1842
-73 0 1843
+10 10 1843
-210 0 1846
-81 19 1846
+304 23 1849
-1 22 1849
-986 36 1859
-87 49 1860
+71 20 1861
-673 47 1868
+69 16 1869
-90 26 1870
+57 83 1870
-6 77 1870
+19 96 1870
+4 0 1871
+6 6 1871
+114 20 1872
-20 0 1873
-229 71 1874
-31 40 1874
-51 89 1875
+503 92 1880
+5 97 1880
+3 0 1881
-644 56 1886
-4 52 1886
-40 12 1886
+106 18 1887
+56 74 1887
-59 15 1887
+495 10 1892
-10 0 1893
+823 23 1901
+20 43 1901
+75 18 1902
+49 67 1902
-33 34 1902
-834 0 1911
-35 65 1911
-62 3 1911
-3 0 1912
-34 66 1912
+99 65 1913
-65 0 1914
+76 76 1914
-66 10 1914
+37 47 1914
-17 30 1914
+83 13 1915
+92 5 1916
-5 0 1917
-36 64 1917
+65 29 1918
+37 66 1918
+6 72 1918
+315 87 1921
-87 0 1922
-33 67 1922
-1 66 1922
-66 0 1923
-19 81 1923
-86 95 1924
+5 0 1925
+55 55 1925
-55 0 1926
+5 5 1926
-19 86 1927
-86 0 1928
+46 46 1928
+928 74 1937
-74 0 1938
-38 62 1938
+38 0 1939
-14 86 1939
-676 10 1945
-47 63 1946
+26 89 1946
-89 0 1947
+88 88 1947
-88 0 1948
-45 55 1948
+35 90 1948
-10 80 1948
-80 0 1949
+24 24 1949
-175 49 1951
-49 0 1952
+65 65 1952
-677 88 1959
-13 75 1959
-75 0 1960
+97 97 1960
+68 65 1961
-23 42 1961
+25 67 1961
+50 17 1962
+23 40 1962
-11 29 1962
-429 0 1967
+17 17 1967
-50 67 1968
+63 30 1969
-830 0 1978
-48 52 1978
+97 49 1979
+91 40 1980
+22 62 1980
+83 45 1981
+55 0 1982
-96 4 1982
+12 16 1982
-15 1 1982
+83 84 1982
-39 45 1982
+95 40 1983
+7 47 1983
-39 8 1983
-71 37 1984
+32 69 1984
-82 87 1985
-87 0 1986
+56 56 1986
+44 0 1987
+772 72 1994
+38 10 1995
+24 34 1995
-34 0 1996
+1 1 1996
+24 25 1996
-25 0 1997
+3 3 1997
-703 0 2005
-48 52 2005
-52 0 2006
+469 69 2010
+25 94 2010
+83 77 2011
+23 0 2012
+17 17 2012
-95 22 2013
+66 88 2013
+12 0 2014
-60 40 2014
-81 59 2015
-96 63 2016
+937 0 2026
-99 1 2026
+780 81 2033
-581 0 2039
-32 68 2039
+43 11 2040
-6 5 2040
+595 0 2046
+72 72 2046
+73 45 2047
+55 0 2048
+28 28 2048
+44 72 2048
-72 0 2049
-614 86 2054
+14 0 2055
+96 96 2055
-28 68 2055
-63 5 2055
-805 0 2064
+91 91 2064
-86 5 2064
+71 76 2064
-76 0 2065
-75 25 2065
+1 26 2065
+54 80 2065
+343 23 2069
-25 98 2070
-98 0 2071
+86 86 2071
-86 0 2072
+76 76 2072
+53 29 2073
-29 0 2074
+756 56 2081
-92 64 2082
+170 34 2084
+48 82 2084
+14 96 2084
+2 98 2084
+2 0 2085
-22 78 2085
+22 0 2086
+25 25 2086
+90 15 2087
+85 0 2088
+222 22 2090
+682 4 2097
+7 11 2097
+89 0 2098
+619 19 2104
-16 3 2104
+50 53 2104
+90 43 2105
+857 0 2114
-59 41 2114
+94 35 2115
-16 19 2115
+81 0 2116
+698 98 2122
+202 0 2125
-42 58 2125
-17 41 2125
-842 99 2134
+1 0 2135
-34 66 2135
+34 0 2136
-42 58 2136
-58 0 2137
+257 57 2139
+43 0 2140
+45 45 2140
+70 15 2141
-76 39 2142
+61 0 2143
-2 98 2143
-57 41 2143
-634 7 2149
-7 0 2150
-50 50 2150
+450 0 2155
+67 67 2155
+26 93 2155
+7 0 2156
+28 28 2156
+46 74 2156
-50 24 2156
+776 0 2164
-59 41 2164
+88 29 2165
-36 93 2166
-93 0 2167
+370 70 2170
-2 68 2170
-62 6 2170
+89 95 2170
-99 96 2171
-508 88 2176
-40 48 2176
-91 57 2177
+123 80 2178
-80 0 2179
-28 72 2179
+87 59 2180
-61 98 2181
+77 75 2182
-70 5 2182
-255 50 2185
-50 0 2186
+22 22 2186
-32 90 2187
-42 48 2187
+14 62 2187
-62 0 2188
+95 95 2188
+605 0 2195
+3 3 2195
-33 70 2196
-27 43 2196
+22 65 2196
-17 48 2196
+62 10 2197
-60 50 2198
-37 13 2198
+26 39 2198
-20 19 2198
+81 0 2199
+397 97 2202
+72 69 2203
-64 5 2203
+95 0 2204
-89 11 2204
-442 69 2209
+18 87 2209
+567 54 2215
-78 76 2216
-263 13 2218
-29 84 2219
+616 0 2226
-48 52 2226
+41 93 2226
-75 18 2226
+65 83 2226
-11 72 2226
-72 0 2227
+21 21 2227
-21 0 2228
-39 61 2228
-27 34 2228
+223 57 2230
-57 0 2231
+42 42 2231
+58 0 2232
+73 73 2232
-82 91 2233
-79 12 2233
-521 91 2239
-33 58 2239
+942 0 2249
-47 53 2249
-87 66 2250
+749 15 2258
-752 63 2266
+97 60 2267
+51 11 2268
+32 43 2268
-49 94 2269
+106 0 2271
+38 38 2271
-64 74 2272
+74 48 2273
+52 0 2274
-48 52 2274
+48 0 2275
-6 94 2275
-91 3 2275
+42 45 2275
-945 0 2285
-53 47 2285
-147 0 2287
-657 43 2292
+19 62 2292
+38 0 2293
+14 14 2293
+86 0 2294
-139 61 2294
-261 0 2297
+89 89 2297
-9 80 2297
+32 12 2298
-85 27 2299
+892 19 2308
+181 0 2310
+52 52 2310
+48 0 2311
-93 7 2311
+93 0 2312
-713 87 2318
+47 34 2319
-67 67 2320
+5 72 2320
+17 89 2320
+22 11 2321
+47 58 2321
-78 80 2322
-9 71 2322
+939 10 2332
+33 43 2332
-205 38 2334
-72 66 2335
+734 0 2343
-764 36 2349
-41 95 2350
+36 31 2351
+469 0 2356
+19 19 2356
-158 61 2358
-696 65 2365
-62 3 2365
+53 56 2365
-53 3 2365
-40 63 2366
-863 0 2375
-66 34 2375
-664 70 2382
+930 0 2392
-51 49 2392
-49 0 2393
-22 78 2393
-78 0 2394
-18 82 2394
+19 1 2395
+999 0 2405
-40 60 2405
-355 5 2408
+93 98 2408
-98 0 2409
+44 44 2409
-91 53 2410
-615 38 2416
-38 0 2417
-858 42 2424
-342 0 2428
-792 8 2434
-57 51 2435
-325 26 2438
-326 0 2442
+24 24 2442
+94 18 2443
-97 21 2444
-21 0 2445
-55 45 2445
-236 9 2447
+71 80 2447
+55 35 2448
-23 12 2448
-12 0 2449
+11 11 2449
-79 32 2450
+68 0 2451
+96 96 2451
-324 72 2454
+156 28 2456
+41 69 2456
+2 71 2456
-71 0 2457
-64 36 2457
-452 84 2462
+20 4 2463
-933 71 2473
-71 0 2474
+60 60 2474
+74 34 2475
-34 0 2476
-85 15 2476
+72 87 2476
+68 55 2477
+943 98 2486
-613 85 2492
+89 74 2493
+26 0 2494
-89 11 2494
-626 85 2501
-4 81 2501
+19 0 2502
+24 24 2502
+415 39 2506
-34 5 2506
+195 0 2508
-47 53 2508
+99 52 2509
+48 0 2510
+81 81 2510
-10 71 2510
+55 26 2511
+74 0 2512
+95 95 2512
+90 85 2513
-85 0 2514
+49 49 2514
+990 39 2524
+2 41 2524
+59 0 2525
+57 57 2525
+43 0 2526
-94 6 2526
+2 8 2526
-8 0 2527
-774 26 2533
+27 53 2533
+47 0 2534
-78 22 2534
-79 43 2535
-43 0 2536
+241 41 2538
+59 0 2539
+601 1 2545
+34 35 2545
-935 0 2555
-86 14 2555
-24 90 2556
+510 0 2562
+550 50 2567
+70 20 2568
-69 51 2569
-68 83 2570
+17 0 2571
+56 56 2571
-63 93 2572
-93 0 2573
-888 12 2580
-12 0 2581
+16 16 2581
+25 41 2581
-304 37 2584
+43 80 2584
+90 70 2585
+96 66 2586
-66 0 2587
-56 44 2587
-44 0 2588
-76 24 2588
-24 0 2589
+28 28 2589
+656 84 2595
-21 63 2595
-63 0 2596
+546 46 2601
+87 33 2602
-56 77 2603
+50 27 2604
-830 97 2613
-61 36 2613
+60 96 2613
-60 36 2613
+41 77 2613
-82 95 2614
+54 49 2615
-20 29 2615
-429 0 2620
-50 50 2620
+24 74 2620
+64 38 2621
-38 0 2622
+38 38 2622
+17 55 2622
-34 21 2622
+79 0 2623
+83 83 2623
+1 84 2623
-94 90 2624
+77 67 2625
+33 0 2626
-34 66 2626
+8 74 2626
+26 0 2627
-88 12 2627
+28 40 2627
+60 0 2628
-269 31 2629
-31 0 2630
-48 52 2630
+79 31 2631
-459 72 2636
+88 60 2637
+73 33 2638
+74 7 2639
-924 83 2649
+17 0 2650
-37 63 2650
+40 3 2651
+29 32 2651
+8 40 2651
-947 93 2661
-49 44 2661
-144 0 2663
-2 98 2663
-4 94 2663
+44 38 2664
+62 0 2665
+76 76 2665
-87 89 2666
+11 0 2667
-44 56 2667
+77 33 2668
+17 50 2668
-33 17 2668
+63 80 2668
-80 0 2669
-2 98 2669
-98 0 2670
-55 45 2670
+92 37 2671
-92 45 2672
-67 78 2673
+16 94 2673
-94 0 2674
-25 75 2674
-75 0 2675
-21 79 2675
-79 0 2676
-29 71 2676
+429 0 2681
+24 24 2681
-431 93 2686
-6 87 2686
-22 65 2686
+35 0 2687
+9 9 2687
+91 0 2688
+39 39 2688
-9 30 2688
-55 75 2689
+88 63 2690
+632 95 2696
+105 0 2698
+7 7 2698
-23 84 2699
-36 48 2699
+81 29 2700
+871 0 2709
-849 51 2716
+51 2 2717
+75 77 2717
-977 0 2727
-28 72 2727
+619 91 2733
+9 0 2734
+313 13 2737
+64 77 2737
-75 2 2737
+8 10 2737
+31 41 2737
+65 6 2738
+973 79 2747
+21 0 2748
-83 17 2748
-99 18 2749
-18 0 2750
+72 72 2750
-26 46 2750
+54 0 2751
-41 59 2751
+74 33 2752
+39 72 2752
-26 46 2752
-45 1 2752
-1 0 2753
+37 37 2753
-37 0 2754
+89 89 2754
+13 2 2755
+37 39 2755
-39 0 2756
-7 93 2756
+57 50 2757
+550 0 2763
-93 7 2763
-75 32 2764
-58 74 2765
+26 0 2766
+204 4 2768
-88 16 2769
+41 57 2769
-1 56 2769
+338 94 2772
+45 39 2773
+87 26 2774
+38 64 2774
+36 0 2775
-54 46 2775
+79 25 2776
+33 58 2776
-97 61 2777
+39 0 2778
+68 68 2778
+32 0 2779
-359 41 2781
+74 15 2782
+739 54 2789
-15 39 2789
+94 33 2790
-11 22 2790
+78 0 2791
+54 54 2791
+39 93 2791
+17 10 2792
-910 0 2802
-565 35 2806
-35 0 2807
+748 48 2814
-48 0 2815
-35 65 2815
+35 0 2816
+4 4 2816
-4 0 2817
+39 39 2817
-732 7 2824
-22 85 2825
-6 79 2825
-33 46 2825
-1 45 2825
+65 10 2826
-10 0 2827
+36 36 2827
-46 90 2828
+54 44 2829
+56 0 2830
+93 93 2830
-93 0 2831
+67 67 2831
-67 0 2832
-15 85 2832
+326 11 2836
-61 50 2837
+90 40 2838
+60 0 2839
+772 72 2846
+28 0 2847
+72 72 2847
+28 0 2848
+77 77 2848
-77 0 2849
-14 86 2849
-59 27 2849
-791 36 2857
+30 66 2857
+89 55 2858
+504 59 2863
+27 86 2863
-13 73 2863
+27 0 2864
-812 88 2871
+12 0 2872
+50 50 2872
-150 0 2874
-43 57 2874
-57 0 2875
-65 35 2875
-6 29 2875
+952 81 2884
+19 0 2885
+5 5 2885
-90 15 2886
-15 0 2887
+79 79 2887
+95 74 2888
-74 0 2889
+7 7 2889
-70 37 2890
+63 0 2891
-89 11 2891
-89 22 2892
+10 32 2892
-8 24 2892
-3 21 2892
+92 13 2893
+68 81 2893
-46 35 2893
+27 62 2893
-53 9 2893
+43 52 2893
+839 91 2901
+69 60 2902
+363 23 2906
-70 53 2907
+81 34 2908
+69 3 2909
-10 93 2910
+782 75 2918
-43 32 2918
+91 23 2919
-23 0 2920
-745 55 2926
+19 74 2926
+47 21 2927
+79 0 2928
+85 85 2928
-33 52 2928
-627 25 2934
-25 0 2935
-261 39 2936
+329 68 2939
+16 84 2939
-84 0 2940
+304 4 2943
+23 27 2943
-34 93 2944
+68 61 2945
+45 6 2946
-6 0 2947
+38 38 2947
-36 2 2947
-15 87 2948
+13 0 2949
-719 81 2955
+74 55 2956
+22 77 2956
-2 75 2956
+25 0 2957
+54 54 2957
+46 0 2958
-15 85 2958
-85 0 2959
-62 38 2959
+87 25 2960
+11 36 2960
-63 73 2961
+27 0 2962
-44 56 2962
-444 12 2966
-48 64 2967
-18 46 2967
+54 0 2968
+91 91 2968
-23 68 2968
+346 14 2972
-39 75 2973
+25 0 2974
+9 9 2974
+9 18 2974
+5 23 2974
-605 18 2980
-18 0 2981
-39 61 2981
+39 0 2982
-2 98 2982
-37 61 2982
-261 0 2985
+871 71 2993
-71 0 2994
+31 31 2994
-31 0 2995
-77 23 2995
+78 1 2996
+89 90 2996
-21 69 2996
+73 42 2997
+48 90 2997
+66 56 2998
+5 61 2998
+72 33 2999
-85 48 3000
+52 0 3001
-10 90 3001
+8 98 3001
+32 30 3002
+70 0 3003
-25 75 3003
+91 66 3004
+34 0 3005
-23 77 3005
-8 69 3005
-236 33 3007
-2 31 3007
+69 0 3008
-41 59 3008
-59 0 3009
-85 15 3009
-15 0 3010
-79 21 3010
-21 0 3011
-54 46 3011
-65 81 3012
-81 0 3013
+96 96 3013
-92 4 3013
+43 47 3013
-130 17 3014
+83 0 3015
+26 26 3015
+5 31 3015
+24 55 3015
-12 43 3015
-15 28 3015
-83 45 3016
-45 0 3017
+66 66 3017
-76 90 3018
-87 3 3018
-3 0 3019
+856 56 3027
+97 53 3028
-38 15 3028
-310 5 3031
-774 31 3039
-31 0 3040
+73 73 3040
+617 90 3046
+10 0 3047
-61 39 3047
+27 66 3047
+34 0 3048
-8 92 3048
+87 79 3049
+58 37 3050
-837 0 3059
+686 86 3065
+58 44 3066
+56 0 3067
+54 54 3067
-58 96 3068
-216 80 3070
-81 99 3071
+88 87 3072
+13 0 3073
+88 88 3073
+36 24 3074
-24 0 3075
+23 23 3075
-223 0 3078
-59 41 3078
+959 0 3088
-557 43 3092
-15 28 3092
+72 0 3093
-17 83 3093
-97 86 3094
+14 0 3095
-28 72 3095
+28 0 3096
-35 65 3096
-65 0 3097
-46 54 3097
-2 52 3097
+48 0 3098
-79 21 3098
+79 0 3099
-62 38 3099
+13 51 3099
+549 0 3105
+69 69 3105
-93 76 3106
+29 5 3107
-905 0 3117
-93 7 3117
-8 99 3118
+963 62 3128
-312 50 3131
-21 29 3131
+107 36 3132
-536 0 3138
+70 70 3138
+69 39 3139
-439 0 3144
-337 63 3146
-92 71 3147
+29 0 3148
-73 27 3148
+32 59 3148
-59 0 3149
+30 30 3149
-625 5 3155
+39 44 3155
-65 79 3156
-42 37 3156
+63 0 3157
+20 20 3157
+80 0 3158
-82 18 3158
+682 0 3165
+15 15 3165
+47 62 3165
+20 82 3165
-232 50 3167
+50 0 3168
-3 97 3168
+11 8 3169
+69 77 3169
+4 81 3169
-881 0 3178
-86 14 3178
-14 0 3179
-39 61 3179
-9 52 3179
-52 0 3180
+10 10 3180
-91 19 3181
-8 11 3181
+5 16 3181
-489 27 3186
+16 43 3186
+57 0 3187
+34 34 3187
-34 0 3188
-25 75 3188
-21 54 3188
+46 0 3189
+34 34 3189
-1 33 3189
+67 0 3190
-131 69 3190
+30 99 3190
-43 56 3190
+13 69 3190
+628 97 3196
+43 40 3197
-19 21 3197
-85 36 3198
+864 0 3207
-43 57 3207
-57 0 3208
+44 44 3208
+56 0 3209
+94 94 3209
+26 20 3210
+56 76 3210
-22 54 3210
+63 17 3211
-576 41 3217
+19 60 3217
-77 83 3218
+17 0 3219
+54 54 3219
-506 48 3224
-89 59 3225
-59 0 3226
+2 2 3226
-25 77 3227
-77 0 3228
-11 89 3228
+45 34 3229
+66 0 3230
-95 5 3230
+80 85 3230
+55 40 3231
+14 54 3231
+72 26 3232
-39 87 3233
-57 30 3233
-25 5 3233
-38 67 3234
-467 0 3239
-11 89 3239
+94 83 3240
-583 0 3246
+11 11 3246
+89 0 3247
-868 32 3254
-932 0 3264
+39 39 3264
+972 11 3274
+89 0 3275
+19 19 3275
-63 56 3276
+844 0 3285
+231 31 3287
+67 98 3287
-98 0 3288
-29 71 3288
+40 11 3289
-39 72 3290
+314 86 3293
-92 94 3294
-730 64 3301
+70 34 3302
+66 0 3303
+85 85 3303
-59 26 3303
+62 88 3303
+997 85 3313
+15 0 3314
-54 46 3314
+50 96 3314
+59 55 3315
+667 22 3322
+19 41 3322
-51 90 3323
-12 78 3323
-78 0 3324
+85 85 3324
+690 75 3331
-92 83 3332
+17 0 3333
-19 81 3333
+519 0 3339
+2 2 3339
+98 0 3340
-902 98 3348
+18 16 3349
+84 0 3350
+770 70 3357
-84 86 3358
-28 58 3358
-58 0 3359
-97 3 3359
-16 87 3360
+30 17 3361
+283 0 3364
+24 24 3364
-24 0 3365
-66 34 3365
-18 16 3365
+88 4 3366
-67 37 3367
-98 39 3368
+2 41 3368
+46 87 3368
-87 0 3369
+52 52 3369
-63 89 3370
+49 38 3371
-38 0 3372
+2 2 3372
-17 85 3373
-885 0 3382
-48 52 3382
+48 0 3383
+10 10 3383
+90 0 3384
+98 98 3384
+136 34 3386
+66 0 3387
-91 9 3387
-38 71 3388
-71 0 3389
-74 26 3389
+334 60 3392
+142 2 3394
+98 0 3395
-17 83 3395
-78 5 3395
-88 17 3396
-26 91 3397
+57 48 3398
-92 56 3399
-309 47 3402
-20 27 3402
+773 0 3410
+89 89 3410
-17 72 3410
-72 0 3411
+19 19 3411
+824 43 3419
+84 27 3420
+83 10 3421
-69 41 3422
-35 6 3422
-6 0 3423
+72 72 3423
-50 22 3423
+2 24 3423
-56 68 3424
+566 34 3430
-234 0 3433
-70 30 3433
+14 44 3433
-23 21 3433
+69 90 3433
-51 39 3433
-39 0 3434
-78 22 3434
+11 33 3434
-36 97 3435
+11 8 3436
-77 31 3437
+69 0 3438
+37 37 3438
+63 0 3439
+7 7 3439
-97 10 3440
-11 99 3441
-983 16 3450
-33 83 3451
+779 62 3459
-140 22 3460
+42 64 3460
-14 50 3460
+58 8 3461
-8 0 3462
+25 25 3462
-116 9 3463
+53 62 3463
+538 0 3469
-21 79 3469
-32 47 3469
-8 39 3469
+61 0 3470
-874 26 3477
-42 84 3478
-18 66 3478
+34 0 3479
-45 55 3479
+45 0 3480
+50 50 3480
-50 0 3481
-770 30 3487
+70 0 3488
+68 68 3488
+12 80 3488
-58 22 3488
-51 71 3489
+42 13 3490
+87 0 3491
-22 78 3491
-54 24 3491
-91 33 3492
-79 54 3493
-1 53 3493
-378 75 3497
+25 0 3498
-15 85 3498
+475 60 3503
-44 16 3503
-33 83 3504
-47 36 3504
+637 73 3510
+975 48 3520
-48 0 3521
-398 2 3523
+96 98 3523
+77 75 3524
-75 0 3525
+411 11 3529
-22 89 3530
+19 8 3531
+724 32 3538
+51 83 3538
+29 12 3539
-20 92 3540
-98 94 3541
+306 0 3545
-89 11 3545
-59 52 3546
-52 0 3547
-13 87 3547
-287 0 3550
-48 52 3550
+95 47 3551
+53 0 3552
+16 16 3552
-97 19 3553
-17 2 3553
-5 97 3554
-97 0 3555
-67 33 3555
-33 0 3556
+90 90 3556
+616 6 3563
+94 0 3564
+11 11 3564
-35 76 3565
-82 94 3566
-37 57 3566
-187 70 3568
-74 96 3569
-28 68 3569
+46 14 3570
+586 0 3576
+76 76 3576
+24 0 3577
+78 78 3577
+16 94 3577
-94 0 3578
-682 18 3583
+70 88 3583
+12 0 3584
-647 53 3589
-753 0 3597
-12 88 3597
-79 9 3597
-31 78 3598
+53 31 3599
+99 30 3600
-30 0 3601
+207 7 3603
-69 38 3604
-30 8 3604
+66 74 3604
-74 0 3605
-42 58 3605
+11 69 3605
+67 36 3606
+64 0 3607
+96 96 3607
+5 1 3608
+499 0 3613
+94 94 3613
-94 0 3614
-81 19 3614
+70 89 3614
-403 86 3618
+58 44 3619
+567 11 3625
+427 38 3629
-42 96 3630
-5 91 3630
+47 38 3631
-30 8 3631
+960 68 3640
-868 0 3649
-76 24 3649
-50 74 3650
+26 0 3651
+6 6 3651
-6 0 3652
+7 7 3652
-52 55 3653
-55 0 3654
+75 75 3654
-20 55 3654
-55 0 3655
-743 57 3661
-61 96 3662
-96 0 3663
-25 75 3663
-45 30 3663
-30 0 3664
+19 19 3664
+81 0 3665
-19 81 3665
+19 0 3666
+907 7 3675
-73 34 3676
+66 0 3677
-65 35 3677
-53 82 3678
-97 85 3679
+14 99 3679
-34 65 3679
+77 42 3680
+58 0 3681
-53 47 3681
+653 0 3688
+97 97 3688
+14 11 3689
+88 99 3689
+4 3 3690
+28 31 3690
-41 90 3691
+31 21 3692
+79 0 3693
+9 9 3693
+99 8 3694
-770 38 3702
-38 0 3703
+55 55 3703
+13 68 3703
+32 0 3704
-38 62 3704
+38 0 3705
+68 68 3705
+74 42 3706
+39 81 3706
-94 87 3707
+64 51 3708
-51 0 3709
-6 94 3709
-594 0 3715
-19 81 3715
+741 22 3723
+49 71 3723
-97 74 3724
+26 0 3725
-20 80 3725
-7 73 3725
-75 98 3726
+2 0 3727
+154 54 3728
+64 18 3729
-65 53 3730
-53 0 3731
+34 34 3731
+2 36 3731
-12 24 3731
-24 0 3732
-12 88 3732
+56 44 3733
+12 56 3733
-8 48 3733
+530 78 3738
-932 46 3747
+54 0 3748
+81 81 3748
+19 0 3749
-19 81 3749
-52 29 3749
-29 0 3750
-60 40 3750
+60 0 3751
+23 23 3751
+76 99 3751
-299 0 3754
+49 49 3754
-49 0 3755
+60 60 3755
+40 0 3756
+816 16 3764
+84 0 3765
+470 70 3769
-212 58 3771
+76 34 3772
+960 94 3781
+6 0 3782
-20 80 3782
-759 21 3789
+479 0 3794
-9 91 3794
+9 0 3795
-583 17 3799
+83 0 3800
+162 62 3801
+533 95 3806
-65 30 3806
-130 0 3808
-7 93 3808
+31 24 3809
-25 99 3810
-82 17 3810
-85 32 3811
+53 85 3811
+85 70 3812
-815 55 3820
+45 0 3821
+12 12 3821
+39 51 3821
-51 0 3822
+62 62 3822
-968 94 3832
-73 21 3832
+76 97 3832
-196 1 3833
-13 88 3834
+58 46 3835
+997 43 3845
-43 0 3846
-68 32 3846
-45 87 3847
-935 52 3856
-78 74 3857
-167 7 3858
-20 87 3859
-86 1 3859
-21 80 3860
-80 0 3861
-15 85 3861
-18 67 3861
+33 0 3862
+974 74 3871
+826 0 3880
+199 99 3881
-66 33 3881
-219 14 3883
+45 59 3883
+41 0 3884
+34 34 3884
+66 0 3885
-58 42 3885
-35 7 3885
+542 49 3890
+65 14 3891
+303 17 3894
-69 48 3895
-536 12 3900
+74 86 3900
-586 0 3906
-85 15 3906
+685 0 3913
-74 26 3913
+74 0 3914
-56 44 3914
+199 43 3916
-15 28 3916
+72 0 3917
-81 19 3917
-72 47 3918
-47 0 3919
-72 28 3919
+7 35 3919
+95 30 3920
-20 10 3920
+290 0 3923
+76 76 3923
-565 11 3928
-164 47 3930
+53 0 3931
+99 99 3931
-15 84 3931
+816 0 3940
+79 79 3940
-42 37 3940
+20 57 3940
-95 62 3941
-68 94 3942
+866 60 3951
+85 45 3952
-821 24 3960
-62 62 3961
+948 10 3971
+2 12 3971
+88 0 3972
-907 93 3980
-88 5 3980
+41 46 3980
-48 98 3981
-845 53 3989
+47 0 3990
-54 46 3990
+54 0 3991
-12 88 3991
+12 0 3992
+7 7 3992
-60 47 3993
+8 55 3993
+45 0 3994
+64 64 3994
+183 47 3996
+53 0 3997
+622 22 4003
-22 0 4004
+20 20 4004
+19 39 4004
-39 0 4005
+65 65 4005
-92 73 4006
-14 59 4006
+41 0 4007
-92 8 4007
-8 0 4008
+54 54 4008
+52 6 4009
+12 18 4009
-918 0 4019
-141 59 4019
-59 0 4020
-62 38 4020
+3 41 4020
+53 94 4020
+171 65 4022
-65 0 4023
-31 69 4023
+689 58 4030
+88 46 4031
+54 0 4032
-58 42 4032
+53 95 4032
+5 0 4033
+77 77 4033
-94 83 4034
-83 0 4035
+86 86 4035
-46 40 4035
+860 0 4044
-936 64 4052
+80 44 4053
+92 36 4054
-36 0 4055
-87 13 4055
-52 61 4056
-50 11 4056
+89 0 4057
+34 34 4057
-34 0 4058
+83 83 4058
-44 39 4058
+988 27 4068
+40 67 4068
-67 0 4069
-991 9 4077
-54 55 4078
-768 87 4086
-87 0 4087
-82 18 4087
+815 33 4095
-12 21 4095
+24 45 4095
+55 0 4096
-66 34 4096
-734 0 4104
-19 81 4104
-46 35 4104
+9 44 4104
+20 64 4104
+36 0 4105
+68 68 4105
+732 0 4113
-54 46 4113
-25 21 4113
-96 25 4114
+29 54 4114
-989 65 4124
-62 3 4124
-3 0 4125
-67 33 4125
-60 73 4126
+72 45 4127
-31 14 4127
+86 0 4128
+8 8 4128
+47 55 4128
+435 90 4132
-4 86 4132
-86 0 4133
+21 21 4133
+671 92 4139
+21 13 4140
+865 78 4148
-78 0 4149
-525 75 4153
+36 11 4154
+861 72 4162
-72 0 4163
+38 38 4163
-538 0 4169
-50 50 4169
-11 39 4169
+63 2 4170
+98 0 4171
-68 32 4171
+71 3 4172
-3 0 4173
+41 41 4173
-41 0 4174
+20 20 4174
+44 64 4174
+36 0 4175
+35 35 4175
+465 0 4180
-91 9 4180
+158 67 4181
+405 72 4185
+57 29 4186
-28 1 4186
+91 92 4186
+8 0 4187
+28 28 4187
-28 0 4188
+2 2 4188
-91 11 4189
+90 1 4190
-19 82 4191
+83 65 4192
+35 0 4193
-252 48 4194
-48 0 4195
+49 49 4195
+87 36 4196
+64 0 4197
-64 36 4197
+64 0 4198
+46 46 4198
-42 4 4198
-76 28 4199
+51 79 4199
-50 29 4199
-468 61 4204
-989 72 4214
-72 0 4215
+19 19 4215
+48 67 4215
+97 64 4216
+36 0 4217
+43 43 4217
+807 50 4225
-31 19 4225
+29 48 4225
-13 35 4225
+23 58 4225
+658 16 4232
-98 18 4233
+95 13 4234
+87 0 4235
+11 11 4235
-87 24 4236
+776 0 4244
-9 91 4244
-91 0 4245
+75 75 4245
+343 18 4249
+99 17 4250
-84 33 4251
-33 0 4252
+11 11 4252
-11 0 4253
-72 28 4253
-53 75 4254
-309 66 4257
-99 67 4258
-67 0 4259
-44 56 4259
-16 40 4259
-55 85 4260
+415 0 4265
-44 56 4265
+85 41 4266
+48 89 4266
-27 62 4266
+138 0 4268
+67 67 4268
-67 0 4269
+846 46 4277
-50 96 4278
-136 60 4279
-825 35 4287
-35 0 4288
+55 55 4288
-155 0 4290
-35 65 4290
-69 96 4291
-96 0 4292
+449 49 4296
+29 78 4296
-78 0 4297
-70 30 4297
-32 98 4298
-98 0 4299
-98 2 4299
-2 0 4300
+64 64 4300
-44 20 4300
+80 0 4301
+445 45 4305
+89 34 4306
+44 78 4306
+92 70 4307
-54 16 4307
+92 8 4308
+97 5 4309
-905 0 4319
+107 7 4320
-7 0 4321
+65 65 4321
+884 49 4330
+65 14 4331
+71 85 4331
-2 83 4331
+513 96 4336
+955 51 4346
+49 0 4347
+82 82 4347
-1 81 4347
-81 0 4348
+86 86 4348
-566 20 4353
+459 79 4357
-32 47 4357
+53 0 4358
-96 4 4358
+96 0 4359
-4 96 4359
-73 23 4359
-23 0 4360
-1 99 4360
+26 25 4361
-85 40 4362
-64 76 4363
+24 0 4364
-86 14 4364
-92 22 4365
-22 0 4366
-29 71 4366
-71 0 4367
+81 81 4367
+19 0 4368
-757 43 4374
-45 98 4375
+38 36 4376
+67 3 4377
+171 74 4378
+5 79 4378
-140 39 4379
+53 92 4379
-23 69 4379
+31 0 4380
-13 87 4380
+13 0 4381
+83 83 4381
-818 65 4389
+32 97 4389
-74 23 4389
+77 0 4390
-98 2 4390
+9 11 4390
-11 0 4391
+43 43 4391
-704 39 4398
+461 0 4403
+22 22 4403
+28 50 4403
-3 47 4403
-66 81 4404
-19 62 4404
-38 24 4404
+71 95 4404
-905 90 4413
+10 0 4414
-95 5 4414
+46 51 4414
-62 89 4415
+69 58 4416
+52 10 4417
-36 74 4418
+26 0 4419
-45 55 4419
-655 0 4426
+12 12 4426
-84 28 4427
+96 24 4428
+658 82 4434
+73 55 4435
+6 61 4435
-84 77 4436
-77 0 4437
-19 81 4437
+88 69 4438
+35 4 4439
+67 71 4439
+9 80 4439
+38 18 4440
+82 0 4441
-21 79 4441
+258 37 4444
-20 17 4444
+31 48 4444
-57 91 4445
-68 23 4445
-47 76 4446
+84 60 4447
-79 81 4448
-81 0 4449
-92 8 4449
+91 99 4449
+55 54 4450
+86 40 4451
-816 24 4459
+838 62 4467
-30 32 4467
-83 49 4468
+23 72 4468
-72 0 4469
-84 16 4469
+85 1 4470
+7 8 4470
-43 65 4471
-14 51 4471
-85 66 4472
-866 0 4481
+93 93 4481
+7 0 4482
+41 41 4482
+82 23 4483
-9 14 4483
-56 58 4484
+42 0 4485
+67 67 4485
-14 53 4485
-53 0 4486
-31 69 4486
-40 29 4486
-229 0 4489
-1 99 4489
-443 56 4493
+48 4 4494
+261 65 4496
+735 0 4504
-72 28 4504
-828 0 4513
+49 49 4513
-49 0 4514
-629 71 4519
+29 0 4520
-47 53 4520
+76 29 4521
+46 75 4521
+56 31 4522
-98 33 4523
-53 80 4524
-394 86 4528
-573 13 4533
-80 33 4534
+67 0 4535
+947 47 4544
-87 60 4545
-237 23 4547
-23 0 4548
-81 19 4548
-49 70 4549
+30 0 4550
+50 50 4550
-16 34 4550
+36 70 4550
+79 49 4551
+16 65 4551
-67 98 4552
+28 26 4553
+40 66 4553
-66 0 4554
+59 59 4554
+26 85 4554
-85 0 4555
-87 13 4555
-35 78 4556
-918 60 4565
+80 40 4566
+3 43 4566
-843 0 4575
-212 88 4576
+12 0 4577
+74 74 4577
+20 94 4577
-73 21 4577
+79 0 4578
-26 74 4578
-430 44 4582
-64 80 4583
-80 0 4584
-378 22 4586
+78 0 4587
+671 71 4593
-35 36 4593
+344 80 4596
-63 17 4596
-612 5 4602
+95 0 4603
+88 88 4603
-88 0 4604
-42 58 4604
-42 16 4604
+84 0 4605
+7 7 4605
-71 36 4606
-622 14 4612
-277 37 4615
-37 0 4616
-42 58 4616
+40 98 4616
-659 39 4622
+22 61 4622
+39 0 4623
+38 38 4623
+857 95 4631
+32 27 4632
-222 5 4634
-44 61 4635
+74 35 4636
+722 57 4643
+43 0 4644
-24 76 4644
+24 0 4645
+71 71 4645
+81 52 4646
-152 0 4648
-30 70 4648
-23 47 4648
+53 0 4649
+54 54 4649
-50 4 4649
-4 0 4650
+92 92 4650
-67 25 4650
+32 57 4650
-57 0 4651
+770 70 4658
+30 0 4659
-35 65 4659
-65 0 4660
+91 91 4660
+9 0 4661
+83 83 4661
+98 81 4662
-781 0 4670
+51 51 4670
-14 37 4670
+31 68 4670
+703 71 4677
-289 82 4680
+18 0 4681
-66 34 4681
-134 0 4683
-3 97 4683
-18 79 4683
-369 10 4686
-10 0 4687
-21 79 4687
+689 68 4694
-32 36 4694
-36 0 4695
+29 29 4695
+71 0 4696
-195 5 4696
-5 0 4697
+9 9 4697
+37 46 4697
-946 0 4707
+20 20 4707
-220 0 4710
-192 8 4710
+34 42 4710
-26 16 4710
+496 12 4715
+21 33 4715
+98 31 4716
-231 0 4719
-95 5 4719
+79 84 4719
-977 7 4728
+9 16 4728
+51 67 4728
+33 0 4729
-24 76 4729
+60 36 4730
-36 0 4731
+62 62 4731
+338 0 4735
+4 4 4735
+96 0 4736
+97 97 4736
+3 0 4737
-226 74 4738
+20 94 4738
+89 83 4739
-83 0 4740
+6 6 4740
-24 82 4741
-782 0 4749
+74 74 4749
+821 95 4757
+81 76 4758
-28 48 4758
-911 37 4767
-37 0 4768
+50 50 4768
-85 65 4769
+19 84 4769
+23 7 4770
+12 19 4770
+2 21 4770
+62 83 4770
-45 38 4770
+30 68 4770
+16 84 4770
-84 0 4771
+484 84 4775
-84 0 4776
+51 51 4776
+449 0 4781
-56 44 4781
-47 97 4782
+13 10 4783
+90 0 4784
+72 72 4784
+69 41 4785
+59 0 4786
+67 67 4786
-67 0 4787
-69 31 4787
+69 0 4788
-99 1 4788
+209 10 4790
-10 0 4791
+98 98 4791
+26 24 4792
-87 37 4793
+63 0 4794
-15 85 4794
-685 0 4801
+809 9 4809
-2 7 4809
-7 0 4810
+85 85 4810
+37 22 4811
-822 0 4820
+96 96 4820
+4 0 4821
+14 14 4821
+86 0 4822
+68 68 4822
-68 0 4823
-105 95 4823
-295 0 4826
-611 89 4831
-98 91 4832
-230 61 4834
-86 75 4835
-75 0 4836
+492 92 4840
+32 24 4841
+62 86 4841
-86 0 4842
+96 96 4842
-29 67 4842
+233 0 4845
+914 14 4854
-14 0 4855
+49 49 4855
+33 82 4855
+55 37 4856
-98 39 4857
-39 0 4858
-5 95 4858
-30 65 4858
+35 0 4859
-77 23 4859
+760 83 4866
+39 22 4867
+85 7 4868
-407 0 4873
-823 77 4880
+873 50 4889
+66 16 4890
-506 10 4895
+182 92 4896
-97 95 4897
+5 0 4898
+901 1 4907
+78 79 4907
-266 13 4909
+587 0 4915
-985 15 4923
-15 0 4924
+82 82 4924
-62 20 4924
-72 48 4925
-132 16 4926
+60 76 4926
-76 0 4927
+44 44 4927
-44 0 4928
-42 58 4928
+808 66 4936
+34 0 4937
+21 21 4937
+85 6 4938
+94 0 4939
+20 20 4939
-18 2 4939
-96 6 4940
-23 83 4941
-83 0 4942
+40 40 4942
+71 11 4943
-28 83 4944
-73 10 4944
-486 24 4949
+64 88 4949
+66 54 4950
+136 90 4951
+10 0 4952
-844 56 4959
+44 0 4960
-588 12 4964
+19 31 4964
-62 69 4965
-93 76 4966
+14 90 4966
+56 46 4967
-850 96 4976
-96 0 4977
+25 25 4977
+175 0 4979
+85 85 4979
+169 54 4981
-54 0 4982
+50 50 4982
-83 67 4983
-106 61 4984
-49 12 4984
-12 0 4985
-43 57 4985
-69 88 4986
+612 0 4993
-10 90 4993
+50 40 4994
+695 35 5001
-95 40 5002
-46 94 5003
+606 0 5010
+40 40 5010
-940 0 5020
+60 60 5020
+3 63 5020
-163 0 5022
-131 69 5022
+223 92 5024
-1 91 5024
-11 80 5024
-53 27 5024
+44 71 5024
+586 57 5030
-2 55 5030
+55 10 5031
-96 14 5032
-14 0 5033
-791 9 5039
-23 86 5040
+514 0 5046
+310 10 5049
+55 65 5049
+86 51 5050
-951 0 5060
+76 76 5060
+83 59 5061
-85 74 5062
+10 84 5062
-84 0 5063
+45 45 5063
+255 0 5066
-72 28 5066
-28 0 5067
-49 51 5067
-319 32 5070
-228 4 5072
+924 28 5081
+80 8 5082
-38 70 5083
-159 11 5084
+86 97 5084
-15 82 5084
-75 7 5084
+93 0 5085
-61 39 5085
+32 71 5085
-7 64 5085
-29 35 5085
+75 10 5086
-197 13 5088
+87 0 5089
-78 22 5089
-22 0 5090
-78 22 5090
-22 0 5091
+37 37 5091
+63 0 5092
-78 22 5092
+90 12 5093
-25 87 5094
+89 76 5095
-55 21 5095
+36 57 5095
-73 84 5096
+93 77 5097
+27 4 5098
-805 99 5107
-77 22 5107
+25 47 5107
-73 74 5108
-12 62 5108
-594 68 5114
-75 93 5115
-10 83 5115
+85 68 5116
-73 95 5117
+5 0 5118
-110 90 5118
-78 12 5118
+46 58 5118
+5 63 5118
-350 13 5121
-76 37 5122
-65 72 5123
-294 78 5126
-24 54 5126
+95 49 5127
-80 69 5128
-31 38 5128
-38 0 5129
-35 65 5129
-2 63 5129
+346 9 5133
+91 0 5134
+28 28 5134
+905 33 5143
-59 74 5144
-74 0 5145
-7 93 5145
-93 0 5146
-5 95 5146
-95 0 5147
+82 82 5147
+61 43 5148
-83 60 5149
-21 39 5149
+442 81 5153
+41 22 5154
-22 0 5155
+698 98 5161
+2 0 5162
+5 5 5162
+3 8 5162
-22 86 5163
+15 1 5164
-5 96 5165
+59 55 5166
+20 75 5166
-388 87 5170
-91 96 5171
+6 2 5172
-46 56 5173
+44 0 5174
-323 77 5176
-51 26 5176
+47 73 5176
+78 51 5177
+49 0 5178
-75 25 5178
+48 73 5178
-12 61 5178
-86 75 5179
+76 51 5180
-59 92 5181
-43 49 5181
-37 12 5181
-212 0 5184
+59 59 5184
-59 0 5185
+82 82 5185
-682 0 5192
-27 73 5192
-73 0 5193
-736 64 5199
-19 45 5199
-45 0 5200
+727 27 5207
-46 81 5208
-81 0 5209
+1 1 5209
-84 17 5210
+484 1 5215
-28 73 5216
-67 6 5216
-6 0 5217
-8 92 5217
-47 45 5217
-99 46 5218
+789 35 5226
+69 4 5227
+4 8 5227
-74 34 5228
+31 65 5228
+3 68 5228
+918 86 5237
-86 0 5238
+10 10 5238
-10 0 5239
+28 28 5239
+84 12 5240
-43 69 5241
+86 55 5242
+8 63 5242
-377 86 5246
-20 66 5246
+621 87 5252
+42 29 5253
+71 0 5254
-699 1 5259
+99 0 5260
+248 48 5262
+36 84 5262
+496 80 5267
+920 0 5277
+92 92 5277
+8 0 5278
-261 39 5279
-84 55 5280
-755 0 5288
-15 85 5288
+50 35 5289
-48 87 5290
-87 0 5291
-23 77 5291
-296 81 5294
-81 0 5295
+60 60 5295
-33 27 5295
+84 11 5296
+90 1 5297
-1 0 5298
+92 92 5298
-3 89 5298
+11 0 5299
+903 3 5308
-503 0 5314
+20 20 5314
-325 95 5318
+5 0 5319
+73 73 5319
-73 0 5320
+66 66 5320
-65 1 5320
+99 0 5321
+86 86 5321
+14 0 5322
+637 37 5328
-337 0 5332
+38 38 5332
-565 73 5338
+20 93 5338
-893 0 5347
+96 96 5347
-13 83 5347
-83 0 5348
-61 39 5348
-83 56 5349
+144 0 5351
+89 89 5351
+11 0 5352
-74 26 5352
+74 0 5353
+85 85 5353
+22 7 5354
+27 34 5354
+66 0 5355
+5 5 5355
+95 0 5356
+91 91 5356
+66 57 5357
+46 3 5358
+5 8 5358
-83 25 5359
+51 76 5359
-87 89 5360
-93 96 5361
+4 0 5362
-463 37 5365
+77 14 5366
-19 95 5367
+591 86 5373
-11 75 5373
+74 49 5374
-49 0 5375
-80 20 5375
-20 0 5376
-81 19 5376
-690 29 5383
+15 44 5383
-948 96 5393
-96 0 5394
+67 67 5394
+33 0 5395
+6 6 5395
-57 49 5396
-49 0 5397
-36 64 5397
-32 32 5397
+74 6 5398
+94 0 5399
+69 69 5399
+31 0 5400
-73 27 5400
-30 97 5401
+80 77 5402
-77 0 5403
+47 47 5403
+37 84 5403
+16 0 5404
+56 56 5404
-524 32 5409
-628 4 5415
+42 46 5415
-546 0 5421
-44 56 5421
-54 2 5421
+55 57 5421
+43 0 5422
-22 78 5422
-14 64 5422
+36 0 5423
-82 18 5423
+461 79 5427
-79 0 5428
+29 29 5428
+31 60 5428
-91 69 5429
+431 0 5434
-14 86 5434
+214 0 5437
-16 84 5437
+16 0 5438
-53 47 5438
-47 0 5439
-491 9 5442
+11 20 5442
-49 71 5443
-27 44 5443
-78 66 5444
+38 4 5445
+98 2 5446
-2 0 5447
+624 24 5453
+6 30 5453
-10 20 5453
-21 99 5454
+66 65 5455
+535 0 5461
-93 7 5461
-60 47 5462
-312 35 5465
-86 49 5466
+63 12 5467
-20 92 5468
-83 9 5468
+91 0 5469
+77 77 5469
-25 52 5469
-55 97 5470
-48 49 5470
-49 0 5471
+75 75 5471
+48 23 5472
+429 52 5476
-813 39 5484
+65 4 5485
+96 0 5486
+89 89 5486
+11 0 5487
+90 90 5487
+63 53 5488
-12 41 5488
-94 47 5489
-74 73 5490
+60 33 5491
-162 71 5493
-71 0 5494
+226 26 5496
+5 31 5496
+21 52 5496
-53 99 5497
+1 0 5498
-19 81 5498
-46 35 5498
+32 67 5498
+35 2 5499
+98 0 5500
+64 64 5500
-33 31 5500
+69 0 5501
-933 67 5509
-367 0 5513
-74 26 5513
-626 0 5520
-20 80 5520
-580 0 5526
+1 1 5526
+99 0 5527
-972 28 5535
+61 89 5535
+11 0 5536
+28 28 5536
+72 0 5537
-78 22 5537
+78 0 5538
+7 7 5538
+93 0 5539
-99 1 5539
+99 0 5540
-53 47 5540
+66 13 5541
+287 0 5544
-72 28 5544
-228 0 5547
-649 51 5552
+33 84 5552
+65 49 5553
+51 0 5554
-415 85 5557
-53 32 5557
-69 63 5558
-20 43 5558
-43 0 5559
+31 31 5559
+60 91 5559
+68 59 5560
-59 0 5561
+28 28 5561
-28 0 5562
-11 89 5562
+14 3 5563
-67 36 5564
+45 81 5564
+6 87 5564
-15 72 5564
+89 61 5565
+39 0 5566
-36 64 5566
-54 10 5566
-610 0 5573
-1 99 5573
-68 31 5573
+66 97 5573
+3 0 5574
+72 72 5574
+54 26 5575
+74 0 5576
-2 98 5576
+802 0 5585
-1 99 5585
-455 44 5589
-972 72 5599
-856 16 5607
-358 58 5611
-65 93 5612
-81 12 5612
-26 86 5613
+65 51 5614
+49 0 5615
+41 41 5615
+48 89 5615
+771 60 5623
+40 0 5624
+41 41 5624
-41 0 5625
-50 50 5625
+133 83 5626
+62 45 5627
-45 0 5628
-89 11 5628
-11 0 5629
-86 14 5629
-79 35 5630
-74 61 5631
+66 27 5632
+826 53 5640
+47 0 5641
+56 56 5641
-18 38 5641
-69 69 5642
-40 29 5642
+495 24 5647
-124 0 5649
+6 6 5649
+11 17 5649
+48 65 5649
-30 35 5649
+565 0 5655
+4 4 5655
+96 0 5656
+28 28 5656
+816 44 5664
-44 0 5665
-98 2 5665
+34 36 5665
+64 0 5666
-70 30 5666
-95 35 5667
-31 4 5667
+691 95 5673
+36 31 5674
+85 16 5675
-53 63 5676
-40 23 5676
-25 98 5677
-98 0 5678
-760 40 5684
-40 0 5685
+14 14 5685
-59 55 5686
-32 23 5686
+595 18 5692
+82 0 5693
-23 77 5693
+323 0 5697
+25 25 5697
-25 0 5698
+416 16 5702
+435 51 5706
-651 0 5713
-88 12 5713
+88 0 5714
+96 96 5714
+80 76 5715
+24 0 5716
+4 4 5716
-98 6 5717
+46 52 5717
-80 72 5718
+42 14 5719
-48 66 5720
-66 0 5721
-901 99 5729
+1 0 5730
+4 4 5730
+25 29 5730
+68 97 5730
+90 87 5731
+13 0 5732
-82 18 5732
-473 45 5737
-43 2 5737
-2 0 5738
+13 13 5738
+87 0 5739
+29 29 5739
-717 12 5746
-87 25 5747
-27 98 5748
+78 76 5749
+38 14 5750
-14 0 5751
+144 44 5752
+69 13 5753
+328 41 5756
-41 0 5757
-20 80 5757
+20 0 5758
+97 97 5758
-97 0 5759
+70 70 5759
+30 0 5760
+61 61 5760
+651 12 5767
-20 92 5768
-55 37 5768
-74 63 5769
+4 67 5769
+20 87 5769
+13 0 5770
-27 73 5770
+58 31 5771
-12 19 5771
-419 0 5776
+94 94 5776
-44 50 5776
+40 90 5776
+531 21 5782
+89 10 5783
+98 8 5784
-51 57 5785
-57 0 5786
+35 35 5786
+165 0 5788
+141 41 5789
-94 47 5790
+22 69 5790
+88 57 5791
-39 18 5791
+1 19 5791
-16 3 5791
-65 38 5792
-938 0 5802
-94 6 5802
+94 0 5803
-88 12 5803
+2 14 5803
+32 46 5803
-46 0 5804
+89 89 5804
+77 66 5805
-21 45 5805
-645 0 5812
-83 17 5812
+31 48 5812
-5 43 5812
+440 83 5816
-72 11 5816
-49 62 5817
-1 61 5817
-693 68 5824
+532 0 5830
-78 22 5830
+33 55 5830
-55 0 5831
+48 48 5831
+52 0 5832
-61 39 5832
+6 45 5832
+54 99 5832
-99 0 5833
-43 57 5833
+43 0 5834
+83 83 5834
+17 0 5835
-79 21 5835
-298 23 5838
-97 26 5839
-50 76 5840
+24 0 5841
+24 24 5841
-624 0 5848
-92 8 5848
-2 6 5848
+83 89 5848
-742 47 5855
+53 0 5856
+65 65 5856
-23 42 5856
+19 61 5856
-430 31 5860
-31 0 5861
+75 75 5861
+425 0 5866
+88 88 5866
-88 0 5867
+96 96 5867
-66 30 5867
-99 31 5868
-18 13 5868
+836 49 5876
+51 0 5877
-93 7 5877
-7 0 5878
-70 30 5878
+88 18 5879
-18 0 5880
+77 77 5880
-15 62 5880
+38 0 5881
+52 52 5881
+89 41 5882
-56 85 5883
-385 0 5887
+91 91 5887
+643 34 5894
-64 70 5895
+11 81 5895
+7 88 5895
+45 33 5896
-333 0 5900
+44 44 5900
-44 0 5901
-72 28 5901
-56 72 5902
-72 0 5903
-843 57 5910
+43 0 5911
-574 26 5915
-26 0 5916
-19 81 5916
-881 0 5925
-487 13 5928
+16 29 5928
-43 86 5929
-37 49 5929
-37 12 5929
-26 86 5930
+76 62 5931
+38 0 5932
-24 76 5932
+324 0 5936
-38 62 5936
-74 88 5937
+12 0 5938
+92 92 5938
+59 51 5939
-51 0 5940
-65 35 5940
+94 29 5941
-46 83 5942
-983 0 5952
-64 36 5952
-59 77 5953
-77 0 5954
+96 96 5954
-56 40 5954
-581 59 5960
-74 85 5961
+15 0 5962
+31 31 5962
-47 84 5963
-123 61 5964
+98 59 5965
-55 4 5965
-4 0 5966
+393 93 5969
-16 77 5969
+523 0 5975
-85 15 5975
+85 0 5976
+9 9 5976
-912 97 5986
-97 0 5987
-87 13 5987
-81 32 5988
+9 41 5988
-732 9 5995
-334 75 5999
+182 57 6001
-57 0 6002
+243 43 6004
-25 18 6004
-18 0 6005
+11 11 6005
+85 96 6005
-735 61 6012
-17 44 6012
+45 89 6012
+11 0 6013
-44 56 6013
+15 71 6013
-26 45 6013
-61 84 6014
+16 0 6015
-56 44 6015
-47 97 6016
-23 74 6016
+423 97 6020
-63 34 6020
-61 73 6021
+57 30 6022
+14 44 6022
-96 48 6023
+55 3 6024
-126 77 6026
+25 2 6027
+71 73 6027
+27 0 6028
+639 39 6034
-74 65 6035
-65 0 6036
-206 94 6037
+87 81 6038
+64 45 6039
+55 0 6040
-31 69 6040
+31 0 6041
+98 98 6041
-50 48 6041
-4 44 6041
-95 49 6042
-49 0 6043
+62 62 6043
+7 69 6043
+31 0 6044
+72 72 6044
+442 14 6049
-59 55 6050
-692 63 6057
-63 0 6058
-81 19 6058
+56 75 6058
-975 0 6068
-21 79 6068
-79 0 6069
+67 67 6069
+69 36 6070
+64 0 6071
-951 49 6079
-32 17 6079
+83 0 6080
-70 30 6080
+65 95 6080
+11 6 6081
+94 0 6082
+59 59 6082
-44 15 6082
-71 44 6083
-82 62 6084
+78 40 6085
+60 0 6086
+4 4 6086
+45 49 6086
-39 10 6086
-88 22 6087
+28 50 6087
+51 1 6088
-82 19 6089
+81 0 6090
+87 87 6090
-87 0 6091
-3 97 6091
-97 0 6092
+42 42 6092
-67 75 6093
+86 61 6094
-12 49 6094
-49 0 6095
-9 91 6095
+42 33 6096
+67 0 6097
+84 84 6097
-89 95 6098
-95 0 6099
+59 59 6099
-59 0 6100
-3 97 6100
-59 38 6100
+62 0 6101
-56 44 6101
-44 0 6102
-59 41 6102
-75 66 6103
-66 0 6104
-94 6 6104
-71 35 6105
-25 10 6105
-92 18 6106
+73 91 6106
+66 57 6107
-1 56 6107
+65 21 6108
+41 62 6108
+44 6 6109
+27 33 6109
-44 89 6110
-29 60 6110
-6 54 6110
+15 69 6110
+7 76 6110
-36 40 6110
-18 22 6110
+2 24 6110
-6 18 6110
+30 48 6110
-21 27 6110
+39 66 6110
+30 96 6110
+7 3 6111
+27 30 6111
-13 17 6111
-44 73 6112
+21 94 6112
+36 30 6113
-41 89 6114
-9 80 6114
+5 85 6114
+21 6 6115
+47 53 6115
+1 54 6115
+31 85 6115
+34 19 6116
-27 92 6117
+18 10 6118
-28 82 6119
+27 9 6120
+48 57 6120
+25 82 6120
-28 54 6120
+50 4 6121
+45 49 6121
-29 20 6121
+16 36 6121
+50 86 6121
+42 28 6122
-33 95 6123
-1 94 6123
-31 63 6123
+24 87 6123
-36 51 6123
-41 10 6123
+3 13 6123
6123
