0 299
2 305
4 312
5 305
8 298
10 306
11 297
12 305
16 308
17 295
19 307
24 303
25 311
30 304
31 307
32 290
3+i 309
6+i 304
8+i 290
10+i 319
11+i 315
17+i 294
20+i 300
21+i 302
23+i 305
27+i 308
28+i 309
29+i 298
32+i 290
2i 300
1+2i 311
2+2i 303
3+2i 307
7+2i 316
10+2i 303
12+2i 303
13+2i 319
17+2i 292
19+2i 320
20+2i 304
23+2i 296
24+2i 305
25+2i 308
26+2i 300
29+2i 300
31+2i 305
2+3i 287
4+3i 316
7+3i 317
11+3i 308
14+3i 293
15+3i 308
16+3i 302
17+3i 297
19+3i 318
20+3i 300
25+3i 314
28+3i 311
29+3i 307
30+3i 301
31+3i 305
4+4i 314
5+4i 309
9+4i 314
11+4i 300
12+4i 307
16+4i 311
18+4i 314
20+4i 302
24+4i 308
26+4i 307
29+4i 304
30+4i 300
1+5i 312
6+5i 314
8+5i 309
9+5i 316
11+5i 312
13+5i 312
14+5i 301
21+5i 308
24+5i 299
27+5i 314
30+5i 307
1+6i 315
9+6i 318
15+6i 319
21+6i 311
25+6i 312
26+6i 308
27+6i 305
7i 306
2+7i 300
4+7i 315
6+7i 301
7+7i 318
10+7i 307
12+7i 295
16+7i 310
17+7i 297
18+7i 307
20+7i 306
22+7i 313
23+7i 303
24+7i 305
29+7i 299
32+7i 289
8i 301
2+8i 304
13+8i 317
14+8i 317
17+8i 304
18+8i 321
19+8i 311
27+8i 307
31+8i 305
32+8i 298
9i 307
2+9i 306
12+9i 306
13+9i 317
17+9i 305
18+9i 316
20+9i 302
22+9i 312
23+9i 312
26+9i 303
27+9i 318
28+9i 308
29+9i 304
32+9i 301
10i 313
1+10i 316
2+10i 297
4+10i 317
7+10i 316
8+10i 313
9+10i 317
10+10i 316
11+10i 305
15+10i 307
18+10i 311
20+10i 309
24+10i 309
27+10i 305
29+10i 296
1+11i 308
2+11i 298
4+11i 307
6+11i 316
7+11i 311
17+11i 315
18+11i 312
19+11i 314
20+11i 302
22+11i 306
24+11i 309
28+11i 310
29+11i 306
2+12i 308
3+12i 313
7+12i 313
10+12i 312
11+12i 314
12+12i 311
18+12i 323
20+12i 306
24+12i 318
26+12i 307
29+12i 301
31+12i 316
32+12i 296
1+13i 313
5+13i 313
11+13i 307
16+13i 321
17+13i 303
21+13i 318
22+13i 315
26+13i 308
27+13i 311
28+13i 322
32+13i 286
14i 309
1+14i 315
2+14i 307
6+14i 318
9+14i 315
14+14i 314
27+14i 304
1+15i 314
2+15i 302
3+15i 314
4+15i 308
5+15i 308
7+15i 314
14+15i 295
22+15i 306
24+15i 305
26+15i 302
27+15i 306
30+15i 299
32+15i 297
16i 297
2+16i 299
9+16i 312
11+16i 304
13+16i 320
15+16i 314
23+16i 308
24+16i 300
27+16i 308
28+16i 313
31+16i 317
32+16i 291
1+17i 314
3+17i 308
4+17i 305
8+17i 298
9+17i 319
12+17i 312
15+17i 319
16+17i 304
20+17i 309
21+17i 312
25+17i 317
26+17i 306
32+17i 289
18i 309
2+18i 302
6+18i 316
8+18i 312
10+18i 316
12+18i 319
14+18i 318
17+18i 303
21+18i 309
25+18i 308
26+18i 311
30+18i 318
32+18i 295
19i 294
1+19i 316
3+19i 312
6+19i 305
11+19i 312
14+19i 302
15+19i 321
17+19i 312
19+19i 315
24+19i 313
26+19i 301
27+19i 311
31+19i 319
32+19i 288
3+20i 318
4+20i 298
5+20i 311
7+20i 311
9+20i 315
17+20i 313
19+20i 314
22+20i 310
25+20i 320
29+20i 307
31+20i 324
32+20i 298
5+21i 299
6+21i 312
13+21i 317
19+21i 318
22+21i 316
23+21i 314
24+21i 310
30+21i 320
31+21i 318
8+22i 309
9+22i 316
12+22i 313
14+22i 311
23+22i 303
24+22i 323
32+22i 305
23i 304
2+23i 293
3+23i 313
5+23i 308
6+23i 307
10+23i 299
11+23i 309
14+23i 308
15+23i 319
16+23i 305
18+23i 305
23+23i 311
28+23i 309
29+23i 316
30+23i 304
32+23i 290
2+24i 306
3+24i 307
5+24i 308
6+24i 304
11+24i 309
12+24i 304
14+24i 309
17+24i 307
19+24i 322
20+24i 309
23+24i 310
29+24i 316
1+25i 308
3+25i 313
8+25i 299
9+25i 310
12+25i 304
13+25i 322
14+25i 298
16+25i 314
20+25i 305
21+25i 320
23+25i 316
25+25i 311
27+25i 315
30+25i 314
2+26i 306
5+26i 301
6+26i 315
8+26i 314
9+26i 318
11+26i 314
13+26i 316
14+26i 316
19+26i 320
23+26i 309
27i 304
4+27i 304
6+27i 298
8+27i 292
13+27i 315
21+27i 312
23+27i 313
27+27i 311
30+27i 318
32+27i 287
3+28i 305
4+28i 303
5+28i 306
7+28i 307
8+28i 302
10+28i 305
14+28i 307
17+28i 308
21+28i 313
22+28i 326
26+28i 306
27+28i 305
32+28i 298
3+29i 310
6+29i 310
8+29i 310
10+29i 301
13+29i 315
14+29i 304
15+29i 316
16+29i 303
17+29i 302
21+29i 305
23+29i 319
27+29i 315
28+29i 306
29+29i 314
30+29i 318
32+29i 304
30i 303
1+30i 313
3+30i 304
7+30i 311
10+30i 306
11+30i 302
14+30i 298
17+30i 303
18+30i 319
19+30i 320
21+30i 305
32+30i 302
10+31i 310
13+31i 320
14+31i 299
17+31i 312
20+31i 301
21+31i 311
22+31i 309
26+31i 286
29+31i 316
1+32i 305
3+32i 311
4+32i 306
8+32i 302
13+32i 309
14+32i 305
20+32i 298
22+32i 301
26+32i 308
27+32i 304
31+32i 319
32+32i 302
22+28i
326
dir 3.14159265358979 ast = 22+21i,22+20i,22+15i,22+13i,22+11i,22+9i,22+7i
dir -3.10457253771586 ast = 23+i
dir -3.10315006356861 ast = 23+2i
dir -3.09400955031281 ast = 23+7i
dir -3.08900959197885 ast = 23+9i
dir -3.0702851888045 ast = 24
dir -3.06482076232002 ast = 24+2i
dir -3.05845142170135 ast = 23+16i,24+4i
dir -3.05485431491381 ast = 24+5i
dir -3.04664094724704 ast = 24+7i
dir -3.03485698094066 ast = 25
dir -3.0309354324159 ast = 24+10i
dir -3.02671604817289 ast = 25+2i
dir -3.02448390902293 ast = 24+11i
dir -3.02216372757145 ast = 25+3i
dir -3.01723765904303 ast = 24+12i
dir -3.00606493960429 ast = 25+6i
dir -2.99969559898563 ast = 23+21i
dir -2.98894332519453 ast = 24+15i,26+2i
dir -2.97644397617517 ast = 23+22i,24+16i,26+4i
dir -2.96173915379732 ast = 26+6i
dir -2.95848183632731 ast = 27+i
dir -2.94419709373991 ast = 23+23i
dir -2.93409642715459 ast = 26+9i
dir -2.92753197002597 ast = 27+5i
dir -2.92292370771585 ast = 24+19i,28+i
dir -2.91811605244916 ast = 27+6i
dir -2.90604767286893 ast = 28+3i
dir -2.89661399046293 ast = 23+24i,26+12i,27+8i
dir -2.88791855745115 ast = 29+i
dir -2.8842689386187 ast = 27+9i
dir -2.88099026184245 ast = 26+13i
dir -2.87859792190887 ast = 29+2i
dir -2.87534060443887 ast = 25+17i
dir -2.87064580325137 ast = 27+10i
dir -2.86858395050308 ast = 29+3i
dir -2.86329299458468 ast = 24+21i,30
dir -2.85779854438147 ast = 29+4i
dir -2.85013585911193 ast = 25+18i
dir -2.84309372200361 ast = 26+15i
dir -2.83571378218494 ast = 28+9i
dir -2.83188970904734 ast = 30+3i
dir -2.83059437298425 ast = 31
dir -2.81984209919315 ast = 23+25i,24+22i,27+13i,29+7i,30+4i
dir -2.80834835247812 ast = 31+2i
dir -2.80685581627298 ast = 30+5i
dir -2.80230003913575 ast = 28+11i
dir -2.79856871316909 ast = 27+14i,32
dir -2.79603707300808 ast = 31+3i
dir -2.79282165000589 ast = 26+17i
dir -2.78860226576288 ast = 29+9i
dir -2.78688700157885 ast = 32+i
dir -2.78282198331922 ast = 25+20i
dir -2.77441881977157 ast = 27+15i
dir -2.77070136477713 ast = 29+10i
dir -2.76108627647743 ast = 26+18i,28+13i
dir -2.75098560989211 ast = 29+11i
dir -2.74680153389003 ast = 27+16i
dir -2.72918221199241 ast = 29+12i
dir -2.72336832401056 ast = 26+19i
dir -2.71873872745685 ast = 31+8i
dir -2.69717344368869 ast = 32+7i
dir -2.67794504458899 ast = 23+26i,28+16i,32+8i
dir -2.65711472455277 ast = 32+9i
dir -2.63449414919746 ast = 27+19i
dir -2.62920319327906 ast = 31+12i
dir -2.58993767106125 ast = 30+15i
dir -2.58299333824623 ast = 32+12i
dir -2.55359005004223 ast = 32+13i
dir -2.49809154479651 ast = 31+16i
dir -2.48589702734826 ast = 32+15i
dir -2.46685171136624 ast = 30+18i
dir -2.44685437739309 ast = 32+16i
dir -2.42276265396817 ast = 29+20i
dir -2.40377759346933 ast = 32+17i
dir -2.35619449019234 ast = 23+27i,25+25i,31+19i,32+18i
dir -2.3036114285814 ast = 32+19i
dir -2.29743866747662 ast = 31+20i
dir -2.28962632641652 ast = 30+21i
dir -2.2655346029916 ast = 28+23i
dir -2.24553726901845 ast = 32+20i
dir -2.23183949564558 ast = 31+21i
dir -2.19104581277772 ast = 29+23i
dir -2.12939564213846 ast = 30+23i
dir -2.11121582706548 ast = 27+25i,32+22i
dir -2.08994244104142 ast = 29+24i
dir -2.0344439357957 ast = 32+23i
dir -1.92956699706547 ast = 30+25i
dir -1.76819188664478 ast = 27+27i
dir -1.69515132134166 ast = 30+27i
dir -1.67046497928606 ast = 32+27i
dir -1.5707963267949 ast = 26+28i,27+28i,32+28i
dir -1.47112767430373 ast = 32+29i
dir -1.44644133224814 ast = 30+29i
dir -1.42889927219073 ast = 29+29i
dir -1.40564764938027 ast = 28+29i
dir -1.37340076694502 ast = 27+29i,32+30i
dir -1.19028994968253 ast = 32+32i
dir -1.16590454050981 ast = 29+31i
dir -1.15257199721567 ast = 31+32i
dir -0.927295218001612 ast = 26+31i
dir -0.896055384571344 ast = 27+32i
dir -0.785398163397448 ast = 23+29i,26+32i
dir 0 ast = 22+31i,22+32i
dir 0.321750554396642 ast = 21+31i
dir 0.463647609000806 ast = 21+30i,20+32i
dir 0.588002603547568 ast = 20+31i
dir 0.785398163397448 ast = 21+29i
dir 0.982793723247329 ast = 19+30i
dir 1.03037682652431 ast = 17+31i
dir 1.10714871779409 ast = 18+30i,14+32i
dir 1.15257199721567 ast = 13+32i
dir 1.19028994968253 ast = 17+30i
dir 1.21202565652432 ast = 14+31i
dir 1.24904577239825 ast = 13+31i
dir 1.29249666778979 ast = 8+32i
dir 1.32581766366803 ast = 14+30i,10+31i
dir 1.35212738092095 ast = 4+32i
dir 1.36330010035969 ast = 3+32i
dir 1.37340076694502 ast = 17+29i
dir 1.38257482149013 ast = 1+32i
dir 1.39094282700242 ast = 11+30i
dir 1.40564764938027 ast = 16+29i,10+30i
dir 1.42889927219073 ast = 15+29i
dir 1.43824479449822 ast = 7+30i
dir 1.44644133224814 ast = 14+29i
dir 1.460139105621 ast = 13+29i
dir 1.46591938806466 ast = 3+30i
dir 1.47584462045214 ast = 1+30i
dir 1.48013643959415 ast = 30i
dir 1.48765509490646 ast = 10+29i
dir 1.49948886200961 ast = 8+29i
dir 1.50837751679894 ast = 6+29i
dir 1.51821326518395 ast = 3+29i
dir 1.5707963267949 ast = 21+28i,17+28i,14+28i,10+28i,8+28i,7+28i,5+28i,4+28i,3+28i
dir 1.61621960621647 ast = 27i
dir 1.62629483204061 ast = 4+27i
dir 1.63321513679085 ast = 6+27i
dir 1.64210379158019 ast = 8+27i
dir 1.67046497928606 ast = 2+26i
dir 1.68145354796879 ast = 13+27i
dir 1.68790507136176 ast = 5+26i
dir 1.69515132134166 ast = 6+26i
dir 1.71269338139906 ast = 8+26i,1+25i
dir 1.72344565519016 ast = 9+26i
dir 1.72739820377691 ast = 3+25i
dir 1.75064982658737 ast = 11+26i
dir 1.76819188664478 ast = 2+24i
dir 1.7782925532301 ast = 3+24i
dir 1.78188966001764 ast = 8+25i
dir 1.78946527266884 ast = 13+26i
dir 1.79427292793553 ast = 23i
dir 1.79759517484878 ast = 9+25i
dir 1.80188699399079 ast = 5+24i
dir 1.81577498992176 ast = 14+26i,6+24i,2+23i
dir 1.82812004176599 ast = 3+23i
dir 1.85684776851221 ast = 5+23i
dir 1.86225312127276 ast = 12+25i
dir 1.87368119516987 ast = 6+23i
dir 1.89254688119154 ast = 13+25i
dir 1.9195673303788 ast = 11+24i
dir 1.92956699706547 ast = 14+25i
dir 1.95130270390726 ast = 12+24i
dir 1.95911504496736 ast = 19i
dir 1.96140337049258 ast = 5+21i
dir 1.96558744649466 ast = 10+23i
dir 1.96931877246132 ast = 3+20i
dir 1.97568811307998 ast = 8+22i,1+19i
dir 1.98320676839228 ast = 6+21i
dir 1.98902065637413 ast = 4+20i
dir 1.99742381992177 ast = 11+23i,18i
dir 2.00320410236543 ast = 9+22i
dir 2.01063890961063 ast = 5+20i
dir 2.01317054977164 ast = 3+19i
dir 2.0344439357957 ast = 16+25i,14+24i,2+18i
dir 2.05330962181737 ast = 1+17i
dir 2.06075365304863 ast = 7+20i
dir 2.07014304847503 ast = 16i
dir 2.08318578710563 ast = 6+19i
dir 2.095592098445 ast = 3+17i
dir 2.11121582706548 ast = 12+22i,2+16i
dir 2.11934572924542 ast = 4+17i
dir 2.12245130932344 ast = 9+20i
dir 2.12510382299645 ast = 1+15i
dir 2.12939564213846 ast = 14+23i,6+18i
dir 2.1375255443184 ast = 14i
dir 2.14717154738608 ast = 2+15i
dir 2.15879893034246 ast = 19+26i,1+14i
dir 2.17084654019665 ast = 3+15i
dir 2.18152229118411 ast = 2+14i
dir 2.19104581277772 ast = 15+23i,8+18i,1+13i
dir 2.19628136703413 ast = 4+15i
dir 2.21429743558818 ast = 14+22i
dir 2.22364295789567 ast = 5+15i
dir 2.23183949564558 ast = 13+21i
dir 2.23676556417401 ast = 8+17i
dir 2.24553726901845 ast = 17+24i,2+12i
dir 2.25131755146211 ast = 1+11i
dir 2.25652583770118 ast = 11+19i,10i
dir 2.2655346029916 ast = 16+23i,10+18i
dir 2.27068919651414 ast = 3+12i
dir 2.2730532583039 ast = 9+17i
dir 2.27529039103711 ast = 2+11i
dir 2.27942259892257 ast = 1+10i
dir 2.28315392488923 ast = 9i
dir 2.28488702540705 ast = 7+15i
dir 2.28962632641652 ast = 6+14i
dir 2.29377568019639 ast = 5+13i
dir 2.3036114285814 ast = 2+10i
dir 2.30861138691536 ast = 8i
dir 2.31621580306905 ast = 9+16i
dir 2.32763083235358 ast = 4+11i
dir 2.33055908167067 ast = 2+9i
dir 2.33294286738188 ast = 7i
dir 2.35619449019234 ast = 21+27i,12+18i,4+10i,2+8i
dir 2.37944611300281 ast = 1+6i
dir 2.38057989936506 ast = 2+7i
dir 2.38648825011112 ast = 6+11i
dir 2.3884413726276 ast = 7+12i
dir 2.39321460606627 ast = 9+14i
dir 2.39964538558388 ast = 11+16i
dir 2.40161776961392 ast = 1+5i
dir 2.40377759346933 ast = 12+17i
dir 2.41495031290807 ast = 14+19i
dir 2.4186133001883 ast = 7+11i
dir 2.43296638146212 ast = 4+7i
dir 2.43933572208079 ast = 2i
dir 2.44685437739309 ast = 7+10i
dir 2.46217884818194 ast = 1+2i
dir 2.46685171136624 ast = 18+23i,14+18i,2+3i
dir 2.47562341621068 ast = 0
dir 2.48054948473911 ast = 15+19i,8+10i
dir 2.48589702734826 ast = 2+2i
dir 2.49051593214531 ast = 6+7i
dir 2.49809154479651 ast = 19+24i,13+16i,10+12i,4+4i
dir 2.50884381858761 ast = 11+13i
dir 2.51051326611846 ast = 3+2i
dir 2.51610761335056 ast = 9+10i
dir 2.51756960061304 ast = 4+3i
dir 2.52134316760697 ast = 7+7i,2
dir 2.52529571619372 ast = 5+4i
dir 2.52838530471528 ast = 3+i
dir 2.53379065747583 ast = 6+5i
dir 2.53930530745483 ast = 11+12i
dir 2.55359005004223 ast = 20+25i,10+10i
dir 2.57025517375617 ast = 4
dir 2.57486343606629 ast = 15+17i
dir 2.58299333824623 ast = 17+20i,12+12i
dir 2.58993767106125 ast = 14+15i
dir 2.59304325113927 ast = 11+10i
dir 2.59480381270055 ast = 8+5i
dir 2.5959375990628 ast = 5
dir 2.60117315331921 ast = 7+3i
dir 2.6066375798037 ast = 6+i
dir 2.60788446195053 ast = 9+6i
dir 2.61351820516343 ast = 15+16i
dir 2.61831433145782 ast = 7+2i
dir 2.62244653934327 ast = 14+14i,10+7i
dir 2.62714134053077 ast = 9+5i
dir 2.63449414919746 ast = 17+19i
dir 2.64224593190966 ast = 16+17i
dir 2.64516990018491 ast = 9+4i
dir 2.65711472455277 ast = 12+9i
dir 2.66324022221114 ast = 8+i
dir 2.67794504458899 ast = 20+24i,17+18i,8
dir 2.69548710464639 ast = 11+5i
dir 2.69717344368869 ast = 12+7i
dir 2.69921843061305 ast = 13+9i
dir 2.70918487801926 ast = 10+2i
dir 2.7118303744931 ast = 11+4i
dir 2.71873872745685 ast = 13+8i
dir 2.72336832401056 ast = 10+i
dir 2.72708577900501 ast = 11+3i
dir 2.73670086730471 ast = 19+21i,10
dir 2.74680153389003 ast = 12+4i
dir 2.75471693585877 ast = 11+i
dir 2.76108627647743 ast = 16+13i,14+8i
dir 2.76725903758221 ast = 11
dir 2.76860493178973 ast = 13+5i
dir 2.77070136477713 ast = 15+10i
dir 2.77441881977157 ast = 12+2i
dir 2.78282198331922 ast = 19+20i
dir 2.79856871316909 ast = 12
dir 2.80685581627298 ast = 14+5i
dir 2.80834835247812 ast = 13+2i
dir 2.81984209919315 ast = 21+25i,19+19i,17+13i
dir 2.83188970904734 ast = 14+3i
dir 2.83353987256602 ast = 15+6i
dir 2.85554121187248 ast = 17+11i
dir 2.86329299458468 ast = 16+7i
dir 2.86858395050308 ast = 15+3i
dir 2.8842689386187 ast = 17+9i
dir 2.89661399046293 ast = 18+12i,17+8i,16+4i
dir 2.90604767286893 ast = 16+3i
dir 2.90784947272089 ast = 17+7i
dir 2.9105019863939 ast = 18+11i
dir 2.92292370771585 ast = 18+10i
dir 2.93049932036705 ast = 16
dir 2.93409642715459 ast = 18+9i
dir 2.94419709373991 ast = 18+8i,17+3i
dir 2.95160436567108 ast = 17+2i
dir 2.95337114828502 ast = 18+7i
dir 2.95848183632731 ast = 17+i
dir 2.96173915379732 ast = 20+17i
dir 2.96488379751976 ast = 17
dir 2.96692045458155 ast = 19+11i
dir 2.97644397617517 ast = 18+4i
dir 2.9927027059803 ast = 19+8i
dir 3.01723765904303 ast = 20+12i
dir 3.02216372757145 ast = 19+3i
dir 3.02448390902293 ast = 20+11i
dir 3.02671604817289 ast = 19+2i
dir 3.0309354324159 ast = 20+10i
dir 3.03485698094066 ast = 19
dir 3.03671571485956 ast = 20+9i
dir 3.04192400109863 ast = 21+18i
dir 3.04664094724704 ast = 20+7i
dir 3.05093276638905 ast = 21+17i
dir 3.05845142170135 ast = 20+4i
dir 3.06176266787756 ast = 20+3i
dir 3.06482076232002 ast = 20+2i
dir 3.06765361593185 ast = 20+i
dir 3.07502448981397 ast = 21+13i
dir 3.09616937416822 ast = 21+6i
dir 3.09814175819826 ast = 21+5i
dir 3.10457253771586 ast = 21+i
Ast#1 pos 22+21i dir = 3.14159265358979
Ast#2 pos 23+i dir = -3.10457253771586
Ast#3 pos 23+2i dir = -3.10315006356861
Ast#4 pos 23+7i dir = -3.09400955031281
Ast#5 pos 23+9i dir = -3.08900959197885
Ast#6 pos 24 dir = -3.0702851888045
Ast#7 pos 24+2i dir = -3.06482076232002
Ast#8 pos 23+16i dir = -3.05845142170135
Ast#9 pos 24+5i dir = -3.05485431491381
Ast#10 pos 24+7i dir = -3.04664094724704
Ast#11 pos 25 dir = -3.03485698094066
Ast#12 pos 24+10i dir = -3.0309354324159
Ast#13 pos 25+2i dir = -3.02671604817289
Ast#14 pos 24+11i dir = -3.02448390902293
Ast#15 pos 25+3i dir = -3.02216372757145
Ast#16 pos 24+12i dir = -3.01723765904303
Ast#17 pos 25+6i dir = -3.00606493960429
Ast#18 pos 23+21i dir = -2.99969559898563
Ast#19 pos 24+15i dir = -2.98894332519453
Ast#20 pos 23+22i dir = -2.97644397617517
Ast#21 pos 26+6i dir = -2.96173915379732
Ast#22 pos 27+i dir = -2.95848183632731
Ast#23 pos 23+23i dir = -2.94419709373991
Ast#24 pos 26+9i dir = -2.93409642715459
Ast#25 pos 27+5i dir = -2.92753197002597
Ast#26 pos 24+19i dir = -2.92292370771585
Ast#27 pos 27+6i dir = -2.91811605244916
Ast#28 pos 28+3i dir = -2.90604767286893
Ast#29 pos 23+24i dir = -2.89661399046293
Ast#30 pos 29+i dir = -2.88791855745115
Ast#31 pos 27+9i dir = -2.8842689386187
Ast#32 pos 26+13i dir = -2.88099026184245
Ast#33 pos 29+2i dir = -2.87859792190887
Ast#34 pos 25+17i dir = -2.87534060443887
Ast#35 pos 27+10i dir = -2.87064580325137
Ast#36 pos 29+3i dir = -2.86858395050308
Ast#37 pos 24+21i dir = -2.86329299458468
Ast#38 pos 29+4i dir = -2.85779854438147
Ast#39 pos 25+18i dir = -2.85013585911193
Ast#40 pos 26+15i dir = -2.84309372200361
Ast#41 pos 28+9i dir = -2.83571378218494
Ast#42 pos 30+3i dir = -2.83188970904734
Ast#43 pos 31 dir = -2.83059437298425
Ast#44 pos 23+25i dir = -2.81984209919315
Ast#45 pos 31+2i dir = -2.80834835247812
Ast#46 pos 30+5i dir = -2.80685581627298
Ast#47 pos 28+11i dir = -2.80230003913575
Ast#48 pos 27+14i dir = -2.79856871316909
Ast#49 pos 31+3i dir = -2.79603707300808
Ast#50 pos 26+17i dir = -2.79282165000589
Ast#51 pos 29+9i dir = -2.78860226576288
Ast#52 pos 32+i dir = -2.78688700157885
Ast#53 pos 25+20i dir = -2.78282198331922
Ast#54 pos 27+15i dir = -2.77441881977157
Ast#55 pos 29+10i dir = -2.77070136477713
Ast#56 pos 26+18i dir = -2.76108627647743
Ast#57 pos 29+11i dir = -2.75098560989211
Ast#58 pos 27+16i dir = -2.74680153389003
Ast#59 pos 29+12i dir = -2.72918221199241
Ast#60 pos 26+19i dir = -2.72336832401056
Ast#61 pos 31+8i dir = -2.71873872745685
Ast#62 pos 32+7i dir = -2.69717344368869
Ast#63 pos 23+26i dir = -2.67794504458899
Ast#64 pos 32+9i dir = -2.65711472455277
Ast#65 pos 27+19i dir = -2.63449414919746
Ast#66 pos 31+12i dir = -2.62920319327906
Ast#67 pos 30+15i dir = -2.58993767106125
Ast#68 pos 32+12i dir = -2.58299333824623
Ast#69 pos 32+13i dir = -2.55359005004223
Ast#70 pos 31+16i dir = -2.49809154479651
Ast#71 pos 32+15i dir = -2.48589702734826
Ast#72 pos 30+18i dir = -2.46685171136624
Ast#73 pos 32+16i dir = -2.44685437739309
Ast#74 pos 29+20i dir = -2.42276265396817
Ast#75 pos 32+17i dir = -2.40377759346933
Ast#76 pos 23+27i dir = -2.35619449019234
Ast#77 pos 32+19i dir = -2.3036114285814
Ast#78 pos 31+20i dir = -2.29743866747662
Ast#79 pos 30+21i dir = -2.28962632641652
Ast#80 pos 28+23i dir = -2.2655346029916
Ast#81 pos 32+20i dir = -2.24553726901845
Ast#82 pos 31+21i dir = -2.23183949564558
Ast#83 pos 29+23i dir = -2.19104581277772
Ast#84 pos 30+23i dir = -2.12939564213846
Ast#85 pos 27+25i dir = -2.11121582706548
Ast#86 pos 29+24i dir = -2.08994244104142
Ast#87 pos 32+23i dir = -2.0344439357957
Ast#88 pos 30+25i dir = -1.92956699706547
Ast#89 pos 27+27i dir = -1.76819188664478
Ast#90 pos 30+27i dir = -1.69515132134166
Ast#91 pos 32+27i dir = -1.67046497928606
Ast#92 pos 26+28i dir = -1.5707963267949
Ast#93 pos 32+29i dir = -1.47112767430373
Ast#94 pos 30+29i dir = -1.44644133224814
Ast#95 pos 29+29i dir = -1.42889927219073
Ast#96 pos 28+29i dir = -1.40564764938027
Ast#97 pos 27+29i dir = -1.37340076694502
Ast#98 pos 32+32i dir = -1.19028994968253
Ast#99 pos 29+31i dir = -1.16590454050981
Ast#100 pos 31+32i dir = -1.15257199721567
Ast#101 pos 26+31i dir = -0.927295218001612
Ast#102 pos 27+32i dir = -0.896055384571344
Ast#103 pos 23+29i dir = -0.785398163397448
Ast#104 pos 22+31i dir = 0
Ast#105 pos 21+31i dir = 0.321750554396642
Ast#106 pos 21+30i dir = 0.463647609000806
Ast#107 pos 20+31i dir = 0.588002603547568
Ast#108 pos 21+29i dir = 0.785398163397448
Ast#109 pos 19+30i dir = 0.982793723247329
Ast#110 pos 17+31i dir = 1.03037682652431
Ast#111 pos 18+30i dir = 1.10714871779409
Ast#112 pos 13+32i dir = 1.15257199721567
Ast#113 pos 17+30i dir = 1.19028994968253
Ast#114 pos 14+31i dir = 1.21202565652432
Ast#115 pos 13+31i dir = 1.24904577239825
Ast#116 pos 8+32i dir = 1.29249666778979
Ast#117 pos 14+30i dir = 1.32581766366803
Ast#118 pos 4+32i dir = 1.35212738092095
Ast#119 pos 3+32i dir = 1.36330010035969
Ast#120 pos 17+29i dir = 1.37340076694502
Ast#121 pos 1+32i dir = 1.38257482149013
Ast#122 pos 11+30i dir = 1.39094282700242
Ast#123 pos 16+29i dir = 1.40564764938027
Ast#124 pos 15+29i dir = 1.42889927219073
Ast#125 pos 7+30i dir = 1.43824479449822
Ast#126 pos 14+29i dir = 1.44644133224814
Ast#127 pos 13+29i dir = 1.460139105621
Ast#128 pos 3+30i dir = 1.46591938806466
Ast#129 pos 1+30i dir = 1.47584462045214
Ast#130 pos 30i dir = 1.48013643959415
Ast#131 pos 10+29i dir = 1.48765509490646
Ast#132 pos 8+29i dir = 1.49948886200961
Ast#133 pos 6+29i dir = 1.50837751679894
Ast#134 pos 3+29i dir = 1.51821326518395
Ast#135 pos 21+28i dir = 1.5707963267949
Ast#136 pos 27i dir = 1.61621960621647
Ast#137 pos 4+27i dir = 1.62629483204061
Ast#138 pos 6+27i dir = 1.63321513679085
Ast#139 pos 8+27i dir = 1.64210379158019
Ast#140 pos 2+26i dir = 1.67046497928606
Ast#141 pos 13+27i dir = 1.68145354796879
Ast#142 pos 5+26i dir = 1.68790507136176
Ast#143 pos 6+26i dir = 1.69515132134166
Ast#144 pos 8+26i dir = 1.71269338139906
Ast#145 pos 9+26i dir = 1.72344565519016
Ast#146 pos 3+25i dir = 1.72739820377691
Ast#147 pos 11+26i dir = 1.75064982658737
Ast#148 pos 2+24i dir = 1.76819188664478
Ast#149 pos 3+24i dir = 1.7782925532301
Ast#150 pos 8+25i dir = 1.78188966001764
Ast#151 pos 13+26i dir = 1.78946527266884
Ast#152 pos 23i dir = 1.79427292793553
Ast#153 pos 9+25i dir = 1.79759517484878
Ast#154 pos 5+24i dir = 1.80188699399079
Ast#155 pos 14+26i dir = 1.81577498992176
Ast#156 pos 3+23i dir = 1.82812004176599
Ast#157 pos 5+23i dir = 1.85684776851221
Ast#158 pos 12+25i dir = 1.86225312127276
Ast#159 pos 6+23i dir = 1.87368119516987
Ast#160 pos 13+25i dir = 1.89254688119154
Ast#161 pos 11+24i dir = 1.9195673303788
Ast#162 pos 14+25i dir = 1.92956699706547
Ast#163 pos 12+24i dir = 1.95130270390726
Ast#164 pos 19i dir = 1.95911504496736
Ast#165 pos 5+21i dir = 1.96140337049258
Ast#166 pos 10+23i dir = 1.96558744649466
Ast#167 pos 3+20i dir = 1.96931877246132
Ast#168 pos 8+22i dir = 1.97568811307998
Ast#169 pos 6+21i dir = 1.98320676839228
Ast#170 pos 4+20i dir = 1.98902065637413
Ast#171 pos 11+23i dir = 1.99742381992177
Ast#172 pos 9+22i dir = 2.00320410236543
Ast#173 pos 5+20i dir = 2.01063890961063
Ast#174 pos 3+19i dir = 2.01317054977164
Ast#175 pos 16+25i dir = 2.0344439357957
Ast#176 pos 1+17i dir = 2.05330962181737
Ast#177 pos 7+20i dir = 2.06075365304863
Ast#178 pos 16i dir = 2.07014304847503
Ast#179 pos 6+19i dir = 2.08318578710563
Ast#180 pos 3+17i dir = 2.095592098445
Ast#181 pos 12+22i dir = 2.11121582706548
Ast#182 pos 4+17i dir = 2.11934572924542
Ast#183 pos 9+20i dir = 2.12245130932344
Ast#184 pos 1+15i dir = 2.12510382299645
Ast#185 pos 14+23i dir = 2.12939564213846
Ast#186 pos 14i dir = 2.1375255443184
Ast#187 pos 2+15i dir = 2.14717154738608
Ast#188 pos 19+26i dir = 2.15879893034246
Ast#189 pos 3+15i dir = 2.17084654019665
Ast#190 pos 2+14i dir = 2.18152229118411
Ast#191 pos 15+23i dir = 2.19104581277772
Ast#192 pos 4+15i dir = 2.19628136703413
Ast#193 pos 14+22i dir = 2.21429743558818
Ast#194 pos 5+15i dir = 2.22364295789567
Ast#195 pos 13+21i dir = 2.23183949564558
Ast#196 pos 8+17i dir = 2.23676556417401
Ast#197 pos 17+24i dir = 2.24553726901845
Ast#198 pos 1+11i dir = 2.25131755146211
Ast#199 pos 11+19i dir = 2.25652583770118
Ast#200 pos 16+23i dir = 2.2655346029916
a = 2.2655346029916 aloc = 16+23i
1623
Ast#201 pos 3+12i dir = 2.27068919651414
Ast#202 pos 9+17i dir = 2.2730532583039
Ast#203 pos 2+11i dir = 2.27529039103711
Ast#204 pos 1+10i dir = 2.27942259892257
Ast#205 pos 9i dir = 2.28315392488923
Ast#206 pos 7+15i dir = 2.28488702540705
Ast#207 pos 6+14i dir = 2.28962632641652
Ast#208 pos 5+13i dir = 2.29377568019639
Ast#209 pos 2+10i dir = 2.3036114285814
Ast#210 pos 8i dir = 2.30861138691536
Ast#211 pos 9+16i dir = 2.31621580306905
Ast#212 pos 4+11i dir = 2.32763083235358
Ast#213 pos 2+9i dir = 2.33055908167067
Ast#214 pos 7i dir = 2.33294286738188
Ast#215 pos 21+27i dir = 2.35619449019234
Ast#216 pos 1+6i dir = 2.37944611300281
Ast#217 pos 2+7i dir = 2.38057989936506
Ast#218 pos 6+11i dir = 2.38648825011112
Ast#219 pos 7+12i dir = 2.3884413726276
Ast#220 pos 9+14i dir = 2.39321460606627
Ast#221 pos 11+16i dir = 2.39964538558388
Ast#222 pos 1+5i dir = 2.40161776961392
Ast#223 pos 12+17i dir = 2.40377759346933
Ast#224 pos 14+19i dir = 2.41495031290807
Ast#225 pos 7+11i dir = 2.4186133001883
Ast#226 pos 4+7i dir = 2.43296638146212
Ast#227 pos 2i dir = 2.43933572208079
Ast#228 pos 7+10i dir = 2.44685437739309
Ast#229 pos 1+2i dir = 2.46217884818194
Ast#230 pos 18+23i dir = 2.46685171136624
Ast#231 pos 0 dir = 2.47562341621068
Ast#232 pos 15+19i dir = 2.48054948473911
Ast#233 pos 2+2i dir = 2.48589702734826
Ast#234 pos 6+7i dir = 2.49051593214531
Ast#235 pos 19+24i dir = 2.49809154479651
Ast#236 pos 11+13i dir = 2.50884381858761
Ast#237 pos 3+2i dir = 2.51051326611846
Ast#238 pos 9+10i dir = 2.51610761335056
Ast#239 pos 4+3i dir = 2.51756960061304
Ast#240 pos 7+7i dir = 2.52134316760697
Ast#241 pos 5+4i dir = 2.52529571619372
Ast#242 pos 3+i dir = 2.52838530471528
Ast#243 pos 6+5i dir = 2.53379065747583
Ast#244 pos 11+12i dir = 2.53930530745483
Ast#245 pos 20+25i dir = 2.55359005004223
Ast#246 pos 4 dir = 2.57025517375617
Ast#247 pos 15+17i dir = 2.57486343606629
Ast#248 pos 17+20i dir = 2.58299333824623
Ast#249 pos 14+15i dir = 2.58993767106125
Ast#250 pos 11+10i dir = 2.59304325113927
Ast#251 pos 8+5i dir = 2.59480381270055
Ast#252 pos 5 dir = 2.5959375990628
Ast#253 pos 7+3i dir = 2.60117315331921
Ast#254 pos 6+i dir = 2.6066375798037
Ast#255 pos 9+6i dir = 2.60788446195053
Ast#256 pos 15+16i dir = 2.61351820516343
Ast#257 pos 7+2i dir = 2.61831433145782
Ast#258 pos 14+14i dir = 2.62244653934327
Ast#259 pos 9+5i dir = 2.62714134053077
Ast#260 pos 17+19i dir = 2.63449414919746
Ast#261 pos 16+17i dir = 2.64224593190966
Ast#262 pos 9+4i dir = 2.64516990018491
Ast#263 pos 12+9i dir = 2.65711472455277
Ast#264 pos 8+i dir = 2.66324022221114
Ast#265 pos 20+24i dir = 2.67794504458899
Ast#266 pos 11+5i dir = 2.69548710464639
Ast#267 pos 12+7i dir = 2.69717344368869
Ast#268 pos 13+9i dir = 2.69921843061305
Ast#269 pos 10+2i dir = 2.70918487801926
Ast#270 pos 11+4i dir = 2.7118303744931
Ast#271 pos 13+8i dir = 2.71873872745685
Ast#272 pos 10+i dir = 2.72336832401056
Ast#273 pos 11+3i dir = 2.72708577900501
Ast#274 pos 19+21i dir = 2.73670086730471
Ast#275 pos 12+4i dir = 2.74680153389003
Ast#276 pos 11+i dir = 2.75471693585877
Ast#277 pos 16+13i dir = 2.76108627647743
Ast#278 pos 11 dir = 2.76725903758221
Ast#279 pos 13+5i dir = 2.76860493178973
Ast#280 pos 15+10i dir = 2.77070136477713
Ast#281 pos 12+2i dir = 2.77441881977157
Ast#282 pos 19+20i dir = 2.78282198331922
Ast#283 pos 12 dir = 2.79856871316909
Ast#284 pos 14+5i dir = 2.80685581627298
Ast#285 pos 13+2i dir = 2.80834835247812
Ast#286 pos 21+25i dir = 2.81984209919315
Ast#287 pos 14+3i dir = 2.83188970904734
Ast#288 pos 15+6i dir = 2.83353987256602
Ast#289 pos 17+11i dir = 2.85554121187248
Ast#290 pos 16+7i dir = 2.86329299458468
Ast#291 pos 15+3i dir = 2.86858395050308
Ast#292 pos 17+9i dir = 2.8842689386187
Ast#293 pos 18+12i dir = 2.89661399046293
Ast#294 pos 16+3i dir = 2.90604767286893
Ast#295 pos 17+7i dir = 2.90784947272089
Ast#296 pos 18+11i dir = 2.9105019863939
Ast#297 pos 18+10i dir = 2.92292370771585
Ast#298 pos 16 dir = 2.93049932036705
Ast#299 pos 18+9i dir = 2.93409642715459
Ast#300 pos 18+8i dir = 2.94419709373991
Ast#301 pos 17+2i dir = 2.95160436567108
Ast#302 pos 18+7i dir = 2.95337114828502
Ast#303 pos 17+i dir = 2.95848183632731
Ast#304 pos 20+17i dir = 2.96173915379732
Ast#305 pos 17 dir = 2.96488379751976
Ast#306 pos 19+11i dir = 2.96692045458155
Ast#307 pos 18+4i dir = 2.97644397617517
Ast#308 pos 19+8i dir = 2.9927027059803
Ast#309 pos 20+12i dir = 3.01723765904303
Ast#310 pos 19+3i dir = 3.02216372757145
Ast#311 pos 20+11i dir = 3.02448390902293
Ast#312 pos 19+2i dir = 3.02671604817289
Ast#313 pos 20+10i dir = 3.0309354324159
Ast#314 pos 19 dir = 3.03485698094066
Ast#315 pos 20+9i dir = 3.03671571485956
Ast#316 pos 21+18i dir = 3.04192400109863
Ast#317 pos 20+7i dir = 3.04664094724704
Ast#318 pos 21+17i dir = 3.05093276638905
Ast#319 pos 20+4i dir = 3.05845142170135
Ast#320 pos 20+3i dir = 3.06176266787756
Ast#321 pos 20+2i dir = 3.06482076232002
Ast#322 pos 20+i dir = 3.06765361593185
Ast#323 pos 21+13i dir = 3.07502448981397
Ast#324 pos 21+6i dir = 3.09616937416822
Ast#325 pos 21+5i dir = 3.09814175819826
Ast#326 pos 21+i dir = 3.10457253771586
Ast#327 pos 22+20i dir = 3.14159265358979
Ast#328 pos 24+4i dir = -3.05845142170135
Ast#329 pos 26+2i dir = -2.98894332519453
Ast#330 pos 24+16i dir = -2.97644397617517
Ast#331 pos 28+i dir = -2.92292370771585
Ast#332 pos 26+12i dir = -2.89661399046293
Ast#333 pos 30 dir = -2.86329299458468
Ast#334 pos 24+22i dir = -2.81984209919315
Ast#335 pos 32 dir = -2.79856871316909
Ast#336 pos 28+13i dir = -2.76108627647743
Ast#337 pos 28+16i dir = -2.67794504458899
Ast#338 pos 25+25i dir = -2.35619449019234
Ast#339 pos 32+22i dir = -2.11121582706548
Ast#340 pos 27+28i dir = -1.5707963267949
Ast#341 pos 32+30i dir = -1.37340076694502
Ast#342 pos 26+32i dir = -0.785398163397448
Ast#343 pos 22+32i dir = 0
Ast#344 pos 20+32i dir = 0.463647609000806
Ast#345 pos 14+32i dir = 1.10714871779409
Ast#346 pos 10+31i dir = 1.32581766366803
Ast#347 pos 10+30i dir = 1.40564764938027
Ast#348 pos 17+28i dir = 1.5707963267949
Ast#349 pos 1+25i dir = 1.71269338139906
Ast#350 pos 6+24i dir = 1.81577498992176
Ast#351 pos 1+19i dir = 1.97568811307998
Ast#352 pos 18i dir = 1.99742381992177
Ast#353 pos 14+24i dir = 2.0344439357957
Ast#354 pos 2+16i dir = 2.11121582706548
Ast#355 pos 6+18i dir = 2.12939564213846
Ast#356 pos 1+14i dir = 2.15879893034246
Ast#357 pos 8+18i dir = 2.19104581277772
Ast#358 pos 2+12i dir = 2.24553726901845
Ast#359 pos 10i dir = 2.25652583770118
Ast#360 pos 10+18i dir = 2.2655346029916
Ast#361 pos 12+18i dir = 2.35619449019234
Ast#362 pos 14+18i dir = 2.46685171136624
Ast#363 pos 8+10i dir = 2.48054948473911
Ast#364 pos 13+16i dir = 2.49809154479651
Ast#365 pos 2 dir = 2.52134316760697
Ast#366 pos 10+10i dir = 2.55359005004223
Ast#367 pos 12+12i dir = 2.58299333824623
Ast#368 pos 10+7i dir = 2.62244653934327
Ast#369 pos 17+18i dir = 2.67794504458899
Ast#370 pos 10 dir = 2.73670086730471
Ast#371 pos 14+8i dir = 2.76108627647743
Ast#372 pos 19+19i dir = 2.81984209919315
Ast#373 pos 17+8i dir = 2.89661399046293
Ast#374 pos 17+3i dir = 2.94419709373991
Ast#375 pos 22+15i dir = 3.14159265358979
Ast#376 pos 26+4i dir = -2.97644397617517
Ast#377 pos 27+8i dir = -2.89661399046293
Ast#378 pos 27+13i dir = -2.81984209919315
Ast#379 pos 32+8i dir = -2.67794504458899
Ast#380 pos 31+19i dir = -2.35619449019234
Ast#381 pos 32+28i dir = -1.5707963267949
Ast#382 pos 14+28i dir = 1.5707963267949
Ast#383 pos 2+23i dir = 1.81577498992176
Ast#384 pos 2+18i dir = 2.0344439357957
Ast#385 pos 1+13i dir = 2.19104581277772
Ast#386 pos 4+10i dir = 2.35619449019234
Ast#387 pos 2+3i dir = 2.46685171136624
Ast#388 pos 10+12i dir = 2.49809154479651
Ast#389 pos 8 dir = 2.67794504458899
Ast#390 pos 17+13i dir = 2.81984209919315
Ast#391 pos 16+4i dir = 2.89661399046293
Ast#392 pos 22+13i dir = 3.14159265358979
Ast#393 pos 29+7i dir = -2.81984209919315
Ast#394 pos 32+18i dir = -2.35619449019234
Ast#395 pos 10+28i dir = 1.5707963267949
Ast#396 pos 2+8i dir = 2.35619449019234
Ast#397 pos 4+4i dir = 2.49809154479651
Ast#398 pos 22+11i dir = 3.14159265358979
Ast#399 pos 30+4i dir = -2.81984209919315
Ast#400 pos 8+28i dir = 1.5707963267949
Ast#401 pos 22+9i dir = 3.14159265358979
Ast#402 pos 7+28i dir = 1.5707963267949
Ast#403 pos 22+7i dir = 3.14159265358979
Ast#404 pos 5+28i dir = 1.5707963267949
Ast#405 pos 4+28i dir = 1.5707963267949
Ast#406 pos 3+28i dir = 1.5707963267949
