11+13i
210
dir 3.14159265358979 ast = 11+12i,11+11i,11+10i,11+9i,11+8i,11+7i,11+6i,11+5i,11+4i,11+3i,11+2i,11+i
dir -3.05845142170135 ast = 12+i
dir -3.05093276638905 ast = 12+2i
dir -3.0309354324159 ast = 12+4i
dir -3.01723765904303 ast = 12+5i
dir -2.99969559898563 ast = 12+6i
dir -2.98894332519453 ast = 13
dir -2.97644397617517 ast = 12+7i,13+i
dir -2.96173915379732 ast = 13+2i
dir -2.94419709373991 ast = 12+8i,13+3i
dir -2.91479380553591 ast = 14
dir -2.89661399046293 ast = 13+5i,14+i
dir -2.87534060443887 ast = 14+2i
dir -2.86329299458468 ast = 13+6i
dir -2.85013585911193 ast = 14+3i
dir -2.84309372200361 ast = 15
dir -2.81984209919315 ast = 14+4i
dir -2.79282165000589 ast = 15+2i
dir -2.78282198331922 ast = 14+5i
dir -2.77441881977157 ast = 16
dir -2.76108627647743 ast = 13+8i,15+3i
dir -2.73670086730471 ast = 14+6i
dir -2.72336832401056 ast = 15+4i
dir -2.71496516046292 ast = 16+2i
dir -2.70918487801926 ast = 17
dir -2.67794504458899 ast = 14+7i,15+5i,16+3i,17+i
dir -2.64765128467021 ast = 18
dir -2.64224593190966 ast = 17+2i
dir -2.63449414919746 ast = 16+4i
dir -2.62244653934327 ast = 15+6i
dir -2.61351820516343 ast = 18+i
dir -2.60117315331921 ast = 14+8i
dir -2.58993767106125 ast = 19
dir -2.58299333824623 ast = 16+5i
dir -2.55359005004223 ast = 13+10i
dir -2.53086668920058 ast = 18+3i
dir -2.52134316760697 ast = 16+6i
dir -2.51279636717436 ast = 19+2i
dir -2.49809154479651 ast = 14+9i,17+5i
dir -2.48054948473911 ast = 18+4i
dir -2.46685171136624 ast = 15+8i
dir -2.44685437739309 ast = 16+7i
dir -2.43296638146212 ast = 17+6i
dir -2.42276265396817 ast = 18+5i
dir -2.41495031290807 ast = 19+4i
dir -2.35619449019234 ast = 12+12i,14+10i,15+9i,16+8i,18+6i,19+5i
dir -2.28962632641652 ast = 19+6i
dir -2.27942259892257 ast = 18+7i
dir -2.2655346029916 ast = 17+8i
dir -2.24553726901845 ast = 16+9i
dir -2.21429743558818 ast = 15+10i,19+7i
dir -2.19104581277772 ast = 18+8i
dir -2.15879893034246 ast = 17+9i
dir -2.12939564213846 ast = 19+8i
dir -2.11121582706548 ast = 16+10i
dir -2.0344439357957 ast = 13+12i,15+11i,17+10i
dir -1.97568811307998 ast = 18+10i
dir -1.95130270390726 ast = 16+11i
dir -1.92956699706547 ast = 19+10i
dir -1.89254688119154 ast = 14+12i
dir -1.81577498992176 ast = 15+12i,19+11i
dir -1.73594500420952 ast = 17+12i
dir -1.71269338139906 ast = 18+12i
dir -1.69515132134166 ast = 19+12i
dir -1.5707963267949 ast = 12+13i,13+13i,14+13i,15+13i,16+13i
dir -1.44644133224814 ast = 19+14i
dir -1.42889927219073 ast = 18+14i
dir -1.40564764938027 ast = 17+14i
dir -1.37340076694502 ast = 16+14i
dir -1.32581766366803 ast = 15+14i,19+15i
dir -1.29249666778979 ast = 18+15i
dir -1.24904577239825 ast = 14+14i
dir -1.21202565652432 ast = 19+16i
dir -1.19028994968253 ast = 16+15i
dir -1.16590454050981 ast = 18+16i
dir -1.10714871779409 ast = 13+14i,17+16i,19+17i
dir -1.05165021254837 ast = 18+17i
dir -1.03037682652431 ast = 16+16i
dir -1.01219701145133 ast = 19+18i
dir -0.982793723247329 ast = 14+15i,17+17i
dir -0.950546840812075 ast = 18+18i
dir -0.927295218001612 ast = 15+16i,19+19i
dir -0.876058050598193 ast = 17+18i
dir -0.862170054667226 ast = 18+19i
dir -0.785398163397448 ast = 13+15i,15+17i
dir -0.674740942223553 ast = 15+18i
dir -0.643501108793284 ast = 14+17i
dir -0.588002603547568 ast = 15+19i
dir -0.540419500270584 ast = 14+18i
dir -0.463647609000806 ast = 12+15i,13+17i
dir -0.380506377112365 ast = 13+18i
dir -0.321750554396642 ast = 12+16i,13+19i
dir -0.244978663126864 ast = 12+17i
dir -0.197395559849881 ast = 12+18i
dir -0.165148677414627 ast = 12+19i
dir 0 ast = 11+14i,11+16i,11+17i
dir 0.165148677414627 ast = 10+19i
dir 0.197395559849881 ast = 10+18i
dir 0.244978663126864 ast = 10+17i
dir 0.321750554396642 ast = 10+16i,9+19i
dir 0.380506377112365 ast = 9+18i
dir 0.463647609000806 ast = 10+15i,9+17i,8+19i
dir 0.540419500270584 ast = 8+18i
dir 0.588002603547568 ast = 7+19i
dir 0.643501108793284 ast = 8+17i
dir 0.674740942223553 ast = 7+18i
dir 0.785398163397448 ast = 10+14i,9+15i,8+16i,7+17i,6+18i,5+19i
dir 0.862170054667226 ast = 4+19i
dir 0.896055384571344 ast = 6+17i
dir 0.927295218001612 ast = 7+16i
dir 0.950546840812075 ast = 4+18i
dir 0.982793723247329 ast = 8+15i,5+17i,2+19i
dir 1.03037682652431 ast = 1+19i
dir 1.06369782240256 ast = 2+18i
dir 1.07144960511477 ast = 19i
dir 1.10714871779409 ast = 9+14i,5+16i,3+17i
dir 1.14416883366802 ast = 18i
dir 1.16590454050981 ast = 4+16i
dir 1.19028994968253 ast = 6+15i,1+17i
dir 1.24904577239825 ast = 8+14i
dir 1.29249666778979 ast = 4+15i
dir 1.32581766366803 ast = 7+14i,3+15i
dir 1.35212738092095 ast = 2+15i
dir 1.37340076694502 ast = 6+14i,1+15i
dir 1.40564764938027 ast = 5+14i
dir 1.42889927219073 ast = 4+14i
dir 1.44644133224814 ast = 3+14i
dir 1.460139105621 ast = 2+14i
dir 1.48013643959415 ast = 14i
dir 1.5707963267949 ast = 10+13i,9+13i,8+13i,7+13i,5+13i,1+13i,13i
dir 1.67046497928606 ast = 1+12i
dir 1.68145354796879 ast = 2+12i
dir 1.69515132134166 ast = 3+12i
dir 1.71269338139906 ast = 4+12i
dir 1.73594500420952 ast = 5+12i
dir 1.75064982658737 ast = 11i
dir 1.76819188664478 ast = 1+11i
dir 1.78946527266884 ast = 2+11i
dir 1.81577498992176 ast = 3+11i
dir 1.89254688119154 ast = 8+12i,5+11i,2+10i
dir 1.9195673303788 ast = 9i
dir 1.92956699706547 ast = 3+10i
dir 1.95130270390726 ast = 6+11i,1+9i
dir 1.97568811307998 ast = 4+10i
dir 1.98902065637413 ast = 2+9i
dir 1.99742381992177 ast = 8i
dir 2.0344439357957 ast = 5+10i,3+9i,1+8i
dir 2.07014304847503 ast = 7i
dir 2.08994244104142 ast = 4+9i
dir 2.11121582706548 ast = 6+10i
dir 2.12939564213846 ast = 3+8i
dir 2.1375255443184 ast = 6i
dir 2.15879893034246 ast = 8+11i,2+7i
dir 2.18152229118411 ast = 1+6i
dir 2.19104581277772 ast = 4+8i
dir 2.21429743558818 ast = 7+10i,3+7i
dir 2.23183949564558 ast = 2+6i
dir 2.24553726901845 ast = 6+9i
dir 2.25652583770118 ast = 4i
dir 2.2655346029916 ast = 5+8i
dir 2.27942259892257 ast = 4+7i
dir 2.28962632641652 ast = 3+6i
dir 2.29743866747662 ast = 2+5i
dir 2.3036114285814 ast = 1+4i
dir 2.35619449019234 ast = 10+12i,9+11i,7+9i,6+8i,5+7i,4+6i,3+5i,2+4i,1+3i
dir 2.39964538558388 ast = i
dir 2.40377759346933 ast = 1+2i
dir 2.40877755180329 ast = 2+3i
dir 2.41495031290807 ast = 3+4i
dir 2.42276265396817 ast = 4+5i
dir 2.43296638146212 ast = 5+6i
dir 2.44685437739309 ast = 1+i
dir 2.46685171136624 ast = 7+8i,3+3i
dir 2.48054948473911 ast = 4+4i
dir 2.48589702734826 ast = 1
dir 2.49809154479651 ast = 5+5i
dir 2.51279636717436 ast = 3+2i
dir 2.52134316760697 ast = 6+6i
dir 2.55359005004223 ast = 3+i
dir 2.57486343606629 ast = 4+2i
dir 2.58299333824623 ast = 6+5i
dir 2.60117315331921 ast = 8+8i,5+3i
dir 2.61351820516343 ast = 4+i
dir 2.62244653934327 ast = 7+6i
dir 2.63449414919746 ast = 6+4i
dir 2.64224593190966 ast = 5+2i
dir 2.64765128467021 ast = 4
dir 2.67794504458899 ast = 10+11i,9+9i,6+3i,5+i
dir 2.70918487801926 ast = 5
dir 2.71496516046292 ast = 6+2i
dir 2.72336832401056 ast = 7+4i
dir 2.73670086730471 ast = 8+6i
dir 2.74680153389003 ast = 6+i
dir 2.76108627647743 ast = 9+8i,7+3i
dir 2.79282165000589 ast = 7+2i
dir 2.81984209919315 ast = 10+10i,7+i
dir 2.84309372200361 ast = 7
dir 2.85013585911193 ast = 8+3i
dir 2.86329299458468 ast = 9+6i
dir 2.87534060443887 ast = 8+2i
dir 2.89661399046293 ast = 10+9i,9+5i,8+i
dir 2.91479380553591 ast = 8
dir 2.92292370771585 ast = 9+4i
dir 2.94419709373991 ast = 10+8i,9+3i
dir 2.97644397617517 ast = 10+7i,9+i
dir 2.98894332519453 ast = 9
dir 2.99969559898563 ast = 10+6i
dir 3.04192400109863 ast = 10+3i
dir 3.05093276638905 ast = 10+2i
dir 3.05845142170135 ast = 10+i
Ast#1 pos 11+12i dir = 3.14159265358979
Ast#2 pos 12+i dir = -3.05845142170135
Ast#3 pos 12+2i dir = -3.05093276638905
Ast#4 pos 12+4i dir = -3.0309354324159
Ast#5 pos 12+5i dir = -3.01723765904303
Ast#6 pos 12+6i dir = -2.99969559898563
Ast#7 pos 13 dir = -2.98894332519453
Ast#8 pos 12+7i dir = -2.97644397617517
Ast#9 pos 13+2i dir = -2.96173915379732
Ast#10 pos 12+8i dir = -2.94419709373991
Ast#11 pos 14 dir = -2.91479380553591
Ast#12 pos 13+5i dir = -2.89661399046293
Ast#13 pos 14+2i dir = -2.87534060443887
Ast#14 pos 13+6i dir = -2.86329299458468
Ast#15 pos 14+3i dir = -2.85013585911193
Ast#16 pos 15 dir = -2.84309372200361
Ast#17 pos 14+4i dir = -2.81984209919315
Ast#18 pos 15+2i dir = -2.79282165000589
Ast#19 pos 14+5i dir = -2.78282198331922
Ast#20 pos 16 dir = -2.77441881977157
Ast#21 pos 13+8i dir = -2.76108627647743
Ast#22 pos 14+6i dir = -2.73670086730471
Ast#23 pos 15+4i dir = -2.72336832401056
Ast#24 pos 16+2i dir = -2.71496516046292
Ast#25 pos 17 dir = -2.70918487801926
Ast#26 pos 14+7i dir = -2.67794504458899
Ast#27 pos 18 dir = -2.64765128467021
Ast#28 pos 17+2i dir = -2.64224593190966
Ast#29 pos 16+4i dir = -2.63449414919746
Ast#30 pos 15+6i dir = -2.62244653934327
Ast#31 pos 18+i dir = -2.61351820516343
Ast#32 pos 14+8i dir = -2.60117315331921
Ast#33 pos 19 dir = -2.58993767106125
Ast#34 pos 16+5i dir = -2.58299333824623
Ast#35 pos 13+10i dir = -2.55359005004223
Ast#36 pos 18+3i dir = -2.53086668920058
Ast#37 pos 16+6i dir = -2.52134316760697
Ast#38 pos 19+2i dir = -2.51279636717436
Ast#39 pos 14+9i dir = -2.49809154479651
Ast#40 pos 18+4i dir = -2.48054948473911
Ast#41 pos 15+8i dir = -2.46685171136624
Ast#42 pos 16+7i dir = -2.44685437739309
Ast#43 pos 17+6i dir = -2.43296638146212
Ast#44 pos 18+5i dir = -2.42276265396817
Ast#45 pos 19+4i dir = -2.41495031290807
Ast#46 pos 12+12i dir = -2.35619449019234
Ast#47 pos 19+6i dir = -2.28962632641652
Ast#48 pos 18+7i dir = -2.27942259892257
Ast#49 pos 17+8i dir = -2.2655346029916
Ast#50 pos 16+9i dir = -2.24553726901845
Ast#51 pos 15+10i dir = -2.21429743558818
Ast#52 pos 18+8i dir = -2.19104581277772
Ast#53 pos 17+9i dir = -2.15879893034246
Ast#54 pos 19+8i dir = -2.12939564213846
Ast#55 pos 16+10i dir = -2.11121582706548
Ast#56 pos 13+12i dir = -2.0344439357957
Ast#57 pos 18+10i dir = -1.97568811307998
Ast#58 pos 16+11i dir = -1.95130270390726
Ast#59 pos 19+10i dir = -1.92956699706547
Ast#60 pos 14+12i dir = -1.89254688119154
Ast#61 pos 15+12i dir = -1.81577498992176
Ast#62 pos 17+12i dir = -1.73594500420952
Ast#63 pos 18+12i dir = -1.71269338139906
Ast#64 pos 19+12i dir = -1.69515132134166
Ast#65 pos 12+13i dir = -1.5707963267949
Ast#66 pos 19+14i dir = -1.44644133224814
Ast#67 pos 18+14i dir = -1.42889927219073
Ast#68 pos 17+14i dir = -1.40564764938027
Ast#69 pos 16+14i dir = -1.37340076694502
Ast#70 pos 15+14i dir = -1.32581766366803
Ast#71 pos 18+15i dir = -1.29249666778979
Ast#72 pos 14+14i dir = -1.24904577239825
Ast#73 pos 19+16i dir = -1.21202565652432
Ast#74 pos 16+15i dir = -1.19028994968253
Ast#75 pos 18+16i dir = -1.16590454050981
Ast#76 pos 13+14i dir = -1.10714871779409
Ast#77 pos 18+17i dir = -1.05165021254837
Ast#78 pos 16+16i dir = -1.03037682652431
Ast#79 pos 19+18i dir = -1.01219701145133
Ast#80 pos 14+15i dir = -0.982793723247329
Ast#81 pos 18+18i dir = -0.950546840812075
Ast#82 pos 15+16i dir = -0.927295218001612
Ast#83 pos 17+18i dir = -0.876058050598193
Ast#84 pos 18+19i dir = -0.862170054667226
Ast#85 pos 13+15i dir = -0.785398163397448
Ast#86 pos 15+18i dir = -0.674740942223553
Ast#87 pos 14+17i dir = -0.643501108793284
Ast#88 pos 15+19i dir = -0.588002603547568
Ast#89 pos 14+18i dir = -0.540419500270584
Ast#90 pos 12+15i dir = -0.463647609000806
Ast#91 pos 13+18i dir = -0.380506377112365
Ast#92 pos 12+16i dir = -0.321750554396642
Ast#93 pos 12+17i dir = -0.244978663126864
Ast#94 pos 12+18i dir = -0.197395559849881
Ast#95 pos 12+19i dir = -0.165148677414627
Ast#96 pos 11+14i dir = 0
Ast#97 pos 10+19i dir = 0.165148677414627
Ast#98 pos 10+18i dir = 0.197395559849881
Ast#99 pos 10+17i dir = 0.244978663126864
Ast#100 pos 10+16i dir = 0.321750554396642
Ast#101 pos 9+18i dir = 0.380506377112365
Ast#102 pos 10+15i dir = 0.463647609000806
Ast#103 pos 8+18i dir = 0.540419500270584
Ast#104 pos 7+19i dir = 0.588002603547568
Ast#105 pos 8+17i dir = 0.643501108793284
Ast#106 pos 7+18i dir = 0.674740942223553
Ast#107 pos 10+14i dir = 0.785398163397448
Ast#108 pos 4+19i dir = 0.862170054667226
Ast#109 pos 6+17i dir = 0.896055384571344
Ast#110 pos 7+16i dir = 0.927295218001612
Ast#111 pos 4+18i dir = 0.950546840812075
Ast#112 pos 8+15i dir = 0.982793723247329
Ast#113 pos 1+19i dir = 1.03037682652431
Ast#114 pos 2+18i dir = 1.06369782240256
Ast#115 pos 19i dir = 1.07144960511477
Ast#116 pos 9+14i dir = 1.10714871779409
Ast#117 pos 18i dir = 1.14416883366802
Ast#118 pos 4+16i dir = 1.16590454050981
Ast#119 pos 6+15i dir = 1.19028994968253
Ast#120 pos 8+14i dir = 1.24904577239825
Ast#121 pos 4+15i dir = 1.29249666778979
Ast#122 pos 7+14i dir = 1.32581766366803
Ast#123 pos 2+15i dir = 1.35212738092095
Ast#124 pos 6+14i dir = 1.37340076694502
Ast#125 pos 5+14i dir = 1.40564764938027
Ast#126 pos 4+14i dir = 1.42889927219073
Ast#127 pos 3+14i dir = 1.44644133224814
Ast#128 pos 2+14i dir = 1.460139105621
Ast#129 pos 14i dir = 1.48013643959415
Ast#130 pos 10+13i dir = 1.5707963267949
Ast#131 pos 1+12i dir = 1.67046497928606
Ast#132 pos 2+12i dir = 1.68145354796879
Ast#133 pos 3+12i dir = 1.69515132134166
Ast#134 pos 4+12i dir = 1.71269338139906
Ast#135 pos 5+12i dir = 1.73594500420952
Ast#136 pos 11i dir = 1.75064982658737
Ast#137 pos 1+11i dir = 1.76819188664478
Ast#138 pos 2+11i dir = 1.78946527266884
Ast#139 pos 3+11i dir = 1.81577498992176
Ast#140 pos 8+12i dir = 1.89254688119154
Ast#141 pos 9i dir = 1.9195673303788
Ast#142 pos 3+10i dir = 1.92956699706547
Ast#143 pos 6+11i dir = 1.95130270390726
Ast#144 pos 4+10i dir = 1.97568811307998
Ast#145 pos 2+9i dir = 1.98902065637413
Ast#146 pos 8i dir = 1.99742381992177
Ast#147 pos 5+10i dir = 2.0344439357957
Ast#148 pos 7i dir = 2.07014304847503
Ast#149 pos 4+9i dir = 2.08994244104142
Ast#150 pos 6+10i dir = 2.11121582706548
Ast#151 pos 3+8i dir = 2.12939564213846
Ast#152 pos 6i dir = 2.1375255443184
Ast#153 pos 8+11i dir = 2.15879893034246
Ast#154 pos 1+6i dir = 2.18152229118411
Ast#155 pos 4+8i dir = 2.19104581277772
Ast#156 pos 7+10i dir = 2.21429743558818
Ast#157 pos 2+6i dir = 2.23183949564558
Ast#158 pos 6+9i dir = 2.24553726901845
Ast#159 pos 4i dir = 2.25652583770118
Ast#160 pos 5+8i dir = 2.2655346029916
Ast#161 pos 4+7i dir = 2.27942259892257
Ast#162 pos 3+6i dir = 2.28962632641652
Ast#163 pos 2+5i dir = 2.29743866747662
Ast#164 pos 1+4i dir = 2.3036114285814
Ast#165 pos 10+12i dir = 2.35619449019234
Ast#166 pos i dir = 2.39964538558388
Ast#167 pos 1+2i dir = 2.40377759346933
Ast#168 pos 2+3i dir = 2.40877755180329
Ast#169 pos 3+4i dir = 2.41495031290807
Ast#170 pos 4+5i dir = 2.42276265396817
Ast#171 pos 5+6i dir = 2.43296638146212
Ast#172 pos 1+i dir = 2.44685437739309
Ast#173 pos 7+8i dir = 2.46685171136624
Ast#174 pos 4+4i dir = 2.48054948473911
Ast#175 pos 1 dir = 2.48589702734826
Ast#176 pos 5+5i dir = 2.49809154479651
Ast#177 pos 3+2i dir = 2.51279636717436
Ast#178 pos 6+6i dir = 2.52134316760697
Ast#179 pos 3+i dir = 2.55359005004223
Ast#180 pos 4+2i dir = 2.57486343606629
Ast#181 pos 6+5i dir = 2.58299333824623
Ast#182 pos 8+8i dir = 2.60117315331921
Ast#183 pos 4+i dir = 2.61351820516343
Ast#184 pos 7+6i dir = 2.62244653934327
Ast#185 pos 6+4i dir = 2.63449414919746
Ast#186 pos 5+2i dir = 2.64224593190966
Ast#187 pos 4 dir = 2.64765128467021
Ast#188 pos 10+11i dir = 2.67794504458899
Ast#189 pos 5 dir = 2.70918487801926
Ast#190 pos 6+2i dir = 2.71496516046292
Ast#191 pos 7+4i dir = 2.72336832401056
Ast#192 pos 8+6i dir = 2.73670086730471
Ast#193 pos 6+i dir = 2.74680153389003
Ast#194 pos 9+8i dir = 2.76108627647743
Ast#195 pos 7+2i dir = 2.79282165000589
Ast#196 pos 10+10i dir = 2.81984209919315
Ast#197 pos 7 dir = 2.84309372200361
Ast#198 pos 8+3i dir = 2.85013585911193
Ast#199 pos 9+6i dir = 2.86329299458468
Ast#200 pos 8+2i dir = 2.87534060443887
a = 2.87534060443887 aloc = 8+2i
802
Ast#201 pos 10+9i dir = 2.89661399046293
Ast#202 pos 8 dir = 2.91479380553591
Ast#203 pos 9+4i dir = 2.92292370771585
Ast#204 pos 10+8i dir = 2.94419709373991
Ast#205 pos 10+7i dir = 2.97644397617517
Ast#206 pos 9 dir = 2.98894332519453
Ast#207 pos 10+6i dir = 2.99969559898563
Ast#208 pos 10+3i dir = 3.04192400109863
Ast#209 pos 10+2i dir = 3.05093276638905
Ast#210 pos 10+i dir = 3.05845142170135
Ast#211 pos 11+11i dir = 3.14159265358979
Ast#212 pos 13+i dir = -2.97644397617517
Ast#213 pos 13+3i dir = -2.94419709373991
Ast#214 pos 14+i dir = -2.89661399046293
Ast#215 pos 15+3i dir = -2.76108627647743
Ast#216 pos 15+5i dir = -2.67794504458899
Ast#217 pos 17+5i dir = -2.49809154479651
Ast#218 pos 14+10i dir = -2.35619449019234
Ast#219 pos 19+7i dir = -2.21429743558818
Ast#220 pos 15+11i dir = -2.0344439357957
Ast#221 pos 19+11i dir = -1.81577498992176
Ast#222 pos 13+13i dir = -1.5707963267949
Ast#223 pos 19+15i dir = -1.32581766366803
Ast#224 pos 17+16i dir = -1.10714871779409
Ast#225 pos 17+17i dir = -0.982793723247329
Ast#226 pos 19+19i dir = -0.927295218001612
Ast#227 pos 15+17i dir = -0.785398163397448
Ast#228 pos 13+17i dir = -0.463647609000806
Ast#229 pos 13+19i dir = -0.321750554396642
Ast#230 pos 11+16i dir = 0
Ast#231 pos 9+19i dir = 0.321750554396642
Ast#232 pos 9+17i dir = 0.463647609000806
Ast#233 pos 9+15i dir = 0.785398163397448
Ast#234 pos 5+17i dir = 0.982793723247329
Ast#235 pos 5+16i dir = 1.10714871779409
Ast#236 pos 1+17i dir = 1.19028994968253
Ast#237 pos 3+15i dir = 1.32581766366803
Ast#238 pos 1+15i dir = 1.37340076694502
Ast#239 pos 9+13i dir = 1.5707963267949
Ast#240 pos 5+11i dir = 1.89254688119154
Ast#241 pos 1+9i dir = 1.95130270390726
Ast#242 pos 3+9i dir = 2.0344439357957
Ast#243 pos 2+7i dir = 2.15879893034246
Ast#244 pos 3+7i dir = 2.21429743558818
Ast#245 pos 9+11i dir = 2.35619449019234
Ast#246 pos 3+3i dir = 2.46685171136624
Ast#247 pos 5+3i dir = 2.60117315331921
Ast#248 pos 9+9i dir = 2.67794504458899
Ast#249 pos 7+3i dir = 2.76108627647743
Ast#250 pos 7+i dir = 2.81984209919315
Ast#251 pos 9+5i dir = 2.89661399046293
Ast#252 pos 9+3i dir = 2.94419709373991
Ast#253 pos 9+i dir = 2.97644397617517
Ast#254 pos 11+10i dir = 3.14159265358979
Ast#255 pos 16+3i dir = -2.67794504458899
Ast#256 pos 15+9i dir = -2.35619449019234
Ast#257 pos 17+10i dir = -2.0344439357957
Ast#258 pos 14+13i dir = -1.5707963267949
Ast#259 pos 19+17i dir = -1.10714871779409
Ast#260 pos 11+17i dir = 0
Ast#261 pos 8+19i dir = 0.463647609000806
Ast#262 pos 8+16i dir = 0.785398163397448
Ast#263 pos 2+19i dir = 0.982793723247329
Ast#264 pos 3+17i dir = 1.10714871779409
Ast#265 pos 8+13i dir = 1.5707963267949
Ast#266 pos 2+10i dir = 1.89254688119154
Ast#267 pos 1+8i dir = 2.0344439357957
Ast#268 pos 7+9i dir = 2.35619449019234
Ast#269 pos 6+3i dir = 2.67794504458899
Ast#270 pos 8+i dir = 2.89661399046293
Ast#271 pos 11+9i dir = 3.14159265358979
Ast#272 pos 17+i dir = -2.67794504458899
Ast#273 pos 16+8i dir = -2.35619449019234
Ast#274 pos 15+13i dir = -1.5707963267949
Ast#275 pos 7+17i dir = 0.785398163397448
Ast#276 pos 7+13i dir = 1.5707963267949
Ast#277 pos 6+8i dir = 2.35619449019234
Ast#278 pos 5+i dir = 2.67794504458899
Ast#279 pos 11+8i dir = 3.14159265358979
Ast#280 pos 18+6i dir = -2.35619449019234
Ast#281 pos 16+13i dir = -1.5707963267949
Ast#282 pos 6+18i dir = 0.785398163397448
Ast#283 pos 5+13i dir = 1.5707963267949
Ast#284 pos 5+7i dir = 2.35619449019234
Ast#285 pos 11+7i dir = 3.14159265358979
Ast#286 pos 19+5i dir = -2.35619449019234
Ast#287 pos 5+19i dir = 0.785398163397448
Ast#288 pos 1+13i dir = 1.5707963267949
Ast#289 pos 4+6i dir = 2.35619449019234
Ast#290 pos 11+6i dir = 3.14159265358979
Ast#291 pos 13i dir = 1.5707963267949
Ast#292 pos 3+5i dir = 2.35619449019234
Ast#293 pos 11+5i dir = 3.14159265358979
Ast#294 pos 2+4i dir = 2.35619449019234
Ast#295 pos 11+4i dir = 3.14159265358979
Ast#296 pos 1+3i dir = 2.35619449019234
Ast#297 pos 11+3i dir = 3.14159265358979
Ast#298 pos 11+2i dir = 3.14159265358979
Ast#299 pos 11+i dir = 3.14159265358979
