500
 -18  . . . . . . . . .X.X. .X.X.X.X.X. . .X.X.X.X. . .X. . . . . . . . . . . 
 -17 . . . . . . . . . .X.X. .X.X.X. .X.X.X. .X. . .X.X.X. .X. . . . . . . . .
 -16  . . . . . . . .X.X. .X. .X.X. . .X.X.X. .X.X. .X. . .X. . . . . . . . . 
 -15 . . . . . . . .X. . . .X.X.X. .X.X.X.X.X. .X.X. . .X. . . . . . . . . . .
 -14  . . . . . . . .X. .X. . . .X.X. .X. .X. .X. . . . . .X. . . . . . . . . 
 -13 . . . . . . . .X.X. . .X. . .X.X.X.X.X. . .X.X. . . . .X. .X. . . . . . .
 -12  . . . . . . . . . . . .X.X. . .X.X.X.X. .X.X.X. .X.X.X.X. .X. . . . . . 
 -11 . . . . . .X. .X. . .X. . . .X. .X. . . .X. .X.X. .X.X.X. . .X. . . . . .
 -10  . . . . .X.X. . .X. .X.X.X. . . . .X.X. .X.X.X.X.X.X. . . .X.X. . . . . 
  -9 . . . . . . . .X. . .X. . .X. .X. .X.X.X.X.X.X. .X.X.X. . . .X.X. . . . .
  -8  . . . . .X.X.X. .X.X. . . .X.X. .X. .X.X.X. . .X. . .X. . . . . . . . . 
  -7 . . . .X.X.X.X.X. . .X. . . .X.X. .X.X. .X. . . . .X. .X.X. .X. .X. . . .
  -6  . . . . .X.X.X. .X. . .X. .X.X.X. . . . .X. . . .X.X. .X. . . . . . . . 
  -5 . . .X. .X.X. .X.X.X.X. .X. . .X. .X.X.X. . .X.X.X.X.X.X. .X. .X.X.X. . .
  -4  . . . . .X. . . . . .X.X. . .X.X.X. .X.X. . .X.X. .X. .X. .X. .X.X. . . 
  -3 . . .X. .X. . .X.X.X. .X.X.X.X.X.X. . .X.X.X. .X. . .X.X.X.X. .X.X.X.X. .
  -2  .X.X. .X. . .X.X.X.X.X.X. .X. . . .X.X.X.X.X.X.X. .X. .X. . . . .X. .X. 
  -1 .X. .X. . .X.X. .X. . . . . .X.X. . . .X.X.X.X.X.X.X. .X. . . .X.X.X. . .
   0 X.X. . .X. . .X.X.X.X. .X. . .X.X. . . .X.X.X. .X. .X.X. . .X. . .X.X.X.X
   1 .X.X.X. . .X.X. . .X.X. .X. .X. . . .X. . . . . .X.X. . . .X. . . .X. . .
   2  . . . . .X. . .X.X. .X. .X. . . . . .X.X. .X.X. . . . . . .X.X.X. . . . 
   3 . .X.X. . .X. . . . . . .X. .X.X. .X.X.X. . .X.X. . .X.X. .X. .X.X. .X. .
   4  . . . .X.X.X. .X.X. . . .X. . .X. . . . .X. . . .X. .X.X.X. . . .X. . . 
   5 . . . . .X. . . .X.X.X.X.X. .X.X. .X. .X.X. .X.X.X.X.X. .X. . . . .X. . .
   6  . . . .X.X. . .X.X. . .X.X. .X.X. .X. .X. . . .X.X. . .X.X.X. .X. . . . 
   7 . . . .X. .X.X.X.X. .X. .X. .X.X. . . .X.X. . .X.X.X. .X.X. .X.X. . . . .
   8  . . . . .X.X. .X.X. . . . . .X.X.X.X.X.X.X. .X.X.X.X.X.X. .X. .X. . . . 
   9 . . . . . .X.X.X. . .X.X.X. . . .X.X.X.X. . . . .X.X.X.X. . . . . . . . .
  10  . . . . .X. . .X.X.X.X. . .X.X. . . . .X. .X. . . . . .X. . . . . . . . 
  11 . . . . . . . . . . . . .X. .X. . .X. . . .X. .X. . .X.X. . . . . . . . .
  12  . . . . . . .X.X. . . .X. .X. .X.X. .X. . .X.X.X.X.X.X. . . . . . . . . 
  13 . . . . . . . .X. . .X.X.X.X.X. . . .X.X. . . . . . . .X. . . . . . . . .
  14  . . . . . . .X. .X.X.X.X.X.X. . .X. .X. . . .X. . .X.X.X.X. . . . . . . 
  15 . . . . . . . . . . .X.X. .X.X. . .X.X.X. . . . .X.X. . .X. . . . . . . .
  16  . . . . . . . .X.X.X. . .X.X.X.X. .X.X. . .X.X. .X.X.X. . . . . . . . . 
  17 . . . . . . . . . .X.X.X. .X.X.X.X. .X.X.X. . .X. .X. .X. . . . . . . . .
  18  . . . . . . . . . . .X.X.X.X.X.X. . . .X. .X. . . .X.X. . . . . . . . . 
328
423
410
473
441
526
455
585
537
588
581
625
658
668
715
741
744
800
830
804
884
909
893
943
1014
988
1050
1024
1146
1098
1210
1240
1177
1318
1329
1354
1311
1440
1397
1481
1455
1630
1606
1556
1639
1680
1695
1700
1844
1799
1793
1837
2004
1998
2110
2065
2090
2267
2213
2235
2397
2359
2390
2459
2371
2566
2576
2658
2723
2704
2724
2834
2784
2995
2945
2996
3147
2996
3224
3161
3310
3314
3279
3346
3449
3491
3556
3666
3822
3763
3796
3911
3879
3975
4016
4155
4149
4209
4355
4280
 -67 . . . . . . . . . . . . . . . . . . . . . . . . . . . . . . . . . . . . . . . . . . . . . . . . . X . . . . . . . . . . . . . X X . . . . . . . . . . . . . . . . . . . . . . . . . . . . . . . . . . . . . . . . . . . . . . . . . . . . . . . . .
 -66  . . . . . . . . . . . . . . . . . . . . . . . . . . . . . . . . . . . . . . . . . . . . . . . X . . . . . X . X . X X . X X X . . X . . . . X X . . . . . . . . . . . . . . . . . . . . . . . . . . . . . . . . . . . . . . . . . . . . . . . . . 
 -65 . . . . . . . . . . . . . . . . . . . . . . . . . . . . . . . . . . . . . . . . . . . . . . . . . . . X . . . . . . . X X X . . . X X . . . X X X . . . . . . . . . . . . . . . . . . . . . . . . . . . . . . . . . . . . . . . . . . . . . . . . .
 -64  . . . . . . . . . . . . . . . . . . . . . . . . . . . . . . . . . . . . . . . . . . . . . X X X . . . . X . . . . . . . X . . . . . X X . . X X . . X . . . . . . . . . . . X . . . . . . . . . . . . . . . . . . . . . . . . . . . . . . . . . . 
 -63 . . . . . . . . . . . . . . . . . . . . . . . . . . . . . . . . . . . . . . . . . . . . . . . . . X . . X X X . X . . . X . . . . X . X . . . X X X X X . . . . . . . . . X X X X . . . . . . . . . . . . . . . . . . . . . . . . . . . . . . . . .
 -62  . . . . . . . . . . . . . . . . . . . . . . . . . . . . . . . . . . . . . . . . . X . . . X . . X . . X . . . . . . . . X . . . . . . . X . . . X X . . . . . . . . . . . . . X X . X . . . . . . . . . . . . . . . . . . . . . . . . . . . . . . 
 -61 . . . . . . . . . . . . . . . . . . . . . . . . . . . . . . . . . . . . . . . . . . X . . . X X . X . . . . X X X X . X X X . X X X . . . X . X . X X . . . . . . . . X . . . X X . . . X . . . . . . . . . . . . . . . . . . . . . . . . . . . . .
 -60  . . . . . . . . . . . . . . . . . . . . . . . . . . . . . . . . . . . . . X . X . . X X . . X X X X X . X X X . . X X X . . . . . . . . X X X X X X X X X X . . X X X X . . . . X X . . X . . . . . . . . . . . . . . . . . . . . . . . . . . . . 
 -59 . . . . . . . . . . . . . . . . . . . . . . . . . . . . . . . . . . X X . . X . X X X X . . X . X . . X . . . X . . X X . . . . X X . X X X . . . . X X X X . . . X . . X X X X . X X . X . . . . . . . . . . . . . . . . . . . . . . . . . . . . .
 -58  . . . . . . . . . . . . . . . . . . . . . . . . . . . . . . . . X . . . . . . X . X X X . X X X . . . X X . . . . X . X . . . . X . . . X . . . X X X . . X . X . . X X . X X X X X . X . . . . . . . . . . . . . . . . . . . . . . . . . . . . . 
 -57 . . . . . . . . . . . . . . . . . . . . . . . . . . . . . . . . X . . . . X . X X X . . . . . . X . X X X . X X X . . . . . . . . . X . X X . X . . . . X X X X . X X X . . X X . X . . X . . . . . . . . . . . . . . . . . . . . . . . . . . . . .
 -56  . . . . . . . . . . . . . . . . . . . . . . . . . . . X . X X . . . . . X . . . . . X . . . X . X . . X X X X X . . . . X . . . X . . X . . . X . . . X . . X X . . . X X . . X . X . X . . . . . . . . . . . . . . . . . . . . . . . . . . . . . 
 -55 . . . . . . . . . . . . . . . . . . . . . . . . . . X . . X . . . . . X X . . . X . . X . X X X . X . . . X X X . . . . . X X X X X . X . . . X . X X . . . . X . . . . . X . X . . X . . X . . . . . . . . . . . . . . . . . . . . . . . . . . . .
 -54  . . . . . . . . . . . . . . . . . . . . . . . . . X X . . X X . . . . . X X X . . . X . X . . X . . . . . . X . X X . X X X . X . . . X X . . . X . . . . X X . . . X . . X X . . . . . . . X X . . . . . . . . . . . . . . . . . . . . . . . . . 
 -53 . . . . . . . . . . . . . . . . . . . . . X X X . . X X . . X . . . . . . . . . . X X . . . . . X . . . X . . . . . . . X . X X X . . . X . X X . X . . . . . . X . . . . . X X . . . X . . . X . . . . . . . . . . . . . . . . . . . . . . . . . .
 -52  . . . . . . . . . . . . . . . . . . . . . X . . X . . . . X X X . X . . . . . . . X X . . . X . . X . X . . . . . X . . . X . X . X X . X . X . X X . . . . X . . . X . . . . . . . . . X . X . . . . . . . . . . . . . . . . . . . . . . . . . . 
 -51 . . . . . . . . . . . . . . . . . . . . . X . X X . . . . . X . X . . . . . . . . X X . . . . X . . X X X X . X . . . X . . . X . X . . . X . X X . X . . . X X X . . . . X . . . . . X X X . . . . . . . . . . . . . . . . . . . . . . . . . . . .
 -50  . . . . . . . . . . . . . . . . . . . . . . X X . . . . . . . . . . . . . X . . . . . . . X X . . . . X X X X X X . X X . . X X . X . . X . . X X . X . X . . . . . X . . X X . . X X X X X X . . . . . . . . . . . . . . . . . . . . . . . . . . 
 -49 . . . . . . . . . . . . . . . . . . . . . X . . . . X X . . X X . . . X X . . . . . . . . . X X X . . . X . . . . X . . . . . . . . X X . . . . X . . . . . . . X . . X . . X . . . X . . X X X X . . . . . . . . . . . . . . . . . . . . . . . . .
 -48  . . . . . . . . . . . . . . . . . . . X X X . . X . X . . . X X . . . . . . X . . . . . . . X X . . X . . . . . X X X . X . . . . . . . . . . . . X . . . . . . . . X . . . X . . . . . X . X . X . . . . . . . . . . . . . . . . . . . . . . . . 
 -47 . . . . . . . . . . . . . . . . . . . . X X . . . X . . . . . . X . . . . X . X X . . . . X X X . X X . . . . . X X . . . . . . . . . . X X . . . X . . X . . . . . . . . . . . . X X . X . . . X X . . X . . . . . . . . . . . . . . . . . . . . .
 -46  . . . . . . . . . . . . . . . . . . . . . . . X . . X . . . . . X X . . . X X . . X . X . . X . . . . . . . X . X . X . . . . X . . X X . X . . X . . . X X . . . . . . . . . . X . . X X . . . X . . X . X . . . . . . . . . . . . . . . . . . . 
 -45 . . . . . . . . . . . . . . . . . . . X X X . X X X X X X X X . . . X . . . X . . X . X . . . X . . X . . . . . . X . . X . . . X . . X . . X . . . . . X X . . . . . . . . . . . . X X X . X X X . . . . X . . . . . . . . . . . . . . . . . . . .
 -44  . . . . . . . . . . . . . . . . . . . X . X X X X X X X X . . . X X . . X . . . . X . X X . . X . X . X . X . . . . . . X X . . X . . . . X . . . . . X . . . . . . . X . . . . X . . . . . X . . . X . . . . . . . . . . . . . . . . . . . . . . 
 -43 . . . . . . . . . . . . . . . . . . X . X X . X X . . . X . . . X . X X . X . . . . . . X X . . . X X X . . . . . X . X . X . . . . . . . X . . . . . . . . X . X . . X . X . . X . . . . . . . . . X . X X X X X . X X . . . . . . . . . . . . . .
 -42  . . . . . . . . . . . . . . . . . X X X . . X . X . . . . . . . . X X X X X . . . . . . X X . X X X . X . . X X X X . . . X . . . . . . X . . . X . . . . X X . X . X . . X X X . . . . . X . . X . X . X X . . . . . X . . . . . . . . . . . . . 
 -41 . . . . . . . . . . . . . . . . X . X . X X X . X . . . X . . X . X . . X . X . . . X X . X . X . X . . X . . X . . . X X . . . . . . X X . . . . . X X . . . . X X X X X X X . . . X X . . . . . X . . . X . . . . . X . . . . . . . . . . . . . .
 -40  . . . . . . . . . . . . . . . X X X X . . . . . . . . . . X . . . X X . . X X . X X . . . . . X . . . . . . . . . . X . X . . . . X . X X . . . . X X . . . . X X X X X X . X X . . X . . . . . . X . . . X . . . X X . . . . . . . . . . . . . . 
 -39 . . . . . . . . . . . . . . . X . . . . . . X . . . . . . . . . . X X X X . . X X . . . . . . . . . X . X . X . . . . X . . . . X X . X X X . . X X . X . . . . . . X . X X . X . . X X . . X . . X X X . . X X . . X . X . . . . . . . . . . . . .
 -38  . . . . . . . . . . . . . . . X X X . . . . . . X X . . . . . . . . X X . . . . . . . X X . X X X . . . X . . X X X . . . . . . . . . . . . . . . . . . . . X . . . X . . X X . . . . . . X . X X X X X X X . . . . . . . X . . . . . . . . . . . 
 -37 . . . . . . . . . . . . . . . . X X . . . . . . . X X . . . . . . X . . X . . . . . . X . X . X . . . X X . . . X X X . . . . . . . . X X . . . . . . X . X X X . . X X . . . X . . . . . X X . X X X X . . . X . X X . . . X . . . . . . . . . . .
 -36  . . . . . . . . . . . . . . . . . X X X . . . X X X X . . . X . . X . . . . X X . X . . X X X X . . X . . . . X . . . . . . . . . . . X . X X X . . . . . . . . . X . . . . X X X . . . . X . . X X . . X . X . . X . . . X . . . . . . . . . . . 
 -35 . . . . . . . . . . . . . . . X X X . X . . X . X . . . X X X X X . . . . . X X X . . X . X . X . X . . . . . . . . . X X . X . . . . . . X X X X X . . . . . . . . X X X . . X X X X . . . . . X . . . X X . X . X X . . . . . . . . . . . . . . .
 -34  . . . . . . . . . . . . X . X X X X . X . X X . . . . X X X . X X X X . . . X X . . X . X . X X . . X . . . . X X . X . X X . . . . . . . . X . X X X X . X X X X . . X . . . . . X X X X . . . X . X X . . . . . X . . . . . . . . . . . . . . . 
 -33 . . . . . . . . . . . . X X X X . X X X X X . . . . . . . X . X . . X . . . . X . . X X . . . . . X . . . . X . . X X X X X X . . . . . X . . . X . X . . . . X . X . . . . . . . X . . . X . . . . X X . . . X . X X . X . . . . X . . . . . . . .
 -32  . . . . . . . . . . . . . . . . . . X . X X . . . . X X . . . X . . . . . . . X . X X . . . X . . . . . . . . X X . . . . . X . . . . X X . . . X . . . . . X . . . . X . . . X X . . X . . X . . . . X X X X X X . X . X . . X X X . . . . . . . 
 -31 . . . . . . . . . . . . X X . . . . X X . . . . . X X X . X . X X . . . . . . . . X X . . . . . . . . . . . X X . . . X X . X . . . X . . X X . . . . . . . . . . . . . X . X X X . . X X X X . . . . . X . X . . X X X . X . . X . . . X . . . . .
 -30  . . . . . . . . . . . . X . X X . . X . . . . . . X X . X X X X . . . . . . X . . X X . . . X X . X X . . X X . X . X . . . X X X . . . . X . . X . . . . . . . . . . . . X X . . . X . . . . . X . . . X . . . X . X . . X . X . . . . . . . . . 
 -29 . . . . . . . . . . . . . . X . . . . . X . . X X . X . X . . . . . . . . . X X X . . X . X . . . . . . X . . X X . . . . . . X . X . . . . . . X . . . . . . . X X . X X X X X . . . . . . X . . . X . X . . . . . . X X . X X X X . . X . . . . .
 -28  . . . . . . . . . . . . X . . X . . . . . . . X . . X . X X X . X . . X . . . . . X . . X X X . . . . . X . . . . X . . . X X . X . . X X X X X . . . . . . . X . . X . . X X . . . . . . X X . . X . . X . . . X X . . X . . . . . X . . . . . . 
 -27 . . . . . . . . . . . . X . . X X . X . X X X . X X . X X . X . . X . . X . . . . . X . . . . . . . . . . . . . . . X X . . . X . X . . . . . . . . . . X . . . X X . X . . X . . . . . . . X . . . X . X . . X X . X . . . X . . . . X . . . . . .
 -26  . . . . . . . . . . . X . . . X . . . X X X . . . . X . X . . . . . . . . . . X X X X . . X X . . X . X . . . . . . X X X X . X . . . . X X . X . . . X . . . X . . . . . . . X X . X . . X X . . . . . . . . X . . X . . X . . . X X X . . . . . 
 -25 . . . . . . . . . X X X . . . X . . . X . X X . X . . . . . . . . . . . X X X . X X X . . . X X X X . X X . . . X X X X . . X . . . . . . X X X . . . . . X X . . . . . . . X X X . . . X . X X . . . . . X . . . . . X . . . . X X . . X . . . . .
 -24  . . . . . . . . . X . . X . . X X X . . . X X . . . X . X . X X X . . X . X . . . . . X . X . . . . . . X X . . X . . X . X X X . . . . X X . . . . . . . X . X X . . . . X . X X . . X X X X . . X X . X . . . . . . X X . . . X . X X . . . . . 
 -23 . . . . . . . . . X X . X . X X . . X . X X . . . . . . X . . . . X . X . X X . X . . . X X . X X . . . . X X . X X . . . . . X . X . X . X . X . . X X . . . . . X X . . . X X X . . X . . . . . X . . . . . . . X . . X X . . X X . X . . . . . .
 -22  . . . . . . . . . X X . . . . X X . . . . . X . . . X . . . . . . X X . . . . . X X . X . . . . X . . X . . X . . . X . . . X X . . . . . X . . . . . . X . . . . X X . X . . . . . X X X X . . . X X X X . . . . . X . . . . . X X . . . . . . . 
 -21 . . . . . . . . . . . . . . X X X X . . X . . X X . . X X . . . . . X . . . X . . . X . . . . . . X X . . . X X . . X X . . . X . . . . X . . . . . . . X . . . . . . X X . . . . . . X . X . . X . . . . X . . . . . X . X . . X X . . . . . . . .
 -20  . . . . . . . . X X X . . . . . . . X X X X . . . . . X . . . . . X X . . X X X X . . . . . . X X X . X X X X . X X . . . . . . . . . . X . . . . X . . X X . X . . . . . X . . . X X X X . . . X X X . X X X . . . X . X . . . X . . . X X X . . 
 -19 . . . . . . . X X X . . X X X . . . X . . . . . . . . . . . . . . . X . . . . . X . . X . . X . . . X X . X . X X . X . . . . X X . . . X . . . X X X X X . X . X . . X . . . X . . X . X X X X . . . . . . X X X X . X . . . X X X . . X X X . . .
 -18  . . . . . . . X . X X . X . . . . X . . . . X X X . . X . . X X . . . . . . X . X X . X X . . X . . X X X X . X X X X X X . X X . . . . X X . . . . . X X X . X X . . X . . X . . . . . . . X . X . . X . X . X X X X . . . . . X . X X . X X X . 
 -17 . . . . . . . X X X . X X X . X X . . . . . . . X . . X X . . X X . . . . . . X X . . . X X X . X . . X . X X . . X X . X . . . X . X X . . X X X X . . X . . X X . . X . X . . . . X X X . . X . X . . . . . . . . . . . . . . . . X . . X . X X .
 -16  . . . . . . X X . X X . . . . X X X . . . . . . . X X . . . . . . . . . . . . X . . X X . . . . . . . . X X X . . X X . . . . . X . . X . . X . . . X . . . X . . . . X . . X X . . X X . . . X . . . X . . X . X X . . X . X X X X . . . X . . X 
 -15 . . . . . . . X . . . . X X X . X . . . . . . . X X X . . . . X . . . . . . X X X . X X . X . . X X X X . X . . . . . . . X . X X . X X . . X . . . . . X . X . . . . . X X X . X X X X X . . X . X . . . X . X . X . . X . . . . . . X . . X . . .
 -14  . . . . . . . . . . . . X . . X . . . . . . . X . . . . . . X X X . . . . X X X . . X X X . X . . X X X . X . . . . X . X X . X X X . . X . . . . . . . X . X . . . . X X X X . X X . X . . X X X . . . . X . X . X X . . . . . . . . . . . . X . 
 -13 . . . . . . . . . . X . X X . . . X . . . . . . . . . . X X . X . X . . . . X X . . X . . . . . X X X X . . X X . . X X . X X X . X X X X . X . . . . . . . X X . . . . . . X . . X X X . . . X . . . . . . . . X . X . . . . . . X X X X . . X . .
 -12  . . . . . . . . X X X . X X X X X . X X . . X . . . . . X . . . X X . . . . X . . . . . . . . . . X X X X . X X . . X X . . X . . X X . X X X X X . . . . . X . . X X X X . . . . . X X X X . . X X . X . . . X X . X X X X . X X X X . X . . . X 
 -11 . . . . . . X . X X X X X . X . . . X . . . X . . . . X . . . . X X . . . . . X . X X X . . . . X X . . . X . X . . . . X X . X . . . . . . . X X . . . . . . X . X X . X . X . . . . . X X X X X . . . X . X . X . X X . X X X . X . . . . X X X .
 -10  . . . . . X . . . X . X . . X X X . X . X X X X X . . . X . X X X . . . . . X . . . . X X . . . . . . . . . . . . . X . X . . . . X . . . . X . X . . . . . . X X . . . . X X . . . . . . X . . X . . . . . . X X . . X . X . X X . . . . . X X . 
  -9 . . . . . . X . . . X . X X X . X X X . . X X . . X X X X . . X . . . . . . . X . . . . . . X . X X X . X . . . X . X . . . X X . . X . . . . . . . . . . . . . . X . . . X . . X . . . . . X . . X X X X . . . . . X X . X . . X X . . . . X . . .
  -8  . . . . . . . . . X . . . X . X . . . . . X . . . . X . . . . . . . . . . . . X . . . . X . . X . . . . . . X . X . . . . . X X . . . . . . . . . . . . . X . X . . . . X . X X . . . . X . . . . . . . . . . . X X . X . . . . . X X X . . . . . 
  -7 . . . . X . X . . X X . . . . X . X . . . X . . . . . . . . . . . . X . . . . . . . . . . X . . . X . . . X X . . . . . . . . X X X X . . . . . X . . X . . . X . X . X X X . . . X X . X . . . . X . . . X . . . . X . . . . . X . . X X . . X . .
  -6  . . . . X X . . . . . . . X X X X X . . X X X . . . . . X . X X . . X X X . . . . . X . . X X . . . . . . . . . . . X . . . . . . . X . X . . . . . . . X X X X X . X X X X . X . X X . . X X . X X X . . . . . . . . . . . X . . . . . . X X X . 
  -5 . . . X X . X X . . . . . . X . . . . . . . X X . . . X . X X X X . . . X X X . X X . . X X . . X . . . X . . . . . . X X X X X X X . . X . . . X . . X . . . . . . . . . . . . . . . . X . . . X . X . X X . X . . . X . X . X X . . X . . . . X .
  -4  . . . X X . . . . X X X . X . . . X X . . X X X . . X X X X X . X . . . . . X . X X X X X . . . . X . . . . . . . . . . . . . . . . . . . X X . . . . . . . . X . X . . . . . . . . . X . X X X . . X . . X X . . . . X . . . . . . . . . . . . . 
  -3 . . . . X X . X . X X . . X X . . X . X . . X X . X . . . . . . . X . . . . . . . . . X . . . . X . X X . . . . . . . X X X X X . . . . . . X . . . . . . X . . X X . . . . . . . . . X . X . . . . . X . . X . . . . X X . . . . . . X . . . . X .
  -2  . . X X . X X . X X . X . X X X X . . . X . . X X . . X X . . . . . . . . . X X X . . . . . X . X . X X . . . X . X X . . . X X . . . . X X X . . . . . . . X . . . X . X . . X X . X X . X . . . . . . . X . . X . X X . . . . . . X X . . . . . 
  -1 X X X . . X . X . X X X X . X X X . X . X . X X X X . . . . . . X X . . X . . . . . . . X . X X X . . X X X X . . X . . . . . X . . . X . . . . . . . . . . . X . . X . . X . X . X . . . X . . . . X . . . . . X . . X . . . . . . . X . . . . . X
   0  X . . . X X X . X X . . X . . . . . . X . . X X X . X X X . X X X . . . . X X . . X . X . . . . . X X . . X . . . . X . . . . . . X X X . X . . . . X X X . . . . . . X . X . . X . . . . . X . . X . . . . . . X . . . . X X . X X X X . . . . X 
   1 X X X . X . . X X X . X . . . . . . . . X . X X X X . . X . . . . X . X X . . . X . . X . X X X X X X . . . . . . X . . . . . . . . X X . X . . . . . . . . . . . . . . . X . X . . . . . X X . X X X . X . . . X X X X . . . . X . . X X X . . . .
   2  X X X X . . X . X X . X X X . . . . . . X . X X . . . . . . . . X X X X X X . X X X X X . . . . X . . . . X . . X . . X . X . . . X . . X . . . . . . . X . . . . . . . X . X . . . . . . . . . . . X X . . . X X . . . X . . . X X . X . . . . . 
   3 . . . X . X . . . . X X . X . . . . . . . X X X . . . X X . . . . . X X X . X X . . X X . . X X X X . . . X X X . . X X X . . X . X X X X . X X . . . . . . X . . . X . . . . . X . . . . X . . . X . . X . . . . X . . . X . X X . . X . . X X . .
   4  . . X . . X . . . X . X X . . X X X . . X . X . . . . X . . . . . . . X X X . X X X X X . . . X . . . X X . . . . . X X X X X X . X . . . X . . . . . . . . . . . . X X X . . . . X . . . X X . X . . . . . . . . X . . . X . . . . . X . . X . . 
   5 . . X X X . X . . . X X X X . . X X . X . . X . X X X . X . . . . . . . . X . X . . . . . . . . . . . . . X . . . . X . X X . X . . X X . X . X X X . . . . . . . . . . . . . . X X . . . . X X . X X . . . . . . . . X . . X X . X . . . X . . . .
   6  . . X X . . X X . . X . . . . . . X X . . . . . . . X X . . . . X . . X X . . . X . . X . . . . . . . X . . X . X . . . . . X . X . . . . X X X X . . . X X . . . . . . . X . . . X . . . X . X . X . . X X . . . . X . . . . X . . . . X . . . . 
   7 . . . X . . . . . . X X . . . . . . X . . . X . . . X X . . . X X X . . . X . X . X . . . . X . . . . . . . X X X . . X X . . . X X . . . . X X X X . . X . . X X . . . . X . . . . . X . . . X . X X . . . X . . X X . X . . . X . X X . . X . . .
   8  . . . X X . . . X . X . X X X X . X . . . X . X . . X . . X . . X X . . . . . . X . X X . . . . . . . X X X X . . . . X . . X . . . . . . X . X . . X . . . X X X . X . . X X . X X . . X X . X X X . . X . X . . . . . X X . . X . X . . . X . . 
   9 . . . . . X . . X X . . X . . X X . X . . . X . . . X X X X . . . . . . . X . . . . . X X X . . . . X X . . . . . . X . . . . . X X . . . . X . . X . X . . X X . . . X . X . . . . . X . . . . . X X . . X . X . . X X X . X X X X . . . X . X . .
  10  . . . X X . . . X . X . X . X . X . X X . . X . X . X . . . . . . X . . . . X X . . X X . . . . . X . X X . . . . . X . . X . . . . . . . . . . . . X . . X X . X . . . X X . . . X X . . . . X X X . . . . . . X . . . . . . X X . . . . . X . . 
  11 . . . X X . . . . X X X X . X X . . . . . . . . X X X . . . X . . X . . X . . . . . . . X . X . . . X X . . . . . X X X X . X . . . . . . . X X . X . . . X . . . . X X . X . . . . X X . . . X . . X . . . . X . . . X . . X . . X . . . . . . . .
  12  . . . X X X X X . . X . . . . . . . . . . . . . . X . X X . . . . . X . . . . . . X X X . . . . . . . X X X . X . . . . X . . . . . . . . . . . . . . . . . . X X . X . . X X . . . . X X X . X X . X . . . . X . . . X . X . . . X . . . . X . . 
  13 . . . X X . X . . X . . . . . . . . . X . X X X X . . X X . X . X X . . X . X . . . X X . . . . . X . X X X . . . X X . . . . . X . . . . . . . . . . . X . . X . X . X . . . . . . . . . . . . X . . . . . . X . . . X X . . X X . . X . . . . . .
  14  . . . X X . . . . X X X . . . . . X . X X X . X X X X . . . . . . X . X X X X . . . X X X . . X X X X . . . . . . . . . . . . X X X . X . . X . . . . . . . . . X . X X . . . X . . . . X . . . . X . . . X X . . . . X . X . . . . . . . . . . . 
  15 . . . . X . . . . . . . X . X X X . X . . . . . X . X . . . . . . . X . . . . X . X X . . . . X . . . . . . . . . . . . . . . . X . . X X X . X X . X . . . . X X . . . X X . X . . X X X X . . . . X . X . . . . . X X X . . . . X . X X . . . . .
  16  . . . . . . . . . . . . . X X X . . . . . X . X X . . . . . . X . X . . . X . . . . . . X X X X X X . . . . . . . . . . . . . . . . . . X X . X X X . . . X X . X . . . X . . X . . . X . . X X . X . . . X X . . X X X X X . . . . . . . . . . . 
  17 . . . . . X . X . . X . . . X X . . . . . . . X . X . . . X X . . . X . . . . . . . X . . X . X X X X X . . . . . X X . . . . . . . . . . . X . . . X . . X . X . . . . . . . . . . X . . X . . . X X . X X X X . X . X X . . . . . . X . . . . . .
  18  . . . . X X . . . . . . X X X . . . X . . . . . X . X . X . X X . . . X . . . . . X X . X X . . X X X X . X . X X X X . X . . . X . . . . . X . . . . . . . . . . . . X . X X . . X . X . X . X X . X . . X . X X . X . X . . . . . X X . X . . . 
  19 . . . . . . X . . . . . X X . . . . X X . . . X . . X . . X X X . . . . . . . . . X X X . X . . . . . . . . . . . X . X . . X . X . . . . X . . X X . X . . . . . . X . . . . . . X X . . . . . . . . . . . . . . X . X . . . . . X X X . X X . . .
  20  . . . . . . . . . . . X X . . . . X . X X . . X X . X . . X . . . . . . . . . . . . X X . . . X . . . . . . . . . . . . . . X . . . . . . . . X . . X . X X . X . . . X X . . X . . . X . X . . . . X X . . . X X X X X . . X . X X X X . X . . . 
  21 . . . . . . . . . . . . X X . . . X . X . X X . . X . . . X . . . X X . . . . . . . . X X X . X . . X . . X . X X . . . . . . X X X X . X . X . X X . X . . X . . . . . . . . . X . . . . . . . . . . . . . X X . X . . . . . . X . . X . . . . . .
  22  . . . . . . . . . . X X . . . . X X X X X . . . X X . . X . X X X . X . X X . . . . . X X . X . . . . . X . X . . . . . . . X . . . . X X X X . . . . X . X . . . . . . . X . . . . X . . . . . . . . . . . X . . . X . . . . X X X X . X . . . . 
  23 . . . . . . . . X . . . X X . . . . X X X . X . X X . . . . . X . X X . . . . X . X . X X X . . X . . . . X . . X . . X X . . . . . . . X . X X . . . X X . . . . . . . X X . X . . . X X . . . . X X X X . X . X X . . . . . X . . . . . . . . . .
  24  . . . . . . . . X . X X . . . . . . . . . . . X X X . . X . . X . X . . . X . . . . X . . X . X . X X X X . X X X . X . . . . . . . . . X . X . . . X X X . . . . . . X . X X X . . . X . . . X . . X X X . X X X X . . . . . X . X . . . . . . . 
  25 . . . . . . . . X X . . . X . . . . X X . . . X . . X X X X X . X X X . . . X . . . X . . . X X . X X X X X . X X X X X . . . . . . . X X X . . . . . . . . . . . . . X . . X . X . . X . . . X . X X . . X . X X . . . . . X X . X . . . X . . . .
  26  . . . . . . . . X . X X X . . . . X X . . X X . . . . X . X X X . X X . . X X X . X X . . . . X . X X . . X . . . . X . . . . . . . X X X . X . . . X . . . . . . . . . . . . X X X . . . X X X . . . X X . . . . . X . . . . . X . X . . . . . . 
  27 . . . . . . . . . X . . . X . . X . . X . . . X . . . X . . . X . X . . . X X . . . X . . . . X X . . X . . . . . X X . . X . . . . . X . X X X . . . . . . . . . . . . . . X . . . X . . . X . . . X . . . . . . . X X X . . X . X X . . . . . . .
  28  . . . . . . . . X X X X X X . X . X X . . X . . X X . . . X X . X X . . . . X . . . X . . X X . . . . . X X . . . . . . . X X X . . X X X X . . X . X . . . . X . . . . X . . . . . X . X . . X . X . X . . . . . . . X . X X . . X . . . . . . . 
  29 . . . . . . . . . X X X . . X . . . . . . . . . . . . . . . X X X X . . X . . . X . . . X X . X . . . . . X . . . X X . . . X . X X X X . . . X . . X . . . . . . X X . . . X . . . . . . . X . . X . . . . X X X . . X X X X . . . . . . . . . . .
  30  . . . . . . . . . . X . . . . . . . . . X . . . . . . . X . . . . . X . . . . X X . . X . . X . . X X . . X . . . X X . X . . . . . X . . . . . X . X X . . . . . . . X X . X X . . X X . X X . X X . . X X . . X . . . . X . X . X X . . . . . . 
  31 . . . . . . . . . . . . . . . . . . X X . X X . X . X . . . . X . X . X . X . . . . . X X . X . X . . . . X X X . X X X X X . . . . . X . . . X X X . X . . . . . . . . . X X X X X . . . . . X . X . . . X . . . X . . . . . X X . X . . . . . . .
  32  . . . . . . . . . . X . . . . X X . . . . X X . . . X . . . . X . . . . X . X . X . . . . . . . . . X . . . X X . X . X . . . . . . . . . . X X X X X . X . . . X X . X . . X . . . . . . X . X X . . . X . X X X . . X X . X X . X X . . . . . . 
  33 . . . . . . . . . . . X . . . X . . X . . . X . . X . X . . . X . . X X X X X . . . . X . . . . . . . . . . . X . X X X . X . . . . . X X X X X . X . . . . . . . . . . . X . . . . . . . . . . X X . . . X X . X X . . . X . . . X . . . . . . . .
  34  . . . . . . . . . . . X X . X . X . . X . . . X X X X . . X X X . . X X . . X . . . X . . . . . . X . . . X . . X . X X . . . . . . . . . . . X . . . . . . . . . . . . X . . . X . . . X . . . X X X . . X . . . X . . . . . . X . . . . . . . . 
  35 . . . . . . . . . . . . . . . . . . . . X . . . X . X X . X X X . X . . . . . X . . . X . . X . X X . X X . X X . . . X X . . . X . . . X . X . . X . . . . . X . . . . . X . . . X X X X . . . . . . . X . . X X . . . . X . . . . . . . . . . . .
  36  . . . . . . . . . . . . X . X X . . . . X . . . . . X . . X . . . X . . . . . X . X . X X . X . . X X X X X X X . . X . . . X . X X X . X X . X . . X X . . X . . . X . . . . . . X . . . X . . . . X . . . . . . X . . . . . . . . . . . . . . . 
  37 . . . . . . . . . . . . . X . . X . X . . X . . . . . . . X . X . . . . . . . . . . X . . X X . . . . . X X . . . X . . X . . . . X X . X . X X X X . X X X X . . . . X . X X . X . X . . X X X X X . . . . . . . . . . . . . . X . . . . . . . . .
  38  . . . . . . . . . . . . . . X . X X . . . . . . . X . . . X X . . X . . . . . X . X . . X X X . . . X X . . . . . X . . . . . . . X . X X X X . . . . . . . . . . . . X X X X . X . X X . X . . X X . X X X . . X X . . . . . . . . . . . . . . . 
  39 . . . . . . . . . . . . . . X X . X . . . X . . . . . . . X . X . X X . . . . . X . X X X X . . . . . . . . . . X . . . X . X . . . . X . . . . . . X . . . . . X X X . . . . . X . X . . X . X X . . X . . . . . . . . . . . X . . . . . . . . . .
  40  . . . . . . . . . . . . . . X X X . X . . . X . . . . . . X X X X . X X . . . . . X . X X . . . . . . . . X X . . . . X . X . . . X . . X . . X . X . X X . . . X . . . . . . . . X X X X X . X . . X X X X . . . X X . . X . . . . . . . . . . . 
  41 . . . . . . . . . . . . . . . . . . . . . . . X X . . . . . . . . X X X . . . X X . X X . . . . . X X X . . . . . . X . X X . X X . X X X . . . . X . . . . X X . . . . X X . . . . . . . . . . . . . X . . X X X X . . X X . . . . . . . . . . . .
  42  . . . . . . . . . . . . . . . . . . X . . . . . X . X . . . X . . X . . X X X . . X X . . . X . . X . . X . . . X . X . X . X X X X . . . . . . . X . X X . X X . . . . X . X X . X X X X . . . . . X . . X . X X X . . X . . . . . . . . . . . . 
  43 . . . . . . . . . . . . . . . . . . . X X . X . . . . X . . . . . . . . . . X . . . . . . X . X . . X X X . . . X X . . X . . . . X X . . . . . . . . . . . X . . . . X . . . . X . . . . X . X . . . . . . X . X . . X X . . . . . . . . . . . . .
  44  . . . . . . . . . . . . . . . . . . . . . . . . . . . . . . . . X . . . . . X . . X . . X . . . . X . . . . . . X . . . . X X X X X . . . . . X . . . . . X . X . . . . X . . . X . . X . X . . . . . X X . . X X . . . . . . . . . . . . . . . . 
  45 . . . . . . . . . . . . . . . . . . . . . . . . X . . . . . . X . . X . X X . . . . . X . . . X . . X . . . . . . . X . . . . . X X . . X . X X . . . . . . X . . . . X . . . . X . . X . X X . X . . . X . X . X . . . . . . . . . . . . . . . . .
  46  . . . . . . . . . . . . . . . . . . . . . . . . X . . . . X . . X . X X X . . . . . . . X X X . X X X . . . . . . . . . . . X X . . X X . X . X X . . . . . . . . . . X X X X . . X X X . . X X . . . . X . X X X . . . . . . . . . . . . . . . . 
  47 . . . . . . . . . . . . . . . . . . . . . . . . . . . . . . . . . X . . X X . . . X . X . . X . X . . . . . . . X X . . . . . . . X X . X X . X X . . . . X . . . X X . X X . X X X . X X . X . . . . . . X X X . . . . . . . . . . . . . . . . . .
  48  . . . . . . . . . . . . . . . . . . . . . . . . . . . . X X . . . . . . . X . X X . X . X . . . X . . X . . . X X X . . . X . . . . . X X . . X X . . X X . . . . X . . . . . X . . . . X X . . . . X X X . . . . . . . . . . . . . . . . . . . . 
  49 . . . . . . . . . . . . . . . . . . . . . . . . . . . . . X X . . . . . . . . X X . . . X . . X . . . . . . X . X X X X X . . . . . X X X . X . X . . . X . X . . X X . . . . . X . . . . . . X . . . . . X X . . . . . . . . . . . . . . . . . . .
  50  . . . . . . . . . . . . . . . . . . . . . . . . . . . . . . . X X X X X X X . . . . . . . . X . X . . . X X X X . . . . X . X . . . X X X X . . . . . . X X X . . X . . . . . X X . . . X . X X . . . X X X . . . . . . . . . . . . . . . . . . . 
  51 . . . . . . . . . . . . . . . . . . . . . . . . . . . . . . . . . X X X . X . X X . . . . . X X . . . . . X . . X . . . . . X . . . X X . . . . X . . . . . . . X . . X . . . . X X . . . X . X . . . . . X . . . . . . . . . . . . . . . . . . . .
  52  . . . . . . . . . . . . . . . . . . . . . . . . . . . . . . . . . . X . . . . X X X . . . . X . X X . . X . X . X . . . X X . X . X X X . X X . . . . . . . . X X . . . . . . . . . . . . . . X . X . . . . . . . . . . . . . . . . . . . . . . . 
  53 . . . . . . . . . . . . . . . . . . . . . . . . . . . . . . . . . . . . X . . X . X X . . . X X . . . X . . . X . X . . X . . X X . . . X X X . X X X . X . . . . X X X . X X . X X . . . . . . X X X . . . . . . . . . . . . . . . . . . . . . . .
  54  . . . . . . . . . . . . . . . . . . . . . . . . . . . . . . . . . . . . . X . X . . X X X . X . X X . . . X . X . . . . . . . . . . X X . . . . . . . . . X . . . . . . X X . . X . . . . . X X X . . . . . . . . . . . . . . . . . . . . . . . . 
  55 . . . . . . . . . . . . . . . . . . . . . . . . . . . . . . . . . . . . . . X . X X . X X . . . X . . . . X . X . . . . . . . X . . X X X X X . X . . . . . X . . . . X X X . . X X X X . X . . . . . . . . . . . . . . . . . . . . . . . . . . . .
  56  . . . . . . . . . . . . . . . . . . . . . . . . . . . . . . . . . . . . . . . X . X . . . X . . . . . . X . X X . . . . . . . . X X X . . . . X . . . . . X . . . . . . X . X . X . . X X . . . . . . . . . . . . . . . . . . . . . . . . . . . . 
  57 . . . . . . . . . . . . . . . . . . . . . . . . . . . . . . . . . . . . . . . . . . . . . . . . . X X . . . X X . X . . X . . X . . X X X X X . X . . . . . . . . X X . X . . . X X X X X . . . . . . . . . . . . . . . . . . . . . . . . . . . . .
  58  . . . . . . . . . . . . . . . . . . . . . . . . . . . . . . . . . . . . . . . . . . . . . . . . X . . . . X . . . X X X . X X . X . . X . . . . . . . . . . . . . . X . . . . . X . X . . . . . . . . . . . . . . . . . . . . . . . . . . . . . . 
  59 . . . . . . . . . . . . . . . . . . . . . . . . . . . . . . . . . . . . . . . . . . . . . . . X X . . . . . . X . X X . X X . . . . . . . X X X X X . X . X . . . . . . . . . . . . . . . . . . . . . . . . . . . . . . . . . . . . . . . . . . . .
  60  . . . . . . . . . . . . . . . . . . . . . . . . . . . . . . . . . . . . . . . . . . . . . X X . . . . . . . . X . X . X X . X . . . X . X . . X X X X . . . . . . X . . . . . X . . . . . . . . . . . . . . . . . . . . . . . . . . . . . . . . . 
  61 . . . . . . . . . . . . . . . . . . . . . . . . . . . . . . . . . . . . . . . . . . . . . . X . . . X . . . . X . . . . . . . . . . . X . X X X . . X X . . . . . . . X . X . . . . . . . . . . . . . . . . . . . . . . . . . . . . . . . . . . . .
  62  . . . . . . . . . . . . . . . . . . . . . . . . . . . . . . . . . . . . . . . . . . . . . . . . . X . . . . . . . . . . . . X . . X . X X . . . . . . X X X . . . X X . . . . . . . . . . . . . . . . . . . . . . . . . . . . . . . . . . . . . . 
  63 . . . . . . . . . . . . . . . . . . . . . . . . . . . . . . . . . . . . . . . . . . . . . . . X . . . X . . . X X . . . . . X X X . X . . . . X . . . . . . . . . X X . . . . . . . . . . . . . . . . . . . . . . . . . . . . . . . . . . . . . . .
  64  . . . . . . . . . . . . . . . . . . . . . . . . . . . . . . . . . . . . . . . . . . . . . . . X . . . X X X . X . X . . . . . . X X . . . . X . . . . . . . . . . . . . . . . . . . . . . . . . . . . . . . . . . . . . . . . . . . . . . . . . . 
  65 . . . . . . . . . . . . . . . . . . . . . . . . . . . . . . . . . . . . . . . . . . . . . . . . X . . . X X . . . . X X . . . . . . . . . X . . . . . . . . . . . . . . . . . . . . . . . . . . . . . . . . . . . . . . . . . . . . . . . . . . . .
  66  . . . . . . . . . . . . . . . . . . . . . . . . . . . . . . . . . . . . . . . . . . . . . . . . . . . . X . . . . X . . X . . . X X . . . . . . . . . . . . . . . . . . . . . . . . . . . . . . . . . . . . . . . . . . . . . . . . . . . . . . . 
  67 . . . . . . . . . . . . . . . . . . . . . . . . . . . . . . . . . . . . . . . . . . . . . . . . . . X . X X . X . . . X X . . . . . X . . . . . . . . . . . . . . . . . . . . . . . . . . . . . . . . . . . . . . . . . . . . . . . . . . . . . . .
  68  . . . . . . . . . . . . . . . . . . . . . . . . . . . . . . . . . . . . . . . . . . . . . . . . . . . . . . X X . . . X . . . . . . . . . . . . . . . . . . . . . . . . . . . . . . . . . . . . . . . . . . . . . . . . . . . . . . . . . . . . . 
  69 . . . . . . . . . . . . . . . . . . . . . . . . . . . . . . . . . . . . . . . . . . . . . . . . . . . . . . . X . . . . . . . . . . . . . . . . . . . . . . . . . . . . . . . . . . . . . . . . . . . . . . . . . . . . . . . . . . . . . . . . . .
