-24,220,-16,245
........................................#............................................................................................................................................................................................................
.......................................#.#...........................................................................................................................................................................................................
......................................#...#..........................................................................................................................................................................................................
.....................................#.....##........................................................................................................................................................................................................
................................#####........#####...................................................................................................................................................................................................
...............................#..................#......................#...........................................................................................................................................................................
..............................#....................#....................#.#..............#...........................................................................................................................................................
.............................#......................#................#.#...#............#.#..........................................................................................................................................................
............................#........................#................#.....#.........##...#.........................................................................................................................................................
...........................#..........................#................#.....#.......#......#........................................................................................................................................................
..........................#............................#................##....#.....#........#.......................................................................................................................................................
.........................#..............................#..............##.#....#...#........#........................................................................................................................................................
........................#................................######.......##...########........#.........................................................................................................................................................
.........................#.....................................#.....##..........#........#..........................................................................................................................................................
..........................#.....................................#...##............#.......#..........................................................................................................................................................
...........................#.....................................#.##..............#.....#...........................................................................................................................................................
........................#...#...........................#.......#.##................##..#............................................................................................................................................................
.........................#...#.........................#.#.....#.##...........#.......##.............................................................................................................................................................
.........................#....#...................#####...#..##..#.............#..#....#.............................................................................................................................................................
........................#......#...............######......####.##.............###.######............................................................................................................................................................
.......................#........#.............########....#.#####..............###....#..#...........................................................................................................................................................
......................#..........#...........###.....##..#.#...##..............##.#..#...............................................................................................................................................................
.......................#..........#.........###.......###......###.....##.....#..#.##................................................................................................................................................................
........................###...##...#..########.........#........###.######...#....#..................................................................................................................................................................
...........................#.#..#...##....#.#..........#.........###.....##.#......#.................................................................................................................................................................
............................#....#..##..####..........#.........####......##........#................................................................................................................................................................
..................................##.####...........####.......###..#.....##.........#...............................................................................................................................................................
..................................###.##...........##...#.....##.#...#...##...........#..............................................................................................................................................................
.................................#...####.........#.#....#..###.#.....#.##.####........#.............................................................................................................................................................
................................#...##..##......##..#.....#..#.#.......##.#....#.......#.............................................................................................................................................................
................................#..#.#...##....##.#.#......#..#..........#......#......#.............................................................................................................................................................
.................................##..#....##..##...##.......#..#.......##.#......#.....#.............................................................................................................................................................
.....................................#.....####.....#........#..#.....#....#......#....#.............................................................................................................................................................
......................................#.....##......##.......#...#...#.....##......#....#............................................................................................................................................................
.......................................#............#.#......#....#.#.....#.##......#..#.............................................................................................................................................................
........................................#..........#...#.....#.....#.....##..#.......##..............................................................................................................................................................
.........................................#.#........#...#....#....##....#..####......#...............................................................................................................................................................
..........................................#.#........#...#...#...##.#..........#....##...............................................................................................................................................................
.........................................#.#.#......#.....#..#####..............#..#..#..............................................................................................................................................................
......................................###.#...#....#......#######................##....#.............................................................................................................................................................
.....................................#....#....##.#......#.##...................##......#............................................................................................................................................................
....................................#......#....##........##.#.................##........#...........................................................................................................................................................
....................................#.......#....#.......###..#...............##..........#..........................................................................................................................................................
....................................#.......#....##.....#.##...#.............##............#.........................................................................................................................................................
....................................#.......#....#.#...#..##....#..#.#......##..............####.....................................................................................................................................................
....................................#.......#....#..#.#...##.....##.#.##...##...................#....................................................................................................................................................
....................................#.......#....#.#.#...#..#...........#.##.....................#...................................................................................................................................................
....................................#.......#....##.#...#....#...........#..#.....................#..................................................................................................................................................
....................................#........#...#.#...#......#..............#####...............#...................................................................................................................................................
....................................#.........#.#.#...#........#.............##...#.............#....................................................................................................................................................
.....................................#.........#.#.#.#..........#...........#..#...#...........#.....................................................................................................................................................
......................................#.........#...#............#.........#....#...#.........#...................##.................................................................................................................................
.......................................#........##................#.......#......#...#.......#...................#..#................................................................................................................................
........................................#........##................#.....#........#...#.###.#...................#....#...............................................................................................................................
.......................................#..........##...............#....#..........#...#...#...................#......#..............................................................................................................................
......................................#...........###........########..#............#........................###.......#..............................#..............................................................................................
.....................................#...........#..##......#..##...###..............#....##................##..#.....#..............................#.#.............................................................................................
....................................#............#...##....#..#..#...##..............#...#..#..............##....#...#..............................#...#..#.........................................................................................
...................................#..............######..####....#.#.##..............#.#....#####..........##....#.#..............................#.....#..#........................................................................................
..................................#....................#.##........#...##..............#..........#................##.............................#.......#..#.......................................................................................
.................................#....................#.#.#....#........##............#.#..........#...............##............................#.........##.#......................................................................................
................................#......................#.#.#..#..........##..........#...#..........#..............#.#...........................#.........##..#.....................................................................................
...............................#........................#.#.##............##........#.....#..........#.............#..#...........................#.......#..#..#....................................................................................
..............................#.........................#..##..............##......#.......#..........#.............#..#.#.........................#.....#....#..#...................................................................................
.............................#...........................#.##...............#######........#...........#............#...#.#.........................#...#......##.#..................................................................................
............................#.............................#..#...............#............#.............#...........#.....#..........................#.#........#..#.................................................................................
..........................##..................................#...............#..........#...............#..........#....#............................#.........#...#................................................................................
.............###.........###...................................#...............#........#.................#.........#...#.......................................#....#...............................................................................
............#...#.......##.#....................................#..............#.......#...................#.......#...#........................................#.....#..............................................................................
...........#.....#....###..#.....#...............................#............#......##.....................#.....#..##.........................................#......#.............................................................................
..........####....#..#..#..#....#.#...............................#............#...##........................#...#..#...........................................#.......##...........................................................................
.........###..#....##....#.#...#...#...............................#....##.....#..#...........................#.#..#............................................#.........#..........................................................................
........##.##..#...##.....##..#.....#...............................#..#..#...#..#.............................#..#.............................................###........#.........................................................................
.......##..#.#..#.#..#.....#.#.......#...............................##....#.#..#.............................#.##..............................................#..#........#........................................................................
......##...##....#....#....##.........#...##########.........##......##.....####.............................#..#..............................................##...#........#.......................................................................
.....##....#.....##....#..#............#.#..........#.......#..#......##....#...............................#...................................................##...#........#......................................................................
..........#.......##....##..............#............#.....#....#......##..#...............................#.....................................................##...#........#.....................................................................
.........#.........##...##.............#.#............#...#......#......###...............................#.......................................................##...#........#....................................................................
........#...........##....#...........#..#.............#.#........#..######...............................#........................................................##...#........#...................................................................
.......#.............##..............#..#...............#..........##....................................#..........................................................######......#....................................................................
......#.#.............#.............#..#................................................................#..........................##.................................#..##....#.....................................................................
.....#...#............#............#..#..................................................................#..........................##.................................#.#.#..#......................................................................
....#.....#...........##..........#.##....................................................................#..........................##................................#.#..##.......................................................................
...#.......#.........#..#........#.#.......................................................................#..........................##...............................#.#...........................................................................
..#.........#.......#..#........#.#........................................................................#...........................##..............................#.#...........................................................................
.#..........#......#..#........#.#.........................................................................#............................##.............................#.#...........................................................................
#...........#.....#..#........#.#..........................................................................#.............................##............................#.#...........................................................................
#...........#....#..#........#.#............................................................................#.............................##...........................#.#...........................................................................
#............#..#..#........#.#......................................................................#.......#............................##...........................##............................................................................
#.............##..#...##...#.#.......................................................................##......#............................##...............##..#.......##............................................................................
#.............##.#...#..#.#.#.......................................................................#.#......#.................#.........#.#..............#..##.#.....#..#...........................................................................
.#...........#..#...#....#.#.......................................................................#.####....#................#.#.......#..#.............#...##..#...#....#..........................................................................
..#.........#..#.#.#....#.#.......................................................................#.#.#..#...#...............#...#.....#...#............#...#..#..#.#......#.........................................................................
...#.......#..#...#....#.........................................................................#.#..#...#..#..............#.....#...#....#...........#...#..##...#........#........................................................................
....#.....#..#...######.........................................................................#.#...#....#.#.............#.......#.#.....#..........#...#..##.#...#........#.......................................................................
.....#...#..#...##..#..........................................................................#.#.....#....##............#.........#.....#.......########...#...#..##........#......................................................................
......#.#..#....##...#........................................................................#.#.......#....#.....#.....#.........#.#...#.......#..#...#...#.....############.......................................................................
.......#.##....#..#...#......................................................................###.........#...##...#.#...#.........#...#.#.......#..#...#.#.#........#..#.............................................................................
........#.##..#...#....#..................................................................................#..#.#.#...#.#.........#.....#.......#..#...#...#.........#...#............................................................................
.........#.###....#.....#..................................................................................##...#.....#.........#.....#.#.....#..#...#...#..........#....#...........................................................................
.........#..#.....#......#.................................................................................##..#.#.............#.....#...#...#..#...#...#...........#....#...........................................................................
.........#..#....#........#...............................................................................#..#.#..#...........#.....#.....#.#..#...#...#...........#.....#...........................................................................
..........#.#...#..........#...............................................................................#..#.#..#.........#.....#.......#..#...#...#...........#......#...........................................................................
...........##..#............#...............................................................................#..#.#..#.......#......#......#.##...#...#...........#......#............................................................................
............#.#..............#...............................................................................#..#.##.......#.#.....#.....#......#...#...........#......#.............................................................................
.............#................#...............................................................................#.##..#.....#.#.#....#....#..#####...#...........#......#..............................................................................
............#.#................#...............................................................................##....#...#.#..#....#...#..###.....##..........#......#...............................................................................
...........#...#..............#.#..............................................................................##.#########..#.....#....###..#...##..........#......#................................................................................
......#...#..................#...#............................................................................#.##.#...#....#......#....##....#.##..........#......#.................................................................................
......##.#..................#..................................................................................####.....#..#.......#...##.#....##..........#......#..................................................................................
......#.#..................#....................................................................................##.......##........#..##...#..##..........#......#...................................................................................
......#.....................#...................................................................................#.........#........#..##....####.........#.......#...................................................................................
......#.................######.............................................................................................###########..#....#.##.......#........#...................................................................................
......#................#..........................................................................................................#......#..#..#.#.....##........#...................................................................................
......#...............#..........................................................................................................#........##...#.##..##..#.......#...................................................................................
......#..............#..........................................................................................................#.........##...#.#.#.##...#......#...................................................................................
.......#.##.........#..........................................................................................................#.........#..#..#.#..#..#...#.....#...................................................................................
........#..######..#..........................................................................................................#.........#....#.#.#.#.#..#...#....#...................................................................................
.......#.........#.#.........................................................................................................#..........#.....##.##...####...#...#...................................................................................
...##.#...........##........................................................................................................#...........#......#.#.....###....#..#...................................................................................
....##.............#.......................................................................................................#............#......##.#.....###....#.#...................................................................................
.....##.............#...........................................................................................###########.............#......#...#...#.###...##....................................................................................
......#..............#...........................................................................................#......................#.......#...#.#...###..#.....................................................................................
......##......#.......#...........................................................................................#.....................#........#...##....##..##....................................................................................
......#.#....#.........#...........................................................................................#....................#.........#...#...#.##..##...................................................................................
......#.#####...........#...........................................................................................#....................#.........#.##..#...##..##..................................................................................
......##..##.........................................................................................................#..................#...........#.#.#.....#..###.................................................................................
.....##...............................................................................................................#................##.............##.......#####.................................................................................
....##.................................................................................................................#.........######.##............#........###..#................................................................................
....##..................................................................................................................#.......#........##..........##.......#.#..#.................................................................................
.....#...................................................................................................................#####.#..........##........#.#......#..#.#..................................................................................
.....##.......................................................................................................................#............##.......#.#.....#....#...................................................................................
......##.......................................................................................................................#...........#.#......#.#.....#...#.#..................................................................................
.......##..................................................................................................................................#..#.....#.#.....#..#...#.................................................................................
.......#.#..................................................................................................................................#..#....#.#....#..#.....#................................................................................
.......#.#...................................................................................................................................#..#...#.#...#..#.......#...............................................................................
.......#..#...................................................................................................................................#..#...##..#..#.........#..............................................................................
.......#...#...................................................................................................................................#..#...#.####...........#.............................................................................
.......#....#...................................................................................................................................#..#.#.##...............#............................................................................
.......#.....#...................................................................................................................................#..#.##.................#..............#............................................................
.......#......#...................................................................................................................................#..##...................#...........##.#...........................................................
........#......#...................................................................................................................................##......................#......####....#..........................................................
.........#......#...........................................................................................................................................................#....#.........#.........................................................
..........#....#.#...........................................................................................................................................................#..#...........#........................................................
...........#..#...#...........................................................................................................................................................##.............#.......................................................
............##................................................................................................................................................................................#......................................................
...............................................................................................................................................................................................#.....................................................
................................................................................................................................................................................................########.............................................
....................................................................................................................................................................................................#############....................................
...................................................................................................................................................................................................#....#........##..................................
..................................................................................................................................................................................................#.....#........###.................................
.................................................................................................................................................................................................#......#.......#..##................................
................................................................................................................................................................................................#.......#......#....#................................
...............................................................................................................................................................................................#........#.....#......................................
..............................................................................................................................................................................................#.........#....#.......................................
.............................................................................................................................................................................................#..........#...#........................................
............................................................................................................................................................................................#...........#..#.........................................
.............................................................................................................................................................................................#...........##..........................................
..............................................................................................................................................................................................#..........##..........................................
...............................................................................................................................................................................................##########..#.........................................
..........................................................................................................................................................................................................#..........................................
.........................................................................................................................................................................................................#...........................................
........................................................................................................................................................................................................#............................................
.........................................................................................................................................................................................................#...........................................
..........................................................................................................................................................................................................#..........................................
...........................................................................................................................................................................................................#.........................................
............................................................................................................................................................................................................#........................................
.............................................................................................................................................................................................................#.......................................
..............................................................................................................................................................................................................#................#.....................
...............................................................................................................................................................................................................##.............#.#....................
.................................................................................................................................................................................................................#...........#...#...................
..................................................................................................................................................................................................................###########.....#..................
...................................................................................................................................................................................................................................#.................
....................................................................................................................................................................................................................................#................
.....................................................................................................................................................................................................................................#...............
......................................................................................................................................................................................................................................#..............
.......................................................................................................................................................................................................................................#.............
........................................................................................................................................................................................................................................#............
.........................................................................................................................................................................................................................................#...........
..........................................................................................................................................................................................................................................#..........
..........................................................................................................................................................................................................................................#..........
..........................................................................................................................................................................................................................................#..........
..........................................................................................................................................................................................................................................#..........
..........................................................................................................................................................................................................................................#..........
..........................................................................................................................................................................................................................................#..........
..........................................................................................................................................................................................................................................#..........
..........................................................................................................................................................................................................................................#..........
..........................................................................................................................................................................................................................................#..........
..........................................................................................................................................................................................................................................#..........
..........................................................................................................................................................................................................................................#..........
...........................................................................................................................................................................................................................................#.........
............................................................................................................................................................................................................................................#........
.............................................................................................................................................................................................................................................####....
.............................................................................................................................................................................................................................................##..#...
............................................................................................................................................................................................................................................#..#..#..
...................................................................................................................................................................................................................#.......................#..#....#.
....................................................................................................................................................................................................................#.....................#..#......#
.....................................................................................................................................................................................................................#.....................##.......#
......................................................................................................................................................................................................................#.....................#......#.
.....................................................................................................................................................................................................................#.#....................##....#..
....................................................................................................................................................................................................................#...#...................#.#..#...
...................................................................................................................................................................................................................#....#...................#..##....
..................................................................................................................................................................................................................#.....#...................#........
.........................................................................................................................................................................................................#########......#...................#........
..........................................................................................................................................................................................................##.#..........#...................#........
..........................................................................................................................................................................................................##..#.........#...................#........
.........................................................................................................................................................................................................#..#..#........#......##...........#........
........................................................................................................................................................................................................#....#..#.......#.....#..#..........#........
.......................................................................................................................................................................................................#......####......#....#....#..........#.......
......................................................................................................................................................................................................#..................#..#......#........#........
.....................................................................................................................................................................................................#....................#.#.......#......#.........
....................................................................................................................................................................................................#......................##........#....#..........
.....................................................................................................................................................................................................#......................#.........#..#...........
......................................................................................................................................................................................................#................................##............
.......................................................................................................................................................................................................#...............................#.............
........................................................................................................................................................................................................#............................................
.........................................................................................................................................................................................................#...........................................
..........................................................................................................................................................................................................#..........................................
..........................................................................................................................................................................................................#..........................................
................................................................................................................................................................................................###########..........................................
...............................................................................................................................................................................................#..........#..........................................
................................................................................................................................................................................................#....................................................
.................................................................................................................................................................................................#...................................................
..................................................................................................................................................................................................#.....#............................................
...................................................................................................................................................................................................#...#.#...........................................
....................................................................................................................................................................................................#.#...#..........................................
.....................................................................................................................................................................................................#....#..........................................
.........................................................................................................................................................................................................#...........................................
........................................................................................................................................................................................................#............................................
.........................................................................................................................................................................................................#...........................................
..........................................................................................................................................................................................................######.....................................
................................................................................................................................................................................................................##...................................
..................................................................................................................................................................................................................#..................................
...................................................................................................................................................................................................................#.................................
....................................................................................................................................................................................................................#................................
.....................................................................................................................................................................................................................#########.......................
..............................................................................................................................................................................................................................#......................
...............................................................................................................................................................................................................................#.....................
................................................................................................................................................................................................................................#....................
.................................................................................................................................................................................................................................#...................
..................................................................................................................................................................................................................................#..................
...................................................................................................................................................................................................................................#.................
....................................................................................................................................................................................................................................#................
.....................................................................................................................................................................................................................................#...............
......................................................................................................................................................................................................................................#..............
.......................................................................................................................................................................................................................................#.............
........................................................................................................................................................................................................................................#............
.........................................................................................................................................................................................................................................#...........
.........................................................................................................................................................................................................................................#......#....
.........................................................................................................................................................................................................................................#.....##....
.........................................................................................................................................................................................................................................#....#.#....
.........................................................................................................................................................................................................................................#...#..#....
.........................................................................................................................................................................................................................................#..#...#....
........................................................................................................................................................................................................................................#..#....#....
...................................................................................................................................................................................................................................#...####.....#....
....................................................................................................................................................................................................................................####........#....
.....................................................................................................................................................................................................................................#..........#....
......................................................................................................................................................................................................................................#........#.....
.......................................................................................................................................................................................................................................#......#......
........................................................................................................................................................................................................................................#....#.......
.........................................................................................................................................................................................................................................#..#........
..........................................................................................................................................................................................................................................##.........
2376
