$VAR1 = [
          '...X...',
          '..XXX..',
          '.X.X...',
          '.XXXXX.',
          '.XXXX..',
          '.XXXX..',
          '.XXXX..',
          'XXX....',
          '.X.....',
          '.XXXX..',
          '..XX...',
          '..XX...',
          '..X....',
          '..X....',
          '..X....',
          '..X....',
          '..X..X.',
          '..X.XXX',
          'XXX..X.',
          '..XXXX.',
          '..X....',
          '..X....',
          '..XX...',
          '..XX...',
          '.XXX...',
          '.X.XX..',
          'XXXXX..',
          '.XXXXX.',
          '.XXXX..',
          '.XXXX..',
          '.XXXX..',
          '.XX....',
          '.XXX...',
          '..X....',
          '..XXXX.',
          '....XX.',
          '....XX.',
          '....X..',
          '....X..',
          '.X..XX.',
          'XXX.XX.',
          '.X.XXX.',
          'XXXX..X',
          '.XX...X',
          '.XXXXXX',
          '..XXX..',
          'X..XX..',
          'X...X..',
          'X...X..',
          'X...X..',
          'XXXXX..',
          '...XXX.',
          '....X..',
          '....XX.',
          '....XX.',
          'XXX.X..',
          'XXX.X..',
          'XXX.XX.',
          'XXXXXX.',
          '..XXXX.',
          '.XXX.X.',
          '..X..X.',
          'XXXX.X.',
          '.XXX.X.',
          '.XXX.X.',
          '.XXXXXX',
          '.XXXXX.',
          '....XX.',
          '....XX.',
          '.....X.',
          '.....X.',
          '.....X.',
          '..X..X.',
          '..X..X.',
          'XXX.XXX',
          '.XXXXX.',
          '..XX...',
          '..XX...',
          '..X....',
          '..X...X',
          '..X...X',
          '..XXXXX',
          '..XXX..',
          '...X...',
          '..XXXX.',
          '..X....',
          '..X..XX',
          '..XX.XX',
          '..XX.X.',
          '.XXXXXX',
          '.XXXXX.',
          '....X..',
          '....X..',
          '....X..',
          '....X..',
          '....X..',
          '....X..',
          '..XXX..',
          '...X...',
          '..XXX..',
          '..XX...',
          '..XXXXX',
          '..X.X..',
          '..X.X..',
          'XXXXX..',
          'XXX....',
          '.XXX.XX',
          '..X..XX',
          '..XXXX.',
          '.XX....',
          '.XX....',
          '..X....',
          '..X....',
          '..X.X..',
          '..X.X..',
          '..XXXX.',
          '....XXX',
          '.....X.',
          '...XXXX',
          '....X..',
          '....X..',
          '....X..',
          '....X..',
          '..XXX..',
          '..XXX..',
          '..XXX..',
          '..X....',
          '.XXX...',
          '..XXXXX',
          '....X..',
          '....X..',
          'XX..X..',
          'XX..X..',
          '.X..X..',
          'XXX.X..',
          '.XXXX..',
          '.XXXX..',
          '....X..',
          '....X..',
          '....X..',
          '....X..',
          '.XX.X..',
          '.XX.X..',
          '..XXX..',
          '..X....',
          '.XXX...',
          '..X.X..',
          'XXXXX..',
          '.XX.XX.',
          '.XX.XX.',
          '..XXXX.',
          '.XXX...',
          '..X....',
          '..XXXX.',
          '.XX....',
          '.XX....',
          '..X....',
          '..X....',
          '..XX.X.',
          '..XXXXX',
          '.XXX.X.',
          '..XXXX.',
          '...X...',
          '...X...',
          '...XX..',
          '...XX..',
          '..XXX..',
          'XX..X..',
          'XX.XXX.',
          'XXXXX..',
          '...X...',
          '...X...',
          '.XXXXX.',
          '...XXX.',
          '..XXX..',
          '...X...',
          'X..XXXX',
          'X...X..',
          'X...X..',
          'X.XXX..',
          'XX.X...',
          'XXXXX..',
          'X..X...',
          'X.XXXX.',
          'X.XX...',
          'X.XX...',
          'XXXX...',
          '..XX.XX',
          '.XXX.XX',
          '..XXXXX',
          '..XX...',
          '..XX...',
          '..X....',
          '..X....',
          '..XX...',
          '..XX...',
          '.XXXX..',
          '...XXX.',
          '....X..',
          '...XXXX',
          '..XX..X',
          '..XX..X',
          '...XXXX',
          '..XXX..',
          '...X...',
          '...XXXX',
          '....X..',
          '....X..',
          '..X.X..',
          '..X.X..',
          '..X.X..',
          '..X.X..',
          '..XXX..',
          '...X...',
          '..XXX..',
          '...X...',
          '..XXXX.',
          '..X....',
          '..X....',
          'XXX....',
          'XXX....',
          'XXX....',
          'XXX..X.',
          'XXX.XXX',
          '.XXXXX.',
          '...X...',
          '...X...',
          '.XXXX..',
          '.XXXX..',
          '..XXX..',
          '...X...',
          '..XXX..',
          '...X...',
          '.XXXX..',
          '....X..',
          '....X..',
          '..XXX.X',
          '.XXXX.X',
          'XXX.XXX',
          '.XXXXX.',
          '.XXX...',
          '.XXX...',
          '.XX....',
          '.XX....',
          'XXX....',
          '..X....',
          '.XXX...',
          '..XXXXX',
          '..XX...',
          '..XX...',
          '...X..X',
          '...X..X',
          '...XXXX',
          '...XX..',
          '.X.XXX.',
          '.X..X..',
          '.XXXXX.',
          '.X..XXX',
          '.X..XXX',
          'XXX.XXX',
          '.XXXXX.',
          '...X...',
          '...X...',
          '...XX..',
          '...XX..',
          '..XXXX.',
          '.XX.XXX',
          '.XX..X.',
          '..XXXX.',
          '...X...',
          '...X...',
          '...XX..',
          '...XX..',
          '..XXX..',
          '..X..XX',
          '.XXX.XX',
          '..XXXXX',
          '....X..',
          '..XXX..',
          '.XXXXX.',
          'XXX.XX.',
          '.X.XXX.',
          'XXXX...',
          '...X...',
          '...X...',
          '.XXXX..',
          '.XXXX..',
          '..XXX..',
          '...X...',
          '..XXX..',
          '...X...',
          '..XXXX.',
          '..XX...',
          '..XX...',
          '..X....',
          '..X....',
          '..XX.X.',
          '..XXXXX',
          '.XXX.X.',
          '..XXXX.',
          '....X..',
          '..XXX..',
          '..XXX..',
          '..X.XX.',
          '..X.XXX',
          'XXX..X.',
          '..XXXX.',
          '....XX.',
          '....XX.',
          '....X..',
          '....X..',
          '....X..',
          '....X..',
          '....X..',
          '....X..',
          '..XXX..',
          '....X..',
          '...XXX.',
          '....X..',
          'XXXXX..',
          'X..XXX.',
          'X..XXX.',
          'X.XXXX.',
          'XXXX...',
          'X.X....',
          'X.X....',
          'X.X....',
          'XXXXXXX',
          '.X...XX',
          'XXX..XX',
          '.XXXXX.',
          'XXX....',
          'XXX....',
          'XXXX...',
          '..XXX..',
          '...X...',
          '.XXXX..',
          '..X....',
          '..X....',
          '..X....',
          '..X....',
          'XXX....',
          'XXX....',
          'XXX....',
          '.X.....',
          'XXX....',
          '.XXXXX.',
          '..XXX..',
          '..XXX..',
          '..XXX..',
          '...X...',
          '..XXX..',
          '...X...',
          '.XXXX..',
          '.XXX...',
          '.XXXX..',
          '.XX.X..',
          '.XX.X..',
          'XXXXX..',
          '..XXX..',
          '...X.X.',
          'XXXX.X.',
          '...XXX.',
          'X..XXX.',
          'X..X.X.',
          'X..XXXX',
          'XXXXXX.',
          'XXXXX..',
          '..XXX..',
          '...X...',
          'XXXXX..',
          'XX.X...',
          '.XXXX..',
          '..XX...',
          '..XX...',
          '...X...',
          '.X.X...',
          '.X.X.X.',
          '.X.X.X.',
          '.XXXXX.',
          '.XXX...',
          '..X....',
          '.XXXX..',
          '....XX.',
          '....XX.',
          '....X..',
          '....X..',
          '..XXX..',
          '..X....',
          '.XXX...',
          '..X....',
          '..XXXX.',
          '....X..',
          '....X..',
          '....X..',
          '....X..',
          '.XX.X..',
          '.XX.X..',
          'X.XXX..',
          'X..X...',
          'X.XXX..',
          'X..X...',
          'XXXX...',
          '...X.XX',
          '...X.XX',
          '.XXX.X.',
          '...X.X.',
          '..XXXX.',
          '...X.X.',
          '..XXXX.',
          '..X....',
          '..X....',
          '..X.X..',
          '..X.XXX',
          '..XXXXX',
          '...XXXX',
          '....X..',
          '....X..',
          '....X..',
          '....X..',
          '.X..X..',
          'XXX.X..',
          '.XXXX..',
          '...X...',
          '..XXX..',
          '...X...',
          '..XXXX.',
          '....X..',
          '....X..',
          '....XX.',
          'XX..XX.',
          'XX.XXX.',
          '.XXXXXX',
          '.XX..X.',
          '..X..X.',
          '.XXX.XX',
          '..X..XX',
          '..XXXXX',
          '..XXX..',
          '...XXX.',
          'XXXXX..',
          '...X...',
          '...X...',
          '...X...',
          '...XX..',
          '...XXX.',
          '....X..',
          '...XXXX',
          '....XX.',
          '....XX.',
          '....X..',
          '....X..',
          '....X..',
          'XXX.X..',
          'XXX.X..',
          'XXX.X..',
          '..XXX..',
          '..X....',
          '.XXX...',
          '..XXXXX',
          '....X..',
          '....X..',
          '....XX.',
          'XX..XX.',
          'XXXXXX.',
          '.XXX...',
          'XXX....',
          'XX.....',
          'X......',
          'XXXXX..',
          'X.X..X.',
          'X.X.XXX',
          'XXX..X.',
          '..XXXX.',
          '..X....',
          '..X....',
          '..X....',
          '..X....',
          '..X....',
          '..X....',
          'XXXX...',
          '..XXX..',
          '...X...',
          '.XXXX..',
          '..X.XX.',
          '..X.XX.',
          '..X.X..',
          '..X.X..',
          '..XXX..',
          '..X....',
          '.XXXXX.',
          '..X.XX.',
          '.XXXX..',
          '..X....',
          '..X....',
          'XXXX...',
          'XXXX...',
          '.XXX...',
          '.X..X..',
          'XXX.X..',
          '.X..X..',
          'XXXXX..',
          '..XXX..',
          '..XXX..',
          '.XXXX..',
          'XXX....',
          '.X.....',
          'XXXX...',
          '.XX....',
          '.XX...X',
          '.X....X',
          '.X.XXXX',
          '.XXXX..',
          '.X.X...',
          '.XXXX..',
          '..XX...',
          '..XX...',
          '...X...',
          '...X...',
          '.XXX...',
          '...X...',
          '..XXX..',
          '...X...',
          '..XXXX.',
          '....X..',
          'X...X..',
          'X...X.X',
          'X...X.X',
          'X..XXXX',
          'XXXXX..',
          'XX.X...',
          '.XXXX..',
          '..XXX..',
          '..XXX..',
          '..XXX..',
          '...X...',
          '..XXX..',
          '...X...',
          '..XXXX.',
          '.XXX.X.',
          '.XXXXXX',
          '.XXX.X.',
          '..XXXX.',
          '..X.XX.',
          '..X.XX.',
          '..X.X..',
          '..X.X..',
          '..XXXX.',
          '....XXX',
          '.....X.',
          '..XXXX.',
          '..XX...',
          '..XX...',
          '...X...',
          '.X.X...',
          '.X.XX..',
          '.X.XX..',
          '.XXXX..',
          '.X.X...',
          '.XXXX..',
          '.X.X...',
          'XXXXXX.',
          'XXX.X..',
          'XXX.X..',
          'X.XXX..',
          'XXXX.X.',
          '..X.XXX',
          '..X..XX',
          '..X...X',
          '..XXXXX',
          'XXXXX..',
          'XX.X...',
          '.XXXX..',
          '..XXX..',
          '..XXX..',
          '..XXX..',
          '...X...',
          '.XXXX..',
          '.X.XX..',
          '.X..X..',
          '.X..X..',
          'XXXXX..',
          '..XXX..',
          '..XXX..',
          '..XXX..',
          '...X...',
          '..XXX..',
          '...X...',
          'XXXX...',
          '..X....',
          '..X....',
          'XXXX...',
          'XXXX...',
          '.XXX...',
          '...X...',
          '..XXX..',
          '...X...',
          '...XXXX',
          '..XX...',
          '..XX...',
          '...X...',
          '...X...',
          '...XX..',
          '...XX..',
          '..XXX..',
          '...X...',
          '..XXX..',
          '...X...',
          '..XXXX.',
          '..XXX..',
          '..XXX..',
          '..X.X..',
          '..X.X..',
          '..XXX..',
          'XXXX...',
          'X......',
          'X..X...',
          'X.XXX..',
          'XX.XX..',
          'XXX.X..',
          '.XXXX..',
          'XXXX...',
          'XX.....',
          'XX.....',
          'X....XX',
          'X....XX',
          'X.....X',
          'XX....X',
          'XXX.XXX',
          '.XXXXX.',
          '....XX.',
          '....XX.',
          '....X..',
          '....X..',
          '....X.X',
          '....X.X',
          '....XXX',
          'XXXX.X.',
          '..XXXXX',
          '..XX.X.',
          '..X..X.',
          '..X..X.',
          '..XXXX.',
          '..XX...',
          '..XXX..',
          '...X...',
          '..XXXX.',
          '.XXX...',
          '.XXX...',
          '..XX...',
          '..XX...',
          'XXXX...',
          '..XXX..',
          '...X...',
          '..XXXX.',
          '..XX...',
          '..XX...',
          '..X....',
          '..X....',
          'XXXX...',
          '.X.X...',
          'XXXX...',
          '.X.X...',
          '.XXXX..',
          '...X...',
          '...X...',
          '..XX...',
          '..XXXX.',
          'XXXXXX.',
          '..XXX..',
          '...X...',
          '.XXXX..',
          '..X.XX.',
          '..X.XX.',
          '..X.X..',
          '..X.X..',
          '..XXX..',
          '..X....',
          '.XXX...',
          '.XX....',
          '.X.XXXX',
          '.X..XXX',
          '.XX.XXX',
          '.XXXXXX',
          '..XXXXX',
          '....XXX',
          '..X.XXX',
          '..X.XXX',
          '..X.X..',
          '..XXXX.',
          'XXXXX..',
          '...X...',
          '...X...',
          '.XXXX..',
          '.XXXX..',
          '.XXXX..',
          'XXX....',
          '.XXXXX.',
          '..XX...',
          '..XX...',
          '...X...',
          '...X...',
          '...XX..',
          '...XX..',
          '..XXXX.',
          '....XXX',
          '.....X.',
          '..XXXX.',
          '..X....',
          '..X....',
          'XXX.X..',
          'XXX.X..',
          '.XXXX..',
          'XXX....',
          '.X.....',
          'XX.....',
          'XX.....',
          '.X.XXXX',
          '.X...X.',
          '.X...X.',
          '.XXXXX.',
          '.XXX...',
          '..X....',
          '.XX....',
          '.XXXXXX',
          '..X..X.',
          '..X..X.',
          '..XXXX.',
          '..XX...',
          '..XXX..',
          '...X...',
          '.XXXX..',
          '..X....',
          '..X....',
          '..X.X..',
          '..X.X..',
          'XXXXX..',
          'XXX....',
          '.XXX...',
          '..XXXXX',
          '..XX...',
          '..XX...',
          '..X....',
          '..X..X.',
          'XXX..X.',
          '.X...X.',
          'XXX..X.',
          '.XXXXX.',
          '..XX...',
          '..XX...',
          '..X....',
          '..X....',
          '..X.X..',
          '..X.X..',
          '..XXXX.',
          '....XXX',
          '.....X.',
          '..XXXX.',
          '.XX....',
          '.XX...X',
          '.X....X',
          '.X.XXXX',
          '.XXXX..',
          '.X.X...',
          '.XXXX..',
          '.XX....',
          '.XX....',
          '..X....',
          '..X....',
          'XXX....',
          '.X.....',
          'XXX....',
          '.XXXXX.',
          '..X....',
          '..X....',
          '..X....',
          '..X....',
          '..X....',
          '..X....',
          'XXXX...',
          '..XXX..',
          '...X...',
          '.XXXX..',
          '..XX...',
          '..XXXX.',
          '..X.XX.',
          '..X..XX',
          'XXX..XX',
          '..X..XX',
          '.XXX.XX',
          '..XXXXX',
          '..XXX..',
          '..XXXX.',
          'XXXX.X.',
          '..XXXX.',
          '...X.X.',
          '..XXXX.',
          '..XX.X.',
          '..XX.X.',
          '...XXX.',
          '...X...',
          '..XXX..',
          '...X...',
          '...XXXX',
          '..XX...',
          'X.XX...',
          'X..X...',
          'X..X...',
          'XX.XX..',
          'XXXXX..',
          '.XXXX..',
          'XXXX...',
          '..XX...',
          '..XX...',
          '..X.X..',
          '..X.X..',
          'XXX.X..',
          '.X..X..',
          'XXXXXXX',
          '.XXX...',
          '..XX...',
          '...XX..',
          '...XX..',
          '.XXXX..',
          '...XX..',
          '..XXX..',
          '...X...',
          '..XXXX.',
          '..XX...',
          '..XX...',
          '..X....',
          '..X....',
          'XXX....',
          '.X.....',
          'XXX....',
          '.XXXXX.',
          '.XX....',
          '.XX.X..',
          '.X..X..',
          '.XXXXX.',
          '.X.X.X.',
          '.XXXXX.',
          '.X.X.X.',
          '.XXXXX.',
          '.X.XX.X',
          '.XXXX.X',
          '.XXXXXX',
          '..XXXXX',
          '....X..',
          '....X..',
          '....X.X',
          '.XX.X.X',
          '.XXXXXX',
          '..XXX..',
          '...X...',
          'XXXX...',
          '...X...',
          '...X...',
          '..XX...',
          '..XXXX.',
          'XXXXXX.',
          '..XXX..',
          '...X...',
          '.XXXX..',
          '...XXX.',
          '...XXX.',
          '...XX..',
          '...XX..',
          '..XXXX.',
          '....XXX',
          '.XXXXX.',
          '..XX...',
          '..XX...',
          '..X....',
          '..X....',
          '..XX...',
          '..XX...',
          '.XXX...',
          '...X...',
          '..XXX..',
          '...X...',
          '.X.XXXX',
          '.X..XX.',
          '.X..XX.',
          '.XX..X.',
          '.XXX.X.',
          '..XXXX.',
          '..XXXX.',
          '..XX..X',
          '.XXX..X',
          '.X.XXXX',
          '.XXXX..',
          '.X.X...',
          '.XXXX..',
          '.X.....',
          '.X..XX.',
          '.X.XXX.',
          '.X.X.X.',
          '.XXXXXX',
          'XXXXXX.',
          '...XXXX',
          '...XXXX',
          '.XXXXX.',
          '.X..XXX',
          '.X...X.',
          '.XXXXX.',
          '.XXX..X',
          '.XXX..X',
          'XXX.XXX',
          '.XXXXX.',
          '....X..',
          '....X..',
          '....X..',
          '..XXX..',
          '..XXXX.',
          '..X.XX.',
          '..X.X..',
          'XXX.X..',
          '..X.X..',
          '.XXXX..',
          '..X.X..',
          'XXXXX..',
          '..XXX..',
          '...X...',
          '..XXX..',
          '...X...',
          '.XXXX..',
          '...XXX.',
          '...XXX.',
          '...XX..',
          '...XX..',
          '..XXXX.',
          'XXXXXXX',
          '.X.XXXX',
          '.X.XX.X',
          '.X..XXX',
          '.XX.X..',
          '.XXXX..',
          '..X.X..',
          'XXXXX..',
          '..XXX..',
          '..XXX..',
          '.XXXX..',
          'XXX....',
          '.XXXXX.',
          '....X..',
          '....X..',
          '....X.X',
          '....X.X',
          '....XXX',
          'XX...X.',
          'XX..XXX',
          '.XXXXX.',
          '....X..',
          '....X..',
          '..XXXX.',
          '..XXXX.',
          '..XXXX.',
          '.XXX...',
          '..X....',
          '.XXXX..',
          '..X....',
          'XXX....',
          'XXX..X.',
          '.XX..X.',
          'XXXXXX.',
          '.XXXXX.',
          '....X..',
          '....X..',
          'X.XXX..',
          'X..X...',
          'X.XXX..',
          'X..X...',
          'XXXX...',
          'X.XX...',
          'X.XX...',
          'X.X....',
          'X.X.XX.',
          'XXXXXX.',
          '..XXX..',
          '...X...',
          '.XXXX..',
          '....X..',
          '....X..',
          '..XXXX.',
          '..XXXX.',
          '..XXXX.',
          '.XXXXX.',
          '..X.XX.',
          'XXXX.X.',
          '..X.XXX',
          '..X..X.',
          '..X.XX.',
          '..X.XX.',
          '..X.X..',
          '..X.X..',
          'XXX.X.X',
          'XXXXX.X',
          '...XXXX',
          '..XXX..',
          '...X...',
          '.XXXX..',
          'XX.....',
          'XX.....',
          '.X....X',
          '.X....X',
          '.X..XXX',
          '.X...X.',
          'XXXXXXX',
          '..XXXX.',
          '..XXX..',
          '..XXX..',
          '...X...',
          '..XXX..',
          '...X...',
          '..XXXX.',
          '....X..',
          '....X..',
          '....X..',
          '....X..',
          '..XXX..',
          '..XXX..',
          '..XXX..',
          '....X..',
          '...XXX.',
          '....X..',
          '..XXXX.',
          '..XXX..',
          '..XXX..',
          'XXXXX..',
          'XX.X...',
          'XXXXX..',
          'XX.X...',
          'XXXX...',
          '.XX....',
          '.XX....',
          '.X.....',
          '.X.....',
          '.X.X...',
          '.X.X...',
          '.XXXX..',
          '...XXX.',
          'XXXXX..',
          '..XXX..',
          'X.XXX..',
          'X.XXX..',
          'X...X..',
          'X..XXX.',
          'XXXXX..',
          '.X.....',
          '.X...XX',
          '.X...XX',
          '.X....X',
          '.X....X',
          'XXX.XXX',
          'XX.XXXX',
          'X.XXX..',
          'X.XXX..',
          'XXXXX..',
          'XXX....',
          '.XXXXX.',
          '..XX...',
          '..XX...',
          '...X...',
          '...X...',
          '...XX..',
          '...XX..',
          '..XXX..',
          '..X....',
          '.XXX...',
          '..X....',
          '..X....',
          '..XXXXX',
          'XXXX...',
          'XXXX...',
          '.XXX...',
          '...X...',
          '..XXX..',
          '...X...',
          '..XXXX.',
          '.XX.X..',
          '.XX.X..',
          '..XXX..',
          '...X...',
          '..XXX..',
          '...X...',
          '.XXXX..',
          '..XX...',
          '..XX...',
          '.XX....',
          '.XX....',
          '.XXX...',
          '.XXX...',
          '.XXX...',
          '...X...',
          '..XXX..',
          '...X...',
          '.XXXX..',
          '..XXX..',
          '..XXX..',
          '..XXX..',
          '...X...',
          '.XXXX..',
          '.X.XX..',
          '.X..X..',
          '.X..X..',
          'XXXXX..',
          '..XXX..',
          '..XXX..',
          '..XXX..',
          '....X..',
          '....X..',
          '..X.X..',
          '.XXXX..',
          '..X.X..',
          'XXXXX..',
          '..XXXX.',
          '....XXX',
          '.....X.',
          '..XXXX.',
          '....XX.',
          '....XX.',
          '....X..',
          '....X..',
          '....X.X',
          '....X.X',
          '...XXXX',
          'XXXXX..',
          'XX.X...',
          'XXXX...',
          '.XX.X..',
          '.XX.X..',
          '.XXXX..',
          '.X.X...',
          '.XXXX..',
          '.X.X...',
          '.XXXX..',
          '...X.XX',
          '...X.XX',
          '...X.X.',
          '...X.X.',
          '...XXX.',
          '....X..',
          '...XXX.',
          '....X.X',
          '..XXXXX',
          '...XXXX',
          '..XXX..',
          '...X...',
          '..XXXX.',
          'XXXX...',
          'XXXX...',
          '.XX....',
          '.XX....',
          '.XXX...',
          '.XXX.X.',
          '.XXXXXX',
          '.XXXXX.',
          '..XX...',
          '..XX...',
          '..X....',
          '..X....',
          '..X..X.',
          '..X..X.',
          '..XXXX.',
          '.XXX...',
          '..X....',
          '..XXXX.',
          '....XX.',
          '....XX.',
          '..X..X.',
          '..X..X.',
          '..XXXX.',
          '..XX...',
          '..XXX..',
          '...X...',
          '...XXXX',
          '....X..',
          '....X..',
          '....X..',
          '.XXXXX.',
          '.XXXXXX',
          '.XXX.X.',
          '...XXXX',
          '....X..',
          '....X..',
          '..XXXX.',
          '....XXX',
          '.....X.',
          '...XXXX',
          '..XX...',
          '..XX...',
          '..X....',
          '..X....',
          '..X.X..',
          '..X.X..',
          '..XXX..',
          '...X...',
          'XXXXX..',
          'XX.X...',
          '.XXXX..',
          '..XX...',
          '..XX...',
          '..X....',
          '..X....',
          'X.X....',
          'X.X....',
          'X.X....',
          'X.X....',
          'XXXX...',
          '..XXX..',
          '...X...',
          '..XXXX.',
          '....XX.',
          '....XX.',
          '....X..',
          '....X..',
          '.X..XX.',
          'XXX.XX.',
          '.X.XXX.',
          '.XXXX..',
          '..XXX..',
          '..XXX..',
          '..XXX..',
          '...X...',
          '..XXX..',
          '...X...',
          '.XXXX..',
          '...X...',
          '...X.X.',
          '...XXXX',
          '...X.X.',
          '..XXXXX',
          '..X...X',
          '..X...X',
          '..XXXXX',
          'XXXX.X.',
          'XXXXXXX',
          'XXXX.X.',
          'XXXXXX.',
          'XX..X..',
          'XXX.X..',
          'XXX.X..',
          'XXXXX..',
          '..XXX..',
          '...X...',
          '...XXXX',
          '...XX..',
          'X..XX..',
          'X...X..',
          'X...X..',
          'XXXXX..',
          'XXX....',
          '.XXXXX.',
          '...X...',
          '...X...',
          'XX.XX..',
          'XX.XX..',
          '.XXXX..',
          'XXX....',
          '.XXXXX.',
          '....XX.',
          '....XX.',
          '....X..',
          '....X..',
          '....X..',
          '....X..',
          '....X..',
          '....X..',
          'XXXXX..',
          'XXX....',
          'XXXX...',
          'X.X....',
          'X.X....',
          'X.X....',
          'XXX....',
          '.X.....',
          'XXXXXXX',
          '.XXXXX.',
          '.....XX',
          '.....XX',
          '...X.X.',
          '...XXXX',
          '.XXX.X.',
          '..XXXX.',
          'XXXX...',
          'XXXX...',
          'XXX....',
          'XXX....',
          'XXX....',
          'XXXX...',
          'XX.....',
          'XX.....',
          '.X...X.',
          '.X..XXX',
          '.XX..X.',
          '.XX..X.',
          'XXX.XXX',
          '.XXXXX.',
          '...XXX.',
          '...XXX.',
          '...XX..',
          '...XX..',
          '..XXX..',
          '..X....',
          '.XXX.XX',
          '..X..XX',
          '.XXXXX.',
          'X...XXX',
          'X....X.',
          'X.XXXXX',
          'X.XX...',
          'XXXX...',
          '..XX...',
          '..XXXX.',
          'XXXXXX.',
          '..XXX..',
          '...XX..',
          '....X..',
          '....X..',
          'XXXXX..',
          '..XXX..',
          '..XXX..',
          '..XXX..',
          'XXXXX..',
          '..XXXX.',
          '..X.X..',
          '..X.X..',
          '..X.X..',
          '..XXXX.',
          '....XXX',
          '.....X.',
          '...XXXX',
          '....X..',
          '....X..',
          '....X..',
          '....X..',
          '....X..',
          '....X..',
          '..XXXX.',
          '....XXX',
          '.....X.',
          '..XXXX.',
          'XXX....',
          'XXX....',
          'XXX....',
          'XXX....',
          'XXX....',
          'XXX.X..',
          'XXXXXX.',
          '.X..X..',
          '.XXXXX.',
          '.XX....',
          '.XX....',
          'XXXX...',
          '..XXXXX',
          '...X.XX',
          '..XXXX.',
          '.....X.',
          'XX..XXX',
          'XX...X.',
          'X..XXXX',
          'X..XXX.',
          'X.XXXX.',
          'X.XXX..',
          'XXXXX..',
          '..XXX..',
          '..X....',
          '.XXX...',
          '..X...X',
          '.XXXX.X',
          '...XXXX',
          '...X.X.',
          '...XXXX',
          '...X.X.',
          '...XXXX',
          '......X',
          '......X',
          '..XXXXX',
          '..XXX..',
          'X..XXX.',
          'X...X..',
          'X.XXXX.',
          'X.XXXX.',
          'XXXXX..',
          '.X..X..',
          '.XXXX..',
          '.X..X..',
          '.X.XXX.',
          'XXXXX..',
          '..X....',
          '..X....',
          'XXXX...',
          'XXXX.X.',
          '.XXXXXX',
          '.XXXXX.',
          '..XX...',
          '..XX...',
          '...X..X',
          '...X..X',
          '...XXXX',
          '...XX..',
          '...XXX.',
          '....X..',
          '..XXXX.',
          '.XX....',
          '.XX....',
          '.X..X..',
          '.X..X..',
          '.XXXX..',
          '.XX....',
          '.XXX...',
          '..X....',
          '..XXXX.',
          'XXX....',
          'XXX....',
          'XXX....',
          'XXXX...',
          '.XX....',
          '.XX....',
          '..X....',
          '..X...X',
          'XXX...X',
          '.X....X',
          'XXX..XX',
          '.X..XXX',
          '.XXXXX.',
          '...X...',
          '...X...',
          '...XX..',
          '...XX..',
          '..XXX..',
          '...X...',
          'XXXXX..',
          'XX.X...',
          'XXXX...',
          '..XX...',
          '..XX...',
          '..X....',
          '..X....',
          '..X....',
          '..X....',
          '..X....',
          '..X.X..',
          'XXX.X..',
          '..X.X..',
          '.XXXX..',
          '..XXXXX',
          '....XX.',
          '....XX.',
          '....X..',
          '....X..',
          '....X.X',
          '....X.X',
          '....XXX',
          '.....X.',
          '....XXX',
          '.XXXXX.',
          '..XX...',
          '..XX...',
          '..X....',
          '..X....',
          '..X....',
          '..X....',
          '..X....',
          '..X....',
          'XXX....',
          '..X....',
          '.XXX...',
          '..X....',
          '..XXXX.',
          '....XXX',
          '.X..XXX',
          '.X.XXXX',
          '.XXXX..',
          '.X.X...',
          'XXXX...',
          '..X....',
          '..X...X',
          '..X...X',
          '..XXXXX',
          '..XXX..',
          '...X...',
          '..XXXX.',
          '..XX...',
          '..XX...',
          '..X....',
          '..X....',
          '..X....',
          '..X....',
          'XXX....',
          'XXX....',
          'XXXX...',
          '..XXX..',
          '...X...',
          'XXXX...',
          '..XXX..',
          '..XXX..',
          '..X.X..',
          '..X.X..',
          '..XXX..',
          '...X...',
          '..XXX..',
          '...X...',
          '.XXXX..',
          '....X..',
          '....X..',
          '....X..',
          '....X..',
          'XX..X..',
          'XX..X..',
          '.XXXX..',
          'XXX....',
          '.X.....',
          'XXXX...',
          '..X....',
          '..X....',
          '..X....',
          '..X....',
          '..X....',
          '..X....',
          'XXX....',
          '..X..XX',
          '.XXX.XX',
          '..XXXXX',
          '....XXX',
          '....XXX',
          '....XXX',
          '.....X.',
          '....XXX',
          '.....X.',
          '..XXXX.',
          '....X..',
          '....X..',
          '....X.X',
          'X...X.X',
          'X...XXX',
          'XXX.X..',
          'XXXXXX.',
          'XXXXX..',
          '.XXX...',
          '.XXX...',
          '.XX....',
          '.XX....',
          'XXX....',
          '..X....',
          '.XXX...',
          '..X...X',
          '..XXXXX',
          '...XX.X',
          '..XXXXX',
          '..X.XXX',
          'XXX..X.',
          '..XXXX.',
          'XX..X..',
          'XX..X..',
          'X.XXX..',
          'X..X...',
          'X.XXX..',
          'X..X...',
          'XXXX...',
          '...X...',
          '...X...',
          'XX.XX..',
          'XX.XX..',
          '.XXXX..',
          'XXX....',
          '.X.....',
          'XXXX...',
          '..XX...',
          '..XX...',
          '..X....',
          '..X....',
          '..X....',
          '..X....',
          '..X.X..',
          '..XXXX.',
          'XXX.X..',
          '.XXXX..',
          '..XX...',
          '..XX...',
          '..X....',
          '..X....',
          '..X.X..',
          '..X.X..',
          '..XXX..',
          '....X..',
          '...XXX.',
          '....X..',
          '...XXXX',
          '....X..',
          '....X..',
          'XXXXXX.',
          'XX..XXX',
          '.XXXXX.',
          '..XX...',
          '..XX...',
          '..X....',
          '..X....',
          '.XX....',
          '.XX....',
          '.XX....',
          '.XX....',
          'XXX....',
          '.X.....',
          'XXX....',
          '.X.....',
          'XXXX...',
          '.X.....',
          '.XXX...',
          '.XXX..X',
          '.XX...X',
          '.XXXXXX',
          '..XXXXX',
          '..XXX..',
          '..XXX..',
          'XXX.X..',
          '..X.X..',
          '.XXXX..',
          '..X.X..',
          '..XXXX.',
          '..XX..X',
          '..XX..X',
          '..X.XXX',
          '..X..X.',
          '..X.XXX',
          '..X..X.',
          '..XXXX.',
          '..XX...',
          '..XX...',
          '..X....',
          '..X....',
          '..X....',
          '..X....',
          '..X....',
          '..X....',
          'XXX....',
          '.X..X..',
          'XXX.X..',
          '.X..X..',
          'XXXXX..',
          'XX..X..',
          'XX..X..',
          '.XXXX..',
          'XXX....',
          '.XXXXX.',
          '.X..XXX',
          '.X..XXX',
          '.X..XXX',
          '.XX.XX.',
          '.XXXXX.',
          '..X.X..',
          'XXXXX..',
          '..XXX..',
          '...X...',
          '..XXX..',
          '...X...',
          '..XXXX.',
          '....XXX',
          '....XXX',
          '....XXX',
          '...XXXX',
          '....XX.',
          '....XX.',
          '.X..X..',
          '.X..X..',
          '.X..X..',
          '.XX.X..',
          '.XXXX..',
          '..X.X..',
          '..XXX..',
          '...X...',
          '..XXX..',
          '...X...',
          '..XXXX.',
          'X...X..',
          'X...X..',
          'X...X..',
          'X...X..',
          'XX..X..',
          'XX..X..',
          '.XXXX..',
          'XXX....',
          '.X.....',
          'XXXX...',
          '.XX....',
          '.XX....',
          '..X....',
          '..X....',
          '..X....',
          '..X....',
          '..X..X.',
          '.XXX.X.',
          '..XXXX.',
          '..XXXX.',
          '..XX...',
          '..XX...',
          '..X....',
          '..X....',
          '..X.X..',
          '..X.X..',
          '..XXXX.',
          '....XXX',
          '.....X.',
          '..XXXXX',
          '.XX...X',
          '.XX.XXX',
          '..X.XX.',
          '.XXXXX.',
          '..X..X.',
          '.XXXXX.',
          '...XXX.',
          'XX..X..',
          'XX.XXX.',
          'XX..X..',
          'XX..X..',
          'XXXXX..',
          '.XX.X.X',
          '.XX.X.X',
          'XXXXXXX',
          '..XX.X.',
          '..XXXXX',
          '...X.X.',
          '..XX.X.',
          '..XXXXX',
          'XXXX.X.',
          '..XXXX.',
          '..X....',
          '..X....',
          '..X.X..',
          '..X.X..',
          '..XXX..',
          '...X...',
          'XXXXX..',
          'XX.X...',
          '.XXXX..',
          '...XX.X',
          '...XX.X',
          '...XXXX',
          '..XXX..',
          '...X..X',
          'X.XXXXX',
          'X...XXX',
          'X....X.',
          'X...XXX',
          'XX...X.',
          'XX.XXXX',
          'XXXX...',
          'XXXX...',
          'XXX....',
          'XXX....',
          'XXXX...',
          '..XXX..',
          '...X...',
          '..XXXX.',
          '..XX...',
          '..XX...',
          '..X....',
          '..X....',
          'XXX....',
          '..X...X',
          '.XXX..X',
          '..X...X',
          '..XXXXX',
          '...XX.X',
          '..XXX.X',
          '..X.XXX',
          '..X..X.',
          '..X.XXX',
          '.XXXXX.',
          '....XX.',
          '....XX.',
          '....X..',
          '....X..',
          '....XX.',
          '....XX.',
          '...XXX.',
          '...X...',
          '..XXX..',
          '...X...',
          '.XXXX..',
          '....XX.',
          '....XX.',
          '....X..',
          '....X..',
          '..XXX..',
          '.X.XXXX',
          '.X..X..',
          '.X..X..',
          '.X..X..',
          '.X..X..',
          'XXX.X..',
          '.X..X..',
          '.XXXXXX',
          'XXX..XX',
          '.XXXXX.',
          '...X...',
          '...X...',
          'XX.XX..',
          'XX.XX..',
          '.XXXX..',
          'XXX....',
          '.X.....',
          '.XXXX..',
          '...XX..',
          '...XXX.',
          '...X.X.',
          '...X.X.',
          '.XXXXX.',
          '...XXX.',
          '....X..',
          '....XX.',
          '....XX.',
          '....X..',
          '....X..',
          '....X..',
          '....X..',
          '....X..',
          'XXXXX..',
          '..XXX..',
          '...X...',
          '..XXX..',
          '...X...',
          'XXXX...',
          '..XX...',
          '..XX...',
          '..X....',
          '..X....',
          '..X.X..',
          '..X.X..',
          '..XXXX.',
          '....XXX',
          '.....X.',
          '..XXXX.',
          '....X..',
          '....X..',
          '....X..',
          '....X..',
          '.XX.X..',
          '.XX.X..',
          '..XXX..',
          '....X..',
          '...XXX.',
          '....X..',
          '.XXXX..',
          '..XXX..',
          '..XXX..',
          '..XXX..',
          '.X.X...',
          '.XXXX..',
          '.X.X...',
          '.X.XXXX',
          '.X.XX..',
          '.X.XX..',
          '.X.X.X.',
          '.X.XXXX',
          '.XXX.X.',
          '..XXXX.',
          '..X....',
          '..X....',
          '..X..XX',
          '..X..XX',
          '..X..X.',
          '..X.XXX',
          'XXX..X.',
          '..XXXX.',
          '.XX....',
          '.XX...X',
          '.X....X',
          '.X.XXXX',
          '.XXXX..',
          '.X.X...',
          'XXXX...',
          '.X.....',
          '.X.....',
          '.XX....',
          '.XX.XX.',
          'XXXXXX.',
          '..XXX..',
          '...X...',
          '..XXXX.',
          '.XX.X..',
          '.XX.X..',
          'XX..XX.',
          'XX..XX.',
          '.X.XXX.',
          '.X..X..',
          '.XXXXX.',
          '.XX.X..',
          'XXXXXXX',
          '.XX..X.',
          '.XX.XXX',
          '..X..X.',
          '..XXXXX',
          '..X..X.',
          '.XX..X.',
          'XXXXXX.',
          '.XXXXX.',
          '....XX.',
          '....XX.',
          '....X..',
          '....X..',
          '..XXXX.',
          '....XXX',
          '..X..X.',
          '..XXXXX',
          '..X.X..',
          '..X.X..',
          '..XXX..',
          '.X.X...',
          '.XXXX..',
          '.X.X...',
          '.XXXXX.',
          'XXXX...',
          'XXXX...',
          'XXXX...',
          '..XXX..',
          '.XXXX..',
          '..X.X..',
          'XXXXX..',
          '..XXX..',
          '..XXX..',
          '..XXX..',
          '...X...',
          '..XXX..',
          '...X...',
          'XXXX...',
          '..XX...',
          '..XX...',
          '..X....',
          '..X....',
          '..X....',
          '..X....',
          '..X....',
          '..X....',
          'XXXX...',
          '..XXXXX',
          '...X.XX',
          '..XXXX.',
          '....XX.',
          '....XX.',
          '....X..',
          '....X..',
          '....X..',
          '....X..',
          '....X..',
          '....X..',
          '..XXX..',
          '...X...',
          '..XXX..',
          '...X...',
          '.XXXX..',
          '.XX.X..',
          '.XX.X..',
          '..XXXX.',
          '....XXX',
          '.....X.',
          '...XXXX',
          '....X..',
          '..XXX..',
          '..XXX..',
          '...XXX.',
          '...XXXX',
          '.XXX.X.',
          '...XXXX',
          '..XX...',
          '..XX...',
          '..X....',
          '..X....',
          '.XX....',
          '.XX....',
          '.XX....',
          '.XX..X.',
          'XXX.XXX',
          '.XXXXX.',
          '..X....',
          '..X....',
          '..X....',
          '..X....',
          '..X....',
          '..X.XX.',
          'XXXXXX.',
          '..XXX..',
          '...X...',
          'XXXX...',
          '..XXX..',
          '..XXX..',
          '...XX..',
          '...XX..',
          '.XXXX..',
          '...XXX.',
          '....X..',
          '..XXXX.',
          '.....X.',
          '..XX.X.',
          '..XX.X.',
          '...X.X.',
          '...X.X.',
          '.XXXXXX',
          '.XXXXX.',
          '....X..',
          '....X..',
          '....X..',
          '....X..',
          '....X..',
          '....X..',
          '..XXX..',
          '...X...',
          '..XXX..',
          '.XXX...',
          '.XXXXXX',
          '.XXX...',
          '.XXX..X',
          '.XXX..X',
          '..X...X',
          '.XXX..X',
          '..XXXXX',
          '.XXX...',
          '.XXX...',
          '.XX..X.',
          '.XX.XXX',
          'XXX..X.',
          '..XXXX.',
          'XXX....',
          'XXX....',
          'XXXX...',
          '..XXX..',
          '...X...',
          '..XXXX.',
          '.XXX...',
          '.XXX...',
          '.XX....',
          '.XX.X..',
          'XXXXXXX',
          'XXXXX.X',
          'X.....X',
          'X.....X',
          'X.XX..X',
          'X.XX..X',
          'XXXXXXX',
          '...X.X.',
          '...XXXX',
          '.XXXXX.',
          '.XXXX..',
          '.XXXX..',
          'XXX....',
          '.XXXXX.',
          '..XX...',
          '..XX...',
          '..X....',
          '..X....',
          '..X....',
          '..X....',
          '..X....',
          '..X.X..',
          'XXXXXX.',
          'XXXXX..',
          '..XX...',
          '..XX...',
          '..X....',
          '..X....',
          '..X.X..',
          '..X.X..',
          '..XXX..',
          '...X...',
          '..XXX..',
          '...X...',
          '..XXXX.',
          '....XX.',
          '....XX.',
          '....X..',
          '....X..',
          '.XXXX..',
          '.X.XXXX',
          '.X.XXX.',
          '.X.XXX.',
          '.X.XX..',
          'XXXXX..',
          '.XXXX..',
          '...X...',
          '..XXX..',
          '...X...',
          '...XXXX',
          '......X',
          '......X',
          '...XXXX',
          '..XXX..',
          '...X...',
          '..XXXX.',
          'XX..XX.',
          'XX..XX.',
          '.X..X..',
          '.X..X..',
          '.XXXX..',
          '.XX....',
          '.XXX...',
          '..XXXXX',
          '......X',
          '......X',
          '..X.XXX',
          '..X..X.',
          '..X.XXX',
          '.XX..X.',
          '.XXXXX.',
          '.XXX...',
          '.XXX...',
          'XXX....',
          'XXX..X.',
          'XXX..X.',
          '..X..X.',
          '.XXX.X.',
          '..XXXXX',
          '....X..',
          '....X..',
          'XX.XX..',
          'XX.XX..',
          '.XXXX..',
          '...XXX.',
          'XXXXX..',
          '..XX...',
          '..XX...',
          '..X....',
          '..X....',
          '..XX...',
          '..XX.X.',
          '.XXXXXX',
          'XXXXXX.',
          '..XXX..',
          '..XXX..',
          '...XXX.',
          '...XXXX',
          '.XXX.X.',
          '..XXXX.',
          '....X..',
          '....X..',
          '....X..',
          '....X..',
          '.XX.X..',
          '.XX.X..',
          '..XXX..',
          '..X....',
          '.XXX...',
          '..X....',
          'XXXX...',
          '..XX...',
          '..XX...',
          '..X....',
          '..X....',
          '..X.X..',
          '..X.X..',
          '..XXX..',
          '..X....',
          '.XXX...',
          '..X....',
          '..XXXX.',
          '..X....',
          '..X....',
          '..X..X.',
          'XXX..X.',
          'XXXXXX.',
          '.XXX...',
          '..X....',
          '..XXXX.',
          '..XX...',
          '..XX...',
          '..X....',
          '..X...X',
          '..X...X',
          '..XXXXX',
          '..XXX..',
          '...XX..',
          '....X..',
          '....X..',
          '....X..',
          '....X..',
          'XXXXX..',
          '..XXX..',
          '...X...',
          '..XXX..',
          '...X...',
          '...XXXX',
          '..XX...',
          '..XX...',
          '.XXX.X.',
          '.XXXXXX',
          '.XXX.X.',
          '..XXXX.',
          '....XX.',
          '....XX.',
          '....X..',
          '....X..',
          '..XXX..',
          '..X....',
          '.XXX...',
          '..X....',
          '..XXXX.',
          '....X..',
          '....X..',
          '..XXX..',
          '...X...',
          '..XXX..',
          '...X...',
          'XX.XXXX',
          'XX..X..',
          'XX..X..',
          'XX..X.X',
          'XXX.X.X',
          'XXX.XXX',
          'XXX.X..',
          'XXXXXX.',
          'XXXXX..',
          '.XX....',
          '.XX....',
          '..X..X.',
          '..X..X.',
          '..XXXX.',
          '..XX...',
          '..XXX..',
          '...X...',
          '...XXXX',
          'XX.X...',
          'XX.X...',
          '.XXX...',
          '..X....',
          '.XXX...',
          '..XXXXX',
          '.XXX...',
          '.XXX...',
          '.XX....',
          '.XX....',
          'XXXX...',
          '.X.X...',
          'XXXX...',
          '.X.X...',
          'XXXX...',
          '...XXX.',
          '...XXX.',
          '...XX..',
          '...XX..',
          '.XXXX..',
          'XXX....',
          '.X.....',
          'XXXX...',
          '..X....',
          '..X....',
          '..X....',
          '..X....',
          '..X....',
          '..X....',
          'XXX....',
          '.X..XX.',
          'XXX.XX.',
          '.XXXXX.',
          '....XXX',
          '....XXX',
          '.X..XXX',
          '.X..X..',
          '.X.XXX.',
          '.X..X..',
          '.XXXX..',
          '...X..X',
          '...X..X',
          '...XXXX',
          '...XX..',
          '...XXX.',
          '....X..',
          '...XXXX',
          '....X..',
          '....X..',
          '.XX.X..',
          '.XX.X..',
          '.XX.X..',
          '.XX.X..',
          '..XXX..',
          '...X...',
          '..XXX..',
          '...XXXX',
          '....XXX',
          '....XXX',
          '.....X.',
          '....XXX',
          '.XXXXX.',
          '..XXXX.',
          '..XXXX.',
          '..XXXX.',
          '..XXX..',
          '..XXX..',
          '..XXX..',
          '....X..',
          '...XXX.',
          'XXXXX..',
          '..XXX..',
          '..XXX..',
          '.XXXX..',
          '.X.X...',
          '.XXXX..',
          '.X.X...',
          'XXXX...',
          '.XX....',
          '.XX...X',
          '.X....X',
          '.X.XXXX',
          '.XXXX..',
          '.X.X...',
          'XXXX...',
          '..XX...',
          '..XX...',
          '..X....',
          '..X....',
          '..X.X..',
          '..X.X..',
          '.XXXX..',
          'XXX....',
          '.X.....',
          '.XXXX..',
          '.XX....',
          '.XX....',
          '.X.....',
          '.X.....',
          '.XX....',
          '.XX....',
          'XXX....',
          '.X.....',
          'XXX....',
          '.XXXXX.',
          '.XX.X..',
          '.XX.X..',
          '..XXX..',
          '..X....',
          '.XXX...',
          '..X.X..',
          'XXXXX..',
          'XX..X..',
          'XX..X..',
          '.X..X..',
          'XXX.X..',
          '.XXXX..',
          'XXXX...',
          '..XX...',
          '..XX...',
          '..X....',
          '..X....',
          '..XX...',
          '..XX...',
          '.XXX...',
          '..X....',
          '.XXX...',
          '..X....',
          '.XXXX..',
          '...XX..',
          'X..XX..',
          'X..X...',
          'X..X.X.',
          'XXXX.X.',
          'XXXX.X.',
          'X....X.',
          'X....X.',
          'X.XXXXX',
          'XXXXXX.',
          'XXX.X..',
          '.XXXX..',
          'XXXX...',
          '.XX....',
          '.XX....',
          '.X.....',
          '.X.....',
          '.XX....',
          '.XX....',
          'XXXX...',
          '..XXX..',
          '...X...',
          '.XXXX..',
          '...X...',
          '...X...',
          '...X.X.',
          '.XXX.X.',
          '.XXXXX.',
          'XX..X..',
          'XX.XXX.',
          '.X..X..',
          '.X.XXXX',
          '.X.X...',
          '.X.X...',
          '.XXX...',
          '..X....',
          '.XXX...',
          '..X....',
          '.XXXX..',
          '....XX.',
          '....XX.',
          '....X..',
          '....X..',
          '....XX.',
          '....XX.',
          '..XXXX.',
          '.XXX...',
          '..X....',
          '..XXXX.',
          '....X..',
          '....X..',
          '..XXX.X',
          '..XXX.X',
          '...XXXX',
          '..XXX..',
          '...X...',
          '..XXXX.',
          '..XX...',
          '..XX...',
          '..X....',
          '..X....',
          '..X....',
          '..X....',
          '..X....',
          '..X.X..',
          'XXXXXX.',
          '.XX.X..',
          '.XXXXXX',
          '.X..X..',
          '.X..X..',
          '.XXXX..',
          '.XX....',
          '.XXX...',
          '..X....',
          '..XXXX.',
          '..X.XX.',
          '..X.XX.',
          '..X.X..',
          '..X.X..',
          '..XXX..',
          '..X....',
          '.XXX...',
          'XXXXXXX',
          'XX....X',
          '.X....X',
          '.X.XXXX',
          '.XXXX..',
          '.X.X...',
          '.XXXX.X',
          'XX....X',
          'XX..XXX',
          '.XX..X.',
          '.XX.XXX',
          '..X..X.',
          '..XXXXX',
          '..X.X..',
          '..X.X..',
          '..XXXX.',
          '....XXX',
          '.XXXXX.',
          '...X...',
          '...X...',
          '...XX..',
          '...XX..',
          '..XXX..',
          '...X...',
          '..XXXXX',
          '...X.XX',
          '..XXXX.',
          '....XXX',
          '....XXX',
          '...XXXX',
          '..XXX..',
          '...X...',
          '...XXXX',
          '..X.XX.',
          '..X.XX.',
          '..X.X..',
          '..X.X..',
          '.XXXX..',
          '.X.X...',
          '.XXXX..',
          '.X.X...',
          'XXXX...',
          '..XX...',
          '..XX...',
          '..X....',
          '..X....',
          '..XXX..',
          '..XXX..',
          '.XXXX..',
          '...XX..',
          '..XXX..',
          '...X...',
          'XXXX...',
          '..XX...',
          '..XX...',
          '..X....',
          '..X....',
          '..X....',
          '..X....',
          '..X....',
          '..X....',
          'XXX....',
          'XX.....',
          'XX.....',
          'X....X.',
          'X...XXX',
          'XXXXXX.',
          'XX...X.',
          'XXX..X.',
          '.X.XXX.',
          'XXXX...',
          '...X...',
          '...X...',
          '...X...',
          '..XXXXX',
          '.XXXXXX',
          '..X.XXX',
          '..XXXX.',
          '..X....',
          '..X....',
          '..X....',
          '..X....',
          'XXX....',
          'XXX..X.',
          'XXX.XXX',
          '.XXXXX.',
          '....XXX',
          '.X..XXX',
          '.X.XXXX',
          '.XXXX..',
          '.X.X...',
          '.XXXX..',
          '..XX...',
          '..XX...',
          '...X...',
          '...X...',
          '...XX..',
          '...XX..',
          '..XXX..',
          '...X...',
          '..XXX..',
          '...X...',
          '..XXXX.',
          '...X...',
          '..XX...',
          '..XX...',
          'XXXX...',
          'XXXX...',
          '.XX..XX',
          '.XX..XX',
          '..X..X.',
          '..X.XXX',
          '..X.XX.',
          '..X.X..',
          '..XXX..',
          '...X...',
          '..XXX..',
          '...X..X',
          '.XXXX.X',
          '....XXX',
          '.....X.',
          '..XXXXX',
          '..XX.X.',
          '...XXXX',
          '....XX.',
          '....XX.',
          '....X..',
          '..X.X..',
          '..X.X.X',
          '..X.X.X',
          '..XXXXX',
          '..XXX..',
          '.X.X...',
          '.XXXXX.',
          '.XXXX..',
          '.XXXX..',
          'XXXX...',
          '..XXX..',
          '...X...',
          '...XXXX',
          '.XXX...',
          '.XXX...',
          '.X.X.X.',
          'XXXX.X.',
          '.X.XXX.',
          'XXXX...',
          '.XX....',
          '.XX....',
          '..X....',
          '..X....',
          '..X....',
          '.XX..X.',
          'XXX..X.',
          '.X.XXX.',
          'XXXX...',
          '.XX....',
          '.XX...X',
          '.X....X',
          '.X..XXX',
          '.X..X..',
          '.X.XXX.',
          'XXXXX..',
          '...X...',
          '...X...',
          '.XXXX..',
          '.XXXX..',
          '..XXXX.',
          '....XXX',
          '.....X.',
          '...XXXX',
          '....XX.',
          '....XX.',
          '....X..',
          '..X.X..',
          '..X.X..',
          'XXXXX..',
          '..XXX..',
          '...X...',
          'XXXX...',
          '.X.....',
          '.X.....',
          '.X.....',
          '.X.....',
          '.X..XXX',
          'XXX.XXX',
          '.X..XXX',
          '.XXXXXX',
          '.X...XX',
          '.X...X.',
          '.X...X.',
          '.X.XXX.',
          'XXXXX..',
          'XX.XXX.',
          'XX..X..',
          '.X..X..',
          '.X..X..',
          '.XXXX..',
          '.XX....',
          '.XXX...',
          '..X...X',
          '..XXXXX',
          '....XXX',
          '.....X.',
          '....XXX',
          '.....X.',
          '.XXXXXX',
          '.XXX..X',
          '..XX..X',
          '..XXXXX',
          'XXXXX..',
          'XXXXXX.',
          'XXXXX..',
          '..XX...',
          '..XX...',
          '...X...',
          '...X...',
          '...XX..',
          '...XX..',
          '..XXX..',
          '....X..',
          '...XXX.',
          'XX..X..',
          'XXXXXX.',
          '.X..X..',
          '.X..X..',
          '.XXXX..',
          '.XX....',
          '.XXX...',
          '..X.XXX',
          'XXXXXXX',
          '.X.XXXX',
          '.XXXX..',
          '.X.X...',
          '.XXXXX.',
          'XX..X..',
          'XX..X..',
          'X.XXX..',
          'X..X...',
          'X.XXX..',
          'X..X...',
          'XXXX...',
          '..XXX..',
          '..XXX..',
          '..XX...',
          '..XX...',
          '.XXXX..',
          '...XXX.',
          'XXXXX..',
          '..X....',
          'XXX....',
          'XXX....',
          '.XX....',
          'XXX....',
          '.XX..X.',
          '..X..X.',
          'XXXXXX.',
          '.X.XXXX',
          'XXXXX..',
          '.X.XXX.',
          'XXXX.X.',
          '..XX.XX',
          '..XX.XX',
          '.X.XXXX',
          '.XXXX..',
          '.X.X...',
          '.XXXXX.',
          '.XX....',
          '.XX.X..',
          '.X..X..',
          '.XXXX..',
          '.X..X..',
          '.X.XXXX',
          'XXXXX.X',
          '...XXXX',
          '...X.X.',
          '.XXXXXX',
          '.XXX.X.',
          '..XXXX.',
          '..X....',
          '..X....',
          '..X.X..',
          '..X.X..',
          '..XXX..',
          '....X.X',
          'XX.XXXX',
          'XX..X.X',
          '.XXXX.X',
          '....XXX',
          '....XXX',
          '...XXXX',
          '..XXX..',
          '...X...',
          '.XXXX..',
          '.XX....',
          '.XX....',
          '..X....',
          '..X....',
          '..XX...',
          '..XX.X.',
          '.XXXXXX',
          '.XXXXX.',
          '.XX.X..',
          '.XX.X..',
          '.X..X.X',
          'XXX.X.X',
          '.X..XXX',
          '.XXXX..',
          '..XX...',
          '..XX...',
          '..X....',
          '..X...X',
          '..X...X',
          '..XXXXX',
          '..XXX..',
          '...X...',
          '..XXXX.',
          '....X..',
          '....X..',
          '....X..',
          '....X..',
          '.XX.X..',
          '.XX.X..',
          '..XXX..',
          '...X...',
          '..XXX..',
          '...X...',
          '.XXXX..',
          '.X.....',
          '.X.....',
          '.X.X...',
          '.X.X.XX',
          '.XXXXXX',
          '...XXX.',
          'XXXXX..',
          '.XX....',
          '.XX...X',
          '..X...X',
          '..X.XXX',
          '..XXXXX',
          '..X.X..',
          '..X.X..',
          '.XXXX..',
          '..X.X..',
          '..XXX..',
          '..XXX..',
          '..XXX..',
          '..X....',
          '.XXX...',
          'XXX....',
          'XX.....',
          'X......',
          'X.....X',
          'X.XXXXX',
          'X...XXX',
          'XXXX.X.',
          '...XXXX',
          '...X.X.',
          '...X.X.',
          '...X.X.',
          '...XXX.',
          '...X...',
          'XXXXX..',
          'XX.X...',
          '.XXXXX.',
          '.X.XXX.',
          '.X.XXX.',
          '.XXXXX.',
          '.XXX...',
          '..XXXXX',
          '..XX...',
          '..XX...',
          '..X....',
          '..X....',
          '..X....',
          '..X....',
          '..X....',
          '..X....',
          'XXXX...',
          '..XXX..',
          '...X...',
          '..XXXX.',
          '..XX...',
          '..XX...',
          '...X...',
          '..XX...',
          '..XX.X.',
          'XXXXXXX',
          '.XXXXX.',
          '..X....',
          '..X....',
          '..X....',
          '..X....',
          '..X....',
          '..X....',
          'XXX....',
          '.X.....',
          'XXX....',
          '.X.....',
          '.XXXX..',
          'XX.....',
          'XX.....',
          '.X.....',
          '.X.....',
          '.X.....',
          '.X...XX',
          '.X...XX',
          'XXX...X',
          '.X....X',
          'XXXXXXX',
          '..XXX..',
          '..XXX..',
          '..XXX..',
          '.X.X...',
          '.XXXX..',
          '.X.X...',
          '.XXXXX.',
          '.XX....',
          '.XX....',
          '..X....',
          '..X...X',
          '..X...X',
          '..XXXXX',
          '..XXX..',
          '.X.X...',
          '.X.XXXX',
          '.X..XXX',
          '.X..XXX',
          'XXXXXXX',
          '..X.X..',
          '..XXXX.',
          '..X.XX.',
          'XXX..X.',
          'XXXXXX.',
          '.XXX...',
          '..XXXXX',
          '.XXX...',
          '.XXX...',
          '.XX....',
          '.XX....',
          'XXX....',
          '.X.....',
          'XXX....',
          '.X.....',
          '.XXXX..',
          '..X....',
          '..XX...',
          'XXXX...',
          '.X.X.XX',
          'XXXX.XX',
          '.XXXXX.',
          '...X...',
          '...X...',
          '.XXX...',
          '..X....',
          '.XXXXX.',
          '..X.XX.',
          '..XXXX.',
          '....XX.',
          '....XX.',
          '....X..',
          '....X..',
          '....X..',
          '....X..',
          '....X..',
          '....X..',
          '..XXX..',
          '...X...',
          '..XXX..',
          '...X...',
          '..XXXXX',
          '....XXX',
          '....XXX',
          '....X.X',
          '....X.X',
          '..XXX.X',
          '...X..X',
          '..XXX.X',
          '...XXXX',
          'XXXXXXX',
          '...XXXX',
          '..XXX..',
          '...X...',
          '..XXXX.',
          '....X..',
          '....X..',
          '....X..',
          '....X..',
          '..XXX..',
          '..XXX..',
          '..XXX..',
          '...X...',
          '..XXX..',
          '...X...',
          '.X.XXXX',
          '.XXX...',
          '.XXX...',
          '.XX..X.',
          '.XXX.X.',
          '..XXXX.',
          'XXXX...',
          '...X...',
          '...X.X.',
          'XX.X.X.',
          'XX.X.XX',
          'XXXX.XX',
          '..XXXXX',
          '..XXX..',
          '..XXXX.',
          '..X.X..',
          '..X.X..',
          '..X.X..',
          '..XXX..',
          '..X.XXX',
          '.XXXXXX',
          '..X.XXX',
          '.XXXXX.',
          '....XXX',
          'X....X.',
          'X..XXXX',
          'X.XXX..',
          'X.XXXX.',
          'XXXX.X.',
          '..XXXX.',
          '...X.X.',
          '..XXXX.',
          '....X..',
          '....X..',
          '....X.X',
          '....X.X',
          '...XXXX',
          'XXXXX..',
          'XX.X...',
          '.XXXX..',
          'XX.....',
          'XX.....',
          '.X.....',
          '.X...X.',
          '.X...X.',
          '.XXXXX.',
          '.XXX...',
          '..X....',
          'XXXX...',
          '..XX...',
          '..XX...',
          '..X....',
          '..X....',
          '..X.X..',
          '..X.X..',
          '..XXX..',
          '...X...',
          '..XXX..',
          '...X...',
          '...XXXX',
          '...XX..',
          '...XXX.',
          '...X.X.',
          '...X.X.',
          '.XXXXX.',
          '...XXX.',
          '..X.X..',
          '..XXXXX',
          'XXXX...',
          'XXXX...',
          '.XXX...',
          '...X...',
          '..XXX..',
          '...X...',
          '..XXXX.',
          '..XX...',
          '..XX...',
          '...X...',
          '...X...',
          '...X.X.',
          '.X.X.X.',
          'XXXXXX.',
          '.XXXXX.',
          '.XXX...',
          '.XXX...',
          '.X.XX..',
          'XXXXX..',
          '.XXXX..',
          'XXXX...',
          '.X.....',
          '.X.....',
          '.XXXX..',
          '.XXXX..',
          '.XXXX..',
          'XXX....',
          '.X.....',
          'XX.....',
          'XX.....',
          '.X.XXXX',
          '.X...X.',
          '.XX.XXX',
          '.XX.XX.',
          'XXX.X..',
          'XXXXXX.',
          'XX..XX.',
          'XXXXXX.',
          '.XXX...',
          '..X....',
          '..XXXX.',
          '....X..',
          '....X..',
          'XXXXX..',
          'XX..XXX',
          'X...XXX',
          'X..XXXX',
          'X.XXXX.',
          'X..XXXX',
          'XXXX.X.',
          '..XXXX.',
          '.XX....',
          '.XX....',
          '..X....',
          '..X....',
          '..X.X..',
          '..X.X..',
          '..XXXX.',
          '....XXX',
          '.....X.',
          '...XXXX',
          '..XX...',
          '..XX...',
          '.XX....',
          '.XX....',
          '.XX.X..',
          '.XX.X..',
          '.XXXX..',
          'XXX....',
          '.X.....',
          '.XXXXX.',
          '.X..XX.',
          '.X.XXX.',
          '.X.X.X.',
          '.XXXXXX',
          '.XXXXX.',
          '..XXX..',
          '..XXX..',
          '.XXXX..',
          '.X..X..',
          '.X.XXX.',
          '.X..X..',
          '.XXXX..',
          '....X..',
          '....X..',
          '....X..',
          '....X..',
          '..XXX..',
          '..XXX..',
          '..XXX..',
          '..X....',
          '.XXX...',
          '..XXXXX',
          '.....XX',
          '.....XX',
          '....XX.',
          '....XX.',
          '.XXXXX.',
          'XXX..X.',
          '.XXXXX.',
          '....XX.',
          '....XX.',
          '....X..',
          '..X.X..',
          '..X.X..',
          'XXXXX..',
          '..XXX..',
          '...XXX.',
          '....XX.',
          '.....X.',
          '.....X.',
          '.....XX',
          '.XXXXXX',
          '...XXXX',
          '..XXX..',
          '...X...',
          'XXXX...',
          '..X....',
          '..X....',
          'XXXX.X.',
          'XXXXXXX',
          '.XXX.X.',
          '..XXXX.',
          '.XXX...',
          '.XXX...',
          '.XX....',
          '.XX....',
          'XXXX...',
          '..XXX..',
          '..XX...',
          'XXX....',
          'XXXXXXX',
          '.XX...X',
          'XXX...X',
          '.X..XXX',
          '.XXXX..',
          '....XX.',
          '....XX.',
          '.....X.',
          '.....X.',
          '...XXX.',
          'X...X..',
          'X..XXX.',
          'X...X..',
          'X.XXXX.'
        ];
3137
