#00000000000#|AABBCCDD,0
#00000000000#|BAABCCDD,46
#00000000000#|ABABCCDD,61
#00000000000#|BABACCDD,97
#00000000000#|ABBACCDD,112
#00000000000#|BBAACCDD,114
#00000000000#|BACBACDD,448
#00000000000#|AACBBCDD,460
#00000000000#|ABCBACDD,463
#00000000000#|BBCAACDD,516
#00000000000#|BACABCDD,517
#00000000000#|ABCABCDD,532
#00000000000#|BABCACDD,598
#00000000000#|CABBACDD,608
#00000000000#|AABCBCDD,610
#00000000000#|ABBCACDD,613
#00000000000#|BBACACDD,615
#00000000000#|BAACBCDD,616
#00000000000#|ABACBCDD,633
#00000000000#|CAABBCDD,646
#00000000000#|CBABACDD,665
#00000000000#|CABABCDD,697
#00000000000#|ACBBACDD,713
#00000000000#|CBBAACDD,716
#00000000000#|CBAABCDD,716
#00000000000#|ACABBCDD,753
#00000000000#|BCABACDD,755
#00000000000#|ACBABCDD,804
#00000000000#|BCBAACDD,806
#00000000000#|BCAABCDD,806
#00000000000#|BACBCADD,949
#00000000000#|ABCBCADD,964
#00000000000#|AACBCBDD,970
#00000000000#|BBCACADD,1017
#00000000000#|BACACBDD,1027
#00000000000#|ABCACBDD,1042
#00000000000#|BABCCADD,1099
#00000000000#|CABBCADD,1109
#00000000000#|ABBCCADD,1114
#00000000000#|BBACCADD,1116
#00000000000#|BBCCAADD,1118
#00000000000#|BACCBADD,1119
#00000000000#|AABCCBDD,1120
#00000000000#|BAACCBDD,1126
#00000000000#|BACCABDD,1128
#00000000000#|ABCCBADD,1134
#00000000000#|AACCBBDD,1140
#00000000000#|ABACCBDD,1143
#00000000000#|ABCCABDD,1143
#00000000000#|CAABCBDD,1156
#00000000000#|CBABCADD,1166
#00000000000#|CBCBAADD,1168
#00000000000#|CACBBADD,1169
#00000000000#|CACBABDD,1178
#00000000000#|CABACBDD,1207
#00000000000#|ACBBCADD,1214
#00000000000#|CBBACADD,1217
#00000000000#|CBAACBDD,1226
#00000000000#|CBCABADD,1237
#00000000000#|CBCAABDD,1246
#00000000000#|BCABCADD,1256
#00000000000#|BCCBAADD,1258
#00000000000#|ACABCBDD,1263
#00000000000#|ACCBBADD,1274
#00000000000#|ACCBABDD,1283
#00000000000#|CACABBDD,1285
#00000000000#|BCBACADD,1307
#00000000000#|ACBACBDD,1314
#00000000000#|BCAACBDD,1316
#00000000000#|CBBCAADD,1318
#00000000000#|CABCBADD,1319
#00000000000#|CABCABDD,1328
#00000000000#|BCCABADD,1329
#00000000000#|CBACBADD,1336
#00000000000#|BCCAABDD,1338
#00000000000#|CBACABDD,1345
#00000000000#|CAACBBDD,1346
#00000000000#|ACCABBDD,1390
#00000000000#|BCBCAADD,1408
#00000000000#|CCBBAADD,1418
#00000000000#|ACBCBADD,1426
#00000000000#|BCACBADD,1426
#00000000000#|ACBCABDD,1435
#00000000000#|BCACABDD,1435
#00000000000#|ACACBBDD,1453
#00000000000#|CCABBADD,1456
#00000000000#|CCABABDD,1465
#00000000000#|CCBABADD,1507
#00000000000#|CCBAABDD,1516
#00000000000#|CCAABBDD,1516
#00000000000#|BACBDCAD,4450
#00000000000#|ABCBDCAD,4465
#00000000000#|AACBDCBD,4480
#00000000000#|BBCADCAD,4518
#00000000000#|BACADCBD,4537
#00000000000#|ABCADCBD,4552
#00000000000#|AABBDCCD,4600
#00000000000#|BABCDCAD,4600
#00000000000#|CABBDCAD,4610
#00000000000#|ABBCDCAD,4615
#00000000000#|BBACDCAD,4617
#00000000000#|AABCDCBD,4630
#00000000000#|BAACDCBD,4636
#00000000000#|BAABDCCD,4646
#00000000000#|ABACDCBD,4653
#00000000000#|ABABDCCD,4661
#00000000000#|CAABDCBD,4666
#00000000000#|CBABDCAD,4667
#00000000000#|BABADCCD,4697
#00000000000#|ABBADCCD,4712
#00000000000#|BBAADCCD,4714
#00000000000#|ACBBDCAD,4715
#00000000000#|CABADCBD,4717
#00000000000#|CBBADCAD,4718
#00000000000#|CBAADCBD,4736
#00000000000#|BCABDCAD,4757
#00000000000#|ACABDCBD,4773
#00000000000#|BCBADCAD,4808
#00000000000#|ACBADCBD,4824
#00000000000#|BCAADCBD,4826
#00000000000#|BBCCDAAD,5120
#00000000000#|BACCDBAD,5130
#00000000000#|BACCDABD,5139
#00000000000#|ABCCDBAD,5145
#00000000000#|BACBDACD,5149
#00000000000#|ABCCDABD,5154
#00000000000#|AACCDBBD,5160
#00000000000#|ABCBDACD,5164
#00000000000#|CBCBDAAD,5170
#00000000000#|AACBDBCD,5170
#00000000000#|CACBDBAD,5180
#00000000000#|CACBDABD,5189
#00000000000#|BBCADACD,5217
#00000000000#|BACADBCD,5227
#00000000000#|ABCADBCD,5242
#00000000000#|CBCADBAD,5248
#00000000000#|CBCADABD,5257
#00000000000#|BCCBDAAD,5260
#00000000000#|CACADBBD,5265
#00000000000#|ACCBDBAD,5285
#00000000000#|ACCBDABD,5294
#00000000000#|BABCDACD,5299
#00000000000#|CABBDACD,5309
#00000000000#|ABBCDACD,5314
#00000000000#|BBACDACD,5316
#00000000000#|CBBCDAAD,5320
#00000000000#|AABCDBCD,5320
#00000000000#|BAACDBCD,5326
#00000000000#|CABCDBAD,5330
#00000000000#|BCCADBAD,5338
#00000000000#|CABCDABD,5339
#00000000000#|ABACDBCD,5343
#00000000000#|CBACDBAD,5347
#00000000000#|BCCADABD,5347
#00000000000#|CBACDABD,5356
#00000000000#|CAABDBCD,5356
#00000000000#|CAACDBBD,5364
#00000000000#|CBABDACD,5366
#00000000000#|ACCADBBD,5370
#00000000000#|CABADBCD,5407
#00000000000#|BCBCDAAD,5410
#00000000000#|ACBBDACD,5414
#00000000000#|CBBADACD,5417
#00000000000#|CCBBDAAD,5420
#00000000000#|CBAADBCD,5426
#00000000000#|ACBCDBAD,5435
#00000000000#|BCACDBAD,5437
#00000000000#|ACBCDABD,5444
#00000000000#|BCACDABD,5446
#00000000000#|BCABDACD,5456
#00000000000#|ACABDBCD,5463
#00000000000#|CCABDBAD,5467
#00000000000#|ACACDBBD,5469
#00000000000#|CCABDABD,5476
#00000000000#|BCBADACD,5507
#00000000000#|ACBADBCD,5514
#00000000000#|BCAADBCD,5516
#00000000000#|CCBADBAD,5518
#00000000000#|CCBADABD,5527
#00000000000#|CCAADBBD,5536
#00000000000#|BACBCDAD,5950
#00000000000#|ABCBCDAD,5965
#00000000000#|AACBCDBD,5980
#00000000000#|BBCACDAD,6018
#00000000000#|BACACDBD,6037
#00000000000#|BADBCCAD,6050
#00000000000#|ABCACDBD,6052
#00000000000#|ABDBCCAD,6065
#00000000000#|AADBCCBD,6080
#00000000000#|AABBCDCD,6100
#00000000000#|BABCCDAD,6100
#00000000000#|CABBCDAD,6110
#00000000000#|ABBCCDAD,6115
#00000000000#|BBACCDAD,6117
#00000000000#|BBDACCAD,6118
#00000000000#|BBCCADAD,6119
#00000000000#|BACCBDAD,6120
#00000000000#|AABCCDBD,6130
#00000000000#|ABCCBDAD,6135
#00000000000#|BAACCDBD,6136
#00000000000#|BADACCBD,6137
#00000000000#|BACCADBD,6138
#00000000000#|BAABCDCD,6146
#00000000000#|BACBADCD,6148
#00000000000#|AACCBDBD,6150
#00000000000#|ABDACCBD,6152
#00000000000#|ABACCDBD,6153
#00000000000#|ABCCADBD,6155
#00000000000#|AACBBDCD,6160
#00000000000#|ABABCDCD,6161
#00000000000#|ABCBADCD,6165
#00000000000#|CAABCDBD,6166
#00000000000#|CBABCDAD,6167
#00000000000#|CBCBADAD,6169
#00000000000#|CACBBDAD,6170
#00000000000#|CACBADBD,6188
#00000000000#|BABACDCD,6197
#00000000000#|ABBACDCD,6212
#00000000000#|BBAACDCD,6214
#00000000000#|ACBBCDAD,6215
#00000000000#|BBCAADCD,6216
#00000000000#|BACABDCD,6217
#00000000000#|CABACDBD,6217
#00000000000#|CBBACDAD,6218
#00000000000#|ABCABDCD,6232
#00000000000#|CBAACDBD,6236
#00000000000#|CBCABDAD,6242
#00000000000#|CBCAADBD,6256
#00000000000#|BCABCDAD,6257
#00000000000#|BCCBADAD,6259
#00000000000#|CACABDBD,6261
#00000000000#|ACABCDBD,6273
#00000000000#|ACCBBDAD,6275
#00000000000#|ACCBADBD,6295
#00000000000#|BABCADCD,6298
#00000000000#|BCBACDAD,6308
#00000000000#|CABBADCD,6308
#00000000000#|ABBCADCD,6315
#00000000000#|BAACBDCD,6316
#00000000000#|BBACADCD,6317
#00000000000#|CBBCADAD,6319
#00000000000#|ACBACDBD,6324
#00000000000#|BCAACDBD,6326
#00000000000#|BCCABDAD,6332
#00000000000#|ABACBDCD,6333
#00000000000#|CBACBDAD,6337
#00000000000#|CABCADBD,6338
#00000000000#|CAABBDCD,6346
#00000000000#|BCCAADBD,6348
#00000000000#|AABCBDCD,6350
#00000000000#|CAACBDBD,6356
#00000000000#|CBACADBD,6357
#00000000000#|CABCBDAD,6360
#00000000000#|CBABADCD,6365
#00000000000#|ACCABDBD,6366
#00000000000#|CABABDCD,6397
#00000000000#|BCBCADAD,6409
#00000000000#|ACBBADCD,6415
#00000000000#|CBAABDCD,6416
#00000000000#|CBBAADCD,6416
#00000000000#|CCBBADAD,6419
#00000000000#|BCACBDAD,6427
#00000000000#|ACBCADBD,6445
#00000000000#|BCACADBD,6447
#00000000000#|BADBACCD,6448
#00000000000#|ACABBDCD,6453
#00000000000#|BCABADCD,6457
#00000000000#|CCABBDAD,6457
#00000000000#|AADBBCCD,6460
#00000000000#|ACACBDBD,6463
#00000000000#|ABDBACCD,6465
#00000000000#|ACBCBDAD,6465
#00000000000#|CCABADBD,6477
#00000000000#|ACBABDCD,6504
#00000000000#|BCAABDCD,6506
#00000000000#|BCBAADCD,6508
#00000000000#|CCBABDAD,6508
#00000000000#|BBDAACCD,6516
#00000000000#|BADABCCD,6517
#00000000000#|CCAABDBD,6526
#00000000000#|CCBAADBD,6528
#00000000000#|ABDABCCD,6532
#00000000000#|BBDCACAD,6619
#00000000000#|BADCBCAD,6620
#00000000000#|ABDCBCAD,6635
#00000000000#|BADCACBD,6638
#00000000000#|AADCBCBD,6650
#00000000000#|CADBBCAD,6650
#00000000000#|ABDCACBD,6653
#00000000000#|CBDBACAD,6669
#00000000000#|CADBACBD,6688
#00000000000#|CBDABCAD,6718
#00000000000#|CADABCBD,6737
#00000000000#|ACDBBCAD,6755
#00000000000#|CBDAACBD,6756
#00000000000#|BCDBACAD,6759
#00000000000#|ACDBACBD,6793
#00000000000#|BCDABCAD,6808
#00000000000#|ACDABCBD,6844
#00000000000#|BCDAACBD,6846
#00000000000#|BADBCACD,6949
#00000000000#|ABDBCACD,6966
#00000000000#|AADBCBCD,6970
#00000000000#|BBDACACD,7017
#00000000000#|BADACBCD,7027
#00000000000#|ABDACBCD,7042
#00000000000#|BABDCCAD,7100
#00000000000#|ABBDCCAD,7115
#00000000000#|BBADCCAD,7117
#00000000000#|BBDCCAAD,7120
#00000000000#|BBDCAACD,7120
#00000000000#|BADCBACD,7123
#00000000000#|BADCABCD,7128
#00000000000#|BADCCBAD,7130
#00000000000#|AABDCCBD,7130
#00000000000#|BAADCCBD,7136
#00000000000#|ABDCBACD,7138
#00000000000#|BADCCABD,7139
#00000000000#|ABDCCBAD,7145
#00000000000#|ABDCABCD,7145
#00000000000#|ABADCCBD,7153
#00000000000#|ABDCCABD,7154
#00000000000#|AADCCBBD,7160
#00000000000#|CADBCBAD,7160
#00000000000#|CBDBCAAD,7170
#00000000000#|CBDBAACD,7170
#00000000000#|CADBBACD,7173
#00000000000#|CADBABCD,7178
#00000000000#|AADCBBCD,7180
#00000000000#|CADBCABD,7189
#00000000000#|CBDACBAD,7228
#00000000000#|CBDABACD,7245
#00000000000#|CADACBBD,7247
#00000000000#|CBDAABCD,7250
#00000000000#|CBDACABD,7257
#00000000000#|BCDBCAAD,7260
#00000000000#|BCDBAACD,7260
#00000000000#|ACDBCBAD,7265
#00000000000#|ACDBBACD,7278
#00000000000#|ACDBABCD,7285
#00000000000#|CADABBCD,7291
#00000000000#|ACDBCABD,7294
#00000000000#|BCDACBAD,7318
#00000000000#|BCDABACD,7335
#00000000000#|CBDCBAAD,7340
#00000000000#|BCDAABCD,7340
#00000000000#|BCDACABD,7347
#00000000000#|CBDCABAD,7349
#00000000000#|CADCBBAD,7350
#00000000000#|ACDACBBD,7354
#00000000000#|CBDCAABD,7358
#00000000000#|CADCBABD,7359
#00000000000#|CADCABBD,7368
#00000000000#|ACDABBCD,7396
#00000000000#|BCDCBAAD,7430
#00000000000#|BCDCABAD,7439
#00000000000#|BCDCAABD,7448
#00000000000#|ACDCBBAD,7455
#00000000000#|CCDBBAAD,7460
#00000000000#|ACDCBABD,7464
#00000000000#|CCDBABAD,7469
#00000000000#|ACDCABBD,7473
#00000000000#|CCDBAABD,7498
#00000000000#|BABDACCD,7498
#00000000000#|ABBDACCD,7515
#00000000000#|BAADBCCD,7516
#00000000000#|BBADACCD,7517
#00000000000#|CCDABBAD,7518
#00000000000#|BBCDACAD,7519
#00000000000#|BACDBCAD,7520
#00000000000#|ABADBCCD,7533
#00000000000#|ABCDBCAD,7535
#00000000000#|BACDACBD,7538
#00000000000#|CCDABABD,7547
#00000000000#|AABDBCCD,7550
#00000000000#|AACDBCBD,7550
#00000000000#|ABCDACBD,7555
#00000000000#|CCDAABBD,7556
#00000000000#|CABDBCAD,7700
#00000000000#|CBADBCAD,7717
#00000000000#|CBBDACAD,7719
#00000000000#|CAADBCBD,7736
#00000000000#|CABDACBD,7738
#00000000000#|CBADACBD,7755
#00000000000#|ACBDBCAD,7805
#00000000000#|BCADBCAD,7807
#00000000000#|BCBDACAD,7809
#00000000000#|ACBDACBD,7843
#00000000000#|ACADBCBD,7843
#00000000000#|BCADACBD,7845
#00000000000#|BABDCACD,7999
#00000000000#|DABBCCAD,8010
#00000000000#|ABBDCACD,8016
#00000000000#|BBADCACD,8018
#00000000000#|BBCDCAAD,8020
#00000000000#|BBCDAACD,8020
#00000000000#|BACDBACD,8023
#00000000000#|BAADCBCD,8026
#00000000000#|BACDABCD,8028
#00000000000#|BACDCBAD,8030
#00000000000#|ABCDBACD,8038
#00000000000#|BACDCABD,8039
#00000000000#|ABADCBCD,8043
#00000000000#|ABCDCBAD,8045
#00000000000#|ABCDABCD,8045
#00000000000#|ABCDCABD,8056
#00000000000#|AABDCBCD,8060
#00000000000#|AACDCBBD,8060
#00000000000#|DAABCCBD,8066
#00000000000#|DBABCCAD,8067
#00000000000#|AACDBBCD,8080
#00000000000#|DABACCBD,8117
#00000000000#|DBBACCAD,8118
#00000000000#|DBAACCBD,8136
#00000000000#|CABDCBAD,8210
#00000000000#|CBBDCAAD,8220
#00000000000#|CBBDAACD,8220
#00000000000#|CBADCBAD,8227
#00000000000#|CABDCABD,8239
#00000000000#|CBADBACD,8240
#00000000000#|CBCDBAAD,8244
#00000000000#|CAADCBBD,8246
#00000000000#|CBADABCD,8247
#00000000000#|CBCDABAD,8249
#00000000000#|CBADCABD,8256
#00000000000#|CABDBACD,8259
#00000000000#|CBCDAABD,8260
#00000000000#|CACDBABD,8265
#00000000000#|CACDABBD,8268
#00000000000#|CABDABCD,8268
#00000000000#|CAADBBCD,8286
#00000000000#|CACDBBAD,8290
#00000000000#|BCBDCAAD,8310
#00000000000#|BCBDAACD,8310
#00000000000#|ACBDCBAD,8315
#00000000000#|BCADCBAD,8317
#00000000000#|BCADBACD,8330
#00000000000#|BCCDBAAD,8334
#00000000000#|BCADABCD,8337
#00000000000#|BCCDABAD,8339
#00000000000#|ACBDCABD,8344
#00000000000#|BCADCABD,8346
#00000000000#|BCCDAABD,8350
#00000000000#|ACADCBBD,8353
#00000000000#|ACBDBACD,8364
#00000000000#|ACCDBABD,8370
#00000000000#|ACBDABCD,8375
#00000000000#|ACCDABBD,8375
#00000000000#|ACADBBCD,8393
#00000000000#|ACCDBBAD,8395
#00000000000#|DABBACCD,8408
#00000000000#|DAABBCCD,8446
#00000000000#|DBABACCD,8465
#00000000000#|DACBACBD,8468
#00000000000#|DBCBACAD,8469
#00000000000#|DACBBCAD,8470
#00000000000#|DABABCCD,8497
#00000000000#|CCBDBAAD,8510
#00000000000#|DBAABCCD,8516
#00000000000#|DBBAACCD,8516
#00000000000#|CCADBBAD,8517
#00000000000#|CCBDABAD,8519
#00000000000#|DACABCBD,8537
#00000000000#|DBCABCAD,8538
#00000000000#|DBCAACBD,8538
#00000000000#|CCADBABD,8546
#00000000000#|CCBDAABD,8548
#00000000000#|CCADABBD,8555
#00000000000#|DABCACBD,8618
#00000000000#|DBBCACAD,8619
#00000000000#|DABCBCAD,8620
#00000000000#|DAACBCBD,8636
#00000000000#|DBACBCAD,8637
#00000000000#|DBACACBD,8637
#00000000000#|DCBBACAD,8719
#00000000000#|DCABBCAD,8757
#00000000000#|DCABACBD,8775
#00000000000#|DCBABCAD,8808
#00000000000#|DCAABCBD,8826
#00000000000#|DCBAACBD,8826
#00000000000#|DABBCACD,8909
#00000000000#|DAABCBCD,8956
#00000000000#|DBABCACD,8966
#00000000000#|DACBCABD,8969
#00000000000#|DACBBACD,8969
#00000000000#|DBCBCAAD,8970
#00000000000#|DBCBAACD,8970
#00000000000#|DACBABCD,8978
#00000000000#|DACBCBAD,8980
#00000000000#|DABACBCD,9007
#00000000000#|ADBBCCAD,9015
#00000000000#|DBBACACD,9017
#00000000000#|DBAACBCD,9026
#00000000000#|DBCACABD,9039
#00000000000#|DBCABACD,9039
#00000000000#|DACACBBD,9047
#00000000000#|DBCACBAD,9048
#00000000000#|DBCAABCD,9048
#00000000000#|BDABCCAD,9057
#00000000000#|ADABCCBD,9073
#00000000000#|DACABBCD,9087
#00000000000#|BDBACCAD,9108
#00000000000#|DABCCABD,9119
#00000000000#|DABCBACD,9119
#00000000000#|DBBCCAAD,9120
#00000000000#|DBBCAACD,9120
#00000000000#|ADBACCBD,9124
#00000000000#|BDAACCBD,9126
#00000000000#|DABCABCD,9128
#00000000000#|DABCCBAD,9130
#00000000000#|DBACCABD,9138
#00000000000#|DBACBACD,9138
#00000000000#|DACCBABD,9139
#00000000000#|DBCCBAAD,9140
#00000000000#|DBCCAABD,9140
#00000000000#|DAACCBBD,9146
#00000000000#|DAACBBCD,9146
#00000000000#|DBACCBAD,9147
#00000000000#|DBACABCD,9147
#00000000000#|DACCABBD,9148
#00000000000#|DBCCABAD,9149
#00000000000#|DACCBBAD,9150
#00000000000#|DCBBCAAD,9220
#00000000000#|DCBBAACD,9220
#00000000000#|DCABBACD,9258
#00000000000#|DCABCBAD,9267
#00000000000#|DCABABCD,9267
#00000000000#|DCABCABD,9276
#00000000000#|DCCBBAAD,9280
#00000000000#|DCCBAABD,9280
#00000000000#|DCCBABAD,9289
#00000000000#|DCBABACD,9309
#00000000000#|DCAABBCD,9316
#00000000000#|DCBACBAD,9318
#00000000000#|DCBAABCD,9318
#00000000000#|DCBACABD,9327
#00000000000#|DCAACBBD,9336
#00000000000#|DCCABABD,9349
#00000000000#|DCCAABBD,9358
#00000000000#|DCCABBAD,9396
#00000000000#|ADBBACCD,9415
#00000000000#|DCBCBAAD,9430
#00000000000#|DCBCAABD,9430
#00000000000#|DCBCABAD,9439
#00000000000#|DCACBABD,9448
#00000000000#|BACBDCDA,9451
#00000000000#|ADABBCCD,9453
#00000000000#|DCACBBAD,9457
#00000000000#|BDABACCD,9457
#00000000000#|DCACABBD,9457
#00000000000#|BDCBACAD,9459
#00000000000#|ABCBDCDA,9466
#00000000000#|ADCBBCAD,9475
#00000000000#|ADCBACBD,9475
#00000000000#|AACBDCDB,9490
#00000000000#|ADBABCCD,9504
#00000000000#|BDAABCCD,9506
#00000000000#|BDBAACCD,9508
#00000000000#|BBCADCDA,9519
#00000000000#|BDCABCAD,9528
#00000000000#|BDCAACBD,9528
#00000000000#|ADCABCBD,9544
#00000000000#|BACADCDB,9547
#00000000000#|ABCADCDB,9562
#00000000000#|BABCDCDA,9601
#00000000000#|BDBCACAD,9609
#00000000000#|CABBDCDA,9611
#00000000000#|ABBCDCDA,9616
#00000000000#|BBACDCDA,9618
#00000000000#|CDBBACAD,9619
#00000000000#|ADBCBCAD,9625
#00000000000#|ADBCACBD,9625
#00000000000#|BDACACBD,9627
#00000000000#|BDACBCAD,9627
#00000000000#|AABCDCDB,9640
#00000000000#|ADACBCBD,9643
#00000000000#|BAACDCDB,9646
#00000000000#|CDABBCAD,9657
#00000000000#|ABACDCDB,9663
#00000000000#|CBABDCDA,9668
#00000000000#|CAABDCDB,9676
#00000000000#|CDABACBD,9677
#00000000000#|AABBDCDC,9700
#00000000000#|CDBABCAD,9708
#00000000000#|ACBBDCDA,9716
#00000000000#|CBBADCDA,9719
#00000000000#|CDAABCBD,9726
#00000000000#|CABADCDB,9727
#00000000000#|CDBAACBD,9728
#00000000000#|BAABDCDC,9746
#00000000000#|CBAADCDB,9746
#00000000000#|BCABDCDA,9758
#00000000000#|ABABDCDC,9761
#00000000000#|ACABDCDB,9783
#00000000000#|BABADCDC,9797
#00000000000#|BCBADCDA,9809
#00000000000#|ABBADCDC,9812
#00000000000#|BBAADCDC,9814
#00000000000#|ACBADCDB,9834
#00000000000#|BCAADCDB,9836
#00000000000#|ADBBCACD,9916
#00000000000#|BDABCACD,9958
#00000000000#|BDCBCAAD,9960
#00000000000#|BDCBAACD,9960
#00000000000#|ADABCBCD,9963
#00000000000#|ADCBCABD,9976
#00000000000#|ADCBBACD,9976
#00000000000#|ADCBCBAD,9985
#00000000000#|ADCBABCD,9985
#00000000000#|BDBACACD,10009
#00000000000#|ADBACBCD,10014
#00000000000#|BDAACBCD,10016
#00000000000#|BDCACABD,10029
#00000000000#|BDCABACD,10029
#00000000000#|BDCACBAD,10038
#00000000000#|BDCAABCD,10038
#00000000000#|ADCACBBD,10054
#00000000000#|ADCABBCD,10094
#00000000000#|BDBCCAAD,10110
#00000000000#|BDBCAACD,10110
#00000000000#|CDBBCAAD,10120
#00000000000#|CDBBAACD,10120
#00000000000#|BBCCDADA,10121
#00000000000#|ADBCCABD,10126
#00000000000#|ADBCBACD,10126
#00000000000#|BDACCABD,10128
#00000000000#|BDACBACD,10128
#00000000000#|BDCCBAAD,10130
#00000000000#|BDCCAABD,10130
#00000000000#|BACCDBDA,10131
#00000000000#|ADBCCBAD,10135
#00000000000#|ADBCABCD,10135
#00000000000#|BDACCBAD,10137
#00000000000#|BDACABCD,10137
#00000000000#|BDCCABAD,10139
#00000000000#|ABCCDBDA,10146
#00000000000#|ADCCBABD,10146
#00000000000#|BACCDADB,10149
#00000000000#|ADACCBBD,10153
#00000000000#|ADACBBCD,10153
#00000000000#|ADCCBBAD,10155
#00000000000#|ADCCABBD,10155
#00000000000#|CDABBACD,10158
#00000000000#|ABCCDADB,10164
#00000000000#|CDABCBAD,10167
#00000000000#|CDABABCD,10167
#00000000000#|AACCDBDB,10170
#00000000000#|CBCBDADA,10171
#00000000000#|CDABCABD,10178
#00000000000#|CDCBBAAD,10180
#00000000000#|CDCBAABD,10180
#00000000000#|CACBDBDA,10181
#00000000000#|CDCBABAD,10189
#00000000000#|CACBDADB,10199
#00000000000#|CDBABACD,10209
#00000000000#|CDAABBCD,10216
#00000000000#|CDBAABCD,10218
#00000000000#|CDBACBAD,10218
#00000000000#|CDBACABD,10229
#00000000000#|CDAACBBD,10236
#00000000000#|BACBDADC,10249
#00000000000#|CBCADBDA,10249
#00000000000#|CDCABABD,10249
#00000000000#|CDCAABBD,10258
#00000000000#|BCCBDADA,10261
#00000000000#|ABCBDADC,10264
#00000000000#|CBCADADB,10267
#00000000000#|AACBDBDC,10270
#00000000000#|CACADBDB,10275
#00000000000#|ACCBDBDA,10286
#00000000000#|CDCABBAD,10298
#00000000000#|ACCBDADB,10304
#00000000000#|BBCADADC,10317
#00000000000#|CBBCDADA,10321
#00000000000#|BACADBDC,10327
#00000000000#|CDBCBAAD,10330
#00000000000#|CDBCAABD,10330
#00000000000#|CABCDBDA,10331
#00000000000#|BCCADBDA,10339
#00000000000#|CDBCABAD,10339
#00000000000#|ABCADBDC,10342
#00000000000#|CBACDBDA,10348
#00000000000#|CDACBABD,10348
#00000000000#|CABCDADB,10349
#00000000000#|BCCADADB,10357
#00000000000#|CDACABBD,10357
#00000000000#|CDACBBAD,10357
#00000000000#|CBACDADB,10366
#00000000000#|CAACDBDB,10374
#00000000000#|ACCADBDB,10380
#00000000000#|BABCDADC,10399
#00000000000#|CABBDADC,10409
#00000000000#|BCBCDADA,10411
#00000000000#|ABBCDADC,10414
#00000000000#|BBACDADC,10416
#00000000000#|AABCDBDC,10420
#00000000000#|CCBBDADA,10421
#00000000000#|BAACDBDC,10426
#00000000000#|ACBCDBDA,10436
#00000000000#|BCACDBDA,10438
#00000000000#|ABACDBDC,10443
#00000000000#|ACBCDADB,10454
#00000000000#|CAABDBDC,10456
#00000000000#|BCACDADB,10456
#00000000000#|CBABDADC,10466
#00000000000#|CCABDBDA,10468
#00000000000#|ACACDBDB,10479
#00000000000#|CCABDADB,10486
#00000000000#|CABADBDC,10507
#00000000000#|ACBBDADC,10514
#00000000000#|CBBADADC,10517
#00000000000#|CCBADBDA,10519
#00000000000#|CBAADBDC,10526
#00000000000#|CCBADADB,10537
#00000000000#|CCAADBDB,10546
#00000000000#|BCABDADC,10556
#00000000000#|ACABDBDC,10563
#00000000000#|BCBADADC,10607
#00000000000#|ACBADBDC,10614
#00000000000#|BCAADBDC,10616
#00000000000#|BACBCDDA,10951
#00000000000#|ABCBCDDA,10966
#00000000000#|AACBCDDB,10990
#00000000000#|BBCACDDA,11019
#00000000000#|BACACDDB,11047
#00000000000#|BADBCCDA,11051
#00000000000#|ABCACDDB,11062
#00000000000#|ABDBCCDA,11066
#00000000000#|AADBCCDB,11090
#00000000000#|BABCCDDA,11101
#00000000000#|CABBCDDA,11111
#00000000000#|ABBCCDDA,11116
#00000000000#|BBACCDDA,11118
#00000000000#|BBDACCDA,11119
#00000000000#|BBCCADDA,11120
#00000000000#|BACCBDDA,11121
#00000000000#|BBCCDDAA,11122
#00000000000#|ABCCBDDA,11136
#00000000000#|AABCCDDB,11140
#00000000000#|BACCDDBA,11141
#00000000000#|BAACCDDB,11146
#00000000000#|BADACCDB,11147
#00000000000#|BACCADDB,11148
#00000000000#|BACCDDAB,11150
#00000000000#|BACBDDCA,11151
#00000000000#|ABCCDDBA,11156
#00000000000#|AACCBDDB,11160
#00000000000#|ABDACCDB,11162
#00000000000#|ABACCDDB,11163
#00000000000#|ABCCADDB,11165
#00000000000#|ABCCDDAB,11165
#00000000000#|ABCBDDCA,11166
#00000000000#|CBABCDDA,11168
#00000000000#|CBCBADDA,11170
#00000000000#|CACBBDDA,11171
#00000000000#|CBCBDDAA,11172
#00000000000#|CAABCDDB,11176
#00000000000#|AACCDDBB,11180
#00000000000#|AACBDDCB,11190
#00000000000#|CACBDDBA,11191
#00000000000#|CACBADDB,11198
#00000000000#|AABBCDDC,11200
#00000000000#|CACBDDAB,11200
#00000000000#|ACBBCDDA,11216
#00000000000#|CBBACDDA,11219
#00000000000#|BBCADDCA,11219
#00000000000#|CABACDDB,11227
#00000000000#|CBCABDDA,11243
#00000000000#|BAABCDDC,11246
#00000000000#|CBAACDDB,11246
#00000000000#|BACADDCB,11247
#00000000000#|BACBADDC,11248
#00000000000#|BACBDDAC,11250
#00000000000#|BCABCDDA,11258
#00000000000#|CBCADDBA,11259
#00000000000#|AACBBDDC,11260
#00000000000#|BCCBADDA,11260
#00000000000#|ABABCDDC,11261
#00000000000#|ABCADDCB,11262
#00000000000#|BCCBDDAA,11262
#00000000000#|ABCBADDC,11265
#00000000000#|ABCBDDAC,11265
#00000000000#|CBCAADDB,11266
#00000000000#|CBCADDAB,11268
#00000000000#|CACABDDB,11271
#00000000000#|ACCBBDDA,11276
#00000000000#|AACBDDBC,11280
#00000000000#|ACABCDDB,11283
#00000000000#|CACADDBB,11291
#00000000000#|ACCBDDBA,11296
#00000000000#|BABACDDC,11297
#00000000000#|BABCDDCA,11301
#00000000000#|ACCBADDB,11305
#00000000000#|ACCBDDAB,11305
#00000000000#|BCBACDDA,11309
#00000000000#|CABBDDCA,11311
#00000000000#|ABBACDDC,11312
#00000000000#|BBAACDDC,11314
#00000000000#|BBCAADDC,11316
#00000000000#|ABBCDDCA,11316
#00000000000#|BACABDDC,11317
#00000000000#|BBACDDCA,11318
#00000000000#|BBCADDAC,11318
#00000000000#|CBBCADDA,11320
#00000000000#|CBBCDDAA,11322
#00000000000#|ABCABDDC,11332
#00000000000#|BCCABDDA,11333
#00000000000#|ACBACDDB,11334
#00000000000#|BCAACDDB,11336
#00000000000#|BACADDBC,11337
#00000000000#|CBACBDDA,11338
#00000000000#|AABCDDCB,11340
#00000000000#|CABCDDBA,11341
#00000000000#|BAACDDCB,11346
#00000000000#|CABCADDB,11348
#00000000000#|CABCDDAB,11350
#00000000000#|BCCADDBA,11351
#00000000000#|ABCADDBC,11352
#00000000000#|BCCAADDB,11358
#00000000000#|CBACDDBA,11358
#00000000000#|BCCADDAB,11360
#00000000000#|CABCBDDA,11361
#00000000000#|ABACDDCB,11363
#00000000000#|CAACBDDB,11366
#00000000000#|CBACADDB,11367
#00000000000#|CBACDDAB,11367
#00000000000#|CBABDDCA,11368
#00000000000#|ACCABDDB,11376
#00000000000#|CAABDDCB,11376
#00000000000#|CAACDDBB,11386
#00000000000#|ACCADDBB,11396
#00000000000#|BABCADDC,11398
#00000000000#|AABBDDCC,11400
#00000000000#|BABCDDAC,11400
#00000000000#|CABBADDC,11408
#00000000000#|BCBCADDA,11410
#00000000000#|CABBDDAC,11410
#00000000000#|BCBCDDAA,11412
#00000000000#|ABBCADDC,11415
#00000000000#|ABBCDDAC,11415
#00000000000#|BAACBDDC,11416
#00000000000#|ACBBDDCA,11416
#00000000000#|BBACADDC,11417
#00000000000#|BBACDDAC,11417
#00000000000#|CBBADDCA,11419
#00000000000#|CCBBADDA,11420
#00000000000#|CCBBDDAA,11422
#00000000000#|CABADDCB,11427
#00000000000#|BCACBDDA,11428
#00000000000#|AABCDDBC,11430
#00000000000#|ABACBDDC,11433
#00000000000#|BAACDDBC,11436
#00000000000#|CAABBDDC,11446
#00000000000#|BAABDDCC,11446
#00000000000#|CBAADDCB,11446
#00000000000#|ACBCDDBA,11448
#00000000000#|BCACDDBA,11448
#00000000000#|AABCBDDC,11450
#00000000000#|ABACDDBC,11453
#00000000000#|ACBCADDB,11455
#00000000000#|BCACADDB,11457
#00000000000#|ACBCDDAB,11457
#00000000000#|BCACDDAB,11457
#00000000000#|CCABBDDA,11458
#00000000000#|BCABDDCA,11458
#00000000000#|ABABDDCC,11461
#00000000000#|CBABADDC,11465
#00000000000#|ACBCBDDA,11466
#00000000000#|CAABDDBC,11466
#00000000000#|CBABDDAC,11467
#00000000000#|ACACBDDB,11473
#00000000000#|CCABDDBA,11478
#00000000000#|ACABDDCB,11483
#00000000000#|CCABADDB,11487
#00000000000#|CCABDDAB,11487
#00000000000#|ACACDDBB,11493
#00000000000#|CABABDDC,11497
#00000000000#|BABADDCC,11497
#00000000000#|CCBABDDA,11509
#00000000000#|BCBADDCA,11509
#00000000000#|ABBADDCC,11512
#00000000000#|BBAADDCC,11514
#00000000000#|ACBBADDC,11515
#00000000000#|ACBBDDAC,11515
#00000000000#|CBAABDDC,11516
#00000000000#|CBBAADDC,11516
#00000000000#|CABADDBC,11517
#00000000000#|CBBADDAC,11518
#00000000000#|CCBADDBA,11529
#00000000000#|ACBADDCB,11534
#00000000000#|CCAABDDB,11536
#00000000000#|BCAADDCB,11536
#00000000000#|CBAADDBC,11536
#00000000000#|CCBAADDB,11538
#00000000000#|CCBADDAB,11538
#00000000000#|BADBACDC,11548
#00000000000#|ACABBDDC,11553
#00000000000#|CCAADDBB,11556
#00000000000#|BCABADDC,11557
#00000000000#|BCABDDAC,11557
#00000000000#|AADBBCDC,11560
#00000000000#|ABDBACDC,11565
#00000000000#|ACABDDBC,11573
#00000000000#|ACBABDDC,11604
#00000000000#|BCAABDDC,11606
#00000000000#|BCBAADDC,11608
#00000000000#|BCBADDAC,11608
#00000000000#|BBDAACDC,11616
#00000000000#|BADABCDC,11617
#00000000000#|BBDCACDA,11620
#00000000000#|BADCBCDA,11621
#00000000000#|BBDCDCAA,11622
#00000000000#|ACBADDBC,11624
#00000000000#|BCAADDBC,11626
#00000000000#|ABDABCDC,11632
#00000000000#|ABDCBCDA,11636
#00000000000#|BADCDCBA,11641
#00000000000#|BADCACDB,11648
#00000000000#|BADCDCAB,11650
#00000000000#|CADBBCDA,11651
#00000000000#|BADBDCCA,11651
#00000000000#|ABDCDCBA,11656
#00000000000#|AADCBCDB,11660
#00000000000#|ABDCACDB,11663
#00000000000#|ABDCDCAB,11665
#00000000000#|ABDBDCCA,11666
#00000000000#|CBDBACDA,11670
#00000000000#|CBDBDCAA,11672
#00000000000#|AADCDCBB,11680
#00000000000#|AADBDCCB,11690
#00000000000#|CADBDCBA,11691
#00000000000#|CADBACDB,11698
#00000000000#|CADBDCAB,11700
#00000000000#|CBDABCDA,11719
#00000000000#|BBDADCCA,11719
#00000000000#|CADABCDB,11747
#00000000000#|BADADCCB,11747
#00000000000#|BADBDCAC,11750
#00000000000#|ACDBBCDA,11756
#00000000000#|CBDADCBA,11759
#00000000000#|BCDBACDA,11760
#00000000000#|ABDADCCB,11762
#00000000000#|BCDBDCAA,11762
#00000000000#|ABDBDCAC,11765
#00000000000#|CBDAACDB,11766
#00000000000#|CBDADCAB,11768
#00000000000#|AADBDCBC,11780
#00000000000#|CADADCBB,11791
#00000000000#|ACDBDCBA,11796
#00000000000#|ACDBACDB,11803
#00000000000#|ACDBDCAB,11805
#00000000000#|BCDABCDA,11809
#00000000000#|BBDADCAC,11818
#00000000000#|BADADCBC,11837
#00000000000#|BCDADCBA,11851
#00000000000#|ABDADCBC,11852
#00000000000#|ACDABCDB,11854
#00000000000#|BCDAACDB,11856
#00000000000#|BCDADCAB,11860
#00000000000#|ACDADCBB,11896
#00000000000#|BADBCADC,12049
#00000000000#|ABDBCADC,12066
#00000000000#|AADBCBDC,12070
#00000000000#|BABDCCDA,12101
#00000000000#|ABBDCCDA,12116
#00000000000#|BBDACADC,12117
#00000000000#|BBADCCDA,12118
#00000000000#|BBDCCADA,12121
#00000000000#|BADACBDC,12127
#00000000000#|BADCCBDA,12131
#00000000000#|AABDCCDB,12140
#00000000000#|ABDACBDC,12142
#00000000000#|ABDCCBDA,12146
#00000000000#|BAADCCDB,12146
#00000000000#|BADCCADB,12149
#00000000000#|CADBCBDA,12161
#00000000000#|ABADCCDB,12163
#00000000000#|ABDCCADB,12164
#00000000000#|AADCCBDB,12170
#00000000000#|CBDBCADA,12171
#00000000000#|CADBCADB,12199
#00000000000#|BBDCAADC,12220
#00000000000#|BADCBADC,12225
#00000000000#|BADCABDC,12228
#00000000000#|CBDACBDA,12229
#00000000000#|ABDCBADC,12240
#00000000000#|ABDCABDC,12245
#00000000000#|CADACBDB,12257
#00000000000#|BCDBCADA,12261
#00000000000#|ACDBCBDA,12266
#00000000000#|CBDACADB,12267
#00000000000#|CBDBAADC,12270
#00000000000#|CADBBADC,12275
#00000000000#|CADBABDC,12278
#00000000000#|AADCBBDC,12280
#00000000000#|ACDBCADB,12304
#00000000000#|BCDACBDA,12319
#00000000000#|BBDCDACA,12321
#00000000000#|BADCDBCA,12331
#00000000000#|CBDCBADA,12341
#00000000000#|CBDABADC,12347
#00000000000#|ABDCDBCA,12348
#00000000000#|BADCDACB,12349
#00000000000#|CBDCABDA,12350
#00000000000#|CBDAABDC,12350
#00000000000#|CADCBBDA,12351
#00000000000#|CBDCDBAA,12352
#00000000000#|BCDACADB,12357
#00000000000#|BCDBAADC,12360
#00000000000#|CADBDBCA,12361
#00000000000#|CBDCDABA,12361
#00000000000#|ACDACBDB,12364
#00000000000#|ABDCDACB,12364
#00000000000#|CBDCAADB,12368
#00000000000#|CADCBADB,12369
#00000000000#|AADCDBCB,12370
#00000000000#|CBDCDAAB,12370
#00000000000#|CBDBDACA,12371
#00000000000#|CADCDBBA,12371
#00000000000#|CADCABDB,12378
#00000000000#|ACDBBADC,12380
#00000000000#|CADCDBAB,12380
#00000000000#|ACDBABDC,12385
#00000000000#|CADCDABB,12389
#00000000000#|CADABBDC,12391
#00000000000#|CADBDACB,12399
#00000000000#|BBDCDAAC,12420
#00000000000#|BADCDBAC,12430
#00000000000#|BCDCBADA,12431
#00000000000#|CBDADBCA,12431
#00000000000#|BCDABADC,12437
#00000000000#|BADCDABC,12439
#00000000000#|BCDCABDA,12440
#00000000000#|BCDAABDC,12440
#00000000000#|BCDCDBAA,12442
#00000000000#|ABDCDBAC,12447
#00000000000#|BCDCDABA,12451
#00000000000#|ABDCDABC,12454
#00000000000#|ACDCBBDA,12456
#00000000000#|BCDCAADB,12458
#00000000000#|AADCDBBC,12460
#00000000000#|CADBDBAC,12460
#00000000000#|BCDCDAAB,12460
#00000000000#|CCDBBADA,12461
#00000000000#|CADADBCB,12461
#00000000000#|BCDBDACA,12461
#00000000000#|ACDBDBCA,12468
#00000000000#|BADBDACC,12469
#00000000000#|CCDBABDA,12470
#00000000000#|CBDBDAAC,12470
#00000000000#|CBDADACB,12471
#00000000000#|CCDBDBAA,12472
#00000000000#|ACDCBADB,12474
#00000000000#|ACDCDBBA,12476
#00000000000#|ACDCABDB,12483
#00000000000#|ABDBDACC,12484
#00000000000#|ACDCDBAB,12485
#00000000000#|CADBDABC,12489
#00000000000#|ACDCDABB,12494
#00000000000#|ACDABBDC,12496
#00000000000#|CCDBDABA,12501
#00000000000#|ACDBDACB,12504
#00000000000#|CCDBAADB,12508
#00000000000#|CCDBDAAB,12510
#00000000000#|CCDABBDA,12519
#00000000000#|BBCDACDA,12520
#00000000000#|BACDBCDA,12521
#00000000000#|BCDADBCA,12521
#00000000000#|BBCDDCAA,12522
#00000000000#|CBDADBAC,12530
#00000000000#|ABCDBCDA,12536
#00000000000#|BACDDCBA,12541
#00000000000#|BACDACDB,12548
#00000000000#|BACDDCAB,12550
#00000000000#|CADADBBC,12551
#00000000000#|ABCDDCBA,12556
#00000000000#|CCDABADB,12557
#00000000000#|AACDBCDB,12560
#00000000000#|BCDBDAAC,12560
#00000000000#|BCDADACB,12561
#00000000000#|CBDADABC,12561
#00000000000#|CCDADBBA,12561
#00000000000#|ABCDACDB,12565
#00000000000#|ABCDDCAB,12565
#00000000000#|CCDAABDB,12566
#00000000000#|ACDADBCB,12566
#00000000000#|ACDBDBAC,12567
#00000000000#|CCDADBAB,12570
#00000000000#|BBDADACC,12575
#00000000000#|AACDDCBB,12580
#00000000000#|ACDBDABC,12594
#00000000000#|BABDACDC,12598
#00000000000#|CCDADABB,12601
#00000000000#|ABBDACDC,12615
#00000000000#|BAADBCDC,12616
#00000000000#|BBADACDC,12617
#00000000000#|BCDADBAC,12620
#00000000000#|ABADBCDC,12633
#00000000000#|AADBDBCC,12650
#00000000000#|AABDBCDC,12650
#00000000000#|BCDADABC,12651
#00000000000#|ACDADBBC,12656
#00000000000#|CABDBCDA,12701
#00000000000#|BABDDCCA,12701
#00000000000#|BADADBCC,12707
#00000000000#|ABBDDCCA,12716
#00000000000#|CBADBCDA,12718
#00000000000#|BBADDCCA,12718
#00000000000#|CBBDACDA,12720
#00000000000#|ABDADBCC,12722
#00000000000#|CBBDDCAA,12722
#00000000000#|AABDDCCB,12740
#00000000000#|CABDDCBA,12741
#00000000000#|CAADBCDB,12746
#00000000000#|BAADDCCB,12746
#00000000000#|CABDACDB,12748
#00000000000#|CABDDCAB,12750
#00000000000#|CBADDCBA,12758
#00000000000#|ABADDCCB,12763
#00000000000#|CBADACDB,12765
#00000000000#|CBADDCAB,12767
#00000000000#|CAADDCBB,12786
#00000000000#|BABDDCAC,12800
#00000000000#|ACBDBCDA,12806
#00000000000#|BCADBCDA,12808
#00000000000#|BCBDACDA,12810
#00000000000#|BCBDDCAA,12812
#00000000000#|ABBDDCAC,12815
#00000000000#|BBADDCAC,12817
#00000000000#|AABDDCBC,12830
#00000000000#|BAADDCBC,12836
#00000000000#|ACBDDCBA,12848
#00000000000#|BCADDCBA,12848
#00000000000#|ACBDACDB,12853
#00000000000#|ACADBCDB,12853
#00000000000#|ABADDCBC,12853
#00000000000#|BCADACDB,12855
#00000000000#|ACBDDCAB,12857
#00000000000#|BCADDCAB,12857
#00000000000#|ACADDCBB,12893
#00000000000#|DABBCCDA,13011
#00000000000#|BBCDCADA,13021
#00000000000#|BACDCBDA,13031
#00000000000#|ABCDCBDA,13046
#00000000000#|BACDCADB,13049
#00000000000#|ABCDCADB,13066
#00000000000#|DBABCCDA,13068
#00000000000#|AACDCBDB,13070
#00000000000#|DAABCCDB,13076
#00000000000#|BABDCADC,13099
#00000000000#|ABBDCADC,13116
#00000000000#|BBADCADC,13118
#00000000000#|DBBACCDA,13119
#00000000000#|BBCDAADC,13120
#00000000000#|BBDCCDAA,13122
#00000000000#|BACDBADC,13125
#00000000000#|BAADCBDC,13126
#00000000000#|DABACCDB,13127
#00000000000#|BACDABDC,13128
#00000000000#|ABCDBADC,13140
#00000000000#|BADCCDBA,13141
#00000000000#|ABADCBDC,13143
#00000000000#|ABCDABDC,13145
#00000000000#|DBAACCDB,13146
#00000000000#|BADCCDAB,13150
#00000000000#|BADBCDCA,13151
#00000000000#|ABDCCDBA,13156
#00000000000#|AABDCBDC,13160
#00000000000#|ABDCCDAB,13165
#00000000000#|ABDBCDCA,13168
#00000000000#|CBDBCDAA,13172
#00000000000#|AACDBBDC,13180
#00000000000#|AADCCDBB,13180
#00000000000#|AADBCDCB,13190
#00000000000#|CADBCDBA,13191
#00000000000#|CADBCDAB,13200
#00000000000#|CABDCBDA,13211
#00000000000#|BBDACDCA,13219
#00000000000#|CBBDCADA,13221
#00000000000#|BBCDDACA,13223
#00000000000#|CBADCBDA,13228
#00000000000#|BACDDBCA,13231
#00000000000#|CBCDBADA,13245
#00000000000#|BADACDCB,13247
#00000000000#|ABCDDBCA,13248
#00000000000#|CABDCADB,13249
#00000000000#|CBCDABDA,13250
#00000000000#|BADBCDAC,13250
#00000000000#|CBCDDBAA,13252
#00000000000#|CAADCBDB,13256
#00000000000#|CBDACDBA,13259
#00000000000#|ABDACDCB,13262
#00000000000#|BCDBCDAA,13262
#00000000000#|CBCDDABA,13263
#00000000000#|CBADCADB,13266
#00000000000#|ABDBCDAC,13267
#00000000000#|CBDACDAB,13268
#00000000000#|BACDDACB,13269
#00000000000#|CBCDAADB,13270
#00000000000#|CACDDBBA,13271
#00000000000#|CBCDDAAB,13272
#00000000000#|CACDBADB,13275
#00000000000#|CACDABDB,13278
#00000000000#|AADBCDBC,13280
#00000000000#|CACDDBAB,13280
#00000000000#|ABCDDACB,13284
#00000000000#|CACDBBDA,13291
#00000000000#|CADACDBB,13291
#00000000000#|ACDBCDBA,13296
#00000000000#|ACDBCDAB,13305
#00000000000#|CACDDABB,13309
#00000000000#|AACDDBCB,13310
#00000000000#|BCBDCADA,13311
#00000000000#|ACBDCBDA,13316
#00000000000#|BCADCBDA,13318
#00000000000#|BBDACDAC,13318
#00000000000#|CBBDAADC,13320
#00000000000#|BBDCADCA,13320
#00000000000#|BADCBDCA,13321
#00000000000#|BBCDDAAC,13322
#00000000000#|BACDDBAC,13330
#00000000000#|BCCDBADA,13335
#00000000000#|ABDCBDCA,13336
#00000000000#|BADACDBC,13337
#00000000000#|BCCDABDA,13340
#00000000000#|CBDCBDAA,13342
#00000000000#|BCCDDBAA,13342
#00000000000#|CBADBADC,13342
#00000000000#|BACDDABC,13343
#00000000000#|CBADABDC,13347
#00000000000#|ABCDDBAC,13347
#00000000000#|BADCADCB,13348
#00000000000#|CADBBDCA,13351
#00000000000#|BCDACDBA,13351
#00000000000#|ABDACDBC,13352
#00000000000#|BCCDDABA,13353
#00000000000#|ACBDCADB,13354
#00000000000#|BCADCADB,13356
#00000000000#|ABCDDABC,13358
#00000000000#|CABDBADC,13359
#00000000000#|BCDACDAB,13360
#00000000000#|BCCDAADB,13360
#00000000000#|AADCBDCB,13360
#00000000000#|CBDCADBA,13360
#00000000000#|CADCBDBA,13361
#00000000000#|BCCDDAAB,13362
#00000000000#|ACADCBDB,13363
#00000000000#|ABDCADCB,13365
#00000000000#|CABDABDC,13368
#00000000000#|CBDCADAB,13369
#00000000000#|CADCBDAB,13370
#00000000000#|CBDBADCA,13370
#00000000000#|ACCDDBBA,13378
#00000000000#|AACDDBBC,13380
#00000000000#|ACCDBADB,13380
#00000000000#|ACCDABDB,13385
#00000000000#|ACCDDBAB,13387
#00000000000#|CAADBBDC,13388
#00000000000#|CADCADBB,13388
#00000000000#|ACCDBBDA,13396
#00000000000#|ACDACDBB,13396
#00000000000#|CADBADCB,13398
#00000000000#|BCBDAADC,13410
#00000000000#|CABDDBCA,13411
#00000000000#|ACCDDABB,13414
#00000000000#|BBDCADAC,13419
#00000000000#|BADCBDAC,13420
#00000000000#|CBDABDCA,13421
#00000000000#|CBBDDACA,13421
#00000000000#|CBADDBCA,13430
#00000000000#|BCDCBDAA,13432
#00000000000#|BCADBADC,13432
#00000000000#|ABDCBDAC,13435
#00000000000#|BCADABDC,13437
#00000000000#|BADCADBC,13438
#00000000000#|BADBADCC,13448
#00000000000#|CABDDACB,13449
#00000000000#|AADCBDBC,13450
#00000000000#|CADBBDAC,13450
#00000000000#|BCDCADBA,13450
#00000000000#|ABDCADBC,13455
#00000000000#|CAADDBCB,13456
#00000000000#|ACDBBDCA,13458
#00000000000#|BCDCADAB,13459
#00000000000#|AADBBDCC,13460
#00000000000#|BCDBADCA,13460
#00000000000#|CCDBBDAA,13462
#00000000000#|ABDBADCC,13465
#00000000000#|ACBDBADC,13466
#00000000000#|CBADDACB,13466
#00000000000#|CBDAADCB,13466
#00000000000#|ACDCBDBA,13468
#00000000000#|CBDBADAC,13469
#00000000000#|DBCBACDA,13470
#00000000000#|DACBBCDA,13471
#00000000000#|CADABDCB,13471
#00000000000#|DBCBDCAA,13472
#00000000000#|ACBDABDC,13475
#00000000000#|ACDCBDAB,13477
#00000000000#|DACBACDB,13478
#00000000000#|CADBADBC,13488
#00000000000#|DACBDCBA,13491
#00000000000#|ACADBBDC,13493
#00000000000#|ACDCADBB,13495
#00000000000#|CCDBADBA,13500
#00000000000#|DACBDCAB,13500
#00000000000#|ACDBADCB,13505
#00000000000#|DABBACDC,13508
#00000000000#|CCDBADAB,13509
#00000000000#|CABDDBAC,13510
#00000000000#|CCBDBADA,13511
#00000000000#|BCDABDCA,13511
#00000000000#|BCBDDACA,13511
#00000000000#|BBDAADCC,13516
#00000000000#|BADABDCC,13517
#00000000000#|CCADBBDA,13518
#00000000000#|ACBDDBCA,13518
#00000000000#|BABDDACC,13519
#00000000000#|CBDABDAC,13520
#00000000000#|CCBDABDA,13520
#00000000000#|BCADDBCA,13520
#00000000000#|CBBDDAAC,13520
#00000000000#|CCBDDBAA,13522
#00000000000#|CBADDBAC,13529
#00000000000#|ABDABDCC,13532
#00000000000#|ABBDDACC,13534
#00000000000#|DBCABCDA,13539
#00000000000#|CABDDABC,13539
#00000000000#|DAABBCDC,13546
#00000000000#|CAADDBBC,13546
#00000000000#|DACABCDB,13547
#00000000000#|DBCAACDB,13548
#00000000000#|CCDABDBA,13551
#00000000000#|CCBDDABA,13551
#00000000000#|ACBDDACB,13554
#00000000000#|CCADBADB,13556
#00000000000#|BCADDACB,13556
#00000000000#|CBDAADBC,13556
#00000000000#|CBADDABC,13556
#00000000000#|CADABDBC,13557
#00000000000#|ACDBBDAC,13557
#00000000000#|CCBDAADB,13558
#00000000000#|BCDAADCB,13558
#00000000000#|CCADDBBA,13558
#00000000000#|DBCADCBA,13559
#00000000000#|BCDBADAC,13559
#00000000000#|CCDABDAB,13560
#00000000000#|CCBDDAAB,13560
#00000000000#|ACADDBCB,13563
#00000000000#|DBABACDC,13565
#00000000000#|CCADABDB,13565
#00000000000#|CCADDBAB,13567
#00000000000#|DBCADCAB,13568
#00000000000#|BBADDACC,13574
#00000000000#|ACDABDCB,13576
#00000000000#|ACDBADBC,13595
#00000000000#|CCADDABB,13596
#00000000000#|DABABCDC,13597
#00000000000#|CCDAADBB,13600
#00000000000#|DACADCBB,13605
#00000000000#|BCDABDAC,13610
#00000000000#|BCBDDAAC,13610
#00000000000#|DABBDCCA,13611
#00000000000#|DBAABCDC,13616
#00000000000#|DBBAACDC,13616
#00000000000#|ACBDDBAC,13617
#00000000000#|BCADDBAC,13619
#00000000000#|DBBCACDA,13620
#00000000000#|DABCBCDA,13621
#00000000000#|DBBCDCAA,13622
#00000000000#|DABCACDB,13628
#00000000000#|DBACBCDA,13638
#00000000000#|DABCDCBA,13641
#00000000000#|ACBDDABC,13644
#00000000000#|DAACBCDB,13646
#00000000000#|BCADDABC,13646
#00000000000#|DBACACDB,13647
#00000000000#|BCDAADBC,13648
#00000000000#|DABCDCAB,13650
#00000000000#|ACADDBBC,13653
#00000000000#|DBACDCBA,13658
#00000000000#|ACDABDBC,13664
#00000000000#|DBACDCAB,13667
#00000000000#|DBABDCCA,13668
#00000000000#|DAABDCCB,13676
#00000000000#|DAACDCBB,13686
#00000000000#|AABDDBCC,13700
#00000000000#|BAADDBCC,13706
#00000000000#|DABBDCAC,13710
#00000000000#|DBBADCCA,13719
#00000000000#|DCBBACDA,13720
#00000000000#|DCBBDCAA,13722
#00000000000#|ABADDBCC,13723
#00000000000#|DABADCCB,13727
#00000000000#|DBAADCCB,13746
#00000000000#|DCABBCDA,13758
#00000000000#|DAABDCBC,13766
#00000000000#|DBABDCAC,13767
#00000000000#|DCABDCBA,13778
#00000000000#|DCABACDB,13785
#00000000000#|DCABDCAB,13787
#00000000000#|DCBABCDA,13809
#00000000000#|DABADCBC,13817
#00000000000#|DBBADCAC,13818
#00000000000#|DCBADCBA,13829
#00000000000#|DCAABCDB,13836
#00000000000#|DCBAACDB,13836
#00000000000#|DBAADCBC,13836
#00000000000#|DCBADCAB,13838
#00000000000#|DCAADCBB,13856
#00000000000#|DBCBCADA,13971
#00000000000#|DACBCADB,13979
#00000000000#|DACBCBDA,13981
#00000000000#|DABBCADC,14009
#00000000000#|ADBBCCDA,14016
#00000000000#|BBCDCDAA,14022
#00000000000#|BACDCDBA,14041
#00000000000#|DBCACBDA,14049
#00000000000#|DBCACADB,14049
#00000000000#|BACDCDAB,14050
#00000000000#|DAABCBDC,14056
#00000000000#|ABCDCDBA,14056
#00000000000#|DACACBDB,14057
#00000000000#|BDABCCDA,14058
#00000000000#|ABCDCDAB,14065
#00000000000#|DBABCADC,14066
#00000000000#|DACBBADC,14069
#00000000000#|DBCBAADC,14070
#00000000000#|DACBABDC,14078
#00000000000#|AACDCDBB,14080
#00000000000#|ADABCCDB,14083
#00000000000#|DABACBDC,14107
#00000000000#|BDBACCDA,14109
#00000000000#|DBBACADC,14117
#00000000000#|DBBCCADA,14121
#00000000000#|BBDDCCAA,14122
#00000000000#|DBAACBDC,14126
#00000000000#|DABCCADB,14129
#00000000000#|DABCCBDA,14131
#00000000000#|ADBACCDB,14134
#00000000000#|BDAACCDB,14136
#00000000000#|DBCABADC,14139
#00000000000#|DBCCBADA,14141
#00000000000#|BADDCCBA,14141
#00000000000#|DBACCBDA,14148
#00000000000#|DBACCADB,14148
#00000000000#|DBCAABDC,14148
#00000000000#|DACCBADB,14149
#00000000000#|DBCCABDA,14150
#00000000000#|DBCCAADB,14150
#00000000000#|BADDCCAB,14150
#00000000000#|DACCBBDA,14151
#00000000000#|DBCCDBAA,14152
#00000000000#|DAACCBDB,14156
#00000000000#|ABDDCCBA,14156
#00000000000#|DACCABDB,14158
#00000000000#|DBCCDABA,14161
#00000000000#|ABDDCCAB,14165
#00000000000#|DBCCDAAB,14170
#00000000000#|DBCBDACA,14171
#00000000000#|DACCDBBA,14171
#00000000000#|AADDCCBB,14180
#00000000000#|DACCDBAB,14180
#00000000000#|DACBDBCA,14181
#00000000000#|DACABBDC,14187
#00000000000#|BABDCDCA,14201
#00000000000#|DACCDABB,14207
#00000000000#|ABBDCDCA,14218
#00000000000#|DABCBADC,14219
#00000000000#|DBBCAADC,14220
#00000000000#|BBADCDCA,14220
#00000000000#|BBCDADCA,14220
#00000000000#|DCBBCADA,14221
#00000000000#|BACDBDCA,14221
#00000000000#|CBBDCDAA,14222
#00000000000#|DACBDACB,14223
#00000000000#|DABCABDC,14228
#00000000000#|ABCDBDCA,14236
#00000000000#|DBACBADC,14238
#00000000000#|CABDCDBA,14241
#00000000000#|CBCDBDAA,14242
#00000000000#|DAACBBDC,14246
#00000000000#|BAADCDCB,14246
#00000000000#|DBACABDC,14247
#00000000000#|BACDADCB,14248
#00000000000#|DBCADBCA,14249
#00000000000#|CABDCDAB,14250
#00000000000#|CBADCDBA,14258
#00000000000#|AACDBDCB,14260
#00000000000#|CBCDADBA,14260
#00000000000#|CACDBDBA,14261
#00000000000#|ABADCDCB,14263
#00000000000#|ABCDADCB,14265
#00000000000#|CBADCDAB,14267
#00000000000#|DCABCBDA,14268
#00000000000#|CBCDADAB,14269
#00000000000#|DBCBDAAC,14270
#00000000000#|CACDBDAB,14270
#00000000000#|DACADBCB,14277
#00000000000#|DACBDBAC,14280
#00000000000#|AABDCDCB,14280
#00000000000#|DCCBBADA,14281
#00000000000#|DCABCADB,14286
#00000000000#|CAADCDBB,14286
#00000000000#|CACDADBB,14288
#00000000000#|DCCBABDA,14290
#00000000000#|DCCBAADB,14290
#00000000000#|DBCADACB,14291
#00000000000#|DCCBDBAA,14292
#00000000000#|DACBDABC,14293
#00000000000#|BABDCDAC,14300
#00000000000#|DCCBDABA,14301
#00000000000#|DCCBDAAB,14310
#00000000000#|BCBDCDAA,14312
#00000000000#|ABBDCDAC,14317
#00000000000#|DCBACBDA,14319
#00000000000#|BBADCDAC,14319
#00000000000#|BBCDADAC,14319
#00000000000#|DCBBAADC,14320
#00000000000#|BACDBDAC,14320
#00000000000#|DBBCDACA,14321
#00000000000#|DABCDBCA,14331
#00000000000#|BCCDBDAA,14332
#00000000000#|ABCDBDAC,14335
#00000000000#|BAADCDBC,14336
#00000000000#|DCBACADB,14337
#00000000000#|BACDADBC,14338
#00000000000#|DCAACBDB,14346
#00000000000#|DBACDBCA,14348
#00000000000#|ACBDCDBA,14348
#00000000000#|DBCADBAC,14348
#00000000000#|BCADCDBA,14348
#00000000000#|AABDCDBC,14350
#00000000000#|AACDBDBC,14350
#00000000000#|BCCDADBA,14350
#00000000000#|ABADCDBC,14353
#00000000000#|ABCDADBC,14355
#00000000000#|ACBDCDAB,14357
#00000000000#|BCADCDAB,14357
#00000000000#|DCABBADC,14358
#00000000000#|DCCABADB,14359
#00000000000#|BCCDADAB,14359
#00000000000#|DCABABDC,14367
#00000000000#|DACADBBC,14367
#00000000000#|DCCAABDB,14368
#00000000000#|ACCDBDBA,14368
#00000000000#|DBCADABC,14371
#00000000000#|DABCDACB,14373
#00000000000#|DAACDBCB,14376
#00000000000#|ACCDBDAB,14377
#00000000000#|DCCADBBA,14377
#00000000000#|DCCADBAB,14386
#00000000000#|DBACDACB,14390
#00000000000#|ACADCDBB,14393
#00000000000#|ACCDADBB,14395
#00000000000#|DCCABBDA,14397
#00000000000#|CABDBDCA,14401
#00000000000#|DCBABADC,14409
#00000000000#|DCCADABB,14415
#00000000000#|DCAABBDC,14416
#00000000000#|DCBAABDC,14418
#00000000000#|CBADBDCA,14420
#00000000000#|DBBCDAAC,14420
#00000000000#|CBBDADCA,14420
#00000000000#|DCBBDACA,14421
#00000000000#|DABCDBAC,14430
#00000000000#|DCBCBADA,14431
#00000000000#|DCBCABDA,14440
#00000000000#|DCBCAADB,14440
#00000000000#|DCBCDBAA,14442
#00000000000#|CAADBDCB,14446
#00000000000#|DBACDBAC,14447
#00000000000#|CABDADCB,14448
#00000000000#|DCBCDABA,14451
#00000000000#|DABCDABC,14457
#00000000000#|DCACBBDA,14458
#00000000000#|DCACBADB,14458
#00000000000#|BDCBACDA,14460
#00000000000#|DCBCDAAB,14460
#00000000000#|DBACDABC,14460
#00000000000#|BDCBDCAA,14462
#00000000000#|DAACDBBC,14466
#00000000000#|DCACABDB,14467
#00000000000#|CBADADCB,14467
#00000000000#|DCABDBCA,14470
#00000000000#|ADCBBCDA,14476
#00000000000#|DAABDBCC,14476
#00000000000#|DCACDBBA,14476
#00000000000#|ADCBACDB,14485
#00000000000#|DCACDBAB,14485
#00000000000#|DCABDACB,14486
#00000000000#|ADCBDCBA,14496
#00000000000#|BABDADCC,14498
#00000000000#|CABDBDAC,14500
#00000000000#|ADCBDCAB,14505
#00000000000#|ACBDBDCA,14508
#00000000000#|BCADBDCA,14510
#00000000000#|BCBDADCA,14510
#00000000000#|CCBDBDAA,14512
#00000000000#|DCACDABB,14514
#00000000000#|ADBBACDC,14515
#00000000000#|ABBDADCC,14515
#00000000000#|BAADBDCC,14516
#00000000000#|BBADADCC,14517
#00000000000#|CBADBDAC,14519
#00000000000#|CBBDADAC,14519
#00000000000#|BBDDACCA,14520
#00000000000#|DCBBDAAC,14520
#00000000000#|BADDBCCA,14521
#00000000000#|DCBADBCA,14521
#00000000000#|DABADBCC,14527
#00000000000#|BDCABCDA,14529
#00000000000#|ABADBDCC,14533
#00000000000#|ABDDBCCA,14536
#00000000000#|CAADBDBC,14536
#00000000000#|DCBADACB,14537
#00000000000#|BDCAACDB,14538
#00000000000#|CABDADBC,14538
#00000000000#|DBAADBCC,14546
#00000000000#|DCAADBCB,14546
#00000000000#|BADDACCB,14548
#00000000000#|CCADBDBA,14548
#00000000000#|AABDBDCC,14550
#00000000000#|BDCADCBA,14551
#00000000000#|CCBDADBA,14552
#00000000000#|ADABBCDC,14553
#00000000000#|ACADBDCB,14553
#00000000000#|ADCABCDB,14554
#00000000000#|ACBDADCB,14555
#00000000000#|BDABACDC,14557
#00000000000#|BCADADCB,14557
#00000000000#|CBADADBC,14557
#00000000000#|CCADBDAB,14557
#00000000000#|BDCADCAB,14560
#00000000000#|AADDBCCB,14560
#00000000000#|CCBDADAB,14561
#00000000000#|ABDDACCB,14565
#00000000000#|DCABDBAC,14569
#00000000000#|DCABDABC,14576
#00000000000#|CCADADBB,14597
#00000000000#|ADBABCDC,14604
#00000000000#|BDAABCDC,14606
#00000000000#|DABBDACC,14607
#00000000000#|ACBDBDAC,14607
#00000000000#|BDBAACDC,14608
#00000000000#|BCADBDAC,14609
#00000000000#|BCBDADAC,14609
#00000000000#|ADCADCBB,14610
#00000000000#|BDBCACDA,14610
#00000000000#|BDBCDCAA,14612
#00000000000#|ADBBDCCA,14616
#00000000000#|BBDDACAC,14619
#00000000000#|DCBADBAC,14620
#00000000000#|CDBBACDA,14620
#00000000000#|BADDBCAC,14620
#00000000000#|CDBBDCAA,14622
#00000000000#|ADBCBCDA,14626
#00000000000#|DCBADABC,14627
#00000000000#|BDACBCDA,14628
#00000000000#|ADBCACDB,14635
#00000000000#|ABDDBCAC,14635
#00000000000#|DCAADBBC,14636
#00000000000#|BDACACDB,14637
#00000000000#|BADDACBC,14638
#00000000000#|ACADBDBC,14643
#00000000000#|ACBDADBC,14645
#00000000000#|BCADADBC,14647
#00000000000#|ADBCDCBA,14648
#00000000000#|BDACDCBA,14648
#00000000000#|AADDBCBC,14650
#00000000000#|ADACBCDB,14653
#00000000000#|ABDDACBC,14655
#00000000000#|ADBCDCAB,14657
#00000000000#|BDACDCAB,14657
#00000000000#|CDABBCDA,14658
#00000000000#|BDABDCCA,14658
#00000000000#|DBABDACC,14664
#00000000000#|CDABDCBA,14678
#00000000000#|ADABDCCB,14683
#00000000000#|CDABACDB,14687
#00000000000#|CDABDCAB,14687
#00000000000#|ADACDCBB,14693
#00000000000#|CDBABCDA,14709
#00000000000#|BDBADCCA,14709
#00000000000#|DBBADACC,14715
#00000000000#|ADBBDCAC,14715
#00000000000#|CBDDBCAA,14722
#00000000000#|CDBADCBA,14729
#00000000000#|ADBADCCB,14734
#00000000000#|CDAABCDB,14736
#00000000000#|BDAADCCB,14736
#00000000000#|CDBAACDB,14738
#00000000000#|CDBADCAB,14738
#00000000000#|CADDBCBA,14741
#00000000000#|CADDBCAB,14750
#00000000000#|CDAADCBB,14756
#00000000000#|BDABDCAC,14757
#00000000000#|CBDDACBA,14760
#00000000000#|CBDDACAB,14769
#00000000000#|ADABDCBC,14773
#00000000000#|CADDACBB,14788
#00000000000#|BDBADCAC,14808
#00000000000#|BCDDBCAA,14812
#00000000000#|ADBADCBC,14824
#00000000000#|BDAADCBC,14826
#00000000000#|ACDDBCBA,14846
#00000000000#|BCDDACBA,14850
#00000000000#|ACDDBCAB,14855
#00000000000#|BCDDACAB,14859
#00000000000#|ACDDACBB,14893
#00000000000#|BDCBCADA,14961
#00000000000#|DBCBCDAA,14972
#00000000000#|ADCBCADB,14986
#00000000000#|ADCBCBDA,14986
#00000000000#|DACBCDBA,14991
#00000000000#|DACBCDAB,15000
#00000000000#|ADBBCADC,15016
#00000000000#|BBDDCACA,15021
#00000000000#|BADDCBCA,15031
#00000000000#|BDCACADB,15039
#00000000000#|BDCACBDA,15039
#00000000000#|ABDDCBCA,15046
#00000000000#|BADDCACB,15049
#00000000000#|BDABCADC,15058
#00000000000#|DBCACDBA,15059
#00000000000#|BDCBAADC,15060
#00000000000#|ADABCBDC,15063
#00000000000#|ADCACBDB,15064
#00000000000#|ABDDCACB,15066
#00000000000#|DBCACDAB,15068
#00000000000#|AADDCBCB,15070
#00000000000#|DBDBCCAA,15072
#00000000000#|ADCBBADC,15076
#00000000000#|ADCBABDC,15085
#00000000000#|DADBCCBA,15091
#00000000000#|DADBCCAB,15100
#00000000000#|DACACDBB,15105
#00000000000#|BDBACADC,15109
#00000000000#|BDBCCADA,15111
#00000000000#|DABBCDCA,15111
#00000000000#|ADBACBDC,15114
#00000000000#|BDAACBDC,15116
#00000000000#|BBDDCAAC,15120
#00000000000#|BBDDAACC,15120
#00000000000#|CDBBCADA,15121
#00000000000#|DBBCCDAA,15122
#00000000000#|BADDBACC,15123
#00000000000#|BADDABCC,15128
#00000000000#|BDCABADC,15129
#00000000000#|BADDCBAC,15130
#00000000000#|BDCCBADA,15131
#00000000000#|ADBCCBDA,15136
#00000000000#|ADBCCADB,15136
#00000000000#|BDACCADB,15138
#00000000000#|BDACCBDA,15138
#00000000000#|BDCAABDC,15138
#00000000000#|ABDDBACC,15138
#00000000000#|BADDCABC,15139
#00000000000#|BDCCAADB,15140
#00000000000#|BDCCABDA,15140
#00000000000#|DABCCDBA,15141
#00000000000#|DBCCBDAA,15142
#00000000000#|BDCCDBAA,15142
#00000000000#|ABDDCBAC,15145
#00000000000#|ABDDABCC,15145
#00000000000#|DABCCDAB,15150
#00000000000#|BDCCDABA,15153
#00000000000#|ADCCBBDA,15156
#00000000000#|ADCCBADB,15156
#00000000000#|ABDDCABC,15156
#00000000000#|DBACCDBA,15158
#00000000000#|DBDACCBA,15159
#00000000000#|AADDCBBC,15160
#00000000000#|DBCCADBA,15160
#00000000000#|DACCBDBA,15161
#00000000000#|BDCCDAAB,15162
#00000000000#|ADACCBDB,15163
#00000000000#|BDCBDACA,15163
#00000000000#|ADCCABDB,15165
#00000000000#|DBACCDAB,15167
#00000000000#|CDABCBDA,15168
#00000000000#|DBABCDCA,15168
#00000000000#|DBDACCAB,15168
#00000000000#|DBCCADAB,15169
#00000000000#|DACCBDAB,15170
#00000000000#|DBCBADCA,15170
#00000000000#|DACBBDCA,15171
#00000000000#|DAABCDCB,15176
#00000000000#|ADCCDBBA,15176
#00000000000#|AADDBBCC,15180
#00000000000#|CDCBBADA,15181
#00000000000#|ADCCDBAB,15185
#00000000000#|ADCBDBCA,15186
#00000000000#|DAACCDBB,15186
#00000000000#|CDABCADB,15188
#00000000000#|DACCADBB,15188
#00000000000#|CDCBAADB,15190
#00000000000#|CDCBABDA,15190
#00000000000#|CDCBDBAA,15192
#00000000000#|ADCABBDC,15194
#00000000000#|DACBADCB,15198
#00000000000#|CDCBDABA,15203
#00000000000#|DADACCBB,15205
#00000000000#|BDBCAADC,15210
#00000000000#|DABBCDAC,15210
#00000000000#|ADCCDABB,15212
#00000000000#|CDCBDAAB,15212
#00000000000#|CDBACBDA,15219
#00000000000#|DBBACDCA,15219
#00000000000#|CDBBAADC,15220
#00000000000#|DCBBCDAA,15222
#00000000000#|ADBCBADC,15226
#00000000000#|DABACDCB,15227
#00000000000#|BDACBADC,15228
#00000000000#|ADCBDACB,15228
#00000000000#|CBDDCBAA,15232
#00000000000#|ADBCABDC,15235
#00000000000#|BDACABDC,15237
#00000000000#|CDBACADB,15239
#00000000000#|BDCADBCA,15239
#00000000000#|DBCABDCA,15239
#00000000000#|CDAACBDB,15246
#00000000000#|DBAACDCB,15246
#00000000000#|CBDDBACA,15247
#00000000000#|CBDDABCA,15250
#00000000000#|CADDCBBA,15251
#00000000000#|ADACBBDC,15253
#00000000000#|CDABBADC,15258
#00000000000#|CDCABADB,15259
#00000000000#|CADDCBAB,15260
#00000000000#|CBDDCABA,15261
#00000000000#|BDCBDAAC,15262
#00000000000#|DAABCDBC,15266
#00000000000#|DBCAADCB,15266
#00000000000#|CDABABDC,15267
#00000000000#|DBABCDAC,15267
#00000000000#|CDCAABDB,15268
#00000000000#|DBCBADAC,15269
#00000000000#|CBDDAACB,15270
#00000000000#|CBDDCAAB,15270
#00000000000#|DACBBDAC,15270
#00000000000#|CADDBACB,15275
#00000000000#|CADDABCB,15278
#00000000000#|DCABCDBA,15278
#00000000000#|BDCADACB,15281
#00000000000#|CDCADBBA,15281
#00000000000#|DCCBBDAA,15282
#00000000000#|ADCADBCB,15284
#00000000000#|ADCBDBAC,15285
#00000000000#|DCABCDAB,15287
#00000000000#|DACBADBC,15288
#00000000000#|CADDCABB,15289
#00000000000#|CDCADBAB,15290
#00000000000#|CADDBBCA,15291
#00000000000#|DACABDCB,15295
#00000000000#|ADCBDABC,15298
#00000000000#|CDCABBDA,15299
#00000000000#|DCCBADBA,15300
#00000000000#|CDBABADC,15309
#00000000000#|DCCBADAB,15309
#00000000000#|BDBCDACA,15313
#00000000000#|CDCADABB,15315
#00000000000#|CDAABBDC,15316
#00000000000#|DABACDBC,15317
#00000000000#|CDBAABDC,15318
#00000000000#|DBBACDAC,15318
#00000000000#|DBBCADCA,15320
#00000000000#|BCDDCBAA,15322
#00000000000#|CDBBDACA,15323
#00000000000#|DCBACDBA,15329
#00000000000#|CDBCBADA,15331
#00000000000#|ADBCDBCA,15336
#00000000000#|DBAACDBC,15336
#00000000000#|BCDDBACA,15337
#00000000000#|BDACDBCA,15338
#00000000000#|DCBACDAB,15338
#00000000000#|DBCABDAC,15338
#00000000000#|DBACBDCA,15338
#00000000000#|BDCADBAC,15338
#00000000000#|CDBCAADB,15340
#00000000000#|CDBCABDA,15340
#00000000000#|BCDDABCA,15340
#00000000000#|CDBCDBAA,15342
#00000000000#|CBDDBAAC,15344
#00000000000#|DABCADCB,15348
#00000000000#|CBDDABAC,15349
#00000000000#|BCDDCABA,15351
#00000000000#|CDBCDABA,15353
#00000000000#|ACDDCBBA,15356
#00000000000#|DCAACDBB,15356
#00000000000#|DBCAADBC,15356
#00000000000#|CDACBADB,15358
#00000000000#|CDACBBDA,15358
#00000000000#|BCDDAACB,15360
#00000000000#|BCDDCAAB,15360
#00000000000#|CBDDAABC,15360
#00000000000#|DABCBDCA,15361
#00000000000#|BDCADABC,15361
#00000000000#|CDBCDAAB,15362
#00000000000#|CADDBABC,15365
#00000000000#|ACDDCBAB,15365
#00000000000#|DAACBDCB,15366
#00000000000#|CDACABDB,15367
#00000000000#|DBACADCB,15367
#00000000000#|CADDABBC,15368
#00000000000#|CDABDBCA,15370
#00000000000#|DCCABDBA,15373
#00000000000#|ADCADBBC,15374
#00000000000#|DACABDBC,15377
#00000000000#|ADBCDACB,15378
#00000000000#|CDACDBBA,15378
#00000000000#|BDACDACB,15380
#00000000000#|ACDDBACB,15380
#00000000000#|DCCABDAB,15382
#00000000000#|ADACDBCB,15383
#00000000000#|ACDDABCB,15385
#00000000000#|CDACDBAB,15387
#00000000000#|CDABDACB,15388
#00000000000#|CADDBBAC,15390
#00000000000#|ACDDCABB,15394
#00000000000#|ACDDBBCA,15396
#00000000000#|DABBADCC,15408
#00000000000#|BDBCDAAC,15412
#00000000000#|DCCAADBB,15414
#00000000000#|CDACDABB,15414
#00000000000#|DBBCADAC,15419
#00000000000#|DCBBADCA,15420
#00000000000#|CDBADBCA,15421
#00000000000#|CDBBDAAC,15422
#00000000000#|BCDDBAAC,15434
#00000000000#|ADBCDBAC,15435
#00000000000#|DBACBDAC,15437
#00000000000#|BDACDBAC,15437
#00000000000#|DABCADBC,15438
#00000000000#|CDBADACB,15439
#00000000000#|BCDDABAC,15439
#00000000000#|CDAADBCB,15446
#00000000000#|DAABBDCC,15446
#00000000000#|BCDDAABC,15450
#00000000000#|BDACDABC,15450
#00000000000#|DCBCADBA,15452
#00000000000#|DAACBDBC,15456
#00000000000#|DBACADBC,15457
#00000000000#|DCABBDCA,15458
#00000000000#|DABCBDAC,15460
#00000000000#|DCBCADAB,15461
#00000000000#|ADBCDABC,15462
#00000000000#|DBABADCC,15465
#00000000000#|CDABDBAC,15469
#00000000000#|DBDBACCA,15470
#00000000000#|ACDDBABC,15470
#00000000000#|DCACBDBA,15470
#00000000000#|DADBBCCA,15471
#00000000000#|DCBCBDAA,15472
#00000000000#|ADACDBBC,15473
#00000000000#|ACDDABBC,15475
#00000000000#|CDABDABC,15478
#00000000000#|DCACBDAB,15479
#00000000000#|ADABDBCC,15483
#00000000000#|DCABADCB,15487
#00000000000#|ACDDBBAC,15495
#00000000000#|DABABDCC,15497
#00000000000#|DCACADBB,15497
#00000000000#|DADBACCB,15498
#00000000000#|DCBABDCA,15509
#00000000000#|DBAABDCC,15516
#00000000000#|DBBAADCC,15516
#00000000000#|DCBBADAC,15519
#00000000000#|CDBADBAC,15520
#00000000000#|CCDDBBAA,15522
#00000000000#|CDBADABC,15529
#00000000000#|ADBADBCC,15534
#00000000000#|BDAADBCC,15536
#00000000000#|DCAABDCB,15536
#00000000000#|CDAADBBC,15536
#00000000000#|DCBAADCB,15538
#00000000000#|DBDABCCA,15549
#00000000000#|CCDDBABA,15551
#00000000000#|DCABBDAC,15557
#00000000000#|CCDDABBA,15560
#00000000000#|CCDDBAAB,15560
#00000000000#|DBDAACCB,15566
#00000000000#|CCDDABAB,15569
#00000000000#|DBDBACAC,15569
#00000000000#|DADBBCAC,15570
#00000000000#|DCABADBC,15577
#00000000000#|DADBACBC,15588
#00000000000#|DADABCCB,15595
#00000000000#|CCDDAABB,15598
#00000000000#|DCBABDAC,15608
#00000000000#|ADBBDACC,15612
#00000000000#|DCAABDBC,15626
#00000000000#|DCBAADBC,15628
#00000000000#|DBDCBCAA,15642
#00000000000#|DBDABCAC,15646
#00000000000#|BDABDACC,15654
#00000000000#|DBDAACBC,15656
#00000000000#|DBDCACBA,15660
#00000000000#|DADCBCBA,15661
#00000000000#|DBDCACAB,15669
#00000000000#|DADCBCAB,15670
#00000000000#|DADABCBC,15685
#00000000000#|DADCACBB,15688
#00000000000#|BDBADACC,15705
#00000000000#|DCDBBCAA,15762
#00000000000#|DCDBACBA,15800
#00000000000#|DCDBACAB,15809
#00000000000#|DCDABCBA,15851
#00000000000#|DCDABCAB,15860
#00000000000#|DCDAACBB,15914
#00000000000#|BDCBCDAA,15962
#00000000000#|DBDBCACA,15971
#00000000000#|DADBCBCA,15981
#00000000000#|ADCBCDBA,15996
#00000000000#|DADBCACB,15999
#00000000000#|ADCBCDAB,16005
#00000000000#|BDCACDBA,16051
#00000000000#|DBDACBCA,16059
#00000000000#|BDCACDAB,16060
#00000000000#|BDDBCCAA,16062
#00000000000#|DBDACACB,16067
#00000000000#|DBDBCAAC,16070
#00000000000#|DBDBAACC,16070
#00000000000#|DADBBACC,16073
#00000000000#|DADBABCC,16078
#00000000000#|DADBCBAC,16080
#00000000000#|DADBCABC,16089
#00000000000#|ADDBCCBA,16096
#00000000000#|DADACBCB,16105
#00000000000#|ADDBCCAB,16105
#00000000000#|ADCACDBB,16110
#00000000000#|BDBCCDAA,16112
#00000000000#|ADBBCDCA,16118
#00000000000#|DBBDCCAA,16122
#00000000000#|CDBBCDAA,16122
#00000000000#|BDCCBDAA,16132
#00000000000#|DABDCCBA,16141
#00000000000#|DBDCBACA,16147
#00000000000#|ADBCCDBA,16148
#00000000000#|BDACCDBA,16148
#00000000000#|DBDCABCA,16150
#00000000000#|DABDCCAB,16150
#00000000000#|BDCCADBA,16150
#00000000000#|DBDABACC,16151
#00000000000#|BDDACCBA,16151
#00000000000#|DBDCCBAA,16152
#00000000000#|DBDAABCC,16154
#00000000000#|DBDACBAC,16156
#00000000000#|ADBCCDAB,16157
#00000000000#|DBDACABC,16157
#00000000000#|BDACCDAB,16157
#00000000000#|DBADCCBA,16158
#00000000000#|BDCCADAB,16159
#00000000000#|BDDACCAB,16160
#00000000000#|BDABCDCA,16160
#00000000000#|BDCBADCA,16160
#00000000000#|DBDCCABA,16161
#00000000000#|DBADCCAB,16167
#00000000000#|ADCCBDBA,16168
#00000000000#|DBDCAACB,16170
#00000000000#|DBDCCAAB,16170
#00000000000#|DADCCBBA,16171
#00000000000#|DADCBACB,16175
#00000000000#|ADCBBDCA,16176
#00000000000#|ADCCBDAB,16177
#00000000000#|DADCABCB,16178
#00000000000#|CDABCDBA,16178
#00000000000#|DADCCBAB,16180
#00000000000#|CDCBBDAA,16182
#00000000000#|ADABCDCB,16183
#00000000000#|DAADCCBB,16186
#00000000000#|CDABCDAB,16187
#00000000000#|DADCCABB,16189
#00000000000#|DADCBBCA,16191
#00000000000#|ADACCDBB,16193
#00000000000#|DADABBCC,16195
#00000000000#|DADACBBC,16195
#00000000000#|ADCCADBB,16195
#00000000000#|CDCBADBA,16200
#00000000000#|ADCBADCB,16205
#00000000000#|CDCBADAB,16209
#00000000000#|ADDACCBB,16210
#00000000000#|BDBACDCA,16211
#00000000000#|ADBBCDAC,16217
#00000000000#|CDBACDBA,16229
#00000000000#|ADBACDCB,16234
#00000000000#|BDAACDCB,16236
#00000000000#|BDCABDCA,16237
#00000000000#|CDBACDAB,16238
#00000000000#|DBDCBAAC,16244
#00000000000#|DBDCABAC,16249
#00000000000#|CDAACDBB,16256
#00000000000#|BDCAADCB,16258
#00000000000#|BDABCDAC,16259
#00000000000#|BDCBADAC,16259
#00000000000#|DBDCAABC,16260
#00000000000#|DADCBABC,16265
#00000000000#|DADCABBC,16268
#00000000000#|DCDBCBAA,16272
#00000000000#|ADABCDBC,16273
#00000000000#|ADCBBDAC,16275
#00000000000#|DCDBBACA,16287
#00000000000#|DCDBABCA,16290
#00000000000#|DADCBBAC,16290
#00000000000#|ADCBADBC,16295
#00000000000#|CDCABDBA,16297
#00000000000#|ADCABDCB,16300
#00000000000#|DCDBCABA,16301
#00000000000#|CDCABDAB,16306
#00000000000#|BDBACDAC,16310
#00000000000#|DCDBAACB,16310
#00000000000#|DCDBCAAB,16310
#00000000000#|BDBCADCA,16310
#00000000000#|CDCAADBB,16314
#00000000000#|CDBBADCA,16320
#00000000000#|ADBACDBC,16324
#00000000000#|BDAACDBC,16326
#00000000000#|BDACBDCA,16328
#00000000000#|BDCABDAC,16336
#00000000000#|BDCAADBC,16348
#00000000000#|CDBCADBA,16352
#00000000000#|ADBCADCB,16355
#00000000000#|BDACADCB,16357
#00000000000#|CDABBDCA,16358
#00000000000#|DCDACBBA,16361
#00000000000#|CDBCADAB,16361
#00000000000#|ADBCBDCA,16366
#00000000000#|DCDACBAB,16370
#00000000000#|CDACBDBA,16370
#00000000000#|CDBCBDAA,16372
#00000000000#|ADACBDCB,16373
#00000000000#|CDACBDAB,16379
#00000000000#|ADCABDBC,16382
#00000000000#|DCDBBAAC,16384
#00000000000#|CDABADCB,16387
#00000000000#|DCDBABAC,16389
#00000000000#|CDACADBB,16397
#00000000000#|DCDBAABC,16400
#00000000000#|DCDABBCA,16409
#00000000000#|CDBABDCA,16409
#00000000000#|BDBCADAC,16409
#00000000000#|DCDAABCB,16414
#00000000000#|DCDACABB,16415
#00000000000#|ADBBADCC,16415
#00000000000#|CDBBADAC,16419
#00000000000#|DCDABACB,16421
#00000000000#|BDACBDAC,16427
#00000000000#|CDAABDCB,16436
#00000000000#|CDBAADCB,16438
#00000000000#|ADBCADBC,16445
#00000000000#|BDACADBC,16447
#00000000000#|ADABBDCC,16453
#00000000000#|BDABADCC,16457
#00000000000#|CDABBDAC,16457
#00000000000#|BDDBACCA,16460
#00000000000#|DCDCBBAA,16462
#00000000000#|ADACBDBC,16463
#00000000000#|ADBCBDAC,16465
#00000000000#|DCDCBABA,16471
#00000000000#|ADDBBCCA,16476
#00000000000#|CDABADBC,16477
#00000000000#|DCDCABBA,16480
#00000000000#|DCDCBAAB,16480
#00000000000#|DCDCABAB,16489
#00000000000#|DCDCAABB,16500
#00000000000#|ADBABDCC,16504
#00000000000#|DCDAABBC,16504
#00000000000#|ADDBACCB,16505
#00000000000#|BDAABDCC,16506
#00000000000#|BDBAADCC,16508
#00000000000#|DCDABBAC,16508
#00000000000#|CDBABDAC,16508
#00000000000#|DCDABABC,16511
#00000000000#|DBBDACCA,16520
#00000000000#|CDAABDBC,16526
#00000000000#|CDBAADBC,16528
#00000000000#|DBADBCCA,16538
#00000000000#|BDDABCCA,16539
#00000000000#|DBCDBCAA,16542
#00000000000#|DABDACCB,16548
#00000000000#|BDDAACCB,16558
#00000000000#|BDDBACAC,16559
#00000000000#|DBCDACBA,16560
#00000000000#|DABDBCCA,16561
#00000000000#|DACDBCBA,16561
#00000000000#|DAADBCCB,16566
#00000000000#|DBADACCB,16567
#00000000000#|DBCDACAB,16569
#00000000000#|DACDBCAB,16570
#00000000000#|ADDBBCAC,16575
#00000000000#|DACDACBB,16588
#00000000000#|ADDBACBC,16595
#00000000000#|ADDABCCB,16600
#00000000000#|DBBDACAC,16619
#00000000000#|BDDCBCAA,16632
#00000000000#|BDDABCAC,16636
#00000000000#|DBADBCAC,16637
#00000000000#|DABDACBC,16638
#00000000000#|BDDAACBC,16648
#00000000000#|BDDCACBA,16650
#00000000000#|DAADBCBC,16656
#00000000000#|DBADACBC,16657
#00000000000#|BDDCACAB,16659
#00000000000#|DABDBCAC,16660
#00000000000#|CDDBBCAA,16662
#00000000000#|ADDCBCBA,16666
#00000000000#|ADDCBCAB,16675
#00000000000#|ADDABCBC,16690
#00000000000#|ADDCACBB,16695
#00000000000#|CDDBACBA,16700
#00000000000#|CDDBACAB,16709
#00000000000#|CDDABCBA,16751
#00000000000#|CDDABCAB,16760
#00000000000#|DCBDBCAA,16812
#00000000000#|CDDAACBB,16814
#00000000000#|DCADBCBA,16848
#00000000000#|DCBDACBA,16850
#00000000000#|DCADBCAB,16857
#00000000000#|DCBDACAB,16859
#00000000000#|DCADACBB,16895
#00000000000#|BDDBCACA,16961
#00000000000#|ADDBCBCA,16986
#00000000000#|ADDBCACB,17006
#00000000000#|DBBDCACA,17021
#00000000000#|DBCDBACA,17047
#00000000000#|DBADCBCA,17048
#00000000000#|BDDACBCA,17049
#00000000000#|DABDCACB,17049
#00000000000#|DBCDABCA,17050
#00000000000#|DBCDCBAA,17052
#00000000000#|BDDACACB,17059
#00000000000#|BDDBCAAC,17060
#00000000000#|BDDBAACC,17060
#00000000000#|DBCDCABA,17061
#00000000000#|DBADCACB,17068
#00000000000#|DBCDAACB,17070
#00000000000#|DBCDCAAB,17070
#00000000000#|DABDCBCA,17071
#00000000000#|DACDCBBA,17071
#00000000000#|DACDBACB,17075
#00000000000#|DAADCBCB,17076
#00000000000#|DACDABCB,17078
#00000000000#|ADDBBACC,17078
#00000000000#|DACDCBAB,17080
#00000000000#|ADDBCBAC,17085
#00000000000#|ADDBABCC,17085
#00000000000#|DACDCABB,17089
#00000000000#|DACDBBCA,17091
#00000000000#|ADDBCABC,17096
#00000000000#|ADDACBCB,17110
#00000000000#|BDBDCCAA,17112
#00000000000#|DBBDCAAC,17120
#00000000000#|DBBDAACC,17120
#00000000000#|BDDCBACA,17137
#00000000000#|DABDCABC,17139
#00000000000#|BDDCABCA,17140
#00000000000#|DBADBACC,17140
#00000000000#|BDDABACC,17141
#00000000000#|BDDCCBAA,17142
#00000000000#|BDDAABCC,17144
#00000000000#|DBCDBAAC,17144
#00000000000#|BDDACBAC,17146
#00000000000#|DBADABCC,17147
#00000000000#|DBADCBAC,17147
#00000000000#|ADBDCCBA,17148
#00000000000#|BDADCCBA,17148
#00000000000#|BDDACABC,17149
#00000000000#|DBCDABAC,17149
#00000000000#|BDDCCABA,17151
#00000000000#|ADBDCCAB,17157
#00000000000#|BDADCCAB,17157
#00000000000#|DBADCABC,17158
#00000000000#|DABDBACC,17159
#00000000000#|BDDCAACB,17160
#00000000000#|BDDCCAAB,17160
#00000000000#|DBCDAABC,17160
#00000000000#|DACDBABC,17165
#00000000000#|DAADCBBC,17166
#00000000000#|DACDABBC,17168
#00000000000#|DABDABCC,17168
#00000000000#|DABDCBAC,17170
#00000000000#|CDDBCBAA,17172
#00000000000#|ADDCCBBA,17176
#00000000000#|ADDCBACB,17180
#00000000000#|ADDCABCB,17185
#00000000000#|ADDCCBAB,17185
#00000000000#|DAADBBCC,17186
#00000000000#|CDDBBACA,17187
#00000000000#|CDDBABCA,17190
#00000000000#|DACDBBAC,17190
#00000000000#|ADADCCBB,17193
#00000000000#|ADDCBBCA,17196
#00000000000#|ADDCCABB,17196
#00000000000#|ADDABBCC,17200
#00000000000#|ADDACBBC,17200
#00000000000#|CDDBCABA,17201
#00000000000#|CDDBAACB,17210
#00000000000#|CDDBCAAB,17210
#00000000000#|BDDCBAAC,17234
#00000000000#|BDDCABAC,17239
#00000000000#|BDDCAABC,17250
#00000000000#|CDDACBBA,17261
#00000000000#|CDDACBAB,17270
#00000000000#|ADDCBABC,17270
#00000000000#|ADDCABBC,17275
#00000000000#|CDDBBAAC,17284
#00000000000#|CDDBABAC,17289
#00000000000#|ADDCBBAC,17295
#00000000000#|CDDBAABC,17300
#00000000000#|CDDABBCA,17309
#00000000000#|CDDAABCB,17314
#00000000000#|CDDACABB,17315
#00000000000#|CDDABACB,17321
#00000000000#|DCBDCBAA,17322
#00000000000#|DCBDCABA,17351
#00000000000#|DCADCBBA,17358
#00000000000#|DCBDAACB,17360
#00000000000#|DCBDCAAB,17360
#00000000000#|CDDCBBAA,17362
#00000000000#|DCADCBAB,17367
#00000000000#|DCBDBACA,17373
#00000000000#|CDDCBABA,17373
#00000000000#|CDDCABBA,17380
#00000000000#|CDDCBAAB,17382
#00000000000#|DCBDABCA,17382
#00000000000#|DCCDABBA,17382
#00000000000#|DCADBACB,17382
#00000000000#|DCCDBAAB,17386
#00000000000#|DCADABCB,17387
#00000000000#|CDDCABAB,17389
#00000000000#|DCCDABAB,17391
#00000000000#|DCCDBABA,17395
#00000000000#|DCADCABB,17396
#00000000000#|DCADBBCA,17400
#00000000000#|CDDCAABB,17400
#00000000000#|DCCDAABB,17400
#00000000000#|DCCDBBAA,17404
#00000000000#|CDDAABBC,17404
#00000000000#|CDDABBAC,17408
#00000000000#|CDDABABC,17411
#00000000000#|DCBDAABC,17450
#00000000000#|DCBDBAAC,17472
#00000000000#|DCADBABC,17472
#00000000000#|DCADABBC,17477
#00000000000#|DCBDABAC,17481
#00000000000#|DCADBBAC,17499
#00000000000#|BDBDACCA,17510
#00000000000#|BDADBCCA,17528
#00000000000#|BDCDBCAA,17532
#00000000000#|BDCDACBA,17550
#00000000000#|ADBDACCB,17555
#00000000000#|BDADACCB,17557
#00000000000#|BDCDACAB,17559
#00000000000#|ADBDBCCA,17566
#00000000000#|ADCDBCBA,17568
#00000000000#|ADADBCCB,17573
#00000000000#|ADCDBCAB,17577
#00000000000#|ADCDACBB,17595
#00000000000#|BDBDACAC,17609
#00000000000#|BDADBCAC,17627
#00000000000#|ADBDACBC,17645
#00000000000#|BDADACBC,17647
#00000000000#|ADADBCBC,17663
#00000000000#|ADBDBCAC,17665
#00000000000#|CDBDBCAA,17712
#00000000000#|CDADBCBA,17748
#00000000000#|CDBDACBA,17752
#00000000000#|CDADBCAB,17757
#00000000000#|CDBDACAB,17761
#00000000000#|CDADACBB,17797
#00000000000#|BDBDCACA,18011
#00000000000#|DDBBCCAA,18022
#00000000000#|BDCDBACA,18037
#00000000000#|BDADCBCA,18038
#00000000000#|BDCDABCA,18040
#00000000000#|BDCDCBAA,18042
#00000000000#|BDCDCABA,18051
#00000000000#|ADBDCACB,18056
#00000000000#|BDADCACB,18058
#00000000000#|BDCDAACB,18060
#00000000000#|BDCDCAAB,18060
#00000000000#|ADBDCBCA,18076
#00000000000#|DDABCCBA,18078
#00000000000#|ADCDCBBA,18078
#00000000000#|ADCDBACB,18080
#00000000000#|ADADCBCB,18083
#00000000000#|ADCDABCB,18085
#00000000000#|ADCDCBAB,18087
#00000000000#|DDABCCAB,18087
#00000000000#|ADCDBBCA,18096
#00000000000#|ADCDCABB,18096
#00000000000#|BDBDCAAC,18110
#00000000000#|BDBDAACC,18110
#00000000000#|DDBACCBA,18129
#00000000000#|BDADBACC,18130
#00000000000#|BDCDBAAC,18134
#00000000000#|BDADABCC,18137
#00000000000#|BDADCBAC,18137
#00000000000#|DDBACCAB,18138
#00000000000#|BDCDABAC,18139
#00000000000#|ADBDCABC,18146
#00000000000#|BDADCABC,18148
#00000000000#|BDCDAABC,18150
#00000000000#|DDAACCBB,18156
#00000000000#|ADBDBACC,18166
#00000000000#|ADCDBABC,18170
#00000000000#|ADADCBBC,18173
#00000000000#|ADBDCBAC,18175
#00000000000#|ADBDABCC,18175
#00000000000#|ADCDABBC,18175
#00000000000#|ADADBBCC,18193
#00000000000#|ADCDBBAC,18195
#00000000000#|CDBDCBAA,18222
#00000000000#|CDBDCABA,18253
#00000000000#|CDADCBBA,18258
#00000000000#|CDBDAACB,18260
#00000000000#|CDBDCAAB,18262
#00000000000#|CDADCBAB,18267
#00000000000#|CDBDBACA,18273
#00000000000#|CDBDABCA,18282
#00000000000#|CDCDABBA,18282
#00000000000#|CDADBACB,18282
#00000000000#|CDCDBAAB,18286
#00000000000#|CDADABCB,18287
#00000000000#|CDCDABAB,18291
#00000000000#|CDCDBABA,18295
#00000000000#|CDADCABB,18298
#00000000000#|CDADBBCA,18300
#00000000000#|CDCDAABB,18300
#00000000000#|CDCDBBAA,18304
#00000000000#|CDBDAABC,18350
#00000000000#|CDBDBAAC,18372
#00000000000#|CDADBABC,18372
#00000000000#|CDADABBC,18377
#00000000000#|CDBDABAC,18381
#00000000000#|CDADBBAC,18399
#00000000000#|DDBBACCA,18420
#00000000000#|DDABBCCA,18458
#00000000000#|DDCBACBA,18480
#00000000000#|DDCBBCAA,18482
#00000000000#|DDABACCB,18487
#00000000000#|DDCBACAB,18489
#00000000000#|DDBABCCA,18509
#00000000000#|DDBBACAC,18519
#00000000000#|DDAABCCB,18536
#00000000000#|DDBAACCB,18538
#00000000000#|DDCABCBA,18549
#00000000000#|DDABBCAC,18557
#00000000000#|DDCABCAB,18558
#00000000000#|DDCAACBB,18558
#00000000000#|DDABACBC,18577
#00000000000#|DDBABCAC,18608
#00000000000#|DDAABCBC,18626
#00000000000#|DDBAACBC,18628
#00000000000#|DDBCACBA,18630
#00000000000#|DDBCBCAA,18632
#00000000000#|DDBCACAB,18639
#00000000000#|DDACBCBA,18648
#00000000000#|DDACACBB,18657
#00000000000#|DDACBCAB,18657
#00000000000#|DDBBCACA,18921
#00000000000#|DDABCBCA,18968
#00000000000#|DDCBCABA,18981
#00000000000#|DDCBBACA,18981
#00000000000#|DDABCACB,18988
#00000000000#|DDCBCAAB,18990
#00000000000#|DDCBAACB,18990
#00000000000#|DDCBABCA,18990
#00000000000#|DDCBCBAA,18992
#00000000000#|DDBACBCA,19019
#00000000000#|DDBBCAAC,19020
#00000000000#|DDBBAACC,19020
#00000000000#|DDBACACB,19039
#00000000000#|DDAACBCB,19046
#00000000000#|DDABBACC,19058
#00000000000#|DDCACBBA,19059
#00000000000#|DDCACABB,19059
#00000000000#|DDCABACB,19059
#00000000000#|DDABCBAC,19067
#00000000000#|DDABABCC,19067
#00000000000#|DDCACBAB,19068
#00000000000#|DDCAABCB,19068
#00000000000#|DDABCABC,19078
#00000000000#|DDCBBAAC,19080
#00000000000#|DDCBAABC,19080
#00000000000#|DDCBABAC,19089
#00000000000#|DDCABBCA,19099
#00000000000#|DDBABACC,19109
#00000000000#|DDAABBCC,19116
#00000000000#|DDBAABCC,19118
#00000000000#|DDBACBAC,19118
#00000000000#|DDBACABC,19129
#00000000000#|DDBCCABA,19131
#00000000000#|DDBCBACA,19131
#00000000000#|DDAACBBC,19136
#00000000000#|DDBCCAAB,19140
#00000000000#|DDBCAACB,19140
#00000000000#|DDBCABCA,19140
#00000000000#|DDBCCBAA,19142
#00000000000#|DDCABABC,19149
#00000000000#|DDCCBABA,19151
#00000000000#|DDACCBBA,19158
#00000000000#|DDACCABB,19158
#00000000000#|DDACBACB,19158
#00000000000#|DDACBBCA,19158
#00000000000#|DDCAABBC,19158
#00000000000#|DDCCBAAB,19160
#00000000000#|DDCCAABB,19160
#00000000000#|DDCCABBA,19160
#00000000000#|DDCCBBAA,19162
#00000000000#|DDACCBAB,19167
#00000000000#|DDACABCB,19167
#00000000000#|DDCCABAB,19169
#00000000000#|DDCABBAC,19198
#00000000000#|DDBCBAAC,19230
#00000000000#|DDBCAABC,19230
#00000000000#|DDBCABAC,19239
#00000000000#|DDACBABC,19248
#00000000000#|DDACABBC,19257
#00000000000#|DDACBBAC,19257
