0: inp w 
1: mul x 0 
2: add x z 
3: mod x 26 
4: div z 1 
5: add x 12 
6: eql x w 
7: eql x 0 
8: mul y 0 
9: add y 25 
10: mul y x 
11: add y 1 
12: mul z y 
13: mul y 0 
14: add y w 
15: add y 4 
16: mul y x 
17: add z y 
18: inp w 
19: mul x 0 
20: add x z 
21: mod x 26 
22: div z 1 
23: add x 11 
24: eql x w 
25: eql x 0 
26: mul y 0 
27: add y 25 
28: mul y x 
29: add y 1 
30: mul z y 
31: mul y 0 
32: add y w 
33: add y 11 
34: mul y x 
35: add z y 
36: inp w 
37: mul x 0 
38: add x z 
39: mod x 26 
40: div z 1 
41: add x 13 
42: eql x w 
43: eql x 0 
44: mul y 0 
45: add y 25 
46: mul y x 
47: add y 1 
48: mul z y 
49: mul y 0 
50: add y w 
51: add y 5 
52: mul y x 
53: add z y 
54: inp w 
55: mul x 0 
56: add x z 
57: mod x 26 
58: div z 1 
59: add x 11 
60: eql x w 
61: eql x 0 
62: mul y 0 
63: add y 25 
64: mul y x 
65: add y 1 
66: mul z y 
67: mul y 0 
68: add y w 
69: add y 11 
70: mul y x 
71: add z y 
72: inp w 
73: mul x 0 
74: add x z 
75: mod x 26 
76: div z 1 
77: add x 14 
78: eql x w 
79: eql x 0 
80: mul y 0 
81: add y 25 
82: mul y x 
83: add y 1 
84: mul z y 
85: mul y 0 
86: add y w 
87: add y 14 
88: mul y x 
89: add z y 
90: inp w 
91: mul x 0 
92: add x z 
93: mod x 26 
94: div z 26 
95: add x -10 
96: eql x w 
97: eql x 0 
98: mul y 0 
99: add y 25 
100: mul y x 
101: add y 1 
102: mul z y 
103: mul y 0 
104: add y w 
105: add y 7 
106: mul y x 
107: add z y 
108: inp w 
109: mul x 0 
110: add x z 
111: mod x 26 
112: div z 1 
113: add x 11 
114: eql x w 
115: eql x 0 
116: mul y 0 
117: add y 25 
118: mul y x 
119: add y 1 
120: mul z y 
121: mul y 0 
122: add y w 
123: add y 11 
124: mul y x 
125: add z y 
126: inp w 
127: mul x 0 
128: add x z 
129: mod x 26 
130: div z 26 
131: add x -9 
132: eql x w 
133: eql x 0 
134: mul y 0 
135: add y 25 
136: mul y x 
137: add y 1 
138: mul z y 
139: mul y 0 
140: add y w 
141: add y 4 
142: mul y x 
143: add z y 
144: inp w 
145: mul x 0 
146: add x z 
147: mod x 26 
148: div z 26 
149: add x -3 
150: eql x w 
151: eql x 0 
152: mul y 0 
153: add y 25 
154: mul y x 
155: add y 1 
156: mul z y 
157: mul y 0 
158: add y w 
159: add y 6 
160: mul y x 
161: add z y 
162: inp w 
163: mul x 0 
164: add x z 
165: mod x 26 
166: div z 1 
167: add x 13 
168: eql x w 
169: eql x 0 
170: mul y 0 
171: add y 25 
172: mul y x 
173: add y 1 
174: mul z y 
175: mul y 0 
176: add y w 
177: add y 5 
178: mul y x 
179: add z y 
180: inp w 
181: mul x 0 
182: add x z 
183: mod x 26 
184: div z 26 
185: add x -5 
186: eql x w 
187: eql x 0 
188: mul y 0 
189: add y 25 
190: mul y x 
191: add y 1 
192: mul z y 
193: mul y 0 
194: add y w 
195: add y 9 
196: mul y x 
197: add z y 
198: inp w 
199: mul x 0 
200: add x z 
201: mod x 26 
202: div z 26 
203: add x -10 
204: eql x w 
205: eql x 0 
206: mul y 0 
207: add y 25 
208: mul y x 
209: add y 1 
210: mul z y 
211: mul y 0 
212: add y w 
213: add y 12 
214: mul y x 
215: add z y 
216: inp w 
217: mul x 0 
218: add x z 
219: mod x 26 
220: div z 26 
221: add x -4 
222: eql x w 
223: eql x 0 
224: mul y 0 
225: add y 25 
226: mul y x 
227: add y 1 
228: mul z y 
229: mul y 0 
230: add y w 
231: add y 14 
232: mul y x 
233: add z y 
234: inp w 
235: mul x 0 
236: add x z 
237: mod x 26 
238: div z 26 
239: add x -5 
240: eql x w 
241: eql x 0 
242: mul y 0 
243: add y 25 
244: mul y x 
245: add y 1 
246: mul z y 
247: mul y 0 
248: add y w 
249: add y 14 
250: mul y x 
251: add z y 
$VAR1 = [
          '((int(((int(((int(((int(((((int(((6302207 * ((25 * (((((163857382 + ($x7 + 11)) % 26) + -9) == $x8) == 0)) + 1)) + (($x8 + 4) * (((((163857382 + ($x7 + 11)) % 26) + -9) == $x8) == 0))) / 26) * ((25 * ((((((6302207 * ((25 * (((((163857382 + ($x7 + 11)) % 26) + -9) == $x8) == 0)) + 1)) + (($x8 + 4) * (((((163857382 + ($x7 + 11)) % 26) + -9) == $x8) == 0))) % 26) + -3) == $x9) == 0)) + 1)) + (($x9 + 6) * ((((((6302207 * ((25 * (((((163857382 + ($x7 + 11)) % 26) + -9) == $x8) == 0)) + 1)) + (($x8 + 4) * (((((163857382 + ($x7 + 11)) % 26) + -9) == $x8) == 0))) % 26) + -3) == $x9) == 0))) * 26) + ($x10 + 5)) / 26) * ((25 * ((((((((int(((6302207 * ((25 * (((((163857382 + ($x7 + 11)) % 26) + -9) == $x8) == 0)) + 1)) + (($x8 + 4) * (((((163857382 + ($x7 + 11)) % 26) + -9) == $x8) == 0))) / 26) * ((25 * ((((((6302207 * ((25 * (((((163857382 + ($x7 + 11)) % 26) + -9) == $x8) == 0)) + 1)) + (($x8 + 4) * (((((163857382 + ($x7 + 11)) % 26) + -9) == $x8) == 0))) % 26) + -3) == $x9) == 0)) + 1)) + (($x9 + 6) * ((((((6302207 * ((25 * (((((163857382 + ($x7 + 11)) % 26) + -9) == $x8) == 0)) + 1)) + (($x8 + 4) * (((((163857382 + ($x7 + 11)) % 26) + -9) == $x8) == 0))) % 26) + -3) == $x9) == 0))) * 26) + ($x10 + 5)) % 26) + -5) == $x11) == 0)) + 1)) + (($x11 + 9) * ((((((((int(((6302207 * ((25 * (((((163857382 + ($x7 + 11)) % 26) + -9) == $x8) == 0)) + 1)) + (($x8 + 4) * (((((163857382 + ($x7 + 11)) % 26) + -9) == $x8) == 0))) / 26) * ((25 * ((((((6302207 * ((25 * (((((163857382 + ($x7 + 11)) % 26) + -9) == $x8) == 0)) + 1)) + (($x8 + 4) * (((((163857382 + ($x7 + 11)) % 26) + -9) == $x8) == 0))) % 26) + -3) == $x9) == 0)) + 1)) + (($x9 + 6) * ((((((6302207 * ((25 * (((((163857382 + ($x7 + 11)) % 26) + -9) == $x8) == 0)) + 1)) + (($x8 + 4) * (((((163857382 + ($x7 + 11)) % 26) + -9) == $x8) == 0))) % 26) + -3) == $x9) == 0))) * 26) + ($x10 + 5)) % 26) + -5) == $x11) == 0))) / 26) * ((25 * ((((((int(((((int(((6302207 * ((25 * (((((163857382 + ($x7 + 11)) % 26) + -9) == $x8) == 0)) + 1)) + (($x8 + 4) * (((((163857382 + ($x7 + 11)) % 26) + -9) == $x8) == 0))) / 26) * ((25 * ((((((6302207 * ((25 * (((((163857382 + ($x7 + 11)) % 26) + -9) == $x8) == 0)) + 1)) + (($x8 + 4) * (((((163857382 + ($x7 + 11)) % 26) + -9) == $x8) == 0))) % 26) + -3) == $x9) == 0)) + 1)) + (($x9 + 6) * ((((((6302207 * ((25 * (((((163857382 + ($x7 + 11)) % 26) + -9) == $x8) == 0)) + 1)) + (($x8 + 4) * (((((163857382 + ($x7 + 11)) % 26) + -9) == $x8) == 0))) % 26) + -3) == $x9) == 0))) * 26) + ($x10 + 5)) / 26) * ((25 * ((((((((int(((6302207 * ((25 * (((((163857382 + ($x7 + 11)) % 26) + -9) == $x8) == 0)) + 1)) + (($x8 + 4) * (((((163857382 + ($x7 + 11)) % 26) + -9) == $x8) == 0))) / 26) * ((25 * ((((((6302207 * ((25 * (((((163857382 + ($x7 + 11)) % 26) + -9) == $x8) == 0)) + 1)) + (($x8 + 4) * (((((163857382 + ($x7 + 11)) % 26) + -9) == $x8) == 0))) % 26) + -3) == $x9) == 0)) + 1)) + (($x9 + 6) * ((((((6302207 * ((25 * (((((163857382 + ($x7 + 11)) % 26) + -9) == $x8) == 0)) + 1)) + (($x8 + 4) * (((((163857382 + ($x7 + 11)) % 26) + -9) == $x8) == 0))) % 26) + -3) == $x9) == 0))) * 26) + ($x10 + 5)) % 26) + -5) == $x11) == 0)) + 1)) + (($x11 + 9) * ((((((((int(((6302207 * ((25 * (((((163857382 + ($x7 + 11)) % 26) + -9) == $x8) == 0)) + 1)) + (($x8 + 4) * (((((163857382 + ($x7 + 11)) % 26) + -9) == $x8) == 0))) / 26) * ((25 * ((((((6302207 * ((25 * (((((163857382 + ($x7 + 11)) % 26) + -9) == $x8) == 0)) + 1)) + (($x8 + 4) * (((((163857382 + ($x7 + 11)) % 26) + -9) == $x8) == 0))) % 26) + -3) == $x9) == 0)) + 1)) + (($x9 + 6) * ((((((6302207 * ((25 * (((((163857382 + ($x7 + 11)) % 26) + -9) == $x8) == 0)) + 1)) + (($x8 + 4) * (((((163857382 + ($x7 + 11)) % 26) + -9) == $x8) == 0))) % 26) + -3) == $x9) == 0))) * 26) + ($x10 + 5)) % 26) + -5) == $x11) == 0))) % 26) + -10) == $x12) == 0)) + 1)) + (($x12 + 12) * ((((((int(((((int(((6302207 * ((25 * (((((163857382 + ($x7 + 11)) % 26) + -9) == $x8) == 0)) + 1)) + (($x8 + 4) * (((((163857382 + ($x7 + 11)) % 26) + -9) == $x8) == 0))) / 26) * ((25 * ((((((6302207 * ((25 * (((((163857382 + ($x7 + 11)) % 26) + -9) == $x8) == 0)) + 1)) + (($x8 + 4) * (((((163857382 + ($x7 + 11)) % 26) + -9) == $x8) == 0))) % 26) + -3) == $x9) == 0)) + 1)) + (($x9 + 6) * ((((((6302207 * ((25 * (((((163857382 + ($x7 + 11)) % 26) + -9) == $x8) == 0)) + 1)) + (($x8 + 4) * (((((163857382 + ($x7 + 11)) % 26) + -9) == $x8) == 0))) % 26) + -3) == $x9) == 0))) * 26) + ($x10 + 5)) / 26) * ((25 * ((((((((int(((6302207 * ((25 * (((((163857382 + ($x7 + 11)) % 26) + -9) == $x8) == 0)) + 1)) + (($x8 + 4) * (((((163857382 + ($x7 + 11)) % 26) + -9) == $x8) == 0))) / 26) * ((25 * ((((((6302207 * ((25 * (((((163857382 + ($x7 + 11)) % 26) + -9) == $x8) == 0)) + 1)) + (($x8 + 4) * (((((163857382 + ($x7 + 11)) % 26) + -9) == $x8) == 0))) % 26) + -3) == $x9) == 0)) + 1)) + (($x9 + 6) * ((((((6302207 * ((25 * (((((163857382 + ($x7 + 11)) % 26) + -9) == $x8) == 0)) + 1)) + (($x8 + 4) * (((((163857382 + ($x7 + 11)) % 26) + -9) == $x8) == 0))) % 26) + -3) == $x9) == 0))) * 26) + ($x10 + 5)) % 26) + -5) == $x11) == 0)) + 1)) + (($x11 + 9) * ((((((((int(((6302207 * ((25 * (((((163857382 + ($x7 + 11)) % 26) + -9) == $x8) == 0)) + 1)) + (($x8 + 4) * (((((163857382 + ($x7 + 11)) % 26) + -9) == $x8) == 0))) / 26) * ((25 * ((((((6302207 * ((25 * (((((163857382 + ($x7 + 11)) % 26) + -9) == $x8) == 0)) + 1)) + (($x8 + 4) * (((((163857382 + ($x7 + 11)) % 26) + -9) == $x8) == 0))) % 26) + -3) == $x9) == 0)) + 1)) + (($x9 + 6) * ((((((6302207 * ((25 * (((((163857382 + ($x7 + 11)) % 26) + -9) == $x8) == 0)) + 1)) + (($x8 + 4) * (((((163857382 + ($x7 + 11)) % 26) + -9) == $x8) == 0))) % 26) + -3) == $x9) == 0))) * 26) + ($x10 + 5)) % 26) + -5) == $x11) == 0))) % 26) + -10) == $x12) == 0))) / 26) * ((25 * ((((((int(((int(((((int(((6302207 * ((25 * (((((163857382 + ($x7 + 11)) % 26) + -9) == $x8) == 0)) + 1)) + (($x8 + 4) * (((((163857382 + ($x7 + 11)) % 26) + -9) == $x8) == 0))) / 26) * ((25 * ((((((6302207 * ((25 * (((((163857382 + ($x7 + 11)) % 26) + -9) == $x8) == 0)) + 1)) + (($x8 + 4) * (((((163857382 + ($x7 + 11)) % 26) + -9) == $x8) == 0))) % 26) + -3) == $x9) == 0)) + 1)) + (($x9 + 6) * ((((((6302207 * ((25 * (((((163857382 + ($x7 + 11)) % 26) + -9) == $x8) == 0)) + 1)) + (($x8 + 4) * (((((163857382 + ($x7 + 11)) % 26) + -9) == $x8) == 0))) % 26) + -3) == $x9) == 0))) * 26) + ($x10 + 5)) / 26) * ((25 * ((((((((int(((6302207 * ((25 * (((((163857382 + ($x7 + 11)) % 26) + -9) == $x8) == 0)) + 1)) + (($x8 + 4) * (((((163857382 + ($x7 + 11)) % 26) + -9) == $x8) == 0))) / 26) * ((25 * ((((((6302207 * ((25 * (((((163857382 + ($x7 + 11)) % 26) + -9) == $x8) == 0)) + 1)) + (($x8 + 4) * (((((163857382 + ($x7 + 11)) % 26) + -9) == $x8) == 0))) % 26) + -3) == $x9) == 0)) + 1)) + (($x9 + 6) * ((((((6302207 * ((25 * (((((163857382 + ($x7 + 11)) % 26) + -9) == $x8) == 0)) + 1)) + (($x8 + 4) * (((((163857382 + ($x7 + 11)) % 26) + -9) == $x8) == 0))) % 26) + -3) == $x9) == 0))) * 26) + ($x10 + 5)) % 26) + -5) == $x11) == 0)) + 1)) + (($x11 + 9) * ((((((((int(((6302207 * ((25 * (((((163857382 + ($x7 + 11)) % 26) + -9) == $x8) == 0)) + 1)) + (($x8 + 4) * (((((163857382 + ($x7 + 11)) % 26) + -9) == $x8) == 0))) / 26) * ((25 * ((((((6302207 * ((25 * (((((163857382 + ($x7 + 11)) % 26) + -9) == $x8) == 0)) + 1)) + (($x8 + 4) * (((((163857382 + ($x7 + 11)) % 26) + -9) == $x8) == 0))) % 26) + -3) == $x9) == 0)) + 1)) + (($x9 + 6) * ((((((6302207 * ((25 * (((((163857382 + ($x7 + 11)) % 26) + -9) == $x8) == 0)) + 1)) + (($x8 + 4) * (((((163857382 + ($x7 + 11)) % 26) + -9) == $x8) == 0))) % 26) + -3) == $x9) == 0))) * 26) + ($x10 + 5)) % 26) + -5) == $x11) == 0))) / 26) * ((25 * ((((((int(((((int(((6302207 * ((25 * (((((163857382 + ($x7 + 11)) % 26) + -9) == $x8) == 0)) + 1)) + (($x8 + 4) * (((((163857382 + ($x7 + 11)) % 26) + -9) == $x8) == 0))) / 26) * ((25 * ((((((6302207 * ((25 * (((((163857382 + ($x7 + 11)) % 26) + -9) == $x8) == 0)) + 1)) + (($x8 + 4) * (((((163857382 + ($x7 + 11)) % 26) + -9) == $x8) == 0))) % 26) + -3) == $x9) == 0)) + 1)) + (($x9 + 6) * ((((((6302207 * ((25 * (((((163857382 + ($x7 + 11)) % 26) + -9) == $x8) == 0)) + 1)) + (($x8 + 4) * (((((163857382 + ($x7 + 11)) % 26) + -9) == $x8) == 0))) % 26) + -3) == $x9) == 0))) * 26) + ($x10 + 5)) / 26) * ((25 * ((((((((int(((6302207 * ((25 * (((((163857382 + ($x7 + 11)) % 26) + -9) == $x8) == 0)) + 1)) + (($x8 + 4) * (((((163857382 + ($x7 + 11)) % 26) + -9) == $x8) == 0))) / 26) * ((25 * ((((((6302207 * ((25 * (((((163857382 + ($x7 + 11)) % 26) + -9) == $x8) == 0)) + 1)) + (($x8 + 4) * (((((163857382 + ($x7 + 11)) % 26) + -9) == $x8) == 0))) % 26) + -3) == $x9) == 0)) + 1)) + (($x9 + 6) * ((((((6302207 * ((25 * (((((163857382 + ($x7 + 11)) % 26) + -9) == $x8) == 0)) + 1)) + (($x8 + 4) * (((((163857382 + ($x7 + 11)) % 26) + -9) == $x8) == 0))) % 26) + -3) == $x9) == 0))) * 26) + ($x10 + 5)) % 26) + -5) == $x11) == 0)) + 1)) + (($x11 + 9) * ((((((((int(((6302207 * ((25 * (((((163857382 + ($x7 + 11)) % 26) + -9) == $x8) == 0)) + 1)) + (($x8 + 4) * (((((163857382 + ($x7 + 11)) % 26) + -9) == $x8) == 0))) / 26) * ((25 * ((((((6302207 * ((25 * (((((163857382 + ($x7 + 11)) % 26) + -9) == $x8) == 0)) + 1)) + (($x8 + 4) * (((((163857382 + ($x7 + 11)) % 26) + -9) == $x8) == 0))) % 26) + -3) == $x9) == 0)) + 1)) + (($x9 + 6) * ((((((6302207 * ((25 * (((((163857382 + ($x7 + 11)) % 26) + -9) == $x8) == 0)) + 1)) + (($x8 + 4) * (((((163857382 + ($x7 + 11)) % 26) + -9) == $x8) == 0))) % 26) + -3) == $x9) == 0))) * 26) + ($x10 + 5)) % 26) + -5) == $x11) == 0))) % 26) + -10) == $x12) == 0)) + 1)) + (($x12 + 12) * ((((((int(((((int(((6302207 * ((25 * (((((163857382 + ($x7 + 11)) % 26) + -9) == $x8) == 0)) + 1)) + (($x8 + 4) * (((((163857382 + ($x7 + 11)) % 26) + -9) == $x8) == 0))) / 26) * ((25 * ((((((6302207 * ((25 * (((((163857382 + ($x7 + 11)) % 26) + -9) == $x8) == 0)) + 1)) + (($x8 + 4) * (((((163857382 + ($x7 + 11)) % 26) + -9) == $x8) == 0))) % 26) + -3) == $x9) == 0)) + 1)) + (($x9 + 6) * ((((((6302207 * ((25 * (((((163857382 + ($x7 + 11)) % 26) + -9) == $x8) == 0)) + 1)) + (($x8 + 4) * (((((163857382 + ($x7 + 11)) % 26) + -9) == $x8) == 0))) % 26) + -3) == $x9) == 0))) * 26) + ($x10 + 5)) / 26) * ((25 * ((((((((int(((6302207 * ((25 * (((((163857382 + ($x7 + 11)) % 26) + -9) == $x8) == 0)) + 1)) + (($x8 + 4) * (((((163857382 + ($x7 + 11)) % 26) + -9) == $x8) == 0))) / 26) * ((25 * ((((((6302207 * ((25 * (((((163857382 + ($x7 + 11)) % 26) + -9) == $x8) == 0)) + 1)) + (($x8 + 4) * (((((163857382 + ($x7 + 11)) % 26) + -9) == $x8) == 0))) % 26) + -3) == $x9) == 0)) + 1)) + (($x9 + 6) * ((((((6302207 * ((25 * (((((163857382 + ($x7 + 11)) % 26) + -9) == $x8) == 0)) + 1)) + (($x8 + 4) * (((((163857382 + ($x7 + 11)) % 26) + -9) == $x8) == 0))) % 26) + -3) == $x9) == 0))) * 26) + ($x10 + 5)) % 26) + -5) == $x11) == 0)) + 1)) + (($x11 + 9) * ((((((((int(((6302207 * ((25 * (((((163857382 + ($x7 + 11)) % 26) + -9) == $x8) == 0)) + 1)) + (($x8 + 4) * (((((163857382 + ($x7 + 11)) % 26) + -9) == $x8) == 0))) / 26) * ((25 * ((((((6302207 * ((25 * (((((163857382 + ($x7 + 11)) % 26) + -9) == $x8) == 0)) + 1)) + (($x8 + 4) * (((((163857382 + ($x7 + 11)) % 26) + -9) == $x8) == 0))) % 26) + -3) == $x9) == 0)) + 1)) + (($x9 + 6) * ((((((6302207 * ((25 * (((((163857382 + ($x7 + 11)) % 26) + -9) == $x8) == 0)) + 1)) + (($x8 + 4) * (((((163857382 + ($x7 + 11)) % 26) + -9) == $x8) == 0))) % 26) + -3) == $x9) == 0))) * 26) + ($x10 + 5)) % 26) + -5) == $x11) == 0))) % 26) + -10) == $x12) == 0))) % 26) + -4) == $x13) == 0)) + 1)) + (($x13 + 14) * ((((((int(((int(((((int(((6302207 * ((25 * (((((163857382 + ($x7 + 11)) % 26) + -9) == $x8) == 0)) + 1)) + (($x8 + 4) * (((((163857382 + ($x7 + 11)) % 26) + -9) == $x8) == 0))) / 26) * ((25 * ((((((6302207 * ((25 * (((((163857382 + ($x7 + 11)) % 26) + -9) == $x8) == 0)) + 1)) + (($x8 + 4) * (((((163857382 + ($x7 + 11)) % 26) + -9) == $x8) == 0))) % 26) + -3) == $x9) == 0)) + 1)) + (($x9 + 6) * ((((((6302207 * ((25 * (((((163857382 + ($x7 + 11)) % 26) + -9) == $x8) == 0)) + 1)) + (($x8 + 4) * (((((163857382 + ($x7 + 11)) % 26) + -9) == $x8) == 0))) % 26) + -3) == $x9) == 0))) * 26) + ($x10 + 5)) / 26) * ((25 * ((((((((int(((6302207 * ((25 * (((((163857382 + ($x7 + 11)) % 26) + -9) == $x8) == 0)) + 1)) + (($x8 + 4) * (((((163857382 + ($x7 + 11)) % 26) + -9) == $x8) == 0))) / 26) * ((25 * ((((((6302207 * ((25 * (((((163857382 + ($x7 + 11)) % 26) + -9) == $x8) == 0)) + 1)) + (($x8 + 4) * (((((163857382 + ($x7 + 11)) % 26) + -9) == $x8) == 0))) % 26) + -3) == $x9) == 0)) + 1)) + (($x9 + 6) * ((((((6302207 * ((25 * (((((163857382 + ($x7 + 11)) % 26) + -9) == $x8) == 0)) + 1)) + (($x8 + 4) * (((((163857382 + ($x7 + 11)) % 26) + -9) == $x8) == 0))) % 26) + -3) == $x9) == 0))) * 26) + ($x10 + 5)) % 26) + -5) == $x11) == 0)) + 1)) + (($x11 + 9) * ((((((((int(((6302207 * ((25 * (((((163857382 + ($x7 + 11)) % 26) + -9) == $x8) == 0)) + 1)) + (($x8 + 4) * (((((163857382 + ($x7 + 11)) % 26) + -9) == $x8) == 0))) / 26) * ((25 * ((((((6302207 * ((25 * (((((163857382 + ($x7 + 11)) % 26) + -9) == $x8) == 0)) + 1)) + (($x8 + 4) * (((((163857382 + ($x7 + 11)) % 26) + -9) == $x8) == 0))) % 26) + -3) == $x9) == 0)) + 1)) + (($x9 + 6) * ((((((6302207 * ((25 * (((((163857382 + ($x7 + 11)) % 26) + -9) == $x8) == 0)) + 1)) + (($x8 + 4) * (((((163857382 + ($x7 + 11)) % 26) + -9) == $x8) == 0))) % 26) + -3) == $x9) == 0))) * 26) + ($x10 + 5)) % 26) + -5) == $x11) == 0))) / 26) * ((25 * ((((((int(((((int(((6302207 * ((25 * (((((163857382 + ($x7 + 11)) % 26) + -9) == $x8) == 0)) + 1)) + (($x8 + 4) * (((((163857382 + ($x7 + 11)) % 26) + -9) == $x8) == 0))) / 26) * ((25 * ((((((6302207 * ((25 * (((((163857382 + ($x7 + 11)) % 26) + -9) == $x8) == 0)) + 1)) + (($x8 + 4) * (((((163857382 + ($x7 + 11)) % 26) + -9) == $x8) == 0))) % 26) + -3) == $x9) == 0)) + 1)) + (($x9 + 6) * ((((((6302207 * ((25 * (((((163857382 + ($x7 + 11)) % 26) + -9) == $x8) == 0)) + 1)) + (($x8 + 4) * (((((163857382 + ($x7 + 11)) % 26) + -9) == $x8) == 0))) % 26) + -3) == $x9) == 0))) * 26) + ($x10 + 5)) / 26) * ((25 * ((((((((int(((6302207 * ((25 * (((((163857382 + ($x7 + 11)) % 26) + -9) == $x8) == 0)) + 1)) + (($x8 + 4) * (((((163857382 + ($x7 + 11)) % 26) + -9) == $x8) == 0))) / 26) * ((25 * ((((((6302207 * ((25 * (((((163857382 + ($x7 + 11)) % 26) + -9) == $x8) == 0)) + 1)) + (($x8 + 4) * (((((163857382 + ($x7 + 11)) % 26) + -9) == $x8) == 0))) % 26) + -3) == $x9) == 0)) + 1)) + (($x9 + 6) * ((((((6302207 * ((25 * (((((163857382 + ($x7 + 11)) % 26) + -9) == $x8) == 0)) + 1)) + (($x8 + 4) * (((((163857382 + ($x7 + 11)) % 26) + -9) == $x8) == 0))) % 26) + -3) == $x9) == 0))) * 26) + ($x10 + 5)) % 26) + -5) == $x11) == 0)) + 1)) + (($x11 + 9) * ((((((((int(((6302207 * ((25 * (((((163857382 + ($x7 + 11)) % 26) + -9) == $x8) == 0)) + 1)) + (($x8 + 4) * (((((163857382 + ($x7 + 11)) % 26) + -9) == $x8) == 0))) / 26) * ((25 * ((((((6302207 * ((25 * (((((163857382 + ($x7 + 11)) % 26) + -9) == $x8) == 0)) + 1)) + (($x8 + 4) * (((((163857382 + ($x7 + 11)) % 26) + -9) == $x8) == 0))) % 26) + -3) == $x9) == 0)) + 1)) + (($x9 + 6) * ((((((6302207 * ((25 * (((((163857382 + ($x7 + 11)) % 26) + -9) == $x8) == 0)) + 1)) + (($x8 + 4) * (((((163857382 + ($x7 + 11)) % 26) + -9) == $x8) == 0))) % 26) + -3) == $x9) == 0))) * 26) + ($x10 + 5)) % 26) + -5) == $x11) == 0))) % 26) + -10) == $x12) == 0)) + 1)) + (($x12 + 12) * ((((((int(((((int(((6302207 * ((25 * (((((163857382 + ($x7 + 11)) % 26) + -9) == $x8) == 0)) + 1)) + (($x8 + 4) * (((((163857382 + ($x7 + 11)) % 26) + -9) == $x8) == 0))) / 26) * ((25 * ((((((6302207 * ((25 * (((((163857382 + ($x7 + 11)) % 26) + -9) == $x8) == 0)) + 1)) + (($x8 + 4) * (((((163857382 + ($x7 + 11)) % 26) + -9) == $x8) == 0))) % 26) + -3) == $x9) == 0)) + 1)) + (($x9 + 6) * ((((((6302207 * ((25 * (((((163857382 + ($x7 + 11)) % 26) + -9) == $x8) == 0)) + 1)) + (($x8 + 4) * (((((163857382 + ($x7 + 11)) % 26) + -9) == $x8) == 0))) % 26) + -3) == $x9) == 0))) * 26) + ($x10 + 5)) / 26) * ((25 * ((((((((int(((6302207 * ((25 * (((((163857382 + ($x7 + 11)) % 26) + -9) == $x8) == 0)) + 1)) + (($x8 + 4) * (((((163857382 + ($x7 + 11)) % 26) + -9) == $x8) == 0))) / 26) * ((25 * ((((((6302207 * ((25 * (((((163857382 + ($x7 + 11)) % 26) + -9) == $x8) == 0)) + 1)) + (($x8 + 4) * (((((163857382 + ($x7 + 11)) % 26) + -9) == $x8) == 0))) % 26) + -3) == $x9) == 0)) + 1)) + (($x9 + 6) * ((((((6302207 * ((25 * (((((163857382 + ($x7 + 11)) % 26) + -9) == $x8) == 0)) + 1)) + (($x8 + 4) * (((((163857382 + ($x7 + 11)) % 26) + -9) == $x8) == 0))) % 26) + -3) == $x9) == 0))) * 26) + ($x10 + 5)) % 26) + -5) == $x11) == 0)) + 1)) + (($x11 + 9) * ((((((((int(((6302207 * ((25 * (((((163857382 + ($x7 + 11)) % 26) + -9) == $x8) == 0)) + 1)) + (($x8 + 4) * (((((163857382 + ($x7 + 11)) % 26) + -9) == $x8) == 0))) / 26) * ((25 * ((((((6302207 * ((25 * (((((163857382 + ($x7 + 11)) % 26) + -9) == $x8) == 0)) + 1)) + (($x8 + 4) * (((((163857382 + ($x7 + 11)) % 26) + -9) == $x8) == 0))) % 26) + -3) == $x9) == 0)) + 1)) + (($x9 + 6) * ((((((6302207 * ((25 * (((((163857382 + ($x7 + 11)) % 26) + -9) == $x8) == 0)) + 1)) + (($x8 + 4) * (((((163857382 + ($x7 + 11)) % 26) + -9) == $x8) == 0))) % 26) + -3) == $x9) == 0))) * 26) + ($x10 + 5)) % 26) + -5) == $x11) == 0))) % 26) + -10) == $x12) == 0))) % 26) + -4) == $x13) == 0))) / 26) * ((25 * ((((((int(((int(((int(((((int(((6302207 * ((25 * (((((163857382 + ($x7 + 11)) % 26) + -9) == $x8) == 0)) + 1)) + (($x8 + 4) * (((((163857382 + ($x7 + 11)) % 26) + -9) == $x8) == 0))) / 26) * ((25 * ((((((6302207 * ((25 * (((((163857382 + ($x7 + 11)) % 26) + -9) == $x8) == 0)) + 1)) + (($x8 + 4) * (((((163857382 + ($x7 + 11)) % 26) + -9) == $x8) == 0))) % 26) + -3) == $x9) == 0)) + 1)) + (($x9 + 6) * ((((((6302207 * ((25 * (((((163857382 + ($x7 + 11)) % 26) + -9) == $x8) == 0)) + 1)) + (($x8 + 4) * (((((163857382 + ($x7 + 11)) % 26) + -9) == $x8) == 0))) % 26) + -3) == $x9) == 0))) * 26) + ($x10 + 5)) / 26) * ((25 * ((((((((int(((6302207 * ((25 * (((((163857382 + ($x7 + 11)) % 26) + -9) == $x8) == 0)) + 1)) + (($x8 + 4) * (((((163857382 + ($x7 + 11)) % 26) + -9) == $x8) == 0))) / 26) * ((25 * ((((((6302207 * ((25 * (((((163857382 + ($x7 + 11)) % 26) + -9) == $x8) == 0)) + 1)) + (($x8 + 4) * (((((163857382 + ($x7 + 11)) % 26) + -9) == $x8) == 0))) % 26) + -3) == $x9) == 0)) + 1)) + (($x9 + 6) * ((((((6302207 * ((25 * (((((163857382 + ($x7 + 11)) % 26) + -9) == $x8) == 0)) + 1)) + (($x8 + 4) * (((((163857382 + ($x7 + 11)) % 26) + -9) == $x8) == 0))) % 26) + -3) == $x9) == 0))) * 26) + ($x10 + 5)) % 26) + -5) == $x11) == 0)) + 1)) + (($x11 + 9) * ((((((((int(((6302207 * ((25 * (((((163857382 + ($x7 + 11)) % 26) + -9) == $x8) == 0)) + 1)) + (($x8 + 4) * (((((163857382 + ($x7 + 11)) % 26) + -9) == $x8) == 0))) / 26) * ((25 * ((((((6302207 * ((25 * (((((163857382 + ($x7 + 11)) % 26) + -9) == $x8) == 0)) + 1)) + (($x8 + 4) * (((((163857382 + ($x7 + 11)) % 26) + -9) == $x8) == 0))) % 26) + -3) == $x9) == 0)) + 1)) + (($x9 + 6) * ((((((6302207 * ((25 * (((((163857382 + ($x7 + 11)) % 26) + -9) == $x8) == 0)) + 1)) + (($x8 + 4) * (((((163857382 + ($x7 + 11)) % 26) + -9) == $x8) == 0))) % 26) + -3) == $x9) == 0))) * 26) + ($x10 + 5)) % 26) + -5) == $x11) == 0))) / 26) * ((25 * ((((((int(((((int(((6302207 * ((25 * (((((163857382 + ($x7 + 11)) % 26) + -9) == $x8) == 0)) + 1)) + (($x8 + 4) * (((((163857382 + ($x7 + 11)) % 26) + -9) == $x8) == 0))) / 26) * ((25 * ((((((6302207 * ((25 * (((((163857382 + ($x7 + 11)) % 26) + -9) == $x8) == 0)) + 1)) + (($x8 + 4) * (((((163857382 + ($x7 + 11)) % 26) + -9) == $x8) == 0))) % 26) + -3) == $x9) == 0)) + 1)) + (($x9 + 6) * ((((((6302207 * ((25 * (((((163857382 + ($x7 + 11)) % 26) + -9) == $x8) == 0)) + 1)) + (($x8 + 4) * (((((163857382 + ($x7 + 11)) % 26) + -9) == $x8) == 0))) % 26) + -3) == $x9) == 0))) * 26) + ($x10 + 5)) / 26) * ((25 * ((((((((int(((6302207 * ((25 * (((((163857382 + ($x7 + 11)) % 26) + -9) == $x8) == 0)) + 1)) + (($x8 + 4) * (((((163857382 + ($x7 + 11)) % 26) + -9) == $x8) == 0))) / 26) * ((25 * ((((((6302207 * ((25 * (((((163857382 + ($x7 + 11)) % 26) + -9) == $x8) == 0)) + 1)) + (($x8 + 4) * (((((163857382 + ($x7 + 11)) % 26) + -9) == $x8) == 0))) % 26) + -3) == $x9) == 0)) + 1)) + (($x9 + 6) * ((((((6302207 * ((25 * (((((163857382 + ($x7 + 11)) % 26) + -9) == $x8) == 0)) + 1)) + (($x8 + 4) * (((((163857382 + ($x7 + 11)) % 26) + -9) == $x8) == 0))) % 26) + -3) == $x9) == 0))) * 26) + ($x10 + 5)) % 26) + -5) == $x11) == 0)) + 1)) + (($x11 + 9) * ((((((((int(((6302207 * ((25 * (((((163857382 + ($x7 + 11)) % 26) + -9) == $x8) == 0)) + 1)) + (($x8 + 4) * (((((163857382 + ($x7 + 11)) % 26) + -9) == $x8) == 0))) / 26) * ((25 * ((((((6302207 * ((25 * (((((163857382 + ($x7 + 11)) % 26) + -9) == $x8) == 0)) + 1)) + (($x8 + 4) * (((((163857382 + ($x7 + 11)) % 26) + -9) == $x8) == 0))) % 26) + -3) == $x9) == 0)) + 1)) + (($x9 + 6) * ((((((6302207 * ((25 * (((((163857382 + ($x7 + 11)) % 26) + -9) == $x8) == 0)) + 1)) + (($x8 + 4) * (((((163857382 + ($x7 + 11)) % 26) + -9) == $x8) == 0))) % 26) + -3) == $x9) == 0))) * 26) + ($x10 + 5)) % 26) + -5) == $x11) == 0))) % 26) + -10) == $x12) == 0)) + 1)) + (($x12 + 12) * ((((((int(((((int(((6302207 * ((25 * (((((163857382 + ($x7 + 11)) % 26) + -9) == $x8) == 0)) + 1)) + (($x8 + 4) * (((((163857382 + ($x7 + 11)) % 26) + -9) == $x8) == 0))) / 26) * ((25 * ((((((6302207 * ((25 * (((((163857382 + ($x7 + 11)) % 26) + -9) == $x8) == 0)) + 1)) + (($x8 + 4) * (((((163857382 + ($x7 + 11)) % 26) + -9) == $x8) == 0))) % 26) + -3) == $x9) == 0)) + 1)) + (($x9 + 6) * ((((((6302207 * ((25 * (((((163857382 + ($x7 + 11)) % 26) + -9) == $x8) == 0)) + 1)) + (($x8 + 4) * (((((163857382 + ($x7 + 11)) % 26) + -9) == $x8) == 0))) % 26) + -3) == $x9) == 0))) * 26) + ($x10 + 5)) / 26) * ((25 * ((((((((int(((6302207 * ((25 * (((((163857382 + ($x7 + 11)) % 26) + -9) == $x8) == 0)) + 1)) + (($x8 + 4) * (((((163857382 + ($x7 + 11)) % 26) + -9) == $x8) == 0))) / 26) * ((25 * ((((((6302207 * ((25 * (((((163857382 + ($x7 + 11)) % 26) + -9) == $x8) == 0)) + 1)) + (($x8 + 4) * (((((163857382 + ($x7 + 11)) % 26) + -9) == $x8) == 0))) % 26) + -3) == $x9) == 0)) + 1)) + (($x9 + 6) * ((((((6302207 * ((25 * (((((163857382 + ($x7 + 11)) % 26) + -9) == $x8) == 0)) + 1)) + (($x8 + 4) * (((((163857382 + ($x7 + 11)) % 26) + -9) == $x8) == 0))) % 26) + -3) == $x9) == 0))) * 26) + ($x10 + 5)) % 26) + -5) == $x11) == 0)) + 1)) + (($x11 + 9) * ((((((((int(((6302207 * ((25 * (((((163857382 + ($x7 + 11)) % 26) + -9) == $x8) == 0)) + 1)) + (($x8 + 4) * (((((163857382 + ($x7 + 11)) % 26) + -9) == $x8) == 0))) / 26) * ((25 * ((((((6302207 * ((25 * (((((163857382 + ($x7 + 11)) % 26) + -9) == $x8) == 0)) + 1)) + (($x8 + 4) * (((((163857382 + ($x7 + 11)) % 26) + -9) == $x8) == 0))) % 26) + -3) == $x9) == 0)) + 1)) + (($x9 + 6) * ((((((6302207 * ((25 * (((((163857382 + ($x7 + 11)) % 26) + -9) == $x8) == 0)) + 1)) + (($x8 + 4) * (((((163857382 + ($x7 + 11)) % 26) + -9) == $x8) == 0))) % 26) + -3) == $x9) == 0))) * 26) + ($x10 + 5)) % 26) + -5) == $x11) == 0))) % 26) + -10) == $x12) == 0))) / 26) * ((25 * ((((((int(((int(((((int(((6302207 * ((25 * (((((163857382 + ($x7 + 11)) % 26) + -9) == $x8) == 0)) + 1)) + (($x8 + 4) * (((((163857382 + ($x7 + 11)) % 26) + -9) == $x8) == 0))) / 26) * ((25 * ((((((6302207 * ((25 * (((((163857382 + ($x7 + 11)) % 26) + -9) == $x8) == 0)) + 1)) + (($x8 + 4) * (((((163857382 + ($x7 + 11)) % 26) + -9) == $x8) == 0))) % 26) + -3) == $x9) == 0)) + 1)) + (($x9 + 6) * ((((((6302207 * ((25 * (((((163857382 + ($x7 + 11)) % 26) + -9) == $x8) == 0)) + 1)) + (($x8 + 4) * (((((163857382 + ($x7 + 11)) % 26) + -9) == $x8) == 0))) % 26) + -3) == $x9) == 0))) * 26) + ($x10 + 5)) / 26) * ((25 * ((((((((int(((6302207 * ((25 * (((((163857382 + ($x7 + 11)) % 26) + -9) == $x8) == 0)) + 1)) + (($x8 + 4) * (((((163857382 + ($x7 + 11)) % 26) + -9) == $x8) == 0))) / 26) * ((25 * ((((((6302207 * ((25 * (((((163857382 + ($x7 + 11)) % 26) + -9) == $x8) == 0)) + 1)) + (($x8 + 4) * (((((163857382 + ($x7 + 11)) % 26) + -9) == $x8) == 0))) % 26) + -3) == $x9) == 0)) + 1)) + (($x9 + 6) * ((((((6302207 * ((25 * (((((163857382 + ($x7 + 11)) % 26) + -9) == $x8) == 0)) + 1)) + (($x8 + 4) * (((((163857382 + ($x7 + 11)) % 26) + -9) == $x8) == 0))) % 26) + -3) == $x9) == 0))) * 26) + ($x10 + 5)) % 26) + -5) == $x11) == 0)) + 1)) + (($x11 + 9) * ((((((((int(((6302207 * ((25 * (((((163857382 + ($x7 + 11)) % 26) + -9) == $x8) == 0)) + 1)) + (($x8 + 4) * (((((163857382 + ($x7 + 11)) % 26) + -9) == $x8) == 0))) / 26) * ((25 * ((((((6302207 * ((25 * (((((163857382 + ($x7 + 11)) % 26) + -9) == $x8) == 0)) + 1)) + (($x8 + 4) * (((((163857382 + ($x7 + 11)) % 26) + -9) == $x8) == 0))) % 26) + -3) == $x9) == 0)) + 1)) + (($x9 + 6) * ((((((6302207 * ((25 * (((((163857382 + ($x7 + 11)) % 26) + -9) == $x8) == 0)) + 1)) + (($x8 + 4) * (((((163857382 + ($x7 + 11)) % 26) + -9) == $x8) == 0))) % 26) + -3) == $x9) == 0))) * 26) + ($x10 + 5)) % 26) + -5) == $x11) == 0))) / 26) * ((25 * ((((((int(((((int(((6302207 * ((25 * (((((163857382 + ($x7 + 11)) % 26) + -9) == $x8) == 0)) + 1)) + (($x8 + 4) * (((((163857382 + ($x7 + 11)) % 26) + -9) == $x8) == 0))) / 26) * ((25 * ((((((6302207 * ((25 * (((((163857382 + ($x7 + 11)) % 26) + -9) == $x8) == 0)) + 1)) + (($x8 + 4) * (((((163857382 + ($x7 + 11)) % 26) + -9) == $x8) == 0))) % 26) + -3) == $x9) == 0)) + 1)) + (($x9 + 6) * ((((((6302207 * ((25 * (((((163857382 + ($x7 + 11)) % 26) + -9) == $x8) == 0)) + 1)) + (($x8 + 4) * (((((163857382 + ($x7 + 11)) % 26) + -9) == $x8) == 0))) % 26) + -3) == $x9) == 0))) * 26) + ($x10 + 5)) / 26) * ((25 * ((((((((int(((6302207 * ((25 * (((((163857382 + ($x7 + 11)) % 26) + -9) == $x8) == 0)) + 1)) + (($x8 + 4) * (((((163857382 + ($x7 + 11)) % 26) + -9) == $x8) == 0))) / 26) * ((25 * ((((((6302207 * ((25 * (((((163857382 + ($x7 + 11)) % 26) + -9) == $x8) == 0)) + 1)) + (($x8 + 4) * (((((163857382 + ($x7 + 11)) % 26) + -9) == $x8) == 0))) % 26) + -3) == $x9) == 0)) + 1)) + (($x9 + 6) * ((((((6302207 * ((25 * (((((163857382 + ($x7 + 11)) % 26) + -9) == $x8) == 0)) + 1)) + (($x8 + 4) * (((((163857382 + ($x7 + 11)) % 26) + -9) == $x8) == 0))) % 26) + -3) == $x9) == 0))) * 26) + ($x10 + 5)) % 26) + -5) == $x11) == 0)) + 1)) + (($x11 + 9) * ((((((((int(((6302207 * ((25 * (((((163857382 + ($x7 + 11)) % 26) + -9) == $x8) == 0)) + 1)) + (($x8 + 4) * (((((163857382 + ($x7 + 11)) % 26) + -9) == $x8) == 0))) / 26) * ((25 * ((((((6302207 * ((25 * (((((163857382 + ($x7 + 11)) % 26) + -9) == $x8) == 0)) + 1)) + (($x8 + 4) * (((((163857382 + ($x7 + 11)) % 26) + -9) == $x8) == 0))) % 26) + -3) == $x9) == 0)) + 1)) + (($x9 + 6) * ((((((6302207 * ((25 * (((((163857382 + ($x7 + 11)) % 26) + -9) == $x8) == 0)) + 1)) + (($x8 + 4) * (((((163857382 + ($x7 + 11)) % 26) + -9) == $x8) == 0))) % 26) + -3) == $x9) == 0))) * 26) + ($x10 + 5)) % 26) + -5) == $x11) == 0))) % 26) + -10) == $x12) == 0)) + 1)) + (($x12 + 12) * ((((((int(((((int(((6302207 * ((25 * (((((163857382 + ($x7 + 11)) % 26) + -9) == $x8) == 0)) + 1)) + (($x8 + 4) * (((((163857382 + ($x7 + 11)) % 26) + -9) == $x8) == 0))) / 26) * ((25 * ((((((6302207 * ((25 * (((((163857382 + ($x7 + 11)) % 26) + -9) == $x8) == 0)) + 1)) + (($x8 + 4) * (((((163857382 + ($x7 + 11)) % 26) + -9) == $x8) == 0))) % 26) + -3) == $x9) == 0)) + 1)) + (($x9 + 6) * ((((((6302207 * ((25 * (((((163857382 + ($x7 + 11)) % 26) + -9) == $x8) == 0)) + 1)) + (($x8 + 4) * (((((163857382 + ($x7 + 11)) % 26) + -9) == $x8) == 0))) % 26) + -3) == $x9) == 0))) * 26) + ($x10 + 5)) / 26) * ((25 * ((((((((int(((6302207 * ((25 * (((((163857382 + ($x7 + 11)) % 26) + -9) == $x8) == 0)) + 1)) + (($x8 + 4) * (((((163857382 + ($x7 + 11)) % 26) + -9) == $x8) == 0))) / 26) * ((25 * ((((((6302207 * ((25 * (((((163857382 + ($x7 + 11)) % 26) + -9) == $x8) == 0)) + 1)) + (($x8 + 4) * (((((163857382 + ($x7 + 11)) % 26) + -9) == $x8) == 0))) % 26) + -3) == $x9) == 0)) + 1)) + (($x9 + 6) * ((((((6302207 * ((25 * (((((163857382 + ($x7 + 11)) % 26) + -9) == $x8) == 0)) + 1)) + (($x8 + 4) * (((((163857382 + ($x7 + 11)) % 26) + -9) == $x8) == 0))) % 26) + -3) == $x9) == 0))) * 26) + ($x10 + 5)) % 26) + -5) == $x11) == 0)) + 1)) + (($x11 + 9) * ((((((((int(((6302207 * ((25 * (((((163857382 + ($x7 + 11)) % 26) + -9) == $x8) == 0)) + 1)) + (($x8 + 4) * (((((163857382 + ($x7 + 11)) % 26) + -9) == $x8) == 0))) / 26) * ((25 * ((((((6302207 * ((25 * (((((163857382 + ($x7 + 11)) % 26) + -9) == $x8) == 0)) + 1)) + (($x8 + 4) * (((((163857382 + ($x7 + 11)) % 26) + -9) == $x8) == 0))) % 26) + -3) == $x9) == 0)) + 1)) + (($x9 + 6) * ((((((6302207 * ((25 * (((((163857382 + ($x7 + 11)) % 26) + -9) == $x8) == 0)) + 1)) + (($x8 + 4) * (((((163857382 + ($x7 + 11)) % 26) + -9) == $x8) == 0))) % 26) + -3) == $x9) == 0))) * 26) + ($x10 + 5)) % 26) + -5) == $x11) == 0))) % 26) + -10) == $x12) == 0))) % 26) + -4) == $x13) == 0)) + 1)) + (($x13 + 14) * ((((((int(((int(((((int(((6302207 * ((25 * (((((163857382 + ($x7 + 11)) % 26) + -9) == $x8) == 0)) + 1)) + (($x8 + 4) * (((((163857382 + ($x7 + 11)) % 26) + -9) == $x8) == 0))) / 26) * ((25 * ((((((6302207 * ((25 * (((((163857382 + ($x7 + 11)) % 26) + -9) == $x8) == 0)) + 1)) + (($x8 + 4) * (((((163857382 + ($x7 + 11)) % 26) + -9) == $x8) == 0))) % 26) + -3) == $x9) == 0)) + 1)) + (($x9 + 6) * ((((((6302207 * ((25 * (((((163857382 + ($x7 + 11)) % 26) + -9) == $x8) == 0)) + 1)) + (($x8 + 4) * (((((163857382 + ($x7 + 11)) % 26) + -9) == $x8) == 0))) % 26) + -3) == $x9) == 0))) * 26) + ($x10 + 5)) / 26) * ((25 * ((((((((int(((6302207 * ((25 * (((((163857382 + ($x7 + 11)) % 26) + -9) == $x8) == 0)) + 1)) + (($x8 + 4) * (((((163857382 + ($x7 + 11)) % 26) + -9) == $x8) == 0))) / 26) * ((25 * ((((((6302207 * ((25 * (((((163857382 + ($x7 + 11)) % 26) + -9) == $x8) == 0)) + 1)) + (($x8 + 4) * (((((163857382 + ($x7 + 11)) % 26) + -9) == $x8) == 0))) % 26) + -3) == $x9) == 0)) + 1)) + (($x9 + 6) * ((((((6302207 * ((25 * (((((163857382 + ($x7 + 11)) % 26) + -9) == $x8) == 0)) + 1)) + (($x8 + 4) * (((((163857382 + ($x7 + 11)) % 26) + -9) == $x8) == 0))) % 26) + -3) == $x9) == 0))) * 26) + ($x10 + 5)) % 26) + -5) == $x11) == 0)) + 1)) + (($x11 + 9) * ((((((((int(((6302207 * ((25 * (((((163857382 + ($x7 + 11)) % 26) + -9) == $x8) == 0)) + 1)) + (($x8 + 4) * (((((163857382 + ($x7 + 11)) % 26) + -9) == $x8) == 0))) / 26) * ((25 * ((((((6302207 * ((25 * (((((163857382 + ($x7 + 11)) % 26) + -9) == $x8) == 0)) + 1)) + (($x8 + 4) * (((((163857382 + ($x7 + 11)) % 26) + -9) == $x8) == 0))) % 26) + -3) == $x9) == 0)) + 1)) + (($x9 + 6) * ((((((6302207 * ((25 * (((((163857382 + ($x7 + 11)) % 26) + -9) == $x8) == 0)) + 1)) + (($x8 + 4) * (((((163857382 + ($x7 + 11)) % 26) + -9) == $x8) == 0))) % 26) + -3) == $x9) == 0))) * 26) + ($x10 + 5)) % 26) + -5) == $x11) == 0))) / 26) * ((25 * ((((((int(((((int(((6302207 * ((25 * (((((163857382 + ($x7 + 11)) % 26) + -9) == $x8) == 0)) + 1)) + (($x8 + 4) * (((((163857382 + ($x7 + 11)) % 26) + -9) == $x8) == 0))) / 26) * ((25 * ((((((6302207 * ((25 * (((((163857382 + ($x7 + 11)) % 26) + -9) == $x8) == 0)) + 1)) + (($x8 + 4) * (((((163857382 + ($x7 + 11)) % 26) + -9) == $x8) == 0))) % 26) + -3) == $x9) == 0)) + 1)) + (($x9 + 6) * ((((((6302207 * ((25 * (((((163857382 + ($x7 + 11)) % 26) + -9) == $x8) == 0)) + 1)) + (($x8 + 4) * (((((163857382 + ($x7 + 11)) % 26) + -9) == $x8) == 0))) % 26) + -3) == $x9) == 0))) * 26) + ($x10 + 5)) / 26) * ((25 * ((((((((int(((6302207 * ((25 * (((((163857382 + ($x7 + 11)) % 26) + -9) == $x8) == 0)) + 1)) + (($x8 + 4) * (((((163857382 + ($x7 + 11)) % 26) + -9) == $x8) == 0))) / 26) * ((25 * ((((((6302207 * ((25 * (((((163857382 + ($x7 + 11)) % 26) + -9) == $x8) == 0)) + 1)) + (($x8 + 4) * (((((163857382 + ($x7 + 11)) % 26) + -9) == $x8) == 0))) % 26) + -3) == $x9) == 0)) + 1)) + (($x9 + 6) * ((((((6302207 * ((25 * (((((163857382 + ($x7 + 11)) % 26) + -9) == $x8) == 0)) + 1)) + (($x8 + 4) * (((((163857382 + ($x7 + 11)) % 26) + -9) == $x8) == 0))) % 26) + -3) == $x9) == 0))) * 26) + ($x10 + 5)) % 26) + -5) == $x11) == 0)) + 1)) + (($x11 + 9) * ((((((((int(((6302207 * ((25 * (((((163857382 + ($x7 + 11)) % 26) + -9) == $x8) == 0)) + 1)) + (($x8 + 4) * (((((163857382 + ($x7 + 11)) % 26) + -9) == $x8) == 0))) / 26) * ((25 * ((((((6302207 * ((25 * (((((163857382 + ($x7 + 11)) % 26) + -9) == $x8) == 0)) + 1)) + (($x8 + 4) * (((((163857382 + ($x7 + 11)) % 26) + -9) == $x8) == 0))) % 26) + -3) == $x9) == 0)) + 1)) + (($x9 + 6) * ((((((6302207 * ((25 * (((((163857382 + ($x7 + 11)) % 26) + -9) == $x8) == 0)) + 1)) + (($x8 + 4) * (((((163857382 + ($x7 + 11)) % 26) + -9) == $x8) == 0))) % 26) + -3) == $x9) == 0))) * 26) + ($x10 + 5)) % 26) + -5) == $x11) == 0))) % 26) + -10) == $x12) == 0)) + 1)) + (($x12 + 12) * ((((((int(((((int(((6302207 * ((25 * (((((163857382 + ($x7 + 11)) % 26) + -9) == $x8) == 0)) + 1)) + (($x8 + 4) * (((((163857382 + ($x7 + 11)) % 26) + -9) == $x8) == 0))) / 26) * ((25 * ((((((6302207 * ((25 * (((((163857382 + ($x7 + 11)) % 26) + -9) == $x8) == 0)) + 1)) + (($x8 + 4) * (((((163857382 + ($x7 + 11)) % 26) + -9) == $x8) == 0))) % 26) + -3) == $x9) == 0)) + 1)) + (($x9 + 6) * ((((((6302207 * ((25 * (((((163857382 + ($x7 + 11)) % 26) + -9) == $x8) == 0)) + 1)) + (($x8 + 4) * (((((163857382 + ($x7 + 11)) % 26) + -9) == $x8) == 0))) % 26) + -3) == $x9) == 0))) * 26) + ($x10 + 5)) / 26) * ((25 * ((((((((int(((6302207 * ((25 * (((((163857382 + ($x7 + 11)) % 26) + -9) == $x8) == 0)) + 1)) + (($x8 + 4) * (((((163857382 + ($x7 + 11)) % 26) + -9) == $x8) == 0))) / 26) * ((25 * ((((((6302207 * ((25 * (((((163857382 + ($x7 + 11)) % 26) + -9) == $x8) == 0)) + 1)) + (($x8 + 4) * (((((163857382 + ($x7 + 11)) % 26) + -9) == $x8) == 0))) % 26) + -3) == $x9) == 0)) + 1)) + (($x9 + 6) * ((((((6302207 * ((25 * (((((163857382 + ($x7 + 11)) % 26) + -9) == $x8) == 0)) + 1)) + (($x8 + 4) * (((((163857382 + ($x7 + 11)) % 26) + -9) == $x8) == 0))) % 26) + -3) == $x9) == 0))) * 26) + ($x10 + 5)) % 26) + -5) == $x11) == 0)) + 1)) + (($x11 + 9) * ((((((((int(((6302207 * ((25 * (((((163857382 + ($x7 + 11)) % 26) + -9) == $x8) == 0)) + 1)) + (($x8 + 4) * (((((163857382 + ($x7 + 11)) % 26) + -9) == $x8) == 0))) / 26) * ((25 * ((((((6302207 * ((25 * (((((163857382 + ($x7 + 11)) % 26) + -9) == $x8) == 0)) + 1)) + (($x8 + 4) * (((((163857382 + ($x7 + 11)) % 26) + -9) == $x8) == 0))) % 26) + -3) == $x9) == 0)) + 1)) + (($x9 + 6) * ((((((6302207 * ((25 * (((((163857382 + ($x7 + 11)) % 26) + -9) == $x8) == 0)) + 1)) + (($x8 + 4) * (((((163857382 + ($x7 + 11)) % 26) + -9) == $x8) == 0))) % 26) + -3) == $x9) == 0))) * 26) + ($x10 + 5)) % 26) + -5) == $x11) == 0))) % 26) + -10) == $x12) == 0))) % 26) + -4) == $x13) == 0))) % 26) + -5) == $x14) == 0)) + 1)) + (($x14 + 14) * ((((((int(((int(((int(((((int(((6302207 * ((25 * (((((163857382 + ($x7 + 11)) % 26) + -9) == $x8) == 0)) + 1)) + (($x8 + 4) * (((((163857382 + ($x7 + 11)) % 26) + -9) == $x8) == 0))) / 26) * ((25 * ((((((6302207 * ((25 * (((((163857382 + ($x7 + 11)) % 26) + -9) == $x8) == 0)) + 1)) + (($x8 + 4) * (((((163857382 + ($x7 + 11)) % 26) + -9) == $x8) == 0))) % 26) + -3) == $x9) == 0)) + 1)) + (($x9 + 6) * ((((((6302207 * ((25 * (((((163857382 + ($x7 + 11)) % 26) + -9) == $x8) == 0)) + 1)) + (($x8 + 4) * (((((163857382 + ($x7 + 11)) % 26) + -9) == $x8) == 0))) % 26) + -3) == $x9) == 0))) * 26) + ($x10 + 5)) / 26) * ((25 * ((((((((int(((6302207 * ((25 * (((((163857382 + ($x7 + 11)) % 26) + -9) == $x8) == 0)) + 1)) + (($x8 + 4) * (((((163857382 + ($x7 + 11)) % 26) + -9) == $x8) == 0))) / 26) * ((25 * ((((((6302207 * ((25 * (((((163857382 + ($x7 + 11)) % 26) + -9) == $x8) == 0)) + 1)) + (($x8 + 4) * (((((163857382 + ($x7 + 11)) % 26) + -9) == $x8) == 0))) % 26) + -3) == $x9) == 0)) + 1)) + (($x9 + 6) * ((((((6302207 * ((25 * (((((163857382 + ($x7 + 11)) % 26) + -9) == $x8) == 0)) + 1)) + (($x8 + 4) * (((((163857382 + ($x7 + 11)) % 26) + -9) == $x8) == 0))) % 26) + -3) == $x9) == 0))) * 26) + ($x10 + 5)) % 26) + -5) == $x11) == 0)) + 1)) + (($x11 + 9) * ((((((((int(((6302207 * ((25 * (((((163857382 + ($x7 + 11)) % 26) + -9) == $x8) == 0)) + 1)) + (($x8 + 4) * (((((163857382 + ($x7 + 11)) % 26) + -9) == $x8) == 0))) / 26) * ((25 * ((((((6302207 * ((25 * (((((163857382 + ($x7 + 11)) % 26) + -9) == $x8) == 0)) + 1)) + (($x8 + 4) * (((((163857382 + ($x7 + 11)) % 26) + -9) == $x8) == 0))) % 26) + -3) == $x9) == 0)) + 1)) + (($x9 + 6) * ((((((6302207 * ((25 * (((((163857382 + ($x7 + 11)) % 26) + -9) == $x8) == 0)) + 1)) + (($x8 + 4) * (((((163857382 + ($x7 + 11)) % 26) + -9) == $x8) == 0))) % 26) + -3) == $x9) == 0))) * 26) + ($x10 + 5)) % 26) + -5) == $x11) == 0))) / 26) * ((25 * ((((((int(((((int(((6302207 * ((25 * (((((163857382 + ($x7 + 11)) % 26) + -9) == $x8) == 0)) + 1)) + (($x8 + 4) * (((((163857382 + ($x7 + 11)) % 26) + -9) == $x8) == 0))) / 26) * ((25 * ((((((6302207 * ((25 * (((((163857382 + ($x7 + 11)) % 26) + -9) == $x8) == 0)) + 1)) + (($x8 + 4) * (((((163857382 + ($x7 + 11)) % 26) + -9) == $x8) == 0))) % 26) + -3) == $x9) == 0)) + 1)) + (($x9 + 6) * ((((((6302207 * ((25 * (((((163857382 + ($x7 + 11)) % 26) + -9) == $x8) == 0)) + 1)) + (($x8 + 4) * (((((163857382 + ($x7 + 11)) % 26) + -9) == $x8) == 0))) % 26) + -3) == $x9) == 0))) * 26) + ($x10 + 5)) / 26) * ((25 * ((((((((int(((6302207 * ((25 * (((((163857382 + ($x7 + 11)) % 26) + -9) == $x8) == 0)) + 1)) + (($x8 + 4) * (((((163857382 + ($x7 + 11)) % 26) + -9) == $x8) == 0))) / 26) * ((25 * ((((((6302207 * ((25 * (((((163857382 + ($x7 + 11)) % 26) + -9) == $x8) == 0)) + 1)) + (($x8 + 4) * (((((163857382 + ($x7 + 11)) % 26) + -9) == $x8) == 0))) % 26) + -3) == $x9) == 0)) + 1)) + (($x9 + 6) * ((((((6302207 * ((25 * (((((163857382 + ($x7 + 11)) % 26) + -9) == $x8) == 0)) + 1)) + (($x8 + 4) * (((((163857382 + ($x7 + 11)) % 26) + -9) == $x8) == 0))) % 26) + -3) == $x9) == 0))) * 26) + ($x10 + 5)) % 26) + -5) == $x11) == 0)) + 1)) + (($x11 + 9) * ((((((((int(((6302207 * ((25 * (((((163857382 + ($x7 + 11)) % 26) + -9) == $x8) == 0)) + 1)) + (($x8 + 4) * (((((163857382 + ($x7 + 11)) % 26) + -9) == $x8) == 0))) / 26) * ((25 * ((((((6302207 * ((25 * (((((163857382 + ($x7 + 11)) % 26) + -9) == $x8) == 0)) + 1)) + (($x8 + 4) * (((((163857382 + ($x7 + 11)) % 26) + -9) == $x8) == 0))) % 26) + -3) == $x9) == 0)) + 1)) + (($x9 + 6) * ((((((6302207 * ((25 * (((((163857382 + ($x7 + 11)) % 26) + -9) == $x8) == 0)) + 1)) + (($x8 + 4) * (((((163857382 + ($x7 + 11)) % 26) + -9) == $x8) == 0))) % 26) + -3) == $x9) == 0))) * 26) + ($x10 + 5)) % 26) + -5) == $x11) == 0))) % 26) + -10) == $x12) == 0)) + 1)) + (($x12 + 12) * ((((((int(((((int(((6302207 * ((25 * (((((163857382 + ($x7 + 11)) % 26) + -9) == $x8) == 0)) + 1)) + (($x8 + 4) * (((((163857382 + ($x7 + 11)) % 26) + -9) == $x8) == 0))) / 26) * ((25 * ((((((6302207 * ((25 * (((((163857382 + ($x7 + 11)) % 26) + -9) == $x8) == 0)) + 1)) + (($x8 + 4) * (((((163857382 + ($x7 + 11)) % 26) + -9) == $x8) == 0))) % 26) + -3) == $x9) == 0)) + 1)) + (($x9 + 6) * ((((((6302207 * ((25 * (((((163857382 + ($x7 + 11)) % 26) + -9) == $x8) == 0)) + 1)) + (($x8 + 4) * (((((163857382 + ($x7 + 11)) % 26) + -9) == $x8) == 0))) % 26) + -3) == $x9) == 0))) * 26) + ($x10 + 5)) / 26) * ((25 * ((((((((int(((6302207 * ((25 * (((((163857382 + ($x7 + 11)) % 26) + -9) == $x8) == 0)) + 1)) + (($x8 + 4) * (((((163857382 + ($x7 + 11)) % 26) + -9) == $x8) == 0))) / 26) * ((25 * ((((((6302207 * ((25 * (((((163857382 + ($x7 + 11)) % 26) + -9) == $x8) == 0)) + 1)) + (($x8 + 4) * (((((163857382 + ($x7 + 11)) % 26) + -9) == $x8) == 0))) % 26) + -3) == $x9) == 0)) + 1)) + (($x9 + 6) * ((((((6302207 * ((25 * (((((163857382 + ($x7 + 11)) % 26) + -9) == $x8) == 0)) + 1)) + (($x8 + 4) * (((((163857382 + ($x7 + 11)) % 26) + -9) == $x8) == 0))) % 26) + -3) == $x9) == 0))) * 26) + ($x10 + 5)) % 26) + -5) == $x11) == 0)) + 1)) + (($x11 + 9) * ((((((((int(((6302207 * ((25 * (((((163857382 + ($x7 + 11)) % 26) + -9) == $x8) == 0)) + 1)) + (($x8 + 4) * (((((163857382 + ($x7 + 11)) % 26) + -9) == $x8) == 0))) / 26) * ((25 * ((((((6302207 * ((25 * (((((163857382 + ($x7 + 11)) % 26) + -9) == $x8) == 0)) + 1)) + (($x8 + 4) * (((((163857382 + ($x7 + 11)) % 26) + -9) == $x8) == 0))) % 26) + -3) == $x9) == 0)) + 1)) + (($x9 + 6) * ((((((6302207 * ((25 * (((((163857382 + ($x7 + 11)) % 26) + -9) == $x8) == 0)) + 1)) + (($x8 + 4) * (((((163857382 + ($x7 + 11)) % 26) + -9) == $x8) == 0))) % 26) + -3) == $x9) == 0))) * 26) + ($x10 + 5)) % 26) + -5) == $x11) == 0))) % 26) + -10) == $x12) == 0))) / 26) * ((25 * ((((((int(((int(((((int(((6302207 * ((25 * (((((163857382 + ($x7 + 11)) % 26) + -9) == $x8) == 0)) + 1)) + (($x8 + 4) * (((((163857382 + ($x7 + 11)) % 26) + -9) == $x8) == 0))) / 26) * ((25 * ((((((6302207 * ((25 * (((((163857382 + ($x7 + 11)) % 26) + -9) == $x8) == 0)) + 1)) + (($x8 + 4) * (((((163857382 + ($x7 + 11)) % 26) + -9) == $x8) == 0))) % 26) + -3) == $x9) == 0)) + 1)) + (($x9 + 6) * ((((((6302207 * ((25 * (((((163857382 + ($x7 + 11)) % 26) + -9) == $x8) == 0)) + 1)) + (($x8 + 4) * (((((163857382 + ($x7 + 11)) % 26) + -9) == $x8) == 0))) % 26) + -3) == $x9) == 0))) * 26) + ($x10 + 5)) / 26) * ((25 * ((((((((int(((6302207 * ((25 * (((((163857382 + ($x7 + 11)) % 26) + -9) == $x8) == 0)) + 1)) + (($x8 + 4) * (((((163857382 + ($x7 + 11)) % 26) + -9) == $x8) == 0))) / 26) * ((25 * ((((((6302207 * ((25 * (((((163857382 + ($x7 + 11)) % 26) + -9) == $x8) == 0)) + 1)) + (($x8 + 4) * (((((163857382 + ($x7 + 11)) % 26) + -9) == $x8) == 0))) % 26) + -3) == $x9) == 0)) + 1)) + (($x9 + 6) * ((((((6302207 * ((25 * (((((163857382 + ($x7 + 11)) % 26) + -9) == $x8) == 0)) + 1)) + (($x8 + 4) * (((((163857382 + ($x7 + 11)) % 26) + -9) == $x8) == 0))) % 26) + -3) == $x9) == 0))) * 26) + ($x10 + 5)) % 26) + -5) == $x11) == 0)) + 1)) + (($x11 + 9) * ((((((((int(((6302207 * ((25 * (((((163857382 + ($x7 + 11)) % 26) + -9) == $x8) == 0)) + 1)) + (($x8 + 4) * (((((163857382 + ($x7 + 11)) % 26) + -9) == $x8) == 0))) / 26) * ((25 * ((((((6302207 * ((25 * (((((163857382 + ($x7 + 11)) % 26) + -9) == $x8) == 0)) + 1)) + (($x8 + 4) * (((((163857382 + ($x7 + 11)) % 26) + -9) == $x8) == 0))) % 26) + -3) == $x9) == 0)) + 1)) + (($x9 + 6) * ((((((6302207 * ((25 * (((((163857382 + ($x7 + 11)) % 26) + -9) == $x8) == 0)) + 1)) + (($x8 + 4) * (((((163857382 + ($x7 + 11)) % 26) + -9) == $x8) == 0))) % 26) + -3) == $x9) == 0))) * 26) + ($x10 + 5)) % 26) + -5) == $x11) == 0))) / 26) * ((25 * ((((((int(((((int(((6302207 * ((25 * (((((163857382 + ($x7 + 11)) % 26) + -9) == $x8) == 0)) + 1)) + (($x8 + 4) * (((((163857382 + ($x7 + 11)) % 26) + -9) == $x8) == 0))) / 26) * ((25 * ((((((6302207 * ((25 * (((((163857382 + ($x7 + 11)) % 26) + -9) == $x8) == 0)) + 1)) + (($x8 + 4) * (((((163857382 + ($x7 + 11)) % 26) + -9) == $x8) == 0))) % 26) + -3) == $x9) == 0)) + 1)) + (($x9 + 6) * ((((((6302207 * ((25 * (((((163857382 + ($x7 + 11)) % 26) + -9) == $x8) == 0)) + 1)) + (($x8 + 4) * (((((163857382 + ($x7 + 11)) % 26) + -9) == $x8) == 0))) % 26) + -3) == $x9) == 0))) * 26) + ($x10 + 5)) / 26) * ((25 * ((((((((int(((6302207 * ((25 * (((((163857382 + ($x7 + 11)) % 26) + -9) == $x8) == 0)) + 1)) + (($x8 + 4) * (((((163857382 + ($x7 + 11)) % 26) + -9) == $x8) == 0))) / 26) * ((25 * ((((((6302207 * ((25 * (((((163857382 + ($x7 + 11)) % 26) + -9) == $x8) == 0)) + 1)) + (($x8 + 4) * (((((163857382 + ($x7 + 11)) % 26) + -9) == $x8) == 0))) % 26) + -3) == $x9) == 0)) + 1)) + (($x9 + 6) * ((((((6302207 * ((25 * (((((163857382 + ($x7 + 11)) % 26) + -9) == $x8) == 0)) + 1)) + (($x8 + 4) * (((((163857382 + ($x7 + 11)) % 26) + -9) == $x8) == 0))) % 26) + -3) == $x9) == 0))) * 26) + ($x10 + 5)) % 26) + -5) == $x11) == 0)) + 1)) + (($x11 + 9) * ((((((((int(((6302207 * ((25 * (((((163857382 + ($x7 + 11)) % 26) + -9) == $x8) == 0)) + 1)) + (($x8 + 4) * (((((163857382 + ($x7 + 11)) % 26) + -9) == $x8) == 0))) / 26) * ((25 * ((((((6302207 * ((25 * (((((163857382 + ($x7 + 11)) % 26) + -9) == $x8) == 0)) + 1)) + (($x8 + 4) * (((((163857382 + ($x7 + 11)) % 26) + -9) == $x8) == 0))) % 26) + -3) == $x9) == 0)) + 1)) + (($x9 + 6) * ((((((6302207 * ((25 * (((((163857382 + ($x7 + 11)) % 26) + -9) == $x8) == 0)) + 1)) + (($x8 + 4) * (((((163857382 + ($x7 + 11)) % 26) + -9) == $x8) == 0))) % 26) + -3) == $x9) == 0))) * 26) + ($x10 + 5)) % 26) + -5) == $x11) == 0))) % 26) + -10) == $x12) == 0)) + 1)) + (($x12 + 12) * ((((((int(((((int(((6302207 * ((25 * (((((163857382 + ($x7 + 11)) % 26) + -9) == $x8) == 0)) + 1)) + (($x8 + 4) * (((((163857382 + ($x7 + 11)) % 26) + -9) == $x8) == 0))) / 26) * ((25 * ((((((6302207 * ((25 * (((((163857382 + ($x7 + 11)) % 26) + -9) == $x8) == 0)) + 1)) + (($x8 + 4) * (((((163857382 + ($x7 + 11)) % 26) + -9) == $x8) == 0))) % 26) + -3) == $x9) == 0)) + 1)) + (($x9 + 6) * ((((((6302207 * ((25 * (((((163857382 + ($x7 + 11)) % 26) + -9) == $x8) == 0)) + 1)) + (($x8 + 4) * (((((163857382 + ($x7 + 11)) % 26) + -9) == $x8) == 0))) % 26) + -3) == $x9) == 0))) * 26) + ($x10 + 5)) / 26) * ((25 * ((((((((int(((6302207 * ((25 * (((((163857382 + ($x7 + 11)) % 26) + -9) == $x8) == 0)) + 1)) + (($x8 + 4) * (((((163857382 + ($x7 + 11)) % 26) + -9) == $x8) == 0))) / 26) * ((25 * ((((((6302207 * ((25 * (((((163857382 + ($x7 + 11)) % 26) + -9) == $x8) == 0)) + 1)) + (($x8 + 4) * (((((163857382 + ($x7 + 11)) % 26) + -9) == $x8) == 0))) % 26) + -3) == $x9) == 0)) + 1)) + (($x9 + 6) * ((((((6302207 * ((25 * (((((163857382 + ($x7 + 11)) % 26) + -9) == $x8) == 0)) + 1)) + (($x8 + 4) * (((((163857382 + ($x7 + 11)) % 26) + -9) == $x8) == 0))) % 26) + -3) == $x9) == 0))) * 26) + ($x10 + 5)) % 26) + -5) == $x11) == 0)) + 1)) + (($x11 + 9) * ((((((((int(((6302207 * ((25 * (((((163857382 + ($x7 + 11)) % 26) + -9) == $x8) == 0)) + 1)) + (($x8 + 4) * (((((163857382 + ($x7 + 11)) % 26) + -9) == $x8) == 0))) / 26) * ((25 * ((((((6302207 * ((25 * (((((163857382 + ($x7 + 11)) % 26) + -9) == $x8) == 0)) + 1)) + (($x8 + 4) * (((((163857382 + ($x7 + 11)) % 26) + -9) == $x8) == 0))) % 26) + -3) == $x9) == 0)) + 1)) + (($x9 + 6) * ((((((6302207 * ((25 * (((((163857382 + ($x7 + 11)) % 26) + -9) == $x8) == 0)) + 1)) + (($x8 + 4) * (((((163857382 + ($x7 + 11)) % 26) + -9) == $x8) == 0))) % 26) + -3) == $x9) == 0))) * 26) + ($x10 + 5)) % 26) + -5) == $x11) == 0))) % 26) + -10) == $x12) == 0))) % 26) + -4) == $x13) == 0)) + 1)) + (($x13 + 14) * ((((((int(((int(((((int(((6302207 * ((25 * (((((163857382 + ($x7 + 11)) % 26) + -9) == $x8) == 0)) + 1)) + (($x8 + 4) * (((((163857382 + ($x7 + 11)) % 26) + -9) == $x8) == 0))) / 26) * ((25 * ((((((6302207 * ((25 * (((((163857382 + ($x7 + 11)) % 26) + -9) == $x8) == 0)) + 1)) + (($x8 + 4) * (((((163857382 + ($x7 + 11)) % 26) + -9) == $x8) == 0))) % 26) + -3) == $x9) == 0)) + 1)) + (($x9 + 6) * ((((((6302207 * ((25 * (((((163857382 + ($x7 + 11)) % 26) + -9) == $x8) == 0)) + 1)) + (($x8 + 4) * (((((163857382 + ($x7 + 11)) % 26) + -9) == $x8) == 0))) % 26) + -3) == $x9) == 0))) * 26) + ($x10 + 5)) / 26) * ((25 * ((((((((int(((6302207 * ((25 * (((((163857382 + ($x7 + 11)) % 26) + -9) == $x8) == 0)) + 1)) + (($x8 + 4) * (((((163857382 + ($x7 + 11)) % 26) + -9) == $x8) == 0))) / 26) * ((25 * ((((((6302207 * ((25 * (((((163857382 + ($x7 + 11)) % 26) + -9) == $x8) == 0)) + 1)) + (($x8 + 4) * (((((163857382 + ($x7 + 11)) % 26) + -9) == $x8) == 0))) % 26) + -3) == $x9) == 0)) + 1)) + (($x9 + 6) * ((((((6302207 * ((25 * (((((163857382 + ($x7 + 11)) % 26) + -9) == $x8) == 0)) + 1)) + (($x8 + 4) * (((((163857382 + ($x7 + 11)) % 26) + -9) == $x8) == 0))) % 26) + -3) == $x9) == 0))) * 26) + ($x10 + 5)) % 26) + -5) == $x11) == 0)) + 1)) + (($x11 + 9) * ((((((((int(((6302207 * ((25 * (((((163857382 + ($x7 + 11)) % 26) + -9) == $x8) == 0)) + 1)) + (($x8 + 4) * (((((163857382 + ($x7 + 11)) % 26) + -9) == $x8) == 0))) / 26) * ((25 * ((((((6302207 * ((25 * (((((163857382 + ($x7 + 11)) % 26) + -9) == $x8) == 0)) + 1)) + (($x8 + 4) * (((((163857382 + ($x7 + 11)) % 26) + -9) == $x8) == 0))) % 26) + -3) == $x9) == 0)) + 1)) + (($x9 + 6) * ((((((6302207 * ((25 * (((((163857382 + ($x7 + 11)) % 26) + -9) == $x8) == 0)) + 1)) + (($x8 + 4) * (((((163857382 + ($x7 + 11)) % 26) + -9) == $x8) == 0))) % 26) + -3) == $x9) == 0))) * 26) + ($x10 + 5)) % 26) + -5) == $x11) == 0))) / 26) * ((25 * ((((((int(((((int(((6302207 * ((25 * (((((163857382 + ($x7 + 11)) % 26) + -9) == $x8) == 0)) + 1)) + (($x8 + 4) * (((((163857382 + ($x7 + 11)) % 26) + -9) == $x8) == 0))) / 26) * ((25 * ((((((6302207 * ((25 * (((((163857382 + ($x7 + 11)) % 26) + -9) == $x8) == 0)) + 1)) + (($x8 + 4) * (((((163857382 + ($x7 + 11)) % 26) + -9) == $x8) == 0))) % 26) + -3) == $x9) == 0)) + 1)) + (($x9 + 6) * ((((((6302207 * ((25 * (((((163857382 + ($x7 + 11)) % 26) + -9) == $x8) == 0)) + 1)) + (($x8 + 4) * (((((163857382 + ($x7 + 11)) % 26) + -9) == $x8) == 0))) % 26) + -3) == $x9) == 0))) * 26) + ($x10 + 5)) / 26) * ((25 * ((((((((int(((6302207 * ((25 * (((((163857382 + ($x7 + 11)) % 26) + -9) == $x8) == 0)) + 1)) + (($x8 + 4) * (((((163857382 + ($x7 + 11)) % 26) + -9) == $x8) == 0))) / 26) * ((25 * ((((((6302207 * ((25 * (((((163857382 + ($x7 + 11)) % 26) + -9) == $x8) == 0)) + 1)) + (($x8 + 4) * (((((163857382 + ($x7 + 11)) % 26) + -9) == $x8) == 0))) % 26) + -3) == $x9) == 0)) + 1)) + (($x9 + 6) * ((((((6302207 * ((25 * (((((163857382 + ($x7 + 11)) % 26) + -9) == $x8) == 0)) + 1)) + (($x8 + 4) * (((((163857382 + ($x7 + 11)) % 26) + -9) == $x8) == 0))) % 26) + -3) == $x9) == 0))) * 26) + ($x10 + 5)) % 26) + -5) == $x11) == 0)) + 1)) + (($x11 + 9) * ((((((((int(((6302207 * ((25 * (((((163857382 + ($x7 + 11)) % 26) + -9) == $x8) == 0)) + 1)) + (($x8 + 4) * (((((163857382 + ($x7 + 11)) % 26) + -9) == $x8) == 0))) / 26) * ((25 * ((((((6302207 * ((25 * (((((163857382 + ($x7 + 11)) % 26) + -9) == $x8) == 0)) + 1)) + (($x8 + 4) * (((((163857382 + ($x7 + 11)) % 26) + -9) == $x8) == 0))) % 26) + -3) == $x9) == 0)) + 1)) + (($x9 + 6) * ((((((6302207 * ((25 * (((((163857382 + ($x7 + 11)) % 26) + -9) == $x8) == 0)) + 1)) + (($x8 + 4) * (((((163857382 + ($x7 + 11)) % 26) + -9) == $x8) == 0))) % 26) + -3) == $x9) == 0))) * 26) + ($x10 + 5)) % 26) + -5) == $x11) == 0))) % 26) + -10) == $x12) == 0)) + 1)) + (($x12 + 12) * ((((((int(((((int(((6302207 * ((25 * (((((163857382 + ($x7 + 11)) % 26) + -9) == $x8) == 0)) + 1)) + (($x8 + 4) * (((((163857382 + ($x7 + 11)) % 26) + -9) == $x8) == 0))) / 26) * ((25 * ((((((6302207 * ((25 * (((((163857382 + ($x7 + 11)) % 26) + -9) == $x8) == 0)) + 1)) + (($x8 + 4) * (((((163857382 + ($x7 + 11)) % 26) + -9) == $x8) == 0))) % 26) + -3) == $x9) == 0)) + 1)) + (($x9 + 6) * ((((((6302207 * ((25 * (((((163857382 + ($x7 + 11)) % 26) + -9) == $x8) == 0)) + 1)) + (($x8 + 4) * (((((163857382 + ($x7 + 11)) % 26) + -9) == $x8) == 0))) % 26) + -3) == $x9) == 0))) * 26) + ($x10 + 5)) / 26) * ((25 * ((((((((int(((6302207 * ((25 * (((((163857382 + ($x7 + 11)) % 26) + -9) == $x8) == 0)) + 1)) + (($x8 + 4) * (((((163857382 + ($x7 + 11)) % 26) + -9) == $x8) == 0))) / 26) * ((25 * ((((((6302207 * ((25 * (((((163857382 + ($x7 + 11)) % 26) + -9) == $x8) == 0)) + 1)) + (($x8 + 4) * (((((163857382 + ($x7 + 11)) % 26) + -9) == $x8) == 0))) % 26) + -3) == $x9) == 0)) + 1)) + (($x9 + 6) * ((((((6302207 * ((25 * (((((163857382 + ($x7 + 11)) % 26) + -9) == $x8) == 0)) + 1)) + (($x8 + 4) * (((((163857382 + ($x7 + 11)) % 26) + -9) == $x8) == 0))) % 26) + -3) == $x9) == 0))) * 26) + ($x10 + 5)) % 26) + -5) == $x11) == 0)) + 1)) + (($x11 + 9) * ((((((((int(((6302207 * ((25 * (((((163857382 + ($x7 + 11)) % 26) + -9) == $x8) == 0)) + 1)) + (($x8 + 4) * (((((163857382 + ($x7 + 11)) % 26) + -9) == $x8) == 0))) / 26) * ((25 * ((((((6302207 * ((25 * (((((163857382 + ($x7 + 11)) % 26) + -9) == $x8) == 0)) + 1)) + (($x8 + 4) * (((((163857382 + ($x7 + 11)) % 26) + -9) == $x8) == 0))) % 26) + -3) == $x9) == 0)) + 1)) + (($x9 + 6) * ((((((6302207 * ((25 * (((((163857382 + ($x7 + 11)) % 26) + -9) == $x8) == 0)) + 1)) + (($x8 + 4) * (((((163857382 + ($x7 + 11)) % 26) + -9) == $x8) == 0))) % 26) + -3) == $x9) == 0))) * 26) + ($x10 + 5)) % 26) + -5) == $x11) == 0))) % 26) + -10) == $x12) == 0))) % 26) + -4) == $x13) == 0))) % 26) + -5) == $x14) == 0)))',
          '6302575',
          '163857950',
          '6302447',
          '163857944',
          '6302448',
          '4260292263',
          '163857971',
          '6302525',
          '163857191',
          '4260292241',
          '6302549',
          '6302233',
          '6302442',
          '163857761',
          '242409',
          '163857430',
          '163857689',
          '4260292344',
          '6302217',
          '6302218',
          '6302395',
          '4260292236',
          '6302374',
          '163857635',
          '163858073',
          '163857216',
          '4260292318',
          '163857010',
          '163857607',
          '163857391',
          '4260292183',
          '6302231',
          '6302626',
          '163857741',
          '163857716',
          '163858003',
          '163857608',
          '163857274',
          '6302212',
          '163857241',
          '163857403',
          '6302224',
          '6302550',
          '163857323',
          '4260292319',
          '385',
          '379',
          '163857769',
          '6302207',
          '163857869',
          '6302208',
          '6302394',
          '163857585',
          '163857431',
          '6302225',
          '4260292136',
          '6302249',
          '163857226',
          '163857951',
          '6302601',
          '163857190',
          '163857970',
          '381',
          '6302263',
          '163857382',
          '6302202',
          '163857269',
          '6302524',
          '6302250',
          '163857345',
          '242445',
          '163857657',
          '163857606',
          '242414',
          '163857795',
          '163857895',
          '9347',
          '163857249',
          '6302574',
          '163857217',
          '377',
          '242407',
          '6302419',
          '163857218',
          '163857295',
          '9331',
          '376',
          '4260292163',
          '163857390',
          '163857011',
          '163857399',
          '242402',
          '163858053',
          '6302603',
          '163857717',
          '163857740',
          '163857658',
          '6302261',
          '163857326',
          '4260292337',
          '163857414',
          '163857195',
          '6302526',
          '163857406',
          '163857975',
          '6302203',
          '6302262',
          '163858006',
          '6302576',
          '163857713',
          '163857580',
          '9351',
          '163858058',
          '9352',
          '9344',
          '163857765',
          '163857865',
          '163858076',
          '4260292266',
          '6302267',
          '4260292214',
          '163858081',
          '6302625',
          '383',
          '163857395',
          '4260292315',
          '163857631',
          '6302201',
          '6302602',
          '6302396',
          '4260292240',
          '163857299',
          '6302470',
          '242427',
          '4260292311',
          '4260292233',
          '163857245',
          '163857790',
          '6302608',
          '4260292186',
          '163857899',
          '242422',
          '6302420',
          '242387',
          '163857349',
          '163857685',
          '163857581',
          '6302211',
          '163857174',
          '6302443',
          '360',
          '4260292133',
          '6302624',
          '4260292286',
          '163857662',
          '163857327',
          '9355',
          '14',
          '242439',
          '163858078',
          '163857407',
          '6302238',
          '6302237',
          '359',
          '6302469',
          '242389',
          '163858077',
          '163857408',
          '4260291953',
          '6302232',
          '4260291947',
          '4260292140',
          '6302226',
          '242429',
          '6302631',
          '6302213',
          '163857374',
          '242394',
          '6302441',
          '163857223',
          '163857891',
          '6302199',
          '163857791',
          '163857922',
          '4260292166',
          '9323',
          '4260292114',
          '6302501',
          '163857424',
          '163858080',
          '163857304',
          '163857015',
          '356',
          '163857639',
          '163858024',
          '357',
          '163857642',
          '163857564',
          '163857586',
          '353',
          '163858051',
          '163857013',
          '4260291948',
          '163858079',
          '6302251',
          '6302244',
          '380',
          '4260292296',
          '163857320',
          '163857400',
          '242446',
          '6302260',
          '163857409',
          '6302530',
          '4260291949',
          '163858000',
          '163857612',
          '163857637',
          '6302422',
          '6302253',
          '163857896',
          '163857252',
          '6302472',
          '163857605',
          '163857346',
          '6302579',
          '242419',
          '163857683',
          '6302600',
          '6302478',
          '163857296',
          '163857638',
          '6302545',
          '163857321',
          '4260292339',
          '6302415',
          '163857243',
          '163857401',
          '6302230',
          '242443',
          '163857587',
          '9349',
          '163858001',
          '242404',
          '6302551',
          '163857743',
          '6302498',
          '163858050',
          '242412',
          '163857393',
          '6302497',
          '4260292338',
          '386',
          '387',
          '242417',
          '4260292264',
          '6302599',
          '6302229',
          '163857319',
          '163857897',
          '163857763',
          '163857347',
          '6302245',
          '4260292312',
          '163857772',
          '163857872',
          '163857215',
          '163857298',
          '163857579',
          '163857636',
          '375',
          '163857272',
          '6302553',
          '4260292343',
          '163857973',
          '163857193',
          '382',
          '163857297',
          '4260292184',
          '163857348',
          '163857898',
          '9350',
          '163857694',
          '163857715',
          '163857197',
          '163857293',
          '163857977',
          '163857267',
          '163858055',
          '373',
          '163857868',
          '242424',
          '163857686',
          '163857664',
          '163857768',
          '4260291954',
          '4260292134',
          '163857767',
          '361',
          '163857867',
          '6302629',
          '163857793',
          '6302493',
          '163857893',
          '163857221',
          '163857268',
          '4260292293',
          '9330',
          '6302500',
          '163857397',
          '4260292156',
          '163857980',
          '163857710',
          '9322',
          '34',
          '6302552',
          '163857372',
          '6302210',
          '242441',
          '163857924',
          '163857248',
          '6302546',
          '242399',
          '163857247',
          '6302630',
          '4260292129',
          '163857219',
          '163857659',
          '163857583',
          '163858022',
          '163857398',
          '6302200',
          '242440',
          '163857220',
          '163857687',
          '163857412',
          '163857405',
          '163857976',
          '4260292213',
          '163857196',
          '6302416',
          '163857325',
          '6302421',
          '163857720',
          '163857633',
          '242392',
          '163858075',
          '163857866',
          '163857688',
          '163857766',
          '9353',
          '6302471',
          '4260292234',
          '355',
          '9346',
          '163857396',
          '6302246',
          '163857746',
          '163857711',
          '6302423',
          '163857609',
          '163857246',
          '6302473',
          '163857352',
          '4260292317',
          '9325',
          '6302252',
          '6302582',
          '4260292244',
          '6302241',
          '242372',
          '6302520',
          '6302254',
          '4260292218',
          '163857999',
          '163857945',
          '30',
          '163857411',
          '242408',
          '4260292267',
          '242416',
          '163857351',
          '6302243',
          '242391',
          '163857275',
          '163857712',
          '4260292341',
          '163857737',
          '163857379',
          '6302390',
          '4260292210',
          '163857634',
          '163857738',
          '163858029',
          '4260292345',
          '33',
          '35',
          '4260292187',
          '6302426',
          '163857300',
          '163857429',
          '163857420',
          '163858047',
          '374',
          '242405',
          '4260292287',
          '163857923',
          '6302192',
          '4260292132',
          '242390',
          '242413',
          '163857222',
          '4260292209',
          '163857419',
          '163857410',
          '36',
          '4260291952',
          '242447',
          '9340',
          '4260292208',
          '6302496',
          '163858048',
          '163857584',
          '6302220',
          '242442',
          '163857736',
          '4260292290',
          '163857294',
          '163858021',
          '163857301',
          '6302255',
          '163857663',
          '163857350',
          '163857794',
          '4260292155',
          '163857894',
          '6302467',
          '378',
          '6302239',
          '9327',
          '6302468',
          '163857371',
          '9338',
          '163857668',
          '163857764',
          '242425',
          '4260292262',
          '9339',
          '4260292215',
          '9324',
          '4260292340',
          '4260292259',
          '163857415',
          '4260292211',
          '163858002',
          '163857974',
          '6302219',
          '163857194',
          '163857322',
          '163857402',
          '4260292182',
          '4260292237',
          '364',
          '242411',
          '163857928',
          '163857244',
          '163857271',
          '163857007',
          '163857610',
          '163857850',
          '6302449',
          '163857394',
          '163857008',
          '37',
          '6302556',
          '6302548',
          '6302547',
          '6302494',
          '163857871',
          '6302475',
          '4260292314',
          '4260292322',
          '9356',
          '6302417',
          '4260292291',
          '6302418',
          '163856992',
          '163857954',
          '354',
          '163857949',
          '242410',
          '163857917',
          '242393',
          '163857787',
          '6302519',
          '6302495',
          '4260292137',
          '242388',
          '163857684',
          '163857918',
          '163857788',
          '163857995',
          '6302474',
          '163858052',
          '242428',
          '6302247',
          '4260292159',
          '6302248',
          '6302256',
          '163857425',
          '163857014',
          '163858025',
          '163857870',
          '163857200',
          '163857375',
          '9343',
          '4260292162',
          '6302242',
          '4260292158',
          '358',
          '163857709',
          '338',
          '163857611',
          '163857270',
          '6302209',
          '163857969',
          '163857373',
          '163857948',
          '6302446',
          '28',
          '163857661',
          '6302389',
          '163857423',
          '163857947',
          '163857789',
          '163857919',
          '4260292292',
          '6302223',
          '163857582',
          '6302265',
          '163858023',
          '6302452',
          '4260292285',
          '4260291950',
          '6302234',
          '4260292157',
          '4260292161',
          '6302627',
          '242420',
          '6302400',
          '6302628',
          '6302216',
          '163857735',
          '242418',
          '242430',
          '163857792',
          '242406',
          '163857892',
          '163857330',
          '6302221',
          '163857921',
          '163857616',
          '163857590',
          '163857278',
          '4260292130',
          '6302605',
          '6302206',
          '163857660',
          '6302391',
          '4260292212',
          '6302573',
          '4260292265',
          '6302235',
          '6302523',
          '242421',
          '9357',
          '9329',
          '4260292261',
          '6302604',
          '9334',
          '163857946',
          '242431',
          '13',
          '6302259',
          '163857353',
          '242403',
          '4260292239',
          '32',
          '163857413',
          '163857920',
          '6302571',
          '4260292192',
          '6302393',
          '384',
          '6302240',
          '242444',
          '242415',
          '4260292185',
          '163857714',
          '6302521',
          '163857009',
          '4260292181',
          '163857632',
          '6302264',
          '4260292238',
          '4260292316',
          '163857876',
          '6302445',
          '4260292160',
          '163857613',
          '6302578',
          '4260291951',
          '4260292135',
          '6302577',
          '163857418',
          '4260292289',
          '6302527',
          '242401',
          '4260292207',
          '6302572',
          '6302266',
          '163857417',
          '163858054',
          '4260291955',
          '163858049',
          '4260292131',
          '6302522',
          '163857996',
          '4260292288',
          '163858032',
          '163857665',
          '242423',
          '163857012',
          '6302204',
          '4260291932',
          '6302215',
          '6302397',
          '163858026',
          '9337',
          '9328',
          '163857426',
          '242398',
          '6302392',
          '163857690',
          '4260292270',
          '163857925',
          '9341',
          '9342',
          '9354',
          '163857376',
          '163857762',
          '6302222',
          '163857873',
          '6302236',
          '163858074',
          '163857902',
          '163857998',
          '6302214',
          '6302205',
          '163857972',
          '163857192',
          '6302228',
          '9308',
          '163857389',
          '163857273',
          '6302227',
          '163857997',
          '163857404',
          '163857416',
          '29',
          '163857324',
          '163857356',
          '163857691',
          '6302499',
          '163857242',
          '9345',
          '6302623',
          '163857943',
          '163857427',
          '242400',
          '4260292313',
          '6302444',
          '6302597',
          '6302598',
          '242395',
          '163857378',
          '163858027',
          '4260292188',
          '242426',
          '163857392',
          '163857739',
          '4260292260',
          '163858028',
          '163857377',
          '9326',
          '163857742',
          '4260292235',
          '163857189',
          '163857428',
          '31',
          '4260292189',
          '4260292342',
          '6302504'
        ];
